#
# There is insufficient memory for the Java Runtime Environment to continue.
# Native memory allocation (malloc) failed to allocate 1216880 bytes for Chunk::new
# Possible reasons:
#   The system is out of physical RAM or swap space
#   The process is running with CompressedOops enabled, and the Java Heap may be blocking the growth of the native heap
# Possible solutions:
#   Reduce memory load on the system
#   Increase physical memory or swap space
#   Check if swap backing store is full
#   Decrease Java heap size (-Xmx/-Xms)
#   Decrease number of Java threads
#   Decrease Java thread stack sizes (-Xss)
#   Set larger code cache with -XX:ReservedCodeCacheSize=
#   JVM is running with Unscaled Compressed Oops mode in which the Java heap is
#     placed in the first 4GB address space. The Java Heap base address is the
#     maximum limit for the native heap growth. Please use -XX:HeapBaseMinAddress
#     to set the Java Heap base and to place the Java Heap above 4GB virtual address.
# This output file may be truncated or incomplete.
#
#  Out of Memory Error (arena.cpp:189), pid=8352, tid=10816
#
# JRE version: Java(TM) SE Runtime Environment (17.0.12+8) (build 17.0.12+8-LTS-286)
# Java VM: Java HotSpot(TM) 64-Bit Server VM (17.0.12+8-LTS-286, mixed mode, sharing, tiered, compressed oops, compressed class ptrs, g1 gc, windows-amd64)
# No core dump will be written. Minidumps are not enabled by default on client versions of Windows
#

---------------  S U M M A R Y ------------

Command Line: --add-opens=java.base/java.lang=ALL-UNNAMED --add-opens=java.base/java.lang.invoke=ALL-UNNAMED --add-opens=java.base/java.util=ALL-UNNAMED --add-opens=java.prefs/java.util.prefs=ALL-UNNAMED --add-exports=jdk.compiler/com.sun.tools.javac.api=ALL-UNNAMED --add-exports=jdk.compiler/com.sun.tools.javac.util=ALL-UNNAMED --add-opens=java.base/java.util=ALL-UNNAMED --add-opens=java.prefs/java.util.prefs=ALL-UNNAMED --add-opens=java.base/java.nio.charset=ALL-UNNAMED --add-opens=java.base/java.net=ALL-UNNAMED --add-opens=java.base/java.util.concurrent.atomic=ALL-UNNAMED --add-opens=java.xml/javax.xml.namespace=ALL-UNNAMED -XX:MaxMetaspaceSize=384m -XX:+HeapDumpOnOutOfMemoryError -Xms256m -Xmx512m -Dfile.encoding=UTF-8 -Duser.country=US -Duser.language=en -Duser.variant -javaagent:C:\Users\LENOVO\.gradle\wrapper\dists\gradle-8.14.3-bin\cv11ve7ro1n3o1j4so8xd9n66\gradle-8.14.3\lib\agents\gradle-instrumentation-agent-8.14.3.jar org.gradle.launcher.daemon.bootstrap.GradleDaemon 8.14.3

Host: Intel(R) Core(TM) i3-7020U CPU @ 2.30GHz, 4 cores, 3G,  Windows 10 , 64 bit Build 19041 (10.0.19041.1889)
Time: Thu Aug 28 11:36:34 2025 SE Asia Standard Time elapsed time: 35.584886 seconds (0d 0h 0m 35s)

---------------  T H R E A D  ---------------

Current thread (0x0000018a44610850):  JavaThread "C2 CompilerThread0" daemon [_thread_in_native, id=10816, stack(0x0000001eff100000,0x0000001eff200000)]


Current CompileTask:
C2:  35587 4060   !   4       java.net.URLClassLoader$1::run (81 bytes)

Stack: [0x0000001eff100000,0x0000001eff200000]
Native frames: (J=compiled Java code, j=interpreted, Vv=VM code, C=native code)
V  [jvm.dll+0x67a04a]
V  [jvm.dll+0x7da4ed]
V  [jvm.dll+0x7dbe33]
V  [jvm.dll+0x7dc4a3]
V  [jvm.dll+0x24508f]
V  [jvm.dll+0xab773]
V  [jvm.dll+0xabd3c]
V  [jvm.dll+0x361bee]
V  [jvm.dll+0x1ba45a]
V  [jvm.dll+0x216997]
V  [jvm.dll+0x215c6f]
V  [jvm.dll+0x1a2960]
V  [jvm.dll+0x22610b]
V  [jvm.dll+0x2242ab]
V  [jvm.dll+0x79075c]
V  [jvm.dll+0x78abea]
V  [jvm.dll+0x678f35]
C  [ucrtbase.dll+0x21bb2]
C  [KERNEL32.DLL+0x17034]
C  [ntdll.dll+0x52651]


---------------  P R O C E S S  ---------------

Threads class SMR info:
_java_thread_list=0x0000018a6034d6d0, length=36, elements={
0x0000018a2a5747f0, 0x0000018a445f4dd0, 0x0000018a445f5b60, 0x0000018a4460d070,
0x0000018a4460eab0, 0x0000018a4460f380, 0x0000018a4460fc50, 0x0000018a44610850,
0x0000018a44611160, 0x0000018a446788e0, 0x0000018a447ae940, 0x0000018a448c9590,
0x0000018a5eb7d160, 0x0000018a5f348de0, 0x0000018a5f3a0db0, 0x0000018a44833e80,
0x0000018a44834db0, 0x0000018a44834390, 0x0000018a448348a0, 0x0000018a44835ce0,
0x0000018a44833970, 0x0000018a448352c0, 0x0000018a44836700, 0x0000018a448357d0,
0x0000018a44836c10, 0x0000018a448361f0, 0x0000018a5fe03740, 0x0000018a5fe013d0,
0x0000018a5fe03c50, 0x0000018a5fe04160, 0x0000018a5fe04b80, 0x0000018a5fe00ec0,
0x0000018a5fe02300, 0x0000018a5fe02d20, 0x0000018a5fdff570, 0x0000018a5fe6a9f0
}

Java Threads: ( => current thread )
  0x0000018a2a5747f0 JavaThread "main" [_thread_blocked, id=6392, stack(0x0000001efe400000,0x0000001efe500000)]
  0x0000018a445f4dd0 JavaThread "Reference Handler" daemon [_thread_blocked, id=8328, stack(0x0000001efeb00000,0x0000001efec00000)]
  0x0000018a445f5b60 JavaThread "Finalizer" daemon [_thread_blocked, id=8568, stack(0x0000001efec00000,0x0000001efed00000)]
  0x0000018a4460d070 JavaThread "Signal Dispatcher" daemon [_thread_blocked, id=4736, stack(0x0000001efed00000,0x0000001efee00000)]
  0x0000018a4460eab0 JavaThread "Attach Listener" daemon [_thread_blocked, id=9132, stack(0x0000001efee00000,0x0000001efef00000)]
  0x0000018a4460f380 JavaThread "Service Thread" daemon [_thread_blocked, id=10820, stack(0x0000001efef00000,0x0000001eff000000)]
  0x0000018a4460fc50 JavaThread "Monitor Deflation Thread" daemon [_thread_blocked, id=12248, stack(0x0000001eff000000,0x0000001eff100000)]
=>0x0000018a44610850 JavaThread "C2 CompilerThread0" daemon [_thread_in_native, id=10816, stack(0x0000001eff100000,0x0000001eff200000)]
  0x0000018a44611160 JavaThread "C1 CompilerThread0" daemon [_thread_blocked, id=2124, stack(0x0000001eff200000,0x0000001eff300000)]
  0x0000018a446788e0 JavaThread "Sweeper thread" daemon [_thread_blocked, id=6020, stack(0x0000001eff300000,0x0000001eff400000)]
  0x0000018a447ae940 JavaThread "Common-Cleaner" daemon [_thread_blocked, id=8780, stack(0x0000001eff400000,0x0000001eff500000)]
  0x0000018a448c9590 JavaThread "Notification Thread" daemon [_thread_blocked, id=7788, stack(0x0000001eff500000,0x0000001eff600000)]
  0x0000018a5eb7d160 JavaThread "Daemon health stats" [_thread_blocked, id=9120, stack(0x0000001effa00000,0x0000001effb00000)]
  0x0000018a5f348de0 JavaThread "Incoming local TCP Connector on port 51326" [_thread_in_native, id=5672, stack(0x0000001effb00000,0x0000001effc00000)]
  0x0000018a5f3a0db0 JavaThread "Daemon periodic checks" [_thread_blocked, id=3540, stack(0x0000001effc00000,0x0000001effd00000)]
  0x0000018a44833e80 JavaThread "Daemon" [_thread_blocked, id=7548, stack(0x0000001effd00000,0x0000001effe00000)]
  0x0000018a44834db0 JavaThread "Handler for socket connection from /127.0.0.1:51326 to /127.0.0.1:51327" [_thread_in_native, id=1496, stack(0x0000001effe00000,0x0000001efff00000)]
  0x0000018a44834390 JavaThread "Cancel handler" [_thread_blocked, id=32, stack(0x0000001efff00000,0x0000001f00000000)]
  0x0000018a448348a0 JavaThread "Daemon worker" [_thread_in_Java, id=2488, stack(0x0000001e80000000,0x0000001e80100000)]
  0x0000018a44835ce0 JavaThread "Asynchronous log dispatcher for DefaultDaemonConnection: socket connection from /127.0.0.1:51326 to /127.0.0.1:51327" [_thread_blocked, id=11620, stack(0x0000001e80100000,0x0000001e80200000)]
  0x0000018a44833970 JavaThread "Stdin handler" [_thread_blocked, id=9948, stack(0x0000001e80200000,0x0000001e80300000)]
  0x0000018a448352c0 JavaThread "Daemon client event forwarder" [_thread_blocked, id=5464, stack(0x0000001e80300000,0x0000001e80400000)]
  0x0000018a44836700 JavaThread "Cache worker for journal cache (C:\Users\LENOVO\.gradle\caches\journal-1)" [_thread_blocked, id=7672, stack(0x0000001e80400000,0x0000001e80500000)]
  0x0000018a448357d0 JavaThread "File lock request listener" [_thread_in_native, id=12116, stack(0x0000001e80500000,0x0000001e80600000)]
  0x0000018a44836c10 JavaThread "File lock release action executor" [_thread_blocked, id=8080, stack(0x0000001e80600000,0x0000001e80700000)]
  0x0000018a448361f0 JavaThread "Cache worker for file hash cache (C:\Users\LENOVO\.gradle\caches\8.14.3\fileHashes)" [_thread_blocked, id=7652, stack(0x0000001e80700000,0x0000001e80800000)]
  0x0000018a5fe03740 JavaThread "Cache worker for file hash cache (E:\TKWeb\TPLUS-JV250321_BuiDucLinh_MD5_Project\ra\.gradle\8.14.3\fileHashes)" [_thread_blocked, id=12176, stack(0x0000001e80800000,0x0000001e80900000)]
  0x0000018a5fe013d0 JavaThread "Cache worker for Build Output Cleanup Cache (E:\TKWeb\TPLUS-JV250321_BuiDucLinh_MD5_Project\ra\.gradle\buildOutputCleanup)" [_thread_blocked, id=10080, stack(0x0000001e80900000,0x0000001e80a00000)]
  0x0000018a5fe03c50 JavaThread "File watcher server" daemon [_thread_in_native, id=10208, stack(0x0000001e80b00000,0x0000001e80c00000)]
  0x0000018a5fe04160 JavaThread "File watcher consumer" daemon [_thread_blocked, id=3196, stack(0x0000001e80c00000,0x0000001e80d00000)]
  0x0000018a5fe04b80 JavaThread "jar transforms" [_thread_blocked, id=1144, stack(0x0000001e80d00000,0x0000001e80e00000)]
  0x0000018a5fe00ec0 JavaThread "jar transforms Thread 2" [_thread_blocked, id=1704, stack(0x0000001e80e00000,0x0000001e80f00000)]
  0x0000018a5fe02300 JavaThread "Cache worker for checksums cache (E:\TKWeb\TPLUS-JV250321_BuiDucLinh_MD5_Project\ra\.gradle\8.14.3\checksums)" [_thread_blocked, id=5108, stack(0x0000001e80f00000,0x0000001e81000000)]
  0x0000018a5fe02d20 JavaThread "Cache worker for file content cache (C:\Users\LENOVO\.gradle\caches\8.14.3\fileContent)" [_thread_blocked, id=5604, stack(0x0000001e81000000,0x0000001e81100000)]
  0x0000018a5fdff570 JavaThread "jar transforms Thread 3" [_thread_blocked, id=4464, stack(0x0000001e81200000,0x0000001e81300000)]
  0x0000018a5fe6a9f0 JavaThread "C2 CompilerThread1" daemon [_thread_in_native, id=5776, stack(0x0000001e81100000,0x0000001e81200000)]

Other Threads:
  0x0000018a445f0260 VMThread "VM Thread" [stack: 0x0000001efea00000,0x0000001efeb00000] [id=1768] _threads_hazard_ptr=0x0000018a6034d6d0
  0x0000018a2a5756c0 WatcherThread [stack: 0x0000001eff600000,0x0000001eff700000] [id=7884]
  0x0000018a2a5a0760 GCTaskThread "GC Thread#0" [stack: 0x0000001efe500000,0x0000001efe600000] [id=12276]
  0x0000018a44ab93f0 GCTaskThread "GC Thread#1" [stack: 0x0000001eff700000,0x0000001eff800000] [id=10584]
  0x0000018a449a3f60 GCTaskThread "GC Thread#2" [stack: 0x0000001eff800000,0x0000001eff900000] [id=7920]
  0x0000018a449a4220 GCTaskThread "GC Thread#3" [stack: 0x0000001eff900000,0x0000001effa00000] [id=8876]
  0x0000018a2a5a65d0 ConcurrentGCThread "G1 Main Marker" [stack: 0x0000001efe600000,0x0000001efe700000] [id=12164]
  0x0000018a2a5a6ef0 ConcurrentGCThread "G1 Conc#0" [stack: 0x0000001efe700000,0x0000001efe800000] [id=2568]
  0x0000018a2a64eb50 ConcurrentGCThread "G1 Refine#0" [stack: 0x0000001efe800000,0x0000001efe900000] [id=2008]
  0x0000018a60495650 ConcurrentGCThread "G1 Refine#1" [stack: 0x0000001e80a00000,0x0000001e80b00000] [id=12204]
  0x0000018a444b2600 ConcurrentGCThread "G1 Service" [stack: 0x0000001efe900000,0x0000001efea00000] [id=8844]

Threads with active compile tasks:
C2 CompilerThread0    35796 4060   !   4       java.net.URLClassLoader$1::run (81 bytes)
C2 CompilerThread1    35797 4082   !   4       java.lang.reflect.Executable::declaredAnnotations (85 bytes)

VM state: synchronizing (normal execution)

VM Mutex/Monitor currently owned by a thread:  ([mutex/lock_event])
[0x0000018a2a571090] Threads_lock - owner thread: 0x0000018a445f0260

Heap address: 0x00000000e0000000, size: 512 MB, Compressed Oops mode: 32-bit

CDS archive(s) mapped at: [0x0000018a45000000-0x0000018a45bd0000-0x0000018a45bd0000), size 12386304, SharedBaseAddress: 0x0000018a45000000, ArchiveRelocationMode: 1.
Compressed class space mapped at: 0x0000018a46000000-0x0000018a5a000000, reserved size: 335544320
Narrow klass base: 0x0000018a45000000, Narrow klass shift: 0, Narrow klass range: 0x100000000

GC Precious Log:
 CPUs: 4 total, 4 available
 Memory: 4005M
 Large Page Support: Disabled
 NUMA Support: Disabled
 Compressed Oops: Enabled (32-bit)
 Heap Region Size: 1M
 Heap Min Capacity: 256M
 Heap Initial Capacity: 256M
 Heap Max Capacity: 512M
 Pre-touch: Disabled
 Parallel Workers: 4
 Concurrent Workers: 1
 Concurrent Refinement Workers: 4
 Periodic GC: Disabled

Heap:
 garbage-first heap   total 262144K, used 137439K [0x00000000e0000000, 0x0000000100000000)
  region size 1024K, 111 young (113664K), 3 survivors (3072K)
 Metaspace       used 34757K, committed 35136K, reserved 393216K
  class space    used 4807K, committed 4992K, reserved 327680K

Heap Regions: E=young(eden), S=young(survivor), O=old, HS=humongous(starts), HC=humongous(continues), CS=collection set, F=free, OA=open archive, CA=closed archive, TAMS=top-at-mark-start (previous, next)
|   0|0x00000000e0000000, 0x00000000e0100000, 0x00000000e0100000|100%|HS|  |TAMS 0x00000000e0100000, 0x00000000e0000000| Complete 
|   1|0x00000000e0100000, 0x00000000e0200000, 0x00000000e0200000|100%|HC|  |TAMS 0x00000000e0200000, 0x00000000e0100000| Complete 
|   2|0x00000000e0200000, 0x00000000e0300000, 0x00000000e0300000|100%|HC|  |TAMS 0x00000000e0300000, 0x00000000e0200000| Complete 
|   3|0x00000000e0300000, 0x00000000e0400000, 0x00000000e0400000|100%| O|  |TAMS 0x00000000e0400000, 0x00000000e0300000| Untracked 
|   4|0x00000000e0400000, 0x00000000e0500000, 0x00000000e0500000|100%| O|  |TAMS 0x00000000e0500000, 0x00000000e0400000| Untracked 
|   5|0x00000000e0500000, 0x00000000e0600000, 0x00000000e0600000|100%| O|  |TAMS 0x00000000e0600000, 0x00000000e0500000| Untracked 
|   6|0x00000000e0600000, 0x00000000e0700000, 0x00000000e0700000|100%| O|  |TAMS 0x00000000e06b5a00, 0x00000000e0600000| Untracked 
|   7|0x00000000e0700000, 0x00000000e0800000, 0x00000000e0800000|100%|HS|  |TAMS 0x00000000e0800000, 0x00000000e0700000| Complete 
|   8|0x00000000e0800000, 0x00000000e0900000, 0x00000000e0900000|100%| O|  |TAMS 0x00000000e0800000, 0x00000000e0800000| Untracked 
|   9|0x00000000e0900000, 0x00000000e0a00000, 0x00000000e0a00000|100%| O|  |TAMS 0x00000000e0900000, 0x00000000e0900000| Untracked 
|  10|0x00000000e0a00000, 0x00000000e0b00000, 0x00000000e0b00000|100%| O|  |TAMS 0x00000000e0a00000, 0x00000000e0a00000| Untracked 
|  11|0x00000000e0b00000, 0x00000000e0c00000, 0x00000000e0c00000|100%| O|  |TAMS 0x00000000e0b00000, 0x00000000e0b00000| Untracked 
|  12|0x00000000e0c00000, 0x00000000e0d00000, 0x00000000e0d00000|100%| O|  |TAMS 0x00000000e0c00000, 0x00000000e0c00000| Untracked 
|  13|0x00000000e0d00000, 0x00000000e0e00000, 0x00000000e0e00000|100%| O|  |TAMS 0x00000000e0d00000, 0x00000000e0d00000| Untracked 
|  14|0x00000000e0e00000, 0x00000000e0f00000, 0x00000000e0f00000|100%| O|  |TAMS 0x00000000e0e00000, 0x00000000e0e00000| Untracked 
|  15|0x00000000e0f00000, 0x00000000e1000000, 0x00000000e1000000|100%| O|  |TAMS 0x00000000e0f00000, 0x00000000e0f00000| Untracked 
|  16|0x00000000e1000000, 0x00000000e1100000, 0x00000000e1100000|100%| O|  |TAMS 0x00000000e1000000, 0x00000000e1000000| Untracked 
|  17|0x00000000e1100000, 0x00000000e1200000, 0x00000000e1200000|100%| O|  |TAMS 0x00000000e1100000, 0x00000000e1100000| Untracked 
|  18|0x00000000e1200000, 0x00000000e1300000, 0x00000000e1300000|100%| O|  |TAMS 0x00000000e1200000, 0x00000000e1200000| Untracked 
|  19|0x00000000e1300000, 0x00000000e1400000, 0x00000000e1400000|100%| O|  |TAMS 0x00000000e1300000, 0x00000000e1300000| Untracked 
|  20|0x00000000e1400000, 0x00000000e14d7400, 0x00000000e1500000| 84%| O|  |TAMS 0x00000000e1400000, 0x00000000e1400000| Untracked 
|  21|0x00000000e1500000, 0x00000000e1600000, 0x00000000e1600000|100%|HS|  |TAMS 0x00000000e1500000, 0x00000000e1500000| Complete 
|  22|0x00000000e1600000, 0x00000000e1700000, 0x00000000e1700000|100%|HS|  |TAMS 0x00000000e1600000, 0x00000000e1600000| Complete 
|  23|0x00000000e1700000, 0x00000000e1800000, 0x00000000e1800000|100%|HC|  |TAMS 0x00000000e1700000, 0x00000000e1700000| Complete 
|  24|0x00000000e1800000, 0x00000000e1900000, 0x00000000e1900000|100%|HS|  |TAMS 0x00000000e1800000, 0x00000000e1800000| Complete 
|  25|0x00000000e1900000, 0x00000000e1a00000, 0x00000000e1a00000|100%|HC|  |TAMS 0x00000000e1900000, 0x00000000e1900000| Complete 
|  26|0x00000000e1a00000, 0x00000000e1a00000, 0x00000000e1b00000|  0%| F|  |TAMS 0x00000000e1a00000, 0x00000000e1a00000| Untracked 
|  27|0x00000000e1b00000, 0x00000000e1b00000, 0x00000000e1c00000|  0%| F|  |TAMS 0x00000000e1b00000, 0x00000000e1b00000| Untracked 
|  28|0x00000000e1c00000, 0x00000000e1c00000, 0x00000000e1d00000|  0%| F|  |TAMS 0x00000000e1c00000, 0x00000000e1c00000| Untracked 
|  29|0x00000000e1d00000, 0x00000000e1d00000, 0x00000000e1e00000|  0%| F|  |TAMS 0x00000000e1d00000, 0x00000000e1d00000| Untracked 
|  30|0x00000000e1e00000, 0x00000000e1e00000, 0x00000000e1f00000|  0%| F|  |TAMS 0x00000000e1e00000, 0x00000000e1e00000| Untracked 
|  31|0x00000000e1f00000, 0x00000000e1f00000, 0x00000000e2000000|  0%| F|  |TAMS 0x00000000e1f00000, 0x00000000e1f00000| Untracked 
|  32|0x00000000e2000000, 0x00000000e2000000, 0x00000000e2100000|  0%| F|  |TAMS 0x00000000e2000000, 0x00000000e2000000| Untracked 
|  33|0x00000000e2100000, 0x00000000e2100000, 0x00000000e2200000|  0%| F|  |TAMS 0x00000000e2100000, 0x00000000e2100000| Untracked 
|  34|0x00000000e2200000, 0x00000000e2200000, 0x00000000e2300000|  0%| F|  |TAMS 0x00000000e2200000, 0x00000000e2200000| Untracked 
|  35|0x00000000e2300000, 0x00000000e2300000, 0x00000000e2400000|  0%| F|  |TAMS 0x00000000e2300000, 0x00000000e2300000| Untracked 
|  36|0x00000000e2400000, 0x00000000e2400000, 0x00000000e2500000|  0%| F|  |TAMS 0x00000000e2400000, 0x00000000e2400000| Untracked 
|  37|0x00000000e2500000, 0x00000000e2500000, 0x00000000e2600000|  0%| F|  |TAMS 0x00000000e2500000, 0x00000000e2500000| Untracked 
|  38|0x00000000e2600000, 0x00000000e2600000, 0x00000000e2700000|  0%| F|  |TAMS 0x00000000e2600000, 0x00000000e2600000| Untracked 
|  39|0x00000000e2700000, 0x00000000e2700000, 0x00000000e2800000|  0%| F|  |TAMS 0x00000000e2700000, 0x00000000e2700000| Untracked 
|  40|0x00000000e2800000, 0x00000000e2800000, 0x00000000e2900000|  0%| F|  |TAMS 0x00000000e2800000, 0x00000000e2800000| Untracked 
|  41|0x00000000e2900000, 0x00000000e2900000, 0x00000000e2a00000|  0%| F|  |TAMS 0x00000000e2900000, 0x00000000e2900000| Untracked 
|  42|0x00000000e2a00000, 0x00000000e2a00000, 0x00000000e2b00000|  0%| F|  |TAMS 0x00000000e2a00000, 0x00000000e2a00000| Untracked 
|  43|0x00000000e2b00000, 0x00000000e2b00000, 0x00000000e2c00000|  0%| F|  |TAMS 0x00000000e2b00000, 0x00000000e2b00000| Untracked 
|  44|0x00000000e2c00000, 0x00000000e2c00000, 0x00000000e2d00000|  0%| F|  |TAMS 0x00000000e2c00000, 0x00000000e2c00000| Untracked 
|  45|0x00000000e2d00000, 0x00000000e2d00000, 0x00000000e2e00000|  0%| F|  |TAMS 0x00000000e2d00000, 0x00000000e2d00000| Untracked 
|  46|0x00000000e2e00000, 0x00000000e2e00000, 0x00000000e2f00000|  0%| F|  |TAMS 0x00000000e2e00000, 0x00000000e2e00000| Untracked 
|  47|0x00000000e2f00000, 0x00000000e2f00000, 0x00000000e3000000|  0%| F|  |TAMS 0x00000000e2f00000, 0x00000000e2f00000| Untracked 
|  48|0x00000000e3000000, 0x00000000e3000000, 0x00000000e3100000|  0%| F|  |TAMS 0x00000000e3000000, 0x00000000e3000000| Untracked 
|  49|0x00000000e3100000, 0x00000000e3100000, 0x00000000e3200000|  0%| F|  |TAMS 0x00000000e3100000, 0x00000000e3100000| Untracked 
|  50|0x00000000e3200000, 0x00000000e3200000, 0x00000000e3300000|  0%| F|  |TAMS 0x00000000e3200000, 0x00000000e3200000| Untracked 
|  51|0x00000000e3300000, 0x00000000e3300000, 0x00000000e3400000|  0%| F|  |TAMS 0x00000000e3300000, 0x00000000e3300000| Untracked 
|  52|0x00000000e3400000, 0x00000000e3400000, 0x00000000e3500000|  0%| F|  |TAMS 0x00000000e3400000, 0x00000000e3400000| Untracked 
|  53|0x00000000e3500000, 0x00000000e3500000, 0x00000000e3600000|  0%| F|  |TAMS 0x00000000e3500000, 0x00000000e3500000| Untracked 
|  54|0x00000000e3600000, 0x00000000e3600000, 0x00000000e3700000|  0%| F|  |TAMS 0x00000000e3600000, 0x00000000e3600000| Untracked 
|  55|0x00000000e3700000, 0x00000000e3700000, 0x00000000e3800000|  0%| F|  |TAMS 0x00000000e3700000, 0x00000000e3700000| Untracked 
|  56|0x00000000e3800000, 0x00000000e3800000, 0x00000000e3900000|  0%| F|  |TAMS 0x00000000e3800000, 0x00000000e3800000| Untracked 
|  57|0x00000000e3900000, 0x00000000e3900000, 0x00000000e3a00000|  0%| F|  |TAMS 0x00000000e3900000, 0x00000000e3900000| Untracked 
|  58|0x00000000e3a00000, 0x00000000e3a00000, 0x00000000e3b00000|  0%| F|  |TAMS 0x00000000e3a00000, 0x00000000e3a00000| Untracked 
|  59|0x00000000e3b00000, 0x00000000e3b00000, 0x00000000e3c00000|  0%| F|  |TAMS 0x00000000e3b00000, 0x00000000e3b00000| Untracked 
|  60|0x00000000e3c00000, 0x00000000e3c00000, 0x00000000e3d00000|  0%| F|  |TAMS 0x00000000e3c00000, 0x00000000e3c00000| Untracked 
|  61|0x00000000e3d00000, 0x00000000e3d00000, 0x00000000e3e00000|  0%| F|  |TAMS 0x00000000e3d00000, 0x00000000e3d00000| Untracked 
|  62|0x00000000e3e00000, 0x00000000e3e00000, 0x00000000e3f00000|  0%| F|  |TAMS 0x00000000e3e00000, 0x00000000e3e00000| Untracked 
|  63|0x00000000e3f00000, 0x00000000e3f00000, 0x00000000e4000000|  0%| F|  |TAMS 0x00000000e3f00000, 0x00000000e3f00000| Untracked 
|  64|0x00000000e4000000, 0x00000000e4000000, 0x00000000e4100000|  0%| F|  |TAMS 0x00000000e4000000, 0x00000000e4000000| Untracked 
|  65|0x00000000e4100000, 0x00000000e4100000, 0x00000000e4200000|  0%| F|  |TAMS 0x00000000e4100000, 0x00000000e4100000| Untracked 
|  66|0x00000000e4200000, 0x00000000e4200000, 0x00000000e4300000|  0%| F|  |TAMS 0x00000000e4200000, 0x00000000e4200000| Untracked 
|  67|0x00000000e4300000, 0x00000000e4300000, 0x00000000e4400000|  0%| F|  |TAMS 0x00000000e4300000, 0x00000000e4300000| Untracked 
|  68|0x00000000e4400000, 0x00000000e4400000, 0x00000000e4500000|  0%| F|  |TAMS 0x00000000e4400000, 0x00000000e4400000| Untracked 
|  69|0x00000000e4500000, 0x00000000e4500000, 0x00000000e4600000|  0%| F|  |TAMS 0x00000000e4500000, 0x00000000e4500000| Untracked 
|  70|0x00000000e4600000, 0x00000000e4600000, 0x00000000e4700000|  0%| F|  |TAMS 0x00000000e4600000, 0x00000000e4600000| Untracked 
|  71|0x00000000e4700000, 0x00000000e4700000, 0x00000000e4800000|  0%| F|  |TAMS 0x00000000e4700000, 0x00000000e4700000| Untracked 
|  72|0x00000000e4800000, 0x00000000e4800000, 0x00000000e4900000|  0%| F|  |TAMS 0x00000000e4800000, 0x00000000e4800000| Untracked 
|  73|0x00000000e4900000, 0x00000000e4900000, 0x00000000e4a00000|  0%| F|  |TAMS 0x00000000e4900000, 0x00000000e4900000| Untracked 
|  74|0x00000000e4a00000, 0x00000000e4a00000, 0x00000000e4b00000|  0%| F|  |TAMS 0x00000000e4a00000, 0x00000000e4a00000| Untracked 
|  75|0x00000000e4b00000, 0x00000000e4b00000, 0x00000000e4c00000|  0%| F|  |TAMS 0x00000000e4b00000, 0x00000000e4b00000| Untracked 
|  76|0x00000000e4c00000, 0x00000000e4c00000, 0x00000000e4d00000|  0%| F|  |TAMS 0x00000000e4c00000, 0x00000000e4c00000| Untracked 
|  77|0x00000000e4d00000, 0x00000000e4d00000, 0x00000000e4e00000|  0%| F|  |TAMS 0x00000000e4d00000, 0x00000000e4d00000| Untracked 
|  78|0x00000000e4e00000, 0x00000000e4e00000, 0x00000000e4f00000|  0%| F|  |TAMS 0x00000000e4e00000, 0x00000000e4e00000| Untracked 
|  79|0x00000000e4f00000, 0x00000000e4f00000, 0x00000000e5000000|  0%| F|  |TAMS 0x00000000e4f00000, 0x00000000e4f00000| Untracked 
|  80|0x00000000e5000000, 0x00000000e5000000, 0x00000000e5100000|  0%| F|  |TAMS 0x00000000e5000000, 0x00000000e5000000| Untracked 
|  81|0x00000000e5100000, 0x00000000e5100000, 0x00000000e5200000|  0%| F|  |TAMS 0x00000000e5100000, 0x00000000e5100000| Untracked 
|  82|0x00000000e5200000, 0x00000000e5200000, 0x00000000e5300000|  0%| F|  |TAMS 0x00000000e5200000, 0x00000000e5200000| Untracked 
|  83|0x00000000e5300000, 0x00000000e5300000, 0x00000000e5400000|  0%| F|  |TAMS 0x00000000e5300000, 0x00000000e5300000| Untracked 
|  84|0x00000000e5400000, 0x00000000e5400000, 0x00000000e5500000|  0%| F|  |TAMS 0x00000000e5400000, 0x00000000e5400000| Untracked 
|  85|0x00000000e5500000, 0x00000000e5500000, 0x00000000e5600000|  0%| F|  |TAMS 0x00000000e5500000, 0x00000000e5500000| Untracked 
|  86|0x00000000e5600000, 0x00000000e5600000, 0x00000000e5700000|  0%| F|  |TAMS 0x00000000e5600000, 0x00000000e5600000| Untracked 
|  87|0x00000000e5700000, 0x00000000e5700000, 0x00000000e5800000|  0%| F|  |TAMS 0x00000000e5700000, 0x00000000e5700000| Untracked 
|  88|0x00000000e5800000, 0x00000000e5800000, 0x00000000e5900000|  0%| F|  |TAMS 0x00000000e5800000, 0x00000000e5800000| Untracked 
|  89|0x00000000e5900000, 0x00000000e5900000, 0x00000000e5a00000|  0%| F|  |TAMS 0x00000000e5900000, 0x00000000e5900000| Untracked 
|  90|0x00000000e5a00000, 0x00000000e5a00000, 0x00000000e5b00000|  0%| F|  |TAMS 0x00000000e5a00000, 0x00000000e5a00000| Untracked 
|  91|0x00000000e5b00000, 0x00000000e5b00000, 0x00000000e5c00000|  0%| F|  |TAMS 0x00000000e5b00000, 0x00000000e5b00000| Untracked 
|  92|0x00000000e5c00000, 0x00000000e5c00000, 0x00000000e5d00000|  0%| F|  |TAMS 0x00000000e5c00000, 0x00000000e5c00000| Untracked 
|  93|0x00000000e5d00000, 0x00000000e5d00000, 0x00000000e5e00000|  0%| F|  |TAMS 0x00000000e5d00000, 0x00000000e5d00000| Untracked 
|  94|0x00000000e5e00000, 0x00000000e5e00000, 0x00000000e5f00000|  0%| F|  |TAMS 0x00000000e5e00000, 0x00000000e5e00000| Untracked 
|  95|0x00000000e5f00000, 0x00000000e5f00000, 0x00000000e6000000|  0%| F|  |TAMS 0x00000000e5f00000, 0x00000000e5f00000| Untracked 
|  96|0x00000000e6000000, 0x00000000e6000000, 0x00000000e6100000|  0%| F|  |TAMS 0x00000000e6000000, 0x00000000e6000000| Untracked 
|  97|0x00000000e6100000, 0x00000000e6100000, 0x00000000e6200000|  0%| F|  |TAMS 0x00000000e6100000, 0x00000000e6100000| Untracked 
|  98|0x00000000e6200000, 0x00000000e6200000, 0x00000000e6300000|  0%| F|  |TAMS 0x00000000e6200000, 0x00000000e6200000| Untracked 
|  99|0x00000000e6300000, 0x00000000e6300000, 0x00000000e6400000|  0%| F|  |TAMS 0x00000000e6300000, 0x00000000e6300000| Untracked 
| 100|0x00000000e6400000, 0x00000000e6400000, 0x00000000e6500000|  0%| F|  |TAMS 0x00000000e6400000, 0x00000000e6400000| Untracked 
| 101|0x00000000e6500000, 0x00000000e6500000, 0x00000000e6600000|  0%| F|  |TAMS 0x00000000e6500000, 0x00000000e6500000| Untracked 
| 102|0x00000000e6600000, 0x00000000e6600000, 0x00000000e6700000|  0%| F|  |TAMS 0x00000000e6600000, 0x00000000e6600000| Untracked 
| 103|0x00000000e6700000, 0x00000000e6700000, 0x00000000e6800000|  0%| F|  |TAMS 0x00000000e6700000, 0x00000000e6700000| Untracked 
| 104|0x00000000e6800000, 0x00000000e6800000, 0x00000000e6900000|  0%| F|  |TAMS 0x00000000e6800000, 0x00000000e6800000| Untracked 
| 105|0x00000000e6900000, 0x00000000e6900000, 0x00000000e6a00000|  0%| F|  |TAMS 0x00000000e6900000, 0x00000000e6900000| Untracked 
| 106|0x00000000e6a00000, 0x00000000e6a00000, 0x00000000e6b00000|  0%| F|  |TAMS 0x00000000e6a00000, 0x00000000e6a00000| Untracked 
| 107|0x00000000e6b00000, 0x00000000e6b00000, 0x00000000e6c00000|  0%| F|  |TAMS 0x00000000e6b00000, 0x00000000e6b00000| Untracked 
| 108|0x00000000e6c00000, 0x00000000e6c00000, 0x00000000e6d00000|  0%| F|  |TAMS 0x00000000e6c00000, 0x00000000e6c00000| Untracked 
| 109|0x00000000e6d00000, 0x00000000e6d00000, 0x00000000e6e00000|  0%| F|  |TAMS 0x00000000e6d00000, 0x00000000e6d00000| Untracked 
| 110|0x00000000e6e00000, 0x00000000e6e00000, 0x00000000e6f00000|  0%| F|  |TAMS 0x00000000e6e00000, 0x00000000e6e00000| Untracked 
| 111|0x00000000e6f00000, 0x00000000e6f00000, 0x00000000e7000000|  0%| F|  |TAMS 0x00000000e6f00000, 0x00000000e6f00000| Untracked 
| 112|0x00000000e7000000, 0x00000000e7000000, 0x00000000e7100000|  0%| F|  |TAMS 0x00000000e7000000, 0x00000000e7000000| Untracked 
| 113|0x00000000e7100000, 0x00000000e7100000, 0x00000000e7200000|  0%| F|  |TAMS 0x00000000e7100000, 0x00000000e7100000| Untracked 
| 114|0x00000000e7200000, 0x00000000e7200000, 0x00000000e7300000|  0%| F|  |TAMS 0x00000000e7200000, 0x00000000e7200000| Untracked 
| 115|0x00000000e7300000, 0x00000000e7300000, 0x00000000e7400000|  0%| F|  |TAMS 0x00000000e7300000, 0x00000000e7300000| Untracked 
| 116|0x00000000e7400000, 0x00000000e7400000, 0x00000000e7500000|  0%| F|  |TAMS 0x00000000e7400000, 0x00000000e7400000| Untracked 
| 117|0x00000000e7500000, 0x00000000e7500000, 0x00000000e7600000|  0%| F|  |TAMS 0x00000000e7500000, 0x00000000e7500000| Untracked 
| 118|0x00000000e7600000, 0x00000000e7600000, 0x00000000e7700000|  0%| F|  |TAMS 0x00000000e7600000, 0x00000000e7600000| Untracked 
| 119|0x00000000e7700000, 0x00000000e7700000, 0x00000000e7800000|  0%| F|  |TAMS 0x00000000e7700000, 0x00000000e7700000| Untracked 
| 120|0x00000000e7800000, 0x00000000e7800000, 0x00000000e7900000|  0%| F|  |TAMS 0x00000000e7800000, 0x00000000e7800000| Untracked 
| 121|0x00000000e7900000, 0x00000000e7900000, 0x00000000e7a00000|  0%| F|  |TAMS 0x00000000e7900000, 0x00000000e7900000| Untracked 
| 122|0x00000000e7a00000, 0x00000000e7a00000, 0x00000000e7b00000|  0%| F|  |TAMS 0x00000000e7a00000, 0x00000000e7a00000| Untracked 
| 123|0x00000000e7b00000, 0x00000000e7b00000, 0x00000000e7c00000|  0%| F|  |TAMS 0x00000000e7b00000, 0x00000000e7b00000| Untracked 
| 124|0x00000000e7c00000, 0x00000000e7c00000, 0x00000000e7d00000|  0%| F|  |TAMS 0x00000000e7c00000, 0x00000000e7c00000| Untracked 
| 125|0x00000000e7d00000, 0x00000000e7d00000, 0x00000000e7e00000|  0%| F|  |TAMS 0x00000000e7d00000, 0x00000000e7d00000| Untracked 
| 126|0x00000000e7e00000, 0x00000000e7e00000, 0x00000000e7f00000|  0%| F|  |TAMS 0x00000000e7e00000, 0x00000000e7e00000| Untracked 
| 127|0x00000000e7f00000, 0x00000000e7f00000, 0x00000000e8000000|  0%| F|  |TAMS 0x00000000e7f00000, 0x00000000e7f00000| Untracked 
| 128|0x00000000e8000000, 0x00000000e8000000, 0x00000000e8100000|  0%| F|  |TAMS 0x00000000e8000000, 0x00000000e8000000| Untracked 
| 129|0x00000000e8100000, 0x00000000e8100000, 0x00000000e8200000|  0%| F|  |TAMS 0x00000000e8100000, 0x00000000e8100000| Untracked 
| 130|0x00000000e8200000, 0x00000000e8200000, 0x00000000e8300000|  0%| F|  |TAMS 0x00000000e8200000, 0x00000000e8200000| Untracked 
| 131|0x00000000e8300000, 0x00000000e8300000, 0x00000000e8400000|  0%| F|  |TAMS 0x00000000e8300000, 0x00000000e8300000| Untracked 
| 132|0x00000000e8400000, 0x00000000e8400000, 0x00000000e8500000|  0%| F|  |TAMS 0x00000000e8400000, 0x00000000e8400000| Untracked 
| 133|0x00000000e8500000, 0x00000000e8500000, 0x00000000e8600000|  0%| F|  |TAMS 0x00000000e8500000, 0x00000000e8500000| Untracked 
| 134|0x00000000e8600000, 0x00000000e8600000, 0x00000000e8700000|  0%| F|  |TAMS 0x00000000e8600000, 0x00000000e8600000| Untracked 
| 135|0x00000000e8700000, 0x00000000e8700000, 0x00000000e8800000|  0%| F|  |TAMS 0x00000000e8700000, 0x00000000e8700000| Untracked 
| 136|0x00000000e8800000, 0x00000000e8800000, 0x00000000e8900000|  0%| F|  |TAMS 0x00000000e8800000, 0x00000000e8800000| Untracked 
| 137|0x00000000e8900000, 0x00000000e8900000, 0x00000000e8a00000|  0%| F|  |TAMS 0x00000000e8900000, 0x00000000e8900000| Untracked 
| 138|0x00000000e8a00000, 0x00000000e8a00000, 0x00000000e8b00000|  0%| F|  |TAMS 0x00000000e8a00000, 0x00000000e8a00000| Untracked 
| 139|0x00000000e8b00000, 0x00000000e8b00000, 0x00000000e8c00000|  0%| F|  |TAMS 0x00000000e8b00000, 0x00000000e8b00000| Untracked 
| 140|0x00000000e8c00000, 0x00000000e8c00000, 0x00000000e8d00000|  0%| F|  |TAMS 0x00000000e8c00000, 0x00000000e8c00000| Untracked 
| 141|0x00000000e8d00000, 0x00000000e8d00000, 0x00000000e8e00000|  0%| F|  |TAMS 0x00000000e8d00000, 0x00000000e8d00000| Untracked 
| 142|0x00000000e8e00000, 0x00000000e8e00000, 0x00000000e8f00000|  0%| F|  |TAMS 0x00000000e8e00000, 0x00000000e8e00000| Untracked 
| 143|0x00000000e8f00000, 0x00000000e8f00000, 0x00000000e9000000|  0%| F|  |TAMS 0x00000000e8f00000, 0x00000000e8f00000| Untracked 
| 144|0x00000000e9000000, 0x00000000e9000000, 0x00000000e9100000|  0%| F|  |TAMS 0x00000000e9000000, 0x00000000e9000000| Untracked 
| 145|0x00000000e9100000, 0x00000000e9181050, 0x00000000e9200000| 50%| E|  |TAMS 0x00000000e9100000, 0x00000000e9100000| Complete 
| 146|0x00000000e9200000, 0x00000000e9300000, 0x00000000e9300000|100%| E|CS|TAMS 0x00000000e9200000, 0x00000000e9200000| Complete 
| 147|0x00000000e9300000, 0x00000000e9400000, 0x00000000e9400000|100%| E|CS|TAMS 0x00000000e9300000, 0x00000000e9300000| Complete 
| 148|0x00000000e9400000, 0x00000000e9500000, 0x00000000e9500000|100%| E|CS|TAMS 0x00000000e9400000, 0x00000000e9400000| Complete 
| 149|0x00000000e9500000, 0x00000000e9600000, 0x00000000e9600000|100%| E|CS|TAMS 0x00000000e9500000, 0x00000000e9500000| Complete 
| 150|0x00000000e9600000, 0x00000000e9700000, 0x00000000e9700000|100%| E|CS|TAMS 0x00000000e9600000, 0x00000000e9600000| Complete 
| 151|0x00000000e9700000, 0x00000000e9800000, 0x00000000e9800000|100%| E|CS|TAMS 0x00000000e9700000, 0x00000000e9700000| Complete 
| 152|0x00000000e9800000, 0x00000000e9900000, 0x00000000e9900000|100%| E|CS|TAMS 0x00000000e9800000, 0x00000000e9800000| Complete 
| 153|0x00000000e9900000, 0x00000000e9a00000, 0x00000000e9a00000|100%| E|CS|TAMS 0x00000000e9900000, 0x00000000e9900000| Complete 
| 154|0x00000000e9a00000, 0x00000000e9b00000, 0x00000000e9b00000|100%| E|CS|TAMS 0x00000000e9a00000, 0x00000000e9a00000| Complete 
| 155|0x00000000e9b00000, 0x00000000e9c00000, 0x00000000e9c00000|100%| E|CS|TAMS 0x00000000e9b00000, 0x00000000e9b00000| Complete 
| 156|0x00000000e9c00000, 0x00000000e9d00000, 0x00000000e9d00000|100%| E|CS|TAMS 0x00000000e9c00000, 0x00000000e9c00000| Complete 
| 157|0x00000000e9d00000, 0x00000000e9e00000, 0x00000000e9e00000|100%| E|CS|TAMS 0x00000000e9d00000, 0x00000000e9d00000| Complete 
| 158|0x00000000e9e00000, 0x00000000e9f00000, 0x00000000e9f00000|100%| E|CS|TAMS 0x00000000e9e00000, 0x00000000e9e00000| Complete 
| 159|0x00000000e9f00000, 0x00000000ea000000, 0x00000000ea000000|100%| E|CS|TAMS 0x00000000e9f00000, 0x00000000e9f00000| Complete 
| 160|0x00000000ea000000, 0x00000000ea100000, 0x00000000ea100000|100%| E|CS|TAMS 0x00000000ea000000, 0x00000000ea000000| Complete 
| 161|0x00000000ea100000, 0x00000000ea200000, 0x00000000ea200000|100%| E|CS|TAMS 0x00000000ea100000, 0x00000000ea100000| Complete 
| 162|0x00000000ea200000, 0x00000000ea300000, 0x00000000ea300000|100%| E|CS|TAMS 0x00000000ea200000, 0x00000000ea200000| Complete 
| 163|0x00000000ea300000, 0x00000000ea400000, 0x00000000ea400000|100%| E|CS|TAMS 0x00000000ea300000, 0x00000000ea300000| Complete 
| 164|0x00000000ea400000, 0x00000000ea500000, 0x00000000ea500000|100%| E|CS|TAMS 0x00000000ea400000, 0x00000000ea400000| Complete 
| 165|0x00000000ea500000, 0x00000000ea600000, 0x00000000ea600000|100%| E|CS|TAMS 0x00000000ea500000, 0x00000000ea500000| Complete 
| 166|0x00000000ea600000, 0x00000000ea700000, 0x00000000ea700000|100%| E|  |TAMS 0x00000000ea600000, 0x00000000ea600000| Complete 
| 167|0x00000000ea700000, 0x00000000ea800000, 0x00000000ea800000|100%| E|CS|TAMS 0x00000000ea700000, 0x00000000ea700000| Complete 
| 168|0x00000000ea800000, 0x00000000ea900000, 0x00000000ea900000|100%| E|CS|TAMS 0x00000000ea800000, 0x00000000ea800000| Complete 
| 169|0x00000000ea900000, 0x00000000eaa00000, 0x00000000eaa00000|100%| E|CS|TAMS 0x00000000ea900000, 0x00000000ea900000| Complete 
| 170|0x00000000eaa00000, 0x00000000eab00000, 0x00000000eab00000|100%| E|CS|TAMS 0x00000000eaa00000, 0x00000000eaa00000| Complete 
| 171|0x00000000eab00000, 0x00000000eac00000, 0x00000000eac00000|100%| E|CS|TAMS 0x00000000eab00000, 0x00000000eab00000| Complete 
| 172|0x00000000eac00000, 0x00000000ead00000, 0x00000000ead00000|100%| E|CS|TAMS 0x00000000eac00000, 0x00000000eac00000| Complete 
| 173|0x00000000ead00000, 0x00000000eae00000, 0x00000000eae00000|100%| E|CS|TAMS 0x00000000ead00000, 0x00000000ead00000| Complete 
| 174|0x00000000eae00000, 0x00000000eaf00000, 0x00000000eaf00000|100%| E|CS|TAMS 0x00000000eae00000, 0x00000000eae00000| Complete 
| 175|0x00000000eaf00000, 0x00000000eb000000, 0x00000000eb000000|100%| E|CS|TAMS 0x00000000eaf00000, 0x00000000eaf00000| Complete 
| 176|0x00000000eb000000, 0x00000000eb100000, 0x00000000eb100000|100%| E|CS|TAMS 0x00000000eb000000, 0x00000000eb000000| Complete 
| 177|0x00000000eb100000, 0x00000000eb200000, 0x00000000eb200000|100%| E|CS|TAMS 0x00000000eb100000, 0x00000000eb100000| Complete 
| 178|0x00000000eb200000, 0x00000000eb300000, 0x00000000eb300000|100%| E|CS|TAMS 0x00000000eb200000, 0x00000000eb200000| Complete 
| 179|0x00000000eb300000, 0x00000000eb400000, 0x00000000eb400000|100%| E|CS|TAMS 0x00000000eb300000, 0x00000000eb300000| Complete 
| 180|0x00000000eb400000, 0x00000000eb500000, 0x00000000eb500000|100%| E|CS|TAMS 0x00000000eb400000, 0x00000000eb400000| Complete 
| 181|0x00000000eb500000, 0x00000000eb600000, 0x00000000eb600000|100%| E|CS|TAMS 0x00000000eb500000, 0x00000000eb500000| Complete 
| 182|0x00000000eb600000, 0x00000000eb700000, 0x00000000eb700000|100%| E|CS|TAMS 0x00000000eb600000, 0x00000000eb600000| Complete 
| 183|0x00000000eb700000, 0x00000000eb800000, 0x00000000eb800000|100%| E|CS|TAMS 0x00000000eb700000, 0x00000000eb700000| Complete 
| 184|0x00000000eb800000, 0x00000000eb900000, 0x00000000eb900000|100%| E|CS|TAMS 0x00000000eb800000, 0x00000000eb800000| Complete 
| 185|0x00000000eb900000, 0x00000000eba00000, 0x00000000eba00000|100%| E|CS|TAMS 0x00000000eb900000, 0x00000000eb900000| Complete 
| 186|0x00000000eba00000, 0x00000000ebb00000, 0x00000000ebb00000|100%| E|CS|TAMS 0x00000000eba00000, 0x00000000eba00000| Complete 
| 187|0x00000000ebb00000, 0x00000000ebc00000, 0x00000000ebc00000|100%| E|CS|TAMS 0x00000000ebb00000, 0x00000000ebb00000| Complete 
| 188|0x00000000ebc00000, 0x00000000ebd00000, 0x00000000ebd00000|100%| E|CS|TAMS 0x00000000ebc00000, 0x00000000ebc00000| Complete 
| 189|0x00000000ebd00000, 0x00000000ebe00000, 0x00000000ebe00000|100%| E|CS|TAMS 0x00000000ebd00000, 0x00000000ebd00000| Complete 
| 190|0x00000000ebe00000, 0x00000000ebf00000, 0x00000000ebf00000|100%| E|CS|TAMS 0x00000000ebe00000, 0x00000000ebe00000| Complete 
| 191|0x00000000ebf00000, 0x00000000ec000000, 0x00000000ec000000|100%| E|CS|TAMS 0x00000000ebf00000, 0x00000000ebf00000| Complete 
| 192|0x00000000ec000000, 0x00000000ec100000, 0x00000000ec100000|100%| E|CS|TAMS 0x00000000ec000000, 0x00000000ec000000| Complete 
| 193|0x00000000ec100000, 0x00000000ec200000, 0x00000000ec200000|100%| E|CS|TAMS 0x00000000ec100000, 0x00000000ec100000| Complete 
| 194|0x00000000ec200000, 0x00000000ec300000, 0x00000000ec300000|100%| E|CS|TAMS 0x00000000ec200000, 0x00000000ec200000| Complete 
| 195|0x00000000ec300000, 0x00000000ec400000, 0x00000000ec400000|100%| E|CS|TAMS 0x00000000ec300000, 0x00000000ec300000| Complete 
| 196|0x00000000ec400000, 0x00000000ec500000, 0x00000000ec500000|100%| E|CS|TAMS 0x00000000ec400000, 0x00000000ec400000| Complete 
| 197|0x00000000ec500000, 0x00000000ec600000, 0x00000000ec600000|100%| E|CS|TAMS 0x00000000ec500000, 0x00000000ec500000| Complete 
| 198|0x00000000ec600000, 0x00000000ec700000, 0x00000000ec700000|100%| E|CS|TAMS 0x00000000ec600000, 0x00000000ec600000| Complete 
| 199|0x00000000ec700000, 0x00000000ec800000, 0x00000000ec800000|100%| E|CS|TAMS 0x00000000ec700000, 0x00000000ec700000| Complete 
| 200|0x00000000ec800000, 0x00000000ec900000, 0x00000000ec900000|100%| E|CS|TAMS 0x00000000ec800000, 0x00000000ec800000| Complete 
| 201|0x00000000ec900000, 0x00000000eca00000, 0x00000000eca00000|100%| E|CS|TAMS 0x00000000ec900000, 0x00000000ec900000| Complete 
| 202|0x00000000eca00000, 0x00000000ecb00000, 0x00000000ecb00000|100%| E|CS|TAMS 0x00000000eca00000, 0x00000000eca00000| Complete 
| 203|0x00000000ecb00000, 0x00000000ecc00000, 0x00000000ecc00000|100%| E|CS|TAMS 0x00000000ecb00000, 0x00000000ecb00000| Complete 
| 204|0x00000000ecc00000, 0x00000000ecd00000, 0x00000000ecd00000|100%| E|CS|TAMS 0x00000000ecc00000, 0x00000000ecc00000| Complete 
| 205|0x00000000ecd00000, 0x00000000ece00000, 0x00000000ece00000|100%| E|CS|TAMS 0x00000000ecd00000, 0x00000000ecd00000| Complete 
| 206|0x00000000ece00000, 0x00000000ecf00000, 0x00000000ecf00000|100%| E|CS|TAMS 0x00000000ece00000, 0x00000000ece00000| Complete 
| 207|0x00000000ecf00000, 0x00000000ed000000, 0x00000000ed000000|100%| E|CS|TAMS 0x00000000ecf00000, 0x00000000ecf00000| Complete 
| 208|0x00000000ed000000, 0x00000000ed100000, 0x00000000ed100000|100%| E|CS|TAMS 0x00000000ed000000, 0x00000000ed000000| Complete 
| 209|0x00000000ed100000, 0x00000000ed200000, 0x00000000ed200000|100%| E|CS|TAMS 0x00000000ed100000, 0x00000000ed100000| Complete 
| 210|0x00000000ed200000, 0x00000000ed300000, 0x00000000ed300000|100%| E|CS|TAMS 0x00000000ed200000, 0x00000000ed200000| Complete 
| 211|0x00000000ed300000, 0x00000000ed400000, 0x00000000ed400000|100%| E|CS|TAMS 0x00000000ed300000, 0x00000000ed300000| Complete 
| 212|0x00000000ed400000, 0x00000000ed500000, 0x00000000ed500000|100%| E|CS|TAMS 0x00000000ed400000, 0x00000000ed400000| Complete 
| 213|0x00000000ed500000, 0x00000000ed600000, 0x00000000ed600000|100%| E|CS|TAMS 0x00000000ed500000, 0x00000000ed500000| Complete 
| 214|0x00000000ed600000, 0x00000000ed700000, 0x00000000ed700000|100%| E|CS|TAMS 0x00000000ed600000, 0x00000000ed600000| Complete 
| 215|0x00000000ed700000, 0x00000000ed800000, 0x00000000ed800000|100%| E|CS|TAMS 0x00000000ed700000, 0x00000000ed700000| Complete 
| 216|0x00000000ed800000, 0x00000000ed900000, 0x00000000ed900000|100%| E|CS|TAMS 0x00000000ed800000, 0x00000000ed800000| Complete 
| 217|0x00000000ed900000, 0x00000000eda00000, 0x00000000eda00000|100%| E|CS|TAMS 0x00000000ed900000, 0x00000000ed900000| Complete 
| 218|0x00000000eda00000, 0x00000000edb00000, 0x00000000edb00000|100%| E|CS|TAMS 0x00000000eda00000, 0x00000000eda00000| Complete 
| 219|0x00000000edb00000, 0x00000000edc00000, 0x00000000edc00000|100%| E|CS|TAMS 0x00000000edb00000, 0x00000000edb00000| Complete 
| 220|0x00000000edc00000, 0x00000000edd00000, 0x00000000edd00000|100%| E|CS|TAMS 0x00000000edc00000, 0x00000000edc00000| Complete 
| 221|0x00000000edd00000, 0x00000000ede00000, 0x00000000ede00000|100%| E|CS|TAMS 0x00000000edd00000, 0x00000000edd00000| Complete 
| 222|0x00000000ede00000, 0x00000000edf00000, 0x00000000edf00000|100%| E|CS|TAMS 0x00000000ede00000, 0x00000000ede00000| Complete 
| 223|0x00000000edf00000, 0x00000000edf60aa0, 0x00000000ee000000| 37%| S|CS|TAMS 0x00000000edf00000, 0x00000000edf00000| Complete 
| 224|0x00000000ee000000, 0x00000000ee100000, 0x00000000ee100000|100%| S|CS|TAMS 0x00000000ee000000, 0x00000000ee000000| Complete 
| 225|0x00000000ee100000, 0x00000000ee200000, 0x00000000ee200000|100%| S|CS|TAMS 0x00000000ee100000, 0x00000000ee100000| Complete 
| 226|0x00000000ee200000, 0x00000000ee300000, 0x00000000ee300000|100%| E|CS|TAMS 0x00000000ee200000, 0x00000000ee200000| Complete 
| 227|0x00000000ee300000, 0x00000000ee400000, 0x00000000ee400000|100%| E|CS|TAMS 0x00000000ee300000, 0x00000000ee300000| Complete 
| 228|0x00000000ee400000, 0x00000000ee500000, 0x00000000ee500000|100%| E|CS|TAMS 0x00000000ee400000, 0x00000000ee400000| Complete 
| 229|0x00000000ee500000, 0x00000000ee600000, 0x00000000ee600000|100%| E|CS|TAMS 0x00000000ee500000, 0x00000000ee500000| Complete 
| 230|0x00000000ee600000, 0x00000000ee700000, 0x00000000ee700000|100%| E|CS|TAMS 0x00000000ee600000, 0x00000000ee600000| Complete 
| 231|0x00000000ee700000, 0x00000000ee800000, 0x00000000ee800000|100%| E|CS|TAMS 0x00000000ee700000, 0x00000000ee700000| Complete 
| 232|0x00000000ee800000, 0x00000000ee900000, 0x00000000ee900000|100%| E|CS|TAMS 0x00000000ee800000, 0x00000000ee800000| Complete 
| 233|0x00000000ee900000, 0x00000000eea00000, 0x00000000eea00000|100%| E|CS|TAMS 0x00000000ee900000, 0x00000000ee900000| Complete 
| 234|0x00000000eea00000, 0x00000000eeb00000, 0x00000000eeb00000|100%| E|CS|TAMS 0x00000000eea00000, 0x00000000eea00000| Complete 
| 235|0x00000000eeb00000, 0x00000000eec00000, 0x00000000eec00000|100%| E|CS|TAMS 0x00000000eeb00000, 0x00000000eeb00000| Complete 
| 236|0x00000000eec00000, 0x00000000eed00000, 0x00000000eed00000|100%| E|CS|TAMS 0x00000000eec00000, 0x00000000eec00000| Complete 
| 237|0x00000000eed00000, 0x00000000eee00000, 0x00000000eee00000|100%| E|CS|TAMS 0x00000000eed00000, 0x00000000eed00000| Complete 
| 238|0x00000000eee00000, 0x00000000eef00000, 0x00000000eef00000|100%| E|CS|TAMS 0x00000000eee00000, 0x00000000eee00000| Complete 
| 239|0x00000000eef00000, 0x00000000ef000000, 0x00000000ef000000|100%| E|CS|TAMS 0x00000000eef00000, 0x00000000eef00000| Complete 
| 240|0x00000000ef000000, 0x00000000ef100000, 0x00000000ef100000|100%| E|CS|TAMS 0x00000000ef000000, 0x00000000ef000000| Complete 
| 241|0x00000000ef100000, 0x00000000ef200000, 0x00000000ef200000|100%| E|CS|TAMS 0x00000000ef100000, 0x00000000ef100000| Complete 
| 242|0x00000000ef200000, 0x00000000ef300000, 0x00000000ef300000|100%| E|CS|TAMS 0x00000000ef200000, 0x00000000ef200000| Complete 
| 243|0x00000000ef300000, 0x00000000ef400000, 0x00000000ef400000|100%| E|CS|TAMS 0x00000000ef300000, 0x00000000ef300000| Complete 
| 244|0x00000000ef400000, 0x00000000ef500000, 0x00000000ef500000|100%| E|CS|TAMS 0x00000000ef400000, 0x00000000ef400000| Complete 
| 245|0x00000000ef500000, 0x00000000ef600000, 0x00000000ef600000|100%| E|CS|TAMS 0x00000000ef500000, 0x00000000ef500000| Complete 
| 246|0x00000000ef600000, 0x00000000ef700000, 0x00000000ef700000|100%| E|CS|TAMS 0x00000000ef600000, 0x00000000ef600000| Complete 
| 247|0x00000000ef700000, 0x00000000ef800000, 0x00000000ef800000|100%| E|CS|TAMS 0x00000000ef700000, 0x00000000ef700000| Complete 
| 248|0x00000000ef800000, 0x00000000ef900000, 0x00000000ef900000|100%| E|CS|TAMS 0x00000000ef800000, 0x00000000ef800000| Complete 
| 249|0x00000000ef900000, 0x00000000efa00000, 0x00000000efa00000|100%| E|CS|TAMS 0x00000000ef900000, 0x00000000ef900000| Complete 
| 250|0x00000000efa00000, 0x00000000efb00000, 0x00000000efb00000|100%| E|CS|TAMS 0x00000000efa00000, 0x00000000efa00000| Complete 
| 251|0x00000000efb00000, 0x00000000efc00000, 0x00000000efc00000|100%| E|CS|TAMS 0x00000000efb00000, 0x00000000efb00000| Complete 
| 252|0x00000000efc00000, 0x00000000efd00000, 0x00000000efd00000|100%| E|CS|TAMS 0x00000000efc00000, 0x00000000efc00000| Complete 
| 253|0x00000000efd00000, 0x00000000efe00000, 0x00000000efe00000|100%| E|CS|TAMS 0x00000000efd00000, 0x00000000efd00000| Complete 
| 254|0x00000000efe00000, 0x00000000eff00000, 0x00000000eff00000|100%| E|CS|TAMS 0x00000000efe00000, 0x00000000efe00000| Complete 
| 255|0x00000000eff00000, 0x00000000f0000000, 0x00000000f0000000|100%| E|CS|TAMS 0x00000000eff00000, 0x00000000eff00000| Complete 

Card table byte_map: [0x0000018a40e40000,0x0000018a40f40000] _byte_map_base: 0x0000018a40740000

Marking Bits (Prev, Next): (CMBitMap*) 0x0000018a2a5a0cd0, (CMBitMap*) 0x0000018a2a5a0c90
 Prev Bits: [0x0000018a41840000, 0x0000018a42040000)
 Next Bits: [0x0000018a41040000, 0x0000018a41840000)

Polling page: 0x0000018a284f0000

Metaspace:

Usage:
  Non-class:     29.25 MB used.
      Class:      4.70 MB used.
       Both:     33.95 MB used.

Virtual space:
  Non-class space:       64.00 MB reserved,      29.44 MB ( 46%) committed,  1 nodes.
      Class space:      320.00 MB reserved,       4.88 MB (  2%) committed,  1 nodes.
             Both:      384.00 MB reserved,      34.31 MB (  9%) committed. 

Chunk freelists:
   Non-Class:  1.64 MB
       Class:  11.16 MB
        Both:  12.80 MB

MaxMetaspaceSize: 384.00 MB
CompressedClassSpaceSize: 320.00 MB
Initial GC threshold: 21.00 MB
Current GC threshold: 35.25 MB
CDS: on
MetaspaceReclaimPolicy: balanced
 - commit_granule_bytes: 65536.
 - commit_granule_words: 8192.
 - virtual_space_node_default_size: 8388608.
 - enlarge_chunks_in_place: 1.
 - new_chunks_are_fully_committed: 0.
 - uncommit_free_chunks: 1.
 - use_allocation_guard: 0.
 - handle_deallocations: 1.


Internal statistics:

num_allocs_failed_limit: 3.
num_arena_births: 424.
num_arena_deaths: 0.
num_vsnodes_births: 2.
num_vsnodes_deaths: 0.
num_space_committed: 549.
num_space_uncommitted: 0.
num_chunks_returned_to_freelist: 3.
num_chunks_taken_from_freelist: 1718.
num_chunk_merges: 3.
num_chunk_splits: 1142.
num_chunks_enlarged: 800.
num_inconsistent_stats: 0.

CodeHeap 'non-profiled nmethods': size=120000Kb used=2611Kb max_used=2611Kb free=117388Kb
 bounds [0x0000018a39910000, 0x0000018a39ba0000, 0x0000018a40e40000]
CodeHeap 'profiled nmethods': size=120000Kb used=8658Kb max_used=8658Kb free=111341Kb
 bounds [0x0000018a31e40000, 0x0000018a326c0000, 0x0000018a39370000]
CodeHeap 'non-nmethods': size=5760Kb used=2292Kb max_used=2367Kb free=3467Kb
 bounds [0x0000018a39370000, 0x0000018a395e0000, 0x0000018a39910000]
 total_blobs=4961 nmethods=4160 adapters=712
 compilation: enabled
              stopped_count=0, restarted_count=0
 full_count=0

Compilation events (20 events):
Event: 35.363 Thread 0x0000018a44611160 nmethod 4145 0x0000018a326ab990 code [0x0000018a326abcc0, 0x0000018a326ad4c8]
Event: 35.364 Thread 0x0000018a44611160 4146       3       org.objectweb.asm.Frame::setLocal (65 bytes)
Event: 35.365 Thread 0x0000018a44611160 nmethod 4146 0x0000018a326ada90 code [0x0000018a326adc60, 0x0000018a326ae188]
Event: 35.385 Thread 0x0000018a44611160 4147       3       org.objectweb.asm.MethodVisitor::visitVarInsn (17 bytes)
Event: 35.386 Thread 0x0000018a44611160 nmethod 4147 0x0000018a326ae390 code [0x0000018a326ae540, 0x0000018a326ae748]
Event: 35.433 Thread 0x0000018a44611160 4156       3       org.objectweb.asm.Type::getDescriptor (18 bytes)
Event: 35.433 Thread 0x0000018a44611160 nmethod 4156 0x0000018a326ae810 code [0x0000018a326aea00, 0x0000018a326aee38]
Event: 35.434 Thread 0x0000018a44611160 4157       3       org.objectweb.asm.Handler::putExceptionTable (63 bytes)
Event: 35.434 Thread 0x0000018a44611160 nmethod 4157 0x0000018a326af010 code [0x0000018a326af220, 0x0000018a326af688]
Event: 35.439 Thread 0x0000018a44611160 4158       3       sun.reflect.generics.parser.SignatureParser::parseZeroOrMoreFormalTypeParameters (19 bytes)
Event: 35.440 Thread 0x0000018a44611160 nmethod 4158 0x0000018a326af990 code [0x0000018a326afb40, 0x0000018a326afdb8]
Event: 35.441 Thread 0x0000018a44611160 4159       3       java.lang.StringBuilder::append (8 bytes)
Event: 35.441 Thread 0x0000018a44611160 nmethod 4159 0x0000018a326afe90 code [0x0000018a326b0020, 0x0000018a326b0168]
Event: 35.449 Thread 0x0000018a44611160 4160       3       java.lang.StringBuilder::length (5 bytes)
Event: 35.449 Thread 0x0000018a44611160 nmethod 4160 0x0000018a326b0210 code [0x0000018a326b03a0, 0x0000018a326b04b8]
Event: 35.449 Thread 0x0000018a44611160 4161       3       org.gradle.model.internal.asm.MethodVisitorScope::_GETFIELD (11 bytes)
Event: 35.450 Thread 0x0000018a44611160 nmethod 4161 0x0000018a326b0590 code [0x0000018a326b0760, 0x0000018a326b0b28]
Event: 35.451 Thread 0x0000018a44611160 4162       3       java.lang.Class::getEnclosingClass (70 bytes)
Event: 35.452 Thread 0x0000018a44611160 nmethod 4162 0x0000018a326b0d10 code [0x0000018a326b0f40, 0x0000018a326b1658]
Event: 35.455 Thread 0x0000018a44611160 4163       3       org.gradle.internal.reflect.ClassInspector::inspectClass (179 bytes)

GC Heap History (8 events):
Event: 1.353 GC heap before
{Heap before GC invocations=0 (full 0):
 garbage-first heap   total 262144K, used 13312K [0x00000000e0000000, 0x0000000100000000)
  region size 1024K, 13 young (13312K), 0 survivors (0K)
 Metaspace       used 769K, committed 896K, reserved 393216K
  class space    used 61K, committed 128K, reserved 327680K
}
Event: 1.372 GC heap after
{Heap after GC invocations=1 (full 0):
 garbage-first heap   total 262144K, used 1184K [0x00000000e0000000, 0x0000000100000000)
  region size 1024K, 2 young (2048K), 2 survivors (2048K)
 Metaspace       used 769K, committed 896K, reserved 393216K
  class space    used 61K, committed 128K, reserved 327680K
}
Event: 3.390 GC heap before
{Heap before GC invocations=1 (full 0):
 garbage-first heap   total 262144K, used 23712K [0x00000000e0000000, 0x0000000100000000)
  region size 1024K, 21 young (21504K), 2 survivors (2048K)
 Metaspace       used 1824K, committed 1984K, reserved 393216K
  class space    used 168K, committed 256K, reserved 327680K
}
Event: 3.396 GC heap after
{Heap after GC invocations=2 (full 0):
 garbage-first heap   total 262144K, used 9942K [0x00000000e0000000, 0x0000000100000000)
  region size 1024K, 3 young (3072K), 3 survivors (3072K)
 Metaspace       used 1824K, committed 1984K, reserved 393216K
  class space    used 168K, committed 256K, reserved 327680K
}
Event: 20.754 GC heap before
{Heap before GC invocations=2 (full 0):
 garbage-first heap   total 262144K, used 165590K [0x00000000e0000000, 0x0000000100000000)
  region size 1024K, 153 young (156672K), 3 survivors (3072K)
 Metaspace       used 17923K, committed 18240K, reserved 393216K
  class space    used 2570K, committed 2752K, reserved 327680K
}
Event: 20.776 GC heap after
{Heap after GC invocations=3 (full 0):
 garbage-first heap   total 262144K, used 21636K [0x00000000e0000000, 0x0000000100000000)
  region size 1024K, 14 young (14336K), 14 survivors (14336K)
 Metaspace       used 17923K, committed 18240K, reserved 393216K
  class space    used 2570K, committed 2752K, reserved 327680K
}
Event: 23.595 GC heap before
{Heap before GC invocations=3 (full 0):
 garbage-first heap   total 262144K, used 51332K [0x00000000e0000000, 0x0000000100000000)
  region size 1024K, 44 young (45056K), 14 survivors (14336K)
 Metaspace       used 21184K, committed 21504K, reserved 393216K
  class space    used 3078K, committed 3264K, reserved 327680K
}
Event: 23.621 GC heap after
{Heap after GC invocations=4 (full 0):
 garbage-first heap   total 262144K, used 23775K [0x00000000e0000000, 0x0000000100000000)
  region size 1024K, 3 young (3072K), 3 survivors (3072K)
 Metaspace       used 21184K, committed 21504K, reserved 393216K
  class space    used 3078K, committed 3264K, reserved 327680K
}

Deoptimization events (20 events):
Event: 33.692 Thread 0x0000018a448348a0 Uncommon trap: trap_request=0xffffffc6 fr.pc=0x0000018a39b5af98 relative=0x0000000000006018
Event: 33.692 Thread 0x0000018a448348a0 Uncommon trap: reason=bimorphic_or_optimized_type_check action=maybe_recompile pc=0x0000018a39b5af98 method=java.lang.ClassLoader.loadClass(Ljava/lang/String;Z)Ljava/lang/Class; @ 69 c2
Event: 33.692 Thread 0x0000018a448348a0 DEOPT PACKING pc=0x0000018a39b5af98 sp=0x0000001e800f9270
Event: 33.692 Thread 0x0000018a448348a0 DEOPT UNPACKING pc=0x0000018a393c23a3 sp=0x0000001e800f92f0 mode 2
Event: 33.694 Thread 0x0000018a448348a0 Uncommon trap: trap_request=0xffffffc6 fr.pc=0x0000018a39b5af98 relative=0x0000000000006018
Event: 33.694 Thread 0x0000018a448348a0 Uncommon trap: reason=bimorphic_or_optimized_type_check action=maybe_recompile pc=0x0000018a39b5af98 method=java.lang.ClassLoader.loadClass(Ljava/lang/String;Z)Ljava/lang/Class; @ 69 c2
Event: 33.694 Thread 0x0000018a448348a0 DEOPT PACKING pc=0x0000018a39b5af98 sp=0x0000001e800f9160
Event: 33.694 Thread 0x0000018a448348a0 DEOPT UNPACKING pc=0x0000018a393c23a3 sp=0x0000001e800f91e0 mode 2
Event: 33.694 Thread 0x0000018a448348a0 Uncommon trap: trap_request=0xffffffc6 fr.pc=0x0000018a39b5af98 relative=0x0000000000006018
Event: 33.694 Thread 0x0000018a448348a0 Uncommon trap: reason=bimorphic_or_optimized_type_check action=maybe_recompile pc=0x0000018a39b5af98 method=java.lang.ClassLoader.loadClass(Ljava/lang/String;Z)Ljava/lang/Class; @ 69 c2
Event: 33.694 Thread 0x0000018a448348a0 DEOPT PACKING pc=0x0000018a39b5af98 sp=0x0000001e800f9360
Event: 33.694 Thread 0x0000018a448348a0 DEOPT UNPACKING pc=0x0000018a393c23a3 sp=0x0000001e800f93e0 mode 2
Event: 34.756 Thread 0x0000018a448348a0 Uncommon trap: trap_request=0xffffff45 fr.pc=0x0000018a3999da08 relative=0x00000000000005c8
Event: 34.756 Thread 0x0000018a448348a0 Uncommon trap: reason=unstable_if action=reinterpret pc=0x0000018a3999da08 method=java.util.HashMap.hash(Ljava/lang/Object;)I @ 1 c2
Event: 34.756 Thread 0x0000018a448348a0 DEOPT PACKING pc=0x0000018a3999da08 sp=0x0000001e800f60e0
Event: 34.756 Thread 0x0000018a448348a0 DEOPT UNPACKING pc=0x0000018a393c23a3 sp=0x0000001e800f5f88 mode 2
Event: 35.121 Thread 0x0000018a448348a0 Uncommon trap: trap_request=0xffffffde fr.pc=0x0000018a39b34014 relative=0x0000000000002dd4
Event: 35.121 Thread 0x0000018a448348a0 Uncommon trap: reason=class_check action=maybe_recompile pc=0x0000018a39b34014 method=java.util.regex.Pattern$CharProperty.study(Ljava/util/regex/Pattern$TreeInfo;)Z @ 25 c2
Event: 35.121 Thread 0x0000018a448348a0 DEOPT PACKING pc=0x0000018a39b34014 sp=0x0000001e800f5650
Event: 35.121 Thread 0x0000018a448348a0 DEOPT UNPACKING pc=0x0000018a393c23a3 sp=0x0000001e800f5548 mode 2

Classes unloaded (0 events):
No events

Classes redefined (0 events):
No events

Internal exceptions (20 events):
Event: 32.408 Thread 0x0000018a448348a0 Exception <a 'java/lang/ClassNotFoundException'{0x00000000ea8a7bd8}: org/gradle/invocation/DefaultGradle_DecoratedBeanInfo> (0x00000000ea8a7bd8) 
thrown [s\open\src\hotspot\share\classfile\systemDictionary.cpp, line 256]
Event: 32.411 Thread 0x0000018a448348a0 Exception <a 'java/lang/ClassNotFoundException'{0x00000000ea8b67f8}: org/gradle/invocation/DefaultGradleBeanInfo> (0x00000000ea8b67f8) 
thrown [s\open\src\hotspot\share\classfile\systemDictionary.cpp, line 256]
Event: 32.412 Thread 0x0000018a448348a0 Exception <a 'java/lang/ClassNotFoundException'{0x00000000ea8c5ac0}: org/gradle/api/internal/project/AbstractPluginAwareBeanInfo> (0x00000000ea8c5ac0) 
thrown [s\open\src\hotspot\share\classfile\systemDictionary.cpp, line 256]
Event: 32.413 Thread 0x0000018a448348a0 Exception <a 'java/lang/ClassNotFoundException'{0x00000000ea8d4dd8}: org/gradle/api/internal/project/AbstractPluginAwareCustomizer> (0x00000000ea8d4dd8) 
thrown [s\open\src\hotspot\share\classfile\systemDictionary.cpp, line 256]
Event: 32.415 Thread 0x0000018a448348a0 Exception <a 'java/lang/ClassNotFoundException'{0x00000000ea8e9618}: org/gradle/invocation/DefaultGradleCustomizer> (0x00000000ea8e9618) 
thrown [s\open\src\hotspot\share\classfile\systemDictionary.cpp, line 256]
Event: 32.420 Thread 0x0000018a448348a0 Exception <a 'java/lang/ClassNotFoundException'{0x00000000ea72ae70}: org/gradle/invocation/DefaultGradle_DecoratedCustomizer> (0x00000000ea72ae70) 
thrown [s\open\src\hotspot\share\classfile\systemDictionary.cpp, line 256]
Event: 32.846 Thread 0x0000018a448348a0 Exception <a 'java/lang/ClassNotFoundException'{0x00000000ea3051a8}: groovy/lang/Closure$1BeanInfo> (0x00000000ea3051a8) 
thrown [s\open\src\hotspot\share\classfile\systemDictionary.cpp, line 256]
Event: 32.848 Thread 0x0000018a448348a0 Exception <a 'java/lang/ClassNotFoundException'{0x00000000ea3213b8}: groovy/lang/ClosureBeanInfo> (0x00000000ea3213b8) 
thrown [s\open\src\hotspot\share\classfile\systemDictionary.cpp, line 256]
Event: 32.849 Thread 0x0000018a448348a0 Exception <a 'java/lang/ClassNotFoundException'{0x00000000ea33d4d0}: groovy/lang/ClosureCustomizer> (0x00000000ea33d4d0) 
thrown [s\open\src\hotspot\share\classfile\systemDictionary.cpp, line 256]
Event: 32.881 Thread 0x0000018a448348a0 Exception <a 'java/lang/ClassNotFoundException'{0x00000000ea37d648}: groovy/lang/Closure$1Customizer> (0x00000000ea37d648) 
thrown [s\open\src\hotspot\share\classfile\systemDictionary.cpp, line 256]
Event: 33.647 Thread 0x0000018a448348a0 Exception <a 'java/lang/ClassNotFoundException'{0x00000000ea1d1ef0}: ijJvmDebugger1_38mkwnzutsk9yqchhvz9ywkbBeanInfo> (0x00000000ea1d1ef0) 
thrown [s\open\src\hotspot\share\classfile\systemDictionary.cpp, line 256]
Event: 33.648 Thread 0x0000018a448348a0 Exception <a 'java/lang/ClassNotFoundException'{0x00000000ea1d8840}: ijJvmDebugger1_38mkwnzutsk9yqchhvz9ywkbCustomizer> (0x00000000ea1d8840) 
thrown [s\open\src\hotspot\share\classfile\systemDictionary.cpp, line 256]
Event: 33.693 Thread 0x0000018a448348a0 Exception <a 'java/lang/ClassNotFoundException'{0x00000000ea02f138}: org/gradle/internal/metaobject/ConfigureDelegateBeanInfo> (0x00000000ea02f138) 
thrown [s\open\src\hotspot\share\classfile\systemDictionary.cpp, line 256]
Event: 33.695 Thread 0x0000018a448348a0 Exception <a 'java/lang/ClassNotFoundException'{0x00000000ea03e328}: org/gradle/internal/metaobject/ConfigureDelegateCustomizer> (0x00000000ea03e328) 
thrown [s\open\src\hotspot\share\classfile\systemDictionary.cpp, line 256]
Event: 33.993 Thread 0x0000018a448348a0 Exception <a 'java/lang/ClassNotFoundException'{0x00000000e9f46ed0}: org/gradle/api/internal/initialization/DefaultScriptHandler_DecoratedBeanInfo> (0x00000000e9f46ed0) 
thrown [s\open\src\hotspot\share\classfile\systemDictionary.cpp, line 256]
Event: 33.994 Thread 0x0000018a448348a0 Exception <a 'java/lang/ClassNotFoundException'{0x00000000e9f57fb0}: org/gradle/api/internal/initialization/DefaultScriptHandlerBeanInfo> (0x00000000e9f57fb0) 
thrown [s\open\src\hotspot\share\classfile\systemDictionary.cpp, line 256]
Event: 33.996 Thread 0x0000018a448348a0 Exception <a 'java/lang/ClassNotFoundException'{0x00000000e9f69308}: org/gradle/api/internal/initialization/DefaultScriptHandlerCustomizer> (0x00000000e9f69308) 
thrown [s\open\src\hotspot\share\classfile\systemDictionary.cpp, line 256]
Event: 33.999 Thread 0x0000018a448348a0 Exception <a 'java/lang/ClassNotFoundException'{0x00000000e9f86e50}: org/gradle/api/internal/initialization/DefaultScriptHandler_DecoratedCustomizer> (0x00000000e9f86e50) 
thrown [s\open\src\hotspot\share\classfile\systemDictionary.cpp, line 256]
Event: 34.756 Thread 0x0000018a448348a0 Implicit null exception at 0x0000018a3999d48f to 0x0000018a3999d9e8
Event: 35.424 Thread 0x0000018a448348a0 Exception <a 'java/lang/NoSuchMethodError'{0x00000000e93f7b48}: 'java.lang.Object java.lang.invoke.DirectMethodHandle$Holder.newInvokeSpecial(java.lang.Object, java.lang.Object, int, int)'> (0x00000000e93f7b48) 
thrown [s\open\src\hotspot\share\interpreter\linkResolver.cpp, line 759]

VM Operations (20 events):
Event: 28.783 Executing VM operation: HandshakeAllThreads
Event: 28.784 Executing VM operation: HandshakeAllThreads done
Event: 29.497 Executing VM operation: HandshakeAllThreads
Event: 29.497 Executing VM operation: HandshakeAllThreads done
Event: 29.497 Executing VM operation: Cleanup
Event: 29.497 Executing VM operation: Cleanup done
Event: 29.714 Executing VM operation: HandshakeAllThreads
Event: 29.715 Executing VM operation: HandshakeAllThreads done
Event: 30.121 Executing VM operation: HandshakeAllThreads
Event: 30.121 Executing VM operation: HandshakeAllThreads done
Event: 30.403 Executing VM operation: HandshakeAllThreads
Event: 30.403 Executing VM operation: HandshakeAllThreads done
Event: 31.059 Executing VM operation: ICBufferFull
Event: 31.059 Executing VM operation: ICBufferFull done
Event: 32.072 Executing VM operation: Cleanup
Event: 32.073 Executing VM operation: Cleanup done
Event: 34.075 Executing VM operation: Cleanup
Event: 34.076 Executing VM operation: Cleanup done
Event: 34.765 Executing VM operation: HandshakeAllThreads
Event: 34.765 Executing VM operation: HandshakeAllThreads done

Events (20 events):
Event: 32.882 loading class com/sun/beans/finder/MethodFinder
Event: 32.910 loading class com/sun/beans/finder/AbstractFinder
Event: 32.913 loading class com/sun/beans/finder/AbstractFinder done
Event: 32.913 loading class com/sun/beans/finder/MethodFinder done
Event: 32.913 loading class com/sun/beans/finder/MethodFinder$1
Event: 32.914 loading class com/sun/beans/finder/MethodFinder$1 done
Event: 32.914 loading class com/sun/beans/finder/FinderUtils
Event: 32.914 loading class com/sun/beans/finder/FinderUtils done
Event: 33.276 Thread 0x0000018a5f6b2cd0 Thread added: 0x0000018a5f6b2cd0
Event: 33.403 Thread 0x0000018a5fdff570 Thread added: 0x0000018a5fdff570
Event: 33.599 Thread 0x0000018a5f6b2cd0 Thread exited: 0x0000018a5f6b2cd0
Event: 33.836 loading class java/util/function/IntBinaryOperator
Event: 33.836 loading class java/util/function/IntBinaryOperator done
Event: 34.375 Thread 0x0000018a5fe6a9f0 Thread added: 0x0000018a5fe6a9f0
Event: 34.697 loading class java/lang/invoke/SerializedLambda
Event: 34.698 loading class java/lang/invoke/SerializedLambda done
Event: 34.792 loading class java/lang/SafeVarargs
Event: 34.792 loading class java/lang/SafeVarargs done
Event: 35.435 loading class jdk/internal/reflect/UnsafeStaticIntegerFieldAccessorImpl
Event: 35.436 loading class jdk/internal/reflect/UnsafeStaticIntegerFieldAccessorImpl done


Dynamic libraries:
0x00007ff741fd0000 - 0x00007ff741fe0000 	C:\Program Files\Java\jdk-17\bin\java.exe
0x00007ffc362f0000 - 0x00007ffc364e8000 	C:\Windows\SYSTEM32\ntdll.dll
0x00007ffc352a0000 - 0x00007ffc3535d000 	C:\Windows\System32\KERNEL32.DLL
0x00007ffc33ea0000 - 0x00007ffc3416e000 	C:\Windows\System32\KERNELBASE.dll
0x00007ffc33bc0000 - 0x00007ffc33cc0000 	C:\Windows\System32\ucrtbase.dll
0x00007ffc1de40000 - 0x00007ffc1de5b000 	C:\Program Files\Java\jdk-17\bin\VCRUNTIME140.dll
0x00007ffc155d0000 - 0x00007ffc155e9000 	C:\Program Files\Java\jdk-17\bin\jli.dll
0x00007ffc34540000 - 0x00007ffc345ee000 	C:\Windows\System32\ADVAPI32.dll
0x00007ffc34720000 - 0x00007ffc347be000 	C:\Windows\System32\msvcrt.dll
0x00007ffc35840000 - 0x00007ffc358dc000 	C:\Windows\System32\sechost.dll
0x00007ffc34350000 - 0x00007ffc34475000 	C:\Windows\System32\RPCRT4.dll
0x00007ffc349d0000 - 0x00007ffc34b70000 	C:\Windows\System32\USER32.dll
0x00007ffc33dd0000 - 0x00007ffc33df2000 	C:\Windows\System32\win32u.dll
0x00007ffc34ce0000 - 0x00007ffc34d0a000 	C:\Windows\System32\GDI32.dll
0x00007ffc33cc0000 - 0x00007ffc33dcb000 	C:\Windows\System32\gdi32full.dll
0x00007ffc20520000 - 0x00007ffc207ba000 	C:\Windows\WinSxS\amd64_microsoft.windows.common-controls_6595b64144ccf1df_6.0.19041.1110_none_60b5254171f9507e\COMCTL32.dll
0x00007ffc33e00000 - 0x00007ffc33e9d000 	C:\Windows\System32\msvcp_win.dll
0x00007ffc2c7a0000 - 0x00007ffc2c7aa000 	C:\Windows\SYSTEM32\VERSION.dll
0x00007ffc34510000 - 0x00007ffc34540000 	C:\Windows\System32\IMM32.DLL
0x00007ffc21500000 - 0x00007ffc2150c000 	C:\Program Files\Java\jdk-17\bin\vcruntime140_1.dll
0x00007ffc15540000 - 0x00007ffc155ce000 	C:\Program Files\Java\jdk-17\bin\msvcp140.dll
0x00007ffba9190000 - 0x00007ffba9d70000 	C:\Program Files\Java\jdk-17\bin\server\jvm.dll
0x00007ffc353c0000 - 0x00007ffc353c8000 	C:\Windows\System32\PSAPI.DLL
0x00007ffc1dae0000 - 0x00007ffc1dae9000 	C:\Windows\SYSTEM32\WSOCK32.dll
0x00007ffc35a90000 - 0x00007ffc35afb000 	C:\Windows\System32\WS2_32.dll
0x00007ffc20cc0000 - 0x00007ffc20ce7000 	C:\Windows\SYSTEM32\WINMM.dll
0x00007ffc31910000 - 0x00007ffc31922000 	C:\Windows\SYSTEM32\kernel.appcore.dll
0x00007ffc1bdf0000 - 0x00007ffc1bdfa000 	C:\Program Files\Java\jdk-17\bin\jimage.dll
0x00007ffc20e90000 - 0x00007ffc21074000 	C:\Windows\SYSTEM32\DBGHELP.DLL
0x00007ffc1ec50000 - 0x00007ffc1ec7c000 	C:\Windows\SYSTEM32\dbgcore.DLL
0x00007ffc341e0000 - 0x00007ffc34262000 	C:\Windows\System32\bcryptPrimitives.dll
0x00007ffc1a470000 - 0x00007ffc1a47e000 	C:\Program Files\Java\jdk-17\bin\instrument.dll
0x00007ffc0d2f0000 - 0x00007ffc0d315000 	C:\Program Files\Java\jdk-17\bin\java.dll
0x00007ffc0b2f0000 - 0x00007ffc0b3c7000 	C:\Program Files\Java\jdk-17\bin\jsvml.dll
0x00007ffc35b00000 - 0x00007ffc36244000 	C:\Windows\System32\SHELL32.dll
0x00007ffc31b10000 - 0x00007ffc322a4000 	C:\Windows\SYSTEM32\windows.storage.dll
0x00007ffc34ee0000 - 0x00007ffc35234000 	C:\Windows\System32\combase.dll
0x00007ffc333a0000 - 0x00007ffc333d0000 	C:\Windows\SYSTEM32\Wldp.dll
0x00007ffc34e30000 - 0x00007ffc34edd000 	C:\Windows\System32\SHCORE.dll
0x00007ffc34d20000 - 0x00007ffc34d75000 	C:\Windows\System32\shlwapi.dll
0x00007ffc33950000 - 0x00007ffc3396f000 	C:\Windows\SYSTEM32\profapi.dll
0x00007ffc123a0000 - 0x00007ffc123b8000 	C:\Program Files\Java\jdk-17\bin\zip.dll
0x00007ffc0d2d0000 - 0x00007ffc0d2e9000 	C:\Program Files\Java\jdk-17\bin\net.dll
0x00007ffc232c0000 - 0x00007ffc233ca000 	C:\Windows\SYSTEM32\WINHTTP.dll
0x00007ffc33100000 - 0x00007ffc3316a000 	C:\Windows\system32\mswsock.dll
0x00007ffc0d2b0000 - 0x00007ffc0d2c6000 	C:\Program Files\Java\jdk-17\bin\nio.dll
0x00007ffc15390000 - 0x00007ffc153a0000 	C:\Program Files\Java\jdk-17\bin\verify.dll
0x00007ffc1daf0000 - 0x00007ffc1db17000 	C:\Users\LENOVO\.gradle\native\1def1411415f61bf3af743bc5b6707747c0891f09f0c88961ee8f79bc544acac\windows-amd64\native-platform.dll
0x00007ffc0c9b0000 - 0x00007ffc0ca28000 	C:\Users\LENOVO\.gradle\native\0.2.7\x86_64-windows-gnu\gradle-fileevents.dll
0x00007ffc15280000 - 0x00007ffc1528a000 	C:\Program Files\Java\jdk-17\bin\management.dll
0x00007ffc15130000 - 0x00007ffc1513b000 	C:\Program Files\Java\jdk-17\bin\management_ext.dll
0x00007ffc32df0000 - 0x00007ffc32e2b000 	C:\Windows\SYSTEM32\IPHLPAPI.DLL
0x00007ffc349c0000 - 0x00007ffc349c8000 	C:\Windows\System32\NSI.dll
0x00007ffc2a880000 - 0x00007ffc2a897000 	C:\Windows\SYSTEM32\dhcpcsvc6.DLL
0x00007ffc2b0c0000 - 0x00007ffc2b0dd000 	C:\Windows\SYSTEM32\dhcpcsvc.DLL
0x00007ffc32e30000 - 0x00007ffc32efa000 	C:\Windows\SYSTEM32\DNSAPI.dll
0x00007ffc332f0000 - 0x00007ffc33308000 	C:\Windows\SYSTEM32\CRYPTSP.dll
0x00007ffc32a80000 - 0x00007ffc32ab4000 	C:\Windows\system32\rsaenh.dll
0x00007ffc34270000 - 0x00007ffc34297000 	C:\Windows\System32\bcrypt.dll
0x00007ffc33910000 - 0x00007ffc3393e000 	C:\Windows\SYSTEM32\USERENV.dll
0x00007ffc33310000 - 0x00007ffc3331c000 	C:\Windows\SYSTEM32\CRYPTBASE.dll
0x00007ffc14cd0000 - 0x00007ffc14cde000 	C:\Program Files\Java\jdk-17\bin\sunmscapi.dll
0x00007ffc33a60000 - 0x00007ffc33bb6000 	C:\Windows\System32\CRYPT32.dll
0x00007ffc33410000 - 0x00007ffc33437000 	C:\Windows\SYSTEM32\ncrypt.dll
0x00007ffc333d0000 - 0x00007ffc3340b000 	C:\Windows\SYSTEM32\NTASN1.dll
0x00007ffc15790000 - 0x00007ffc15797000 	C:\Windows\system32\wshunix.dll

dbghelp: loaded successfully - version: 4.0.5 - missing functions: none
symbol engine: initialized successfully - sym options: 0x614 - pdb path: .;C:\Program Files\Java\jdk-17\bin;C:\Windows\SYSTEM32;C:\Windows\WinSxS\amd64_microsoft.windows.common-controls_6595b64144ccf1df_6.0.19041.1110_none_60b5254171f9507e;C:\Program Files\Java\jdk-17\bin\server;C:\Users\LENOVO\.gradle\native\1def1411415f61bf3af743bc5b6707747c0891f09f0c88961ee8f79bc544acac\windows-amd64;C:\Users\LENOVO\.gradle\native\0.2.7\x86_64-windows-gnu

VM Arguments:
jvm_args: --add-opens=java.base/java.lang=ALL-UNNAMED --add-opens=java.base/java.lang.invoke=ALL-UNNAMED --add-opens=java.base/java.util=ALL-UNNAMED --add-opens=java.prefs/java.util.prefs=ALL-UNNAMED --add-exports=jdk.compiler/com.sun.tools.javac.api=ALL-UNNAMED --add-exports=jdk.compiler/com.sun.tools.javac.util=ALL-UNNAMED --add-opens=java.base/java.util=ALL-UNNAMED --add-opens=java.prefs/java.util.prefs=ALL-UNNAMED --add-opens=java.base/java.nio.charset=ALL-UNNAMED --add-opens=java.base/java.net=ALL-UNNAMED --add-opens=java.base/java.util.concurrent.atomic=ALL-UNNAMED --add-opens=java.xml/javax.xml.namespace=ALL-UNNAMED -XX:MaxMetaspaceSize=384m -XX:+HeapDumpOnOutOfMemoryError -Xms256m -Xmx512m -Dfile.encoding=UTF-8 -Duser.country=US -Duser.language=en -Duser.variant -javaagent:C:\Users\LENOVO\.gradle\wrapper\dists\gradle-8.14.3-bin\cv11ve7ro1n3o1j4so8xd9n66\gradle-8.14.3\lib\agents\gradle-instrumentation-agent-8.14.3.jar 
java_command: org.gradle.launcher.daemon.bootstrap.GradleDaemon 8.14.3
java_class_path (initial): C:\Users\LENOVO\.gradle\wrapper\dists\gradle-8.14.3-bin\cv11ve7ro1n3o1j4so8xd9n66\gradle-8.14.3\lib\gradle-daemon-main-8.14.3.jar
Launcher Type: SUN_STANDARD

[Global flags]
     intx CICompilerCount                          = 3                                         {product} {ergonomic}
   size_t CompressedClassSpaceSize                 = 335544320                                 {product} {ergonomic}
     uint ConcGCThreads                            = 1                                         {product} {ergonomic}
     uint G1ConcRefinementThreads                  = 4                                         {product} {ergonomic}
   size_t G1HeapRegionSize                         = 1048576                                   {product} {ergonomic}
    uintx GCDrainStackTargetSize                   = 64                                        {product} {ergonomic}
     bool HeapDumpOnOutOfMemoryError               = true                                   {manageable} {command line}
   size_t InitialHeapSize                          = 268435456                                 {product} {command line}
   size_t MarkStackSize                            = 4194304                                   {product} {ergonomic}
   size_t MaxHeapSize                              = 536870912                                 {product} {command line}
   size_t MaxMetaspaceSize                         = 402653184                                 {product} {command line}
   size_t MaxNewSize                               = 321912832                                 {product} {ergonomic}
   size_t MinHeapDeltaBytes                        = 1048576                                   {product} {ergonomic}
   size_t MinHeapSize                              = 268435456                                 {product} {command line}
    uintx NonNMethodCodeHeapSize                   = 5832780                                {pd product} {ergonomic}
    uintx NonProfiledCodeHeapSize                  = 122912730                              {pd product} {ergonomic}
    uintx ProfiledCodeHeapSize                     = 122912730                              {pd product} {ergonomic}
    uintx ReservedCodeCacheSize                    = 251658240                              {pd product} {ergonomic}
     bool SegmentedCodeCache                       = true                                      {product} {ergonomic}
   size_t SoftMaxHeapSize                          = 536870912                              {manageable} {ergonomic}
     bool UseCompressedClassPointers               = true                           {product lp64_product} {ergonomic}
     bool UseCompressedOops                        = true                           {product lp64_product} {ergonomic}
     bool UseG1GC                                  = true                                      {product} {ergonomic}
     bool UseLargePagesIndividualAllocation        = false                                  {pd product} {ergonomic}

Logging:
Log output configuration:
 #0: stdout all=warning uptime,level,tags
 #1: stderr all=off uptime,level,tags

Environment Variables:
JAVA_HOME=E:\
PATH=C:\Program Files\Common Files\Oracle\Java\javapath;C:\Windows\system32;C:\Windows;C:\Windows\System32\Wbem;C:\Windows\System32\WindowsPowerShell\v1.0\;C:\Windows\System32\OpenSSH\;C:\Program Files\Git\cmd;C:\Program Files\MySQL\MySQL Shell 8.0\bin\;C:\Users\LENOVO\AppData\Local\Microsoft\WindowsApps;C:\Users\LENOVO\AppData\Local\Programs\Microsoft VS Code\bin;E:\IntelliJ IDEA 2025.1.2\bin;
USERNAME=LENOVO
OS=Windows_NT
PROCESSOR_IDENTIFIER=Intel64 Family 6 Model 142 Stepping 10, GenuineIntel



---------------  S Y S T E M  ---------------

OS:
 Windows 10 , 64 bit Build 19041 (10.0.19041.1889)
OS uptime: 0 days 3:54 hours

CPU: total 4 (initial active 4) (2 cores per cpu, 2 threads per core) family 6 model 142 stepping 10 microcode 0xb4, cx8, cmov, fxsr, ht, mmx, 3dnowpref, sse, sse2, sse3, ssse3, sse4.1, sse4.2, popcnt, lzcnt, tsc, tscinvbit, avx, avx2, aes, erms, clmul, bmi1, bmi2, adx, fma, vzeroupper, clflush, clflushopt

Memory: 4k page, system-wide physical 4005M (327M free)
TotalPageFile size 10388M (AvailPageFile size 4M)
current process WorkingSet (physical memory assigned to process): 271M, peak: 310M
current process commit charge ("private bytes"): 453M, peak: 456M

vm_info: Java HotSpot(TM) 64-Bit Server VM (17.0.12+8-LTS-286) for windows-amd64 JRE (17.0.12+8-LTS-286), built on Jun  5 2024 06:46:59 by "mach5one" with MS VC++ 17.6 (VS2022)

END.
