#
# There is insufficient memory for the Java Runtime Environment to continue.
# Native memory allocation (malloc) failed to allocate 856656 bytes for Chunk::new
# Possible reasons:
#   The system is out of physical RAM or swap space
#   The process is running with CompressedOops enabled, and the Java Heap may be blocking the growth of the native heap
# Possible solutions:
#   Reduce memory load on the system
#   Increase physical memory or swap space
#   Check if swap backing store is full
#   Decrease Java heap size (-Xmx/-Xms)
#   Decrease number of Java threads
#   Decrease Java thread stack sizes (-Xss)
#   Set larger code cache with -XX:ReservedCodeCacheSize=
#   JVM is running with Unscaled Compressed Oops mode in which the Java heap is
#     placed in the first 4GB address space. The Java Heap base address is the
#     maximum limit for the native heap growth. Please use -XX:HeapBaseMinAddress
#     to set the Java Heap base and to place the Java Heap above 4GB virtual address.
# This output file may be truncated or incomplete.
#
#  Out of Memory Error (arena.cpp:189), pid=10908, tid=1328
#
# JRE version: Java(TM) SE Runtime Environment (17.0.12+8) (build 17.0.12+8-LTS-286)
# Java VM: Java HotSpot(TM) 64-Bit Server VM (17.0.12+8-LTS-286, mixed mode, sharing, tiered, compressed oops, compressed class ptrs, g1 gc, windows-amd64)
# No core dump will be written. Minidumps are not enabled by default on client versions of Windows
#

---------------  S U M M A R Y ------------

Command Line: --add-opens=java.base/java.lang=ALL-UNNAMED --add-opens=java.base/java.lang.invoke=ALL-UNNAMED --add-opens=java.base/java.util=ALL-UNNAMED --add-opens=java.prefs/java.util.prefs=ALL-UNNAMED --add-exports=jdk.compiler/com.sun.tools.javac.api=ALL-UNNAMED --add-exports=jdk.compiler/com.sun.tools.javac.util=ALL-UNNAMED --add-opens=java.base/java.util=ALL-UNNAMED --add-opens=java.prefs/java.util.prefs=ALL-UNNAMED --add-opens=java.base/java.nio.charset=ALL-UNNAMED --add-opens=java.base/java.net=ALL-UNNAMED --add-opens=java.base/java.util.concurrent.atomic=ALL-UNNAMED --add-opens=java.xml/javax.xml.namespace=ALL-UNNAMED -XX:MaxMetaspaceSize=384m -XX:+HeapDumpOnOutOfMemoryError -Xms256m -Xmx512m -Dfile.encoding=UTF-8 -Duser.country=US -Duser.language=en -Duser.variant -javaagent:C:\Users\LENOVO\.gradle\wrapper\dists\gradle-8.14.3-bin\cv11ve7ro1n3o1j4so8xd9n66\gradle-8.14.3\lib\agents\gradle-instrumentation-agent-8.14.3.jar org.gradle.launcher.daemon.bootstrap.GradleDaemon 8.14.3

Host: Intel(R) Core(TM) i3-7020U CPU @ 2.30GHz, 4 cores, 3G,  Windows 10 , 64 bit Build 19041 (10.0.19041.1889)
Time: Thu Aug 28 11:36:34 2025 SE Asia Standard Time elapsed time: 43.417230 seconds (0d 0h 0m 43s)

---------------  T H R E A D  ---------------

Current thread (0x00000296a8134dd0):  JavaThread "C2 CompilerThread0" daemon [_thread_in_native, id=1328, stack(0x000000f52a700000,0x000000f52a800000)]


Current CompileTask:
C2:  43417 4041       4       org.codehaus.groovy.runtime.metaclass.MetaMethodIndex::addMethodToList (128 bytes)

Stack: [0x000000f52a700000,0x000000f52a800000]
Native frames: (J=compiled Java code, j=interpreted, Vv=VM code, C=native code)
V  [jvm.dll+0x67a04a]
V  [jvm.dll+0x7da4ed]
V  [jvm.dll+0x7dbe33]
V  [jvm.dll+0x7dc4a3]
V  [jvm.dll+0x24508f]
V  [jvm.dll+0xab773]
V  [jvm.dll+0xabd3c]
V  [jvm.dll+0x2aa52f]
V  [jvm.dll+0x581eb9]
V  [jvm.dll+0x21f422]
V  [jvm.dll+0x21856c]
V  [jvm.dll+0x215b65]
V  [jvm.dll+0x1a2960]
V  [jvm.dll+0x22610b]
V  [jvm.dll+0x2242ab]
V  [jvm.dll+0x79075c]
V  [jvm.dll+0x78abea]
V  [jvm.dll+0x678f35]
C  [ucrtbase.dll+0x21bb2]
C  [KERNEL32.DLL+0x17034]
C  [ntdll.dll+0x52651]


---------------  P R O C E S S  ---------------

Threads class SMR info:
_java_thread_list=0x00000296c40f0e00, length=35, elements={
0x000002968e0a44e0, 0x00000296a8114e90, 0x00000296a8116100, 0x00000296a812f260,
0x00000296a8132040, 0x00000296a81330b0, 0x00000296a8134120, 0x00000296a8134dd0,
0x00000296a813a370, 0x00000296a8173be0, 0x00000296a80ffbc0, 0x00000296a84748b0,
0x00000296c2155110, 0x00000296c262c620, 0x00000296a87048c0, 0x00000296a8609030,
0x00000296a8609510, 0x00000296a86db060, 0x00000296a86db570, 0x00000296a86da130,
0x00000296a86da640, 0x00000296a86dab50, 0x00000296a86dba80, 0x00000296c3e2f9f0,
0x00000296c3e2efd0, 0x00000296c3e32780, 0x00000296c3e35000, 0x00000296c3e31850,
0x00000296c3e30920, 0x00000296c3e30e30, 0x00000296c3e30410, 0x00000296c3e345e0,
0x00000296c3e31d60, 0x00000296c3e31340, 0x00000296c3e2db90
}

Java Threads: ( => current thread )
  0x000002968e0a44e0 JavaThread "main" [_thread_blocked, id=10936, stack(0x000000f529a00000,0x000000f529b00000)]
  0x00000296a8114e90 JavaThread "Reference Handler" daemon [_thread_blocked, id=2316, stack(0x000000f52a100000,0x000000f52a200000)]
  0x00000296a8116100 JavaThread "Finalizer" daemon [_thread_blocked, id=5420, stack(0x000000f52a200000,0x000000f52a300000)]
  0x00000296a812f260 JavaThread "Signal Dispatcher" daemon [_thread_blocked, id=3948, stack(0x000000f52a300000,0x000000f52a400000)]
  0x00000296a8132040 JavaThread "Attach Listener" daemon [_thread_blocked, id=1944, stack(0x000000f52a400000,0x000000f52a500000)]
  0x00000296a81330b0 JavaThread "Service Thread" daemon [_thread_blocked, id=8888, stack(0x000000f52a500000,0x000000f52a600000)]
  0x00000296a8134120 JavaThread "Monitor Deflation Thread" daemon [_thread_blocked, id=2668, stack(0x000000f52a600000,0x000000f52a700000)]
=>0x00000296a8134dd0 JavaThread "C2 CompilerThread0" daemon [_thread_in_native, id=1328, stack(0x000000f52a700000,0x000000f52a800000)]
  0x00000296a813a370 JavaThread "C1 CompilerThread0" daemon [_thread_blocked, id=7228, stack(0x000000f52a800000,0x000000f52a900000)]
  0x00000296a8173be0 JavaThread "Sweeper thread" daemon [_thread_blocked, id=5840, stack(0x000000f52a900000,0x000000f52aa00000)]
  0x00000296a80ffbc0 JavaThread "Common-Cleaner" daemon [_thread_blocked, id=5752, stack(0x000000f52aa00000,0x000000f52ab00000)]
  0x00000296a84748b0 JavaThread "Notification Thread" daemon [_thread_blocked, id=11508, stack(0x000000f52ab00000,0x000000f52ac00000)]
  0x00000296c2155110 JavaThread "Daemon health stats" [_thread_blocked, id=7556, stack(0x000000f52b000000,0x000000f52b100000)]
  0x00000296c262c620 JavaThread "Incoming local TCP Connector on port 51325" [_thread_in_native, id=6780, stack(0x000000f52b100000,0x000000f52b200000)]
  0x00000296a87048c0 JavaThread "Daemon periodic checks" [_thread_blocked, id=7904, stack(0x000000f52b200000,0x000000f52b300000)]
  0x00000296a8609030 JavaThread "Daemon" [_thread_blocked, id=5892, stack(0x000000f52b300000,0x000000f52b400000)]
  0x00000296a8609510 JavaThread "Handler for socket connection from /127.0.0.1:51325 to /127.0.0.1:51328" [_thread_in_native, id=3348, stack(0x000000f52b400000,0x000000f52b500000)]
  0x00000296a86db060 JavaThread "Cancel handler" [_thread_blocked, id=3308, stack(0x000000f52b500000,0x000000f52b600000)]
  0x00000296a86db570 JavaThread "Daemon worker" [_thread_in_native, id=8160, stack(0x000000f52b600000,0x000000f52b700000)]
  0x00000296a86da130 JavaThread "Asynchronous log dispatcher for DefaultDaemonConnection: socket connection from /127.0.0.1:51325 to /127.0.0.1:51328" [_thread_blocked, id=12096, stack(0x000000f52b700000,0x000000f52b800000)]
  0x00000296a86da640 JavaThread "Stdin handler" [_thread_blocked, id=11196, stack(0x000000f52b800000,0x000000f52b900000)]
  0x00000296a86dab50 JavaThread "Daemon client event forwarder" [_thread_blocked, id=1492, stack(0x000000f52b900000,0x000000f52ba00000)]
  0x00000296a86dba80 JavaThread "Cache worker for journal cache (C:\Users\LENOVO\.gradle\caches\journal-1)" [_thread_blocked, id=10948, stack(0x000000f52ba00000,0x000000f52bb00000)]
  0x00000296c3e2f9f0 JavaThread "File lock request listener" [_thread_in_native, id=11996, stack(0x000000f52bb00000,0x000000f52bc00000)]
  0x00000296c3e2efd0 JavaThread "Cache worker for file hash cache (C:\Users\LENOVO\.gradle\caches\8.14.3\fileHashes)" [_thread_blocked, id=2084, stack(0x000000f52bc00000,0x000000f52bd00000)]
  0x00000296c3e32780 JavaThread "File lock release action executor" [_thread_blocked, id=8964, stack(0x000000f52bd00000,0x000000f52be00000)]
  0x00000296c3e35000 JavaThread "Cache worker for file hash cache (E:\TKWeb\TPLUS-JV250321_BuiDucLinh_MD5_Project\ra\.gradle\8.14.3\fileHashes)" [_thread_blocked, id=4084, stack(0x000000f52be00000,0x000000f52bf00000)]
  0x00000296c3e31850 JavaThread "Cache worker for Build Output Cleanup Cache (E:\TKWeb\TPLUS-JV250321_BuiDucLinh_MD5_Project\ra\.gradle\buildOutputCleanup)" [_thread_blocked, id=9408, stack(0x000000f52bf00000,0x000000f52c000000)]
  0x00000296c3e30920 JavaThread "File watcher server" daemon [_thread_in_native, id=10580, stack(0x000000f52c100000,0x000000f52c200000)]
  0x00000296c3e30e30 JavaThread "File watcher consumer" daemon [_thread_blocked, id=2844, stack(0x000000f52c200000,0x000000f52c300000)]
  0x00000296c3e30410 JavaThread "jar transforms" [_thread_blocked, id=12020, stack(0x000000f52c300000,0x000000f52c400000)]
  0x00000296c3e345e0 JavaThread "jar transforms Thread 2" [_thread_blocked, id=5340, stack(0x000000f52c400000,0x000000f52c500000)]
  0x00000296c3e31d60 JavaThread "Cache worker for checksums cache (E:\TKWeb\TPLUS-JV250321_BuiDucLinh_MD5_Project\ra\.gradle\8.14.3\checksums)" [_thread_blocked, id=11904, stack(0x000000f52c500000,0x000000f52c600000)]
  0x00000296c3e31340 JavaThread "Cache worker for file content cache (C:\Users\LENOVO\.gradle\caches\8.14.3\fileContent)" [_thread_blocked, id=10576, stack(0x000000f52c600000,0x000000f52c700000)]
  0x00000296c3e2db90 JavaThread "jar transforms Thread 3" [_thread_blocked, id=8524, stack(0x000000f52c700000,0x000000f52c800000)]

Other Threads:
  0x00000296a810e070 VMThread "VM Thread" [stack: 0x000000f52a000000,0x000000f52a100000] [id=8868]
  0x00000296a83ee7a0 WatcherThread [stack: 0x000000f52ac00000,0x000000f52ad00000] [id=8972]
  0x000002968e0cfe00 GCTaskThread "GC Thread#0" [stack: 0x000000f529b00000,0x000000f529c00000] [id=4136]
  0x00000296a8709120 GCTaskThread "GC Thread#1" [stack: 0x000000f52ad00000,0x000000f52ae00000] [id=2684]
  0x00000296a87093e0 GCTaskThread "GC Thread#2" [stack: 0x000000f52ae00000,0x000000f52af00000] [id=6408]
  0x00000296a87096a0 GCTaskThread "GC Thread#3" [stack: 0x000000f52af00000,0x000000f52b000000] [id=8764]
  0x000002968e0d4b00 ConcurrentGCThread "G1 Main Marker" [stack: 0x000000f529c00000,0x000000f529d00000] [id=6560]
  0x000002968e0d52c0 ConcurrentGCThread "G1 Conc#0" [stack: 0x000000f529d00000,0x000000f529e00000] [id=4468]
  0x00000296a7fd40c0 ConcurrentGCThread "G1 Refine#0" [stack: 0x000000f529e00000,0x000000f529f00000] [id=7196]
  0x00000296c3ce2dd0 ConcurrentGCThread "G1 Refine#1" [stack: 0x000000f52c000000,0x000000f52c100000] [id=10664]
  0x00000296a7fd48a0 ConcurrentGCThread "G1 Service" [stack: 0x000000f529f00000,0x000000f52a000000] [id=2920]

Threads with active compile tasks:
C2 CompilerThread0    43542 4041       4       org.codehaus.groovy.runtime.metaclass.MetaMethodIndex::addMethodToList (128 bytes)

VM state: not at safepoint (normal execution)

VM Mutex/Monitor currently owned by a thread: None

Heap address: 0x00000000e0000000, size: 512 MB, Compressed Oops mode: 32-bit

CDS archive(s) mapped at: [0x00000296a9000000-0x00000296a9bd0000-0x00000296a9bd0000), size 12386304, SharedBaseAddress: 0x00000296a9000000, ArchiveRelocationMode: 1.
Compressed class space mapped at: 0x00000296aa000000-0x00000296be000000, reserved size: 335544320
Narrow klass base: 0x00000296a9000000, Narrow klass shift: 0, Narrow klass range: 0x100000000

GC Precious Log:
 CPUs: 4 total, 4 available
 Memory: 4005M
 Large Page Support: Disabled
 NUMA Support: Disabled
 Compressed Oops: Enabled (32-bit)
 Heap Region Size: 1M
 Heap Min Capacity: 256M
 Heap Initial Capacity: 256M
 Heap Max Capacity: 512M
 Pre-touch: Disabled
 Parallel Workers: 4
 Concurrent Workers: 1
 Concurrent Refinement Workers: 4
 Periodic GC: Disabled

Heap:
 garbage-first heap   total 262144K, used 121855K [0x00000000e0000000, 0x0000000100000000)
  region size 1024K, 95 young (97280K), 3 survivors (3072K)
 Metaspace       used 33154K, committed 33600K, reserved 393216K
  class space    used 4560K, committed 4736K, reserved 327680K

Heap Regions: E=young(eden), S=young(survivor), O=old, HS=humongous(starts), HC=humongous(continues), CS=collection set, F=free, OA=open archive, CA=closed archive, TAMS=top-at-mark-start (previous, next)
|   0|0x00000000e0000000, 0x00000000e0100000, 0x00000000e0100000|100%|HS|  |TAMS 0x00000000e0100000, 0x00000000e0000000| Complete 
|   1|0x00000000e0100000, 0x00000000e0200000, 0x00000000e0200000|100%|HC|  |TAMS 0x00000000e0200000, 0x00000000e0100000| Complete 
|   2|0x00000000e0200000, 0x00000000e0300000, 0x00000000e0300000|100%|HC|  |TAMS 0x00000000e0300000, 0x00000000e0200000| Complete 
|   3|0x00000000e0300000, 0x00000000e0400000, 0x00000000e0400000|100%| O|  |TAMS 0x00000000e0400000, 0x00000000e0300000| Untracked 
|   4|0x00000000e0400000, 0x00000000e0500000, 0x00000000e0500000|100%| O|  |TAMS 0x00000000e0500000, 0x00000000e0400000| Untracked 
|   5|0x00000000e0500000, 0x00000000e0600000, 0x00000000e0600000|100%| O|  |TAMS 0x00000000e0600000, 0x00000000e0500000| Untracked 
|   6|0x00000000e0600000, 0x00000000e0700000, 0x00000000e0700000|100%| O|  |TAMS 0x00000000e06a9e00, 0x00000000e0600000| Untracked 
|   7|0x00000000e0700000, 0x00000000e0800000, 0x00000000e0800000|100%|HS|  |TAMS 0x00000000e0800000, 0x00000000e0700000| Complete 
|   8|0x00000000e0800000, 0x00000000e0900000, 0x00000000e0900000|100%| O|  |TAMS 0x00000000e0800000, 0x00000000e0800000| Untracked 
|   9|0x00000000e0900000, 0x00000000e0a00000, 0x00000000e0a00000|100%| O|  |TAMS 0x00000000e0900000, 0x00000000e0900000| Untracked 
|  10|0x00000000e0a00000, 0x00000000e0b00000, 0x00000000e0b00000|100%| O|  |TAMS 0x00000000e0a00000, 0x00000000e0a00000| Untracked 
|  11|0x00000000e0b00000, 0x00000000e0c00000, 0x00000000e0c00000|100%| O|  |TAMS 0x00000000e0b00000, 0x00000000e0b00000| Untracked 
|  12|0x00000000e0c00000, 0x00000000e0d00000, 0x00000000e0d00000|100%| O|  |TAMS 0x00000000e0c00000, 0x00000000e0c00000| Untracked 
|  13|0x00000000e0d00000, 0x00000000e0e00000, 0x00000000e0e00000|100%| O|  |TAMS 0x00000000e0d00000, 0x00000000e0d00000| Untracked 
|  14|0x00000000e0e00000, 0x00000000e0f00000, 0x00000000e0f00000|100%| O|  |TAMS 0x00000000e0e00000, 0x00000000e0e00000| Untracked 
|  15|0x00000000e0f00000, 0x00000000e1000000, 0x00000000e1000000|100%| O|  |TAMS 0x00000000e0f00000, 0x00000000e0f00000| Untracked 
|  16|0x00000000e1000000, 0x00000000e1100000, 0x00000000e1100000|100%| O|  |TAMS 0x00000000e1000000, 0x00000000e1000000| Untracked 
|  17|0x00000000e1100000, 0x00000000e1200000, 0x00000000e1200000|100%| O|  |TAMS 0x00000000e1100000, 0x00000000e1100000| Untracked 
|  18|0x00000000e1200000, 0x00000000e1300000, 0x00000000e1300000|100%| O|  |TAMS 0x00000000e1200000, 0x00000000e1200000| Untracked 
|  19|0x00000000e1300000, 0x00000000e1400000, 0x00000000e1400000|100%| O|  |TAMS 0x00000000e1300000, 0x00000000e1300000| Untracked 
|  20|0x00000000e1400000, 0x00000000e1500000, 0x00000000e1500000|100%| O|  |TAMS 0x00000000e1400000, 0x00000000e1400000| Untracked 
|  21|0x00000000e1500000, 0x00000000e1538a00, 0x00000000e1600000| 22%| O|  |TAMS 0x00000000e1500000, 0x00000000e1500000| Untracked 
|  22|0x00000000e1600000, 0x00000000e1700000, 0x00000000e1700000|100%|HS|  |TAMS 0x00000000e1600000, 0x00000000e1600000| Complete 
|  23|0x00000000e1700000, 0x00000000e1800000, 0x00000000e1800000|100%|HS|  |TAMS 0x00000000e1700000, 0x00000000e1700000| Complete 
|  24|0x00000000e1800000, 0x00000000e1900000, 0x00000000e1900000|100%|HC|  |TAMS 0x00000000e1800000, 0x00000000e1800000| Complete 
|  25|0x00000000e1900000, 0x00000000e1a00000, 0x00000000e1a00000|100%|HS|  |TAMS 0x00000000e1900000, 0x00000000e1900000| Complete 
|  26|0x00000000e1a00000, 0x00000000e1b00000, 0x00000000e1b00000|100%|HC|  |TAMS 0x00000000e1a00000, 0x00000000e1a00000| Complete 
|  27|0x00000000e1b00000, 0x00000000e1b00000, 0x00000000e1c00000|  0%| F|  |TAMS 0x00000000e1b00000, 0x00000000e1b00000| Untracked 
|  28|0x00000000e1c00000, 0x00000000e1c00000, 0x00000000e1d00000|  0%| F|  |TAMS 0x00000000e1c00000, 0x00000000e1c00000| Untracked 
|  29|0x00000000e1d00000, 0x00000000e1d00000, 0x00000000e1e00000|  0%| F|  |TAMS 0x00000000e1d00000, 0x00000000e1d00000| Untracked 
|  30|0x00000000e1e00000, 0x00000000e1e00000, 0x00000000e1f00000|  0%| F|  |TAMS 0x00000000e1e00000, 0x00000000e1e00000| Untracked 
|  31|0x00000000e1f00000, 0x00000000e1f00000, 0x00000000e2000000|  0%| F|  |TAMS 0x00000000e1f00000, 0x00000000e1f00000| Untracked 
|  32|0x00000000e2000000, 0x00000000e2000000, 0x00000000e2100000|  0%| F|  |TAMS 0x00000000e2000000, 0x00000000e2000000| Untracked 
|  33|0x00000000e2100000, 0x00000000e2100000, 0x00000000e2200000|  0%| F|  |TAMS 0x00000000e2100000, 0x00000000e2100000| Untracked 
|  34|0x00000000e2200000, 0x00000000e2200000, 0x00000000e2300000|  0%| F|  |TAMS 0x00000000e2200000, 0x00000000e2200000| Untracked 
|  35|0x00000000e2300000, 0x00000000e2300000, 0x00000000e2400000|  0%| F|  |TAMS 0x00000000e2300000, 0x00000000e2300000| Untracked 
|  36|0x00000000e2400000, 0x00000000e2400000, 0x00000000e2500000|  0%| F|  |TAMS 0x00000000e2400000, 0x00000000e2400000| Untracked 
|  37|0x00000000e2500000, 0x00000000e2500000, 0x00000000e2600000|  0%| F|  |TAMS 0x00000000e2500000, 0x00000000e2500000| Untracked 
|  38|0x00000000e2600000, 0x00000000e2600000, 0x00000000e2700000|  0%| F|  |TAMS 0x00000000e2600000, 0x00000000e2600000| Untracked 
|  39|0x00000000e2700000, 0x00000000e2700000, 0x00000000e2800000|  0%| F|  |TAMS 0x00000000e2700000, 0x00000000e2700000| Untracked 
|  40|0x00000000e2800000, 0x00000000e2800000, 0x00000000e2900000|  0%| F|  |TAMS 0x00000000e2800000, 0x00000000e2800000| Untracked 
|  41|0x00000000e2900000, 0x00000000e2900000, 0x00000000e2a00000|  0%| F|  |TAMS 0x00000000e2900000, 0x00000000e2900000| Untracked 
|  42|0x00000000e2a00000, 0x00000000e2a00000, 0x00000000e2b00000|  0%| F|  |TAMS 0x00000000e2a00000, 0x00000000e2a00000| Untracked 
|  43|0x00000000e2b00000, 0x00000000e2b00000, 0x00000000e2c00000|  0%| F|  |TAMS 0x00000000e2b00000, 0x00000000e2b00000| Untracked 
|  44|0x00000000e2c00000, 0x00000000e2c00000, 0x00000000e2d00000|  0%| F|  |TAMS 0x00000000e2c00000, 0x00000000e2c00000| Untracked 
|  45|0x00000000e2d00000, 0x00000000e2d00000, 0x00000000e2e00000|  0%| F|  |TAMS 0x00000000e2d00000, 0x00000000e2d00000| Untracked 
|  46|0x00000000e2e00000, 0x00000000e2e00000, 0x00000000e2f00000|  0%| F|  |TAMS 0x00000000e2e00000, 0x00000000e2e00000| Untracked 
|  47|0x00000000e2f00000, 0x00000000e2f00000, 0x00000000e3000000|  0%| F|  |TAMS 0x00000000e2f00000, 0x00000000e2f00000| Untracked 
|  48|0x00000000e3000000, 0x00000000e3000000, 0x00000000e3100000|  0%| F|  |TAMS 0x00000000e3000000, 0x00000000e3000000| Untracked 
|  49|0x00000000e3100000, 0x00000000e3100000, 0x00000000e3200000|  0%| F|  |TAMS 0x00000000e3100000, 0x00000000e3100000| Untracked 
|  50|0x00000000e3200000, 0x00000000e3200000, 0x00000000e3300000|  0%| F|  |TAMS 0x00000000e3200000, 0x00000000e3200000| Untracked 
|  51|0x00000000e3300000, 0x00000000e3300000, 0x00000000e3400000|  0%| F|  |TAMS 0x00000000e3300000, 0x00000000e3300000| Untracked 
|  52|0x00000000e3400000, 0x00000000e3400000, 0x00000000e3500000|  0%| F|  |TAMS 0x00000000e3400000, 0x00000000e3400000| Untracked 
|  53|0x00000000e3500000, 0x00000000e3500000, 0x00000000e3600000|  0%| F|  |TAMS 0x00000000e3500000, 0x00000000e3500000| Untracked 
|  54|0x00000000e3600000, 0x00000000e3600000, 0x00000000e3700000|  0%| F|  |TAMS 0x00000000e3600000, 0x00000000e3600000| Untracked 
|  55|0x00000000e3700000, 0x00000000e3700000, 0x00000000e3800000|  0%| F|  |TAMS 0x00000000e3700000, 0x00000000e3700000| Untracked 
|  56|0x00000000e3800000, 0x00000000e3800000, 0x00000000e3900000|  0%| F|  |TAMS 0x00000000e3800000, 0x00000000e3800000| Untracked 
|  57|0x00000000e3900000, 0x00000000e3900000, 0x00000000e3a00000|  0%| F|  |TAMS 0x00000000e3900000, 0x00000000e3900000| Untracked 
|  58|0x00000000e3a00000, 0x00000000e3a00000, 0x00000000e3b00000|  0%| F|  |TAMS 0x00000000e3a00000, 0x00000000e3a00000| Untracked 
|  59|0x00000000e3b00000, 0x00000000e3b00000, 0x00000000e3c00000|  0%| F|  |TAMS 0x00000000e3b00000, 0x00000000e3b00000| Untracked 
|  60|0x00000000e3c00000, 0x00000000e3c00000, 0x00000000e3d00000|  0%| F|  |TAMS 0x00000000e3c00000, 0x00000000e3c00000| Untracked 
|  61|0x00000000e3d00000, 0x00000000e3d00000, 0x00000000e3e00000|  0%| F|  |TAMS 0x00000000e3d00000, 0x00000000e3d00000| Untracked 
|  62|0x00000000e3e00000, 0x00000000e3e00000, 0x00000000e3f00000|  0%| F|  |TAMS 0x00000000e3e00000, 0x00000000e3e00000| Untracked 
|  63|0x00000000e3f00000, 0x00000000e3f00000, 0x00000000e4000000|  0%| F|  |TAMS 0x00000000e3f00000, 0x00000000e3f00000| Untracked 
|  64|0x00000000e4000000, 0x00000000e4000000, 0x00000000e4100000|  0%| F|  |TAMS 0x00000000e4000000, 0x00000000e4000000| Untracked 
|  65|0x00000000e4100000, 0x00000000e4100000, 0x00000000e4200000|  0%| F|  |TAMS 0x00000000e4100000, 0x00000000e4100000| Untracked 
|  66|0x00000000e4200000, 0x00000000e4200000, 0x00000000e4300000|  0%| F|  |TAMS 0x00000000e4200000, 0x00000000e4200000| Untracked 
|  67|0x00000000e4300000, 0x00000000e4300000, 0x00000000e4400000|  0%| F|  |TAMS 0x00000000e4300000, 0x00000000e4300000| Untracked 
|  68|0x00000000e4400000, 0x00000000e4400000, 0x00000000e4500000|  0%| F|  |TAMS 0x00000000e4400000, 0x00000000e4400000| Untracked 
|  69|0x00000000e4500000, 0x00000000e4500000, 0x00000000e4600000|  0%| F|  |TAMS 0x00000000e4500000, 0x00000000e4500000| Untracked 
|  70|0x00000000e4600000, 0x00000000e4600000, 0x00000000e4700000|  0%| F|  |TAMS 0x00000000e4600000, 0x00000000e4600000| Untracked 
|  71|0x00000000e4700000, 0x00000000e4700000, 0x00000000e4800000|  0%| F|  |TAMS 0x00000000e4700000, 0x00000000e4700000| Untracked 
|  72|0x00000000e4800000, 0x00000000e4800000, 0x00000000e4900000|  0%| F|  |TAMS 0x00000000e4800000, 0x00000000e4800000| Untracked 
|  73|0x00000000e4900000, 0x00000000e4900000, 0x00000000e4a00000|  0%| F|  |TAMS 0x00000000e4900000, 0x00000000e4900000| Untracked 
|  74|0x00000000e4a00000, 0x00000000e4a00000, 0x00000000e4b00000|  0%| F|  |TAMS 0x00000000e4a00000, 0x00000000e4a00000| Untracked 
|  75|0x00000000e4b00000, 0x00000000e4b00000, 0x00000000e4c00000|  0%| F|  |TAMS 0x00000000e4b00000, 0x00000000e4b00000| Untracked 
|  76|0x00000000e4c00000, 0x00000000e4c00000, 0x00000000e4d00000|  0%| F|  |TAMS 0x00000000e4c00000, 0x00000000e4c00000| Untracked 
|  77|0x00000000e4d00000, 0x00000000e4d00000, 0x00000000e4e00000|  0%| F|  |TAMS 0x00000000e4d00000, 0x00000000e4d00000| Untracked 
|  78|0x00000000e4e00000, 0x00000000e4e00000, 0x00000000e4f00000|  0%| F|  |TAMS 0x00000000e4e00000, 0x00000000e4e00000| Untracked 
|  79|0x00000000e4f00000, 0x00000000e4f00000, 0x00000000e5000000|  0%| F|  |TAMS 0x00000000e4f00000, 0x00000000e4f00000| Untracked 
|  80|0x00000000e5000000, 0x00000000e5000000, 0x00000000e5100000|  0%| F|  |TAMS 0x00000000e5000000, 0x00000000e5000000| Untracked 
|  81|0x00000000e5100000, 0x00000000e5100000, 0x00000000e5200000|  0%| F|  |TAMS 0x00000000e5100000, 0x00000000e5100000| Untracked 
|  82|0x00000000e5200000, 0x00000000e5200000, 0x00000000e5300000|  0%| F|  |TAMS 0x00000000e5200000, 0x00000000e5200000| Untracked 
|  83|0x00000000e5300000, 0x00000000e5300000, 0x00000000e5400000|  0%| F|  |TAMS 0x00000000e5300000, 0x00000000e5300000| Untracked 
|  84|0x00000000e5400000, 0x00000000e5400000, 0x00000000e5500000|  0%| F|  |TAMS 0x00000000e5400000, 0x00000000e5400000| Untracked 
|  85|0x00000000e5500000, 0x00000000e5500000, 0x00000000e5600000|  0%| F|  |TAMS 0x00000000e5500000, 0x00000000e5500000| Untracked 
|  86|0x00000000e5600000, 0x00000000e5600000, 0x00000000e5700000|  0%| F|  |TAMS 0x00000000e5600000, 0x00000000e5600000| Untracked 
|  87|0x00000000e5700000, 0x00000000e5700000, 0x00000000e5800000|  0%| F|  |TAMS 0x00000000e5700000, 0x00000000e5700000| Untracked 
|  88|0x00000000e5800000, 0x00000000e5800000, 0x00000000e5900000|  0%| F|  |TAMS 0x00000000e5800000, 0x00000000e5800000| Untracked 
|  89|0x00000000e5900000, 0x00000000e5900000, 0x00000000e5a00000|  0%| F|  |TAMS 0x00000000e5900000, 0x00000000e5900000| Untracked 
|  90|0x00000000e5a00000, 0x00000000e5a00000, 0x00000000e5b00000|  0%| F|  |TAMS 0x00000000e5a00000, 0x00000000e5a00000| Untracked 
|  91|0x00000000e5b00000, 0x00000000e5b00000, 0x00000000e5c00000|  0%| F|  |TAMS 0x00000000e5b00000, 0x00000000e5b00000| Untracked 
|  92|0x00000000e5c00000, 0x00000000e5c00000, 0x00000000e5d00000|  0%| F|  |TAMS 0x00000000e5c00000, 0x00000000e5c00000| Untracked 
|  93|0x00000000e5d00000, 0x00000000e5d00000, 0x00000000e5e00000|  0%| F|  |TAMS 0x00000000e5d00000, 0x00000000e5d00000| Untracked 
|  94|0x00000000e5e00000, 0x00000000e5e00000, 0x00000000e5f00000|  0%| F|  |TAMS 0x00000000e5e00000, 0x00000000e5e00000| Untracked 
|  95|0x00000000e5f00000, 0x00000000e5f00000, 0x00000000e6000000|  0%| F|  |TAMS 0x00000000e5f00000, 0x00000000e5f00000| Untracked 
|  96|0x00000000e6000000, 0x00000000e6000000, 0x00000000e6100000|  0%| F|  |TAMS 0x00000000e6000000, 0x00000000e6000000| Untracked 
|  97|0x00000000e6100000, 0x00000000e6100000, 0x00000000e6200000|  0%| F|  |TAMS 0x00000000e6100000, 0x00000000e6100000| Untracked 
|  98|0x00000000e6200000, 0x00000000e6200000, 0x00000000e6300000|  0%| F|  |TAMS 0x00000000e6200000, 0x00000000e6200000| Untracked 
|  99|0x00000000e6300000, 0x00000000e6300000, 0x00000000e6400000|  0%| F|  |TAMS 0x00000000e6300000, 0x00000000e6300000| Untracked 
| 100|0x00000000e6400000, 0x00000000e6400000, 0x00000000e6500000|  0%| F|  |TAMS 0x00000000e6400000, 0x00000000e6400000| Untracked 
| 101|0x00000000e6500000, 0x00000000e6500000, 0x00000000e6600000|  0%| F|  |TAMS 0x00000000e6500000, 0x00000000e6500000| Untracked 
| 102|0x00000000e6600000, 0x00000000e6600000, 0x00000000e6700000|  0%| F|  |TAMS 0x00000000e6600000, 0x00000000e6600000| Untracked 
| 103|0x00000000e6700000, 0x00000000e6700000, 0x00000000e6800000|  0%| F|  |TAMS 0x00000000e6700000, 0x00000000e6700000| Untracked 
| 104|0x00000000e6800000, 0x00000000e6800000, 0x00000000e6900000|  0%| F|  |TAMS 0x00000000e6800000, 0x00000000e6800000| Untracked 
| 105|0x00000000e6900000, 0x00000000e6900000, 0x00000000e6a00000|  0%| F|  |TAMS 0x00000000e6900000, 0x00000000e6900000| Untracked 
| 106|0x00000000e6a00000, 0x00000000e6a00000, 0x00000000e6b00000|  0%| F|  |TAMS 0x00000000e6a00000, 0x00000000e6a00000| Untracked 
| 107|0x00000000e6b00000, 0x00000000e6b00000, 0x00000000e6c00000|  0%| F|  |TAMS 0x00000000e6b00000, 0x00000000e6b00000| Untracked 
| 108|0x00000000e6c00000, 0x00000000e6c00000, 0x00000000e6d00000|  0%| F|  |TAMS 0x00000000e6c00000, 0x00000000e6c00000| Untracked 
| 109|0x00000000e6d00000, 0x00000000e6d00000, 0x00000000e6e00000|  0%| F|  |TAMS 0x00000000e6d00000, 0x00000000e6d00000| Untracked 
| 110|0x00000000e6e00000, 0x00000000e6e00000, 0x00000000e6f00000|  0%| F|  |TAMS 0x00000000e6e00000, 0x00000000e6e00000| Untracked 
| 111|0x00000000e6f00000, 0x00000000e6f00000, 0x00000000e7000000|  0%| F|  |TAMS 0x00000000e6f00000, 0x00000000e6f00000| Untracked 
| 112|0x00000000e7000000, 0x00000000e7000000, 0x00000000e7100000|  0%| F|  |TAMS 0x00000000e7000000, 0x00000000e7000000| Untracked 
| 113|0x00000000e7100000, 0x00000000e7100000, 0x00000000e7200000|  0%| F|  |TAMS 0x00000000e7100000, 0x00000000e7100000| Untracked 
| 114|0x00000000e7200000, 0x00000000e7200000, 0x00000000e7300000|  0%| F|  |TAMS 0x00000000e7200000, 0x00000000e7200000| Untracked 
| 115|0x00000000e7300000, 0x00000000e7300000, 0x00000000e7400000|  0%| F|  |TAMS 0x00000000e7300000, 0x00000000e7300000| Untracked 
| 116|0x00000000e7400000, 0x00000000e7400000, 0x00000000e7500000|  0%| F|  |TAMS 0x00000000e7400000, 0x00000000e7400000| Untracked 
| 117|0x00000000e7500000, 0x00000000e7500000, 0x00000000e7600000|  0%| F|  |TAMS 0x00000000e7500000, 0x00000000e7500000| Untracked 
| 118|0x00000000e7600000, 0x00000000e7600000, 0x00000000e7700000|  0%| F|  |TAMS 0x00000000e7600000, 0x00000000e7600000| Untracked 
| 119|0x00000000e7700000, 0x00000000e7700000, 0x00000000e7800000|  0%| F|  |TAMS 0x00000000e7700000, 0x00000000e7700000| Untracked 
| 120|0x00000000e7800000, 0x00000000e7800000, 0x00000000e7900000|  0%| F|  |TAMS 0x00000000e7800000, 0x00000000e7800000| Untracked 
| 121|0x00000000e7900000, 0x00000000e7900000, 0x00000000e7a00000|  0%| F|  |TAMS 0x00000000e7900000, 0x00000000e7900000| Untracked 
| 122|0x00000000e7a00000, 0x00000000e7a00000, 0x00000000e7b00000|  0%| F|  |TAMS 0x00000000e7a00000, 0x00000000e7a00000| Untracked 
| 123|0x00000000e7b00000, 0x00000000e7b00000, 0x00000000e7c00000|  0%| F|  |TAMS 0x00000000e7b00000, 0x00000000e7b00000| Untracked 
| 124|0x00000000e7c00000, 0x00000000e7c00000, 0x00000000e7d00000|  0%| F|  |TAMS 0x00000000e7c00000, 0x00000000e7c00000| Untracked 
| 125|0x00000000e7d00000, 0x00000000e7d00000, 0x00000000e7e00000|  0%| F|  |TAMS 0x00000000e7d00000, 0x00000000e7d00000| Untracked 
| 126|0x00000000e7e00000, 0x00000000e7e00000, 0x00000000e7f00000|  0%| F|  |TAMS 0x00000000e7e00000, 0x00000000e7e00000| Untracked 
| 127|0x00000000e7f00000, 0x00000000e7f00000, 0x00000000e8000000|  0%| F|  |TAMS 0x00000000e7f00000, 0x00000000e7f00000| Untracked 
| 128|0x00000000e8000000, 0x00000000e8000000, 0x00000000e8100000|  0%| F|  |TAMS 0x00000000e8000000, 0x00000000e8000000| Untracked 
| 129|0x00000000e8100000, 0x00000000e8100000, 0x00000000e8200000|  0%| F|  |TAMS 0x00000000e8100000, 0x00000000e8100000| Untracked 
| 130|0x00000000e8200000, 0x00000000e8200000, 0x00000000e8300000|  0%| F|  |TAMS 0x00000000e8200000, 0x00000000e8200000| Untracked 
| 131|0x00000000e8300000, 0x00000000e8300000, 0x00000000e8400000|  0%| F|  |TAMS 0x00000000e8300000, 0x00000000e8300000| Untracked 
| 132|0x00000000e8400000, 0x00000000e8400000, 0x00000000e8500000|  0%| F|  |TAMS 0x00000000e8400000, 0x00000000e8400000| Untracked 
| 133|0x00000000e8500000, 0x00000000e8500000, 0x00000000e8600000|  0%| F|  |TAMS 0x00000000e8500000, 0x00000000e8500000| Untracked 
| 134|0x00000000e8600000, 0x00000000e8600000, 0x00000000e8700000|  0%| F|  |TAMS 0x00000000e8600000, 0x00000000e8600000| Untracked 
| 135|0x00000000e8700000, 0x00000000e8700000, 0x00000000e8800000|  0%| F|  |TAMS 0x00000000e8700000, 0x00000000e8700000| Untracked 
| 136|0x00000000e8800000, 0x00000000e8800000, 0x00000000e8900000|  0%| F|  |TAMS 0x00000000e8800000, 0x00000000e8800000| Untracked 
| 137|0x00000000e8900000, 0x00000000e8900000, 0x00000000e8a00000|  0%| F|  |TAMS 0x00000000e8900000, 0x00000000e8900000| Untracked 
| 138|0x00000000e8a00000, 0x00000000e8a00000, 0x00000000e8b00000|  0%| F|  |TAMS 0x00000000e8a00000, 0x00000000e8a00000| Untracked 
| 139|0x00000000e8b00000, 0x00000000e8b00000, 0x00000000e8c00000|  0%| F|  |TAMS 0x00000000e8b00000, 0x00000000e8b00000| Untracked 
| 140|0x00000000e8c00000, 0x00000000e8c00000, 0x00000000e8d00000|  0%| F|  |TAMS 0x00000000e8c00000, 0x00000000e8c00000| Untracked 
| 141|0x00000000e8d00000, 0x00000000e8d00000, 0x00000000e8e00000|  0%| F|  |TAMS 0x00000000e8d00000, 0x00000000e8d00000| Untracked 
| 142|0x00000000e8e00000, 0x00000000e8e00000, 0x00000000e8f00000|  0%| F|  |TAMS 0x00000000e8e00000, 0x00000000e8e00000| Untracked 
| 143|0x00000000e8f00000, 0x00000000e8f00000, 0x00000000e9000000|  0%| F|  |TAMS 0x00000000e8f00000, 0x00000000e8f00000| Untracked 
| 144|0x00000000e9000000, 0x00000000e9000000, 0x00000000e9100000|  0%| F|  |TAMS 0x00000000e9000000, 0x00000000e9000000| Untracked 
| 145|0x00000000e9100000, 0x00000000e9100000, 0x00000000e9200000|  0%| F|  |TAMS 0x00000000e9100000, 0x00000000e9100000| Untracked 
| 146|0x00000000e9200000, 0x00000000e9200000, 0x00000000e9300000|  0%| F|  |TAMS 0x00000000e9200000, 0x00000000e9200000| Untracked 
| 147|0x00000000e9300000, 0x00000000e9300000, 0x00000000e9400000|  0%| F|  |TAMS 0x00000000e9300000, 0x00000000e9300000| Untracked 
| 148|0x00000000e9400000, 0x00000000e9400000, 0x00000000e9500000|  0%| F|  |TAMS 0x00000000e9400000, 0x00000000e9400000| Untracked 
| 149|0x00000000e9500000, 0x00000000e9500000, 0x00000000e9600000|  0%| F|  |TAMS 0x00000000e9500000, 0x00000000e9500000| Untracked 
| 150|0x00000000e9600000, 0x00000000e9600000, 0x00000000e9700000|  0%| F|  |TAMS 0x00000000e9600000, 0x00000000e9600000| Untracked 
| 151|0x00000000e9700000, 0x00000000e9700000, 0x00000000e9800000|  0%| F|  |TAMS 0x00000000e9700000, 0x00000000e9700000| Untracked 
| 152|0x00000000e9800000, 0x00000000e9800000, 0x00000000e9900000|  0%| F|  |TAMS 0x00000000e9800000, 0x00000000e9800000| Untracked 
| 153|0x00000000e9900000, 0x00000000e9900000, 0x00000000e9a00000|  0%| F|  |TAMS 0x00000000e9900000, 0x00000000e9900000| Untracked 
| 154|0x00000000e9a00000, 0x00000000e9a00000, 0x00000000e9b00000|  0%| F|  |TAMS 0x00000000e9a00000, 0x00000000e9a00000| Untracked 
| 155|0x00000000e9b00000, 0x00000000e9b00000, 0x00000000e9c00000|  0%| F|  |TAMS 0x00000000e9b00000, 0x00000000e9b00000| Untracked 
| 156|0x00000000e9c00000, 0x00000000e9c00000, 0x00000000e9d00000|  0%| F|  |TAMS 0x00000000e9c00000, 0x00000000e9c00000| Untracked 
| 157|0x00000000e9d00000, 0x00000000e9d00000, 0x00000000e9e00000|  0%| F|  |TAMS 0x00000000e9d00000, 0x00000000e9d00000| Untracked 
| 158|0x00000000e9e00000, 0x00000000e9e00000, 0x00000000e9f00000|  0%| F|  |TAMS 0x00000000e9e00000, 0x00000000e9e00000| Untracked 
| 159|0x00000000e9f00000, 0x00000000e9f00000, 0x00000000ea000000|  0%| F|  |TAMS 0x00000000e9f00000, 0x00000000e9f00000| Untracked 
| 160|0x00000000ea000000, 0x00000000ea000000, 0x00000000ea100000|  0%| F|  |TAMS 0x00000000ea000000, 0x00000000ea000000| Untracked 
| 161|0x00000000ea100000, 0x00000000ea180800, 0x00000000ea200000| 50%| E|  |TAMS 0x00000000ea100000, 0x00000000ea100000| Complete 
| 162|0x00000000ea200000, 0x00000000ea300000, 0x00000000ea300000|100%| E|CS|TAMS 0x00000000ea200000, 0x00000000ea200000| Complete 
| 163|0x00000000ea300000, 0x00000000ea400000, 0x00000000ea400000|100%| E|CS|TAMS 0x00000000ea300000, 0x00000000ea300000| Complete 
| 164|0x00000000ea400000, 0x00000000ea500000, 0x00000000ea500000|100%| E|CS|TAMS 0x00000000ea400000, 0x00000000ea400000| Complete 
| 165|0x00000000ea500000, 0x00000000ea600000, 0x00000000ea600000|100%| E|CS|TAMS 0x00000000ea500000, 0x00000000ea500000| Complete 
| 166|0x00000000ea600000, 0x00000000ea700000, 0x00000000ea700000|100%| E|  |TAMS 0x00000000ea600000, 0x00000000ea600000| Complete 
| 167|0x00000000ea700000, 0x00000000ea800000, 0x00000000ea800000|100%| E|CS|TAMS 0x00000000ea700000, 0x00000000ea700000| Complete 
| 168|0x00000000ea800000, 0x00000000ea900000, 0x00000000ea900000|100%| E|CS|TAMS 0x00000000ea800000, 0x00000000ea800000| Complete 
| 169|0x00000000ea900000, 0x00000000eaa00000, 0x00000000eaa00000|100%| E|CS|TAMS 0x00000000ea900000, 0x00000000ea900000| Complete 
| 170|0x00000000eaa00000, 0x00000000eab00000, 0x00000000eab00000|100%| E|CS|TAMS 0x00000000eaa00000, 0x00000000eaa00000| Complete 
| 171|0x00000000eab00000, 0x00000000eac00000, 0x00000000eac00000|100%| E|CS|TAMS 0x00000000eab00000, 0x00000000eab00000| Complete 
| 172|0x00000000eac00000, 0x00000000ead00000, 0x00000000ead00000|100%| E|CS|TAMS 0x00000000eac00000, 0x00000000eac00000| Complete 
| 173|0x00000000ead00000, 0x00000000eae00000, 0x00000000eae00000|100%| E|CS|TAMS 0x00000000ead00000, 0x00000000ead00000| Complete 
| 174|0x00000000eae00000, 0x00000000eaf00000, 0x00000000eaf00000|100%| E|CS|TAMS 0x00000000eae00000, 0x00000000eae00000| Complete 
| 175|0x00000000eaf00000, 0x00000000eb000000, 0x00000000eb000000|100%| E|CS|TAMS 0x00000000eaf00000, 0x00000000eaf00000| Complete 
| 176|0x00000000eb000000, 0x00000000eb100000, 0x00000000eb100000|100%| E|CS|TAMS 0x00000000eb000000, 0x00000000eb000000| Complete 
| 177|0x00000000eb100000, 0x00000000eb200000, 0x00000000eb200000|100%| E|CS|TAMS 0x00000000eb100000, 0x00000000eb100000| Complete 
| 178|0x00000000eb200000, 0x00000000eb300000, 0x00000000eb300000|100%| E|CS|TAMS 0x00000000eb200000, 0x00000000eb200000| Complete 
| 179|0x00000000eb300000, 0x00000000eb400000, 0x00000000eb400000|100%| E|CS|TAMS 0x00000000eb300000, 0x00000000eb300000| Complete 
| 180|0x00000000eb400000, 0x00000000eb500000, 0x00000000eb500000|100%| E|CS|TAMS 0x00000000eb400000, 0x00000000eb400000| Complete 
| 181|0x00000000eb500000, 0x00000000eb600000, 0x00000000eb600000|100%| E|CS|TAMS 0x00000000eb500000, 0x00000000eb500000| Complete 
| 182|0x00000000eb600000, 0x00000000eb700000, 0x00000000eb700000|100%| E|CS|TAMS 0x00000000eb600000, 0x00000000eb600000| Complete 
| 183|0x00000000eb700000, 0x00000000eb800000, 0x00000000eb800000|100%| E|CS|TAMS 0x00000000eb700000, 0x00000000eb700000| Complete 
| 184|0x00000000eb800000, 0x00000000eb900000, 0x00000000eb900000|100%| E|CS|TAMS 0x00000000eb800000, 0x00000000eb800000| Complete 
| 185|0x00000000eb900000, 0x00000000eba00000, 0x00000000eba00000|100%| E|CS|TAMS 0x00000000eb900000, 0x00000000eb900000| Complete 
| 186|0x00000000eba00000, 0x00000000ebb00000, 0x00000000ebb00000|100%| E|CS|TAMS 0x00000000eba00000, 0x00000000eba00000| Complete 
| 187|0x00000000ebb00000, 0x00000000ebc00000, 0x00000000ebc00000|100%| E|CS|TAMS 0x00000000ebb00000, 0x00000000ebb00000| Complete 
| 188|0x00000000ebc00000, 0x00000000ebd00000, 0x00000000ebd00000|100%| E|CS|TAMS 0x00000000ebc00000, 0x00000000ebc00000| Complete 
| 189|0x00000000ebd00000, 0x00000000ebe00000, 0x00000000ebe00000|100%| E|CS|TAMS 0x00000000ebd00000, 0x00000000ebd00000| Complete 
| 190|0x00000000ebe00000, 0x00000000ebf00000, 0x00000000ebf00000|100%| E|CS|TAMS 0x00000000ebe00000, 0x00000000ebe00000| Complete 
| 191|0x00000000ebf00000, 0x00000000ec000000, 0x00000000ec000000|100%| E|CS|TAMS 0x00000000ebf00000, 0x00000000ebf00000| Complete 
| 192|0x00000000ec000000, 0x00000000ec100000, 0x00000000ec100000|100%| E|CS|TAMS 0x00000000ec000000, 0x00000000ec000000| Complete 
| 193|0x00000000ec100000, 0x00000000ec200000, 0x00000000ec200000|100%| E|CS|TAMS 0x00000000ec100000, 0x00000000ec100000| Complete 
| 194|0x00000000ec200000, 0x00000000ec300000, 0x00000000ec300000|100%| E|CS|TAMS 0x00000000ec200000, 0x00000000ec200000| Complete 
| 195|0x00000000ec300000, 0x00000000ec400000, 0x00000000ec400000|100%| E|CS|TAMS 0x00000000ec300000, 0x00000000ec300000| Complete 
| 196|0x00000000ec400000, 0x00000000ec500000, 0x00000000ec500000|100%| E|CS|TAMS 0x00000000ec400000, 0x00000000ec400000| Complete 
| 197|0x00000000ec500000, 0x00000000ec600000, 0x00000000ec600000|100%| E|CS|TAMS 0x00000000ec500000, 0x00000000ec500000| Complete 
| 198|0x00000000ec600000, 0x00000000ec700000, 0x00000000ec700000|100%| E|CS|TAMS 0x00000000ec600000, 0x00000000ec600000| Complete 
| 199|0x00000000ec700000, 0x00000000ec800000, 0x00000000ec800000|100%| E|CS|TAMS 0x00000000ec700000, 0x00000000ec700000| Complete 
| 200|0x00000000ec800000, 0x00000000ec900000, 0x00000000ec900000|100%| E|CS|TAMS 0x00000000ec800000, 0x00000000ec800000| Complete 
| 201|0x00000000ec900000, 0x00000000eca00000, 0x00000000eca00000|100%| E|CS|TAMS 0x00000000ec900000, 0x00000000ec900000| Complete 
| 202|0x00000000eca00000, 0x00000000ecb00000, 0x00000000ecb00000|100%| E|CS|TAMS 0x00000000eca00000, 0x00000000eca00000| Complete 
| 203|0x00000000ecb00000, 0x00000000ecc00000, 0x00000000ecc00000|100%| E|CS|TAMS 0x00000000ecb00000, 0x00000000ecb00000| Complete 
| 204|0x00000000ecc00000, 0x00000000ecd00000, 0x00000000ecd00000|100%| E|CS|TAMS 0x00000000ecc00000, 0x00000000ecc00000| Complete 
| 205|0x00000000ecd00000, 0x00000000ece00000, 0x00000000ece00000|100%| E|CS|TAMS 0x00000000ecd00000, 0x00000000ecd00000| Complete 
| 206|0x00000000ece00000, 0x00000000ecf00000, 0x00000000ecf00000|100%| E|CS|TAMS 0x00000000ece00000, 0x00000000ece00000| Complete 
| 207|0x00000000ecf00000, 0x00000000ed000000, 0x00000000ed000000|100%| E|CS|TAMS 0x00000000ecf00000, 0x00000000ecf00000| Complete 
| 208|0x00000000ed000000, 0x00000000ed100000, 0x00000000ed100000|100%| E|CS|TAMS 0x00000000ed000000, 0x00000000ed000000| Complete 
| 209|0x00000000ed100000, 0x00000000ed200000, 0x00000000ed200000|100%| E|CS|TAMS 0x00000000ed100000, 0x00000000ed100000| Complete 
| 210|0x00000000ed200000, 0x00000000ed300000, 0x00000000ed300000|100%| E|CS|TAMS 0x00000000ed200000, 0x00000000ed200000| Complete 
| 211|0x00000000ed300000, 0x00000000ed400000, 0x00000000ed400000|100%| E|CS|TAMS 0x00000000ed300000, 0x00000000ed300000| Complete 
| 212|0x00000000ed400000, 0x00000000ed500000, 0x00000000ed500000|100%| E|CS|TAMS 0x00000000ed400000, 0x00000000ed400000| Complete 
| 213|0x00000000ed500000, 0x00000000ed600000, 0x00000000ed600000|100%| E|CS|TAMS 0x00000000ed500000, 0x00000000ed500000| Complete 
| 214|0x00000000ed600000, 0x00000000ed700000, 0x00000000ed700000|100%| E|CS|TAMS 0x00000000ed600000, 0x00000000ed600000| Complete 
| 215|0x00000000ed700000, 0x00000000ed800000, 0x00000000ed800000|100%| E|CS|TAMS 0x00000000ed700000, 0x00000000ed700000| Complete 
| 216|0x00000000ed800000, 0x00000000ed900000, 0x00000000ed900000|100%| E|CS|TAMS 0x00000000ed800000, 0x00000000ed800000| Complete 
| 217|0x00000000ed900000, 0x00000000eda00000, 0x00000000eda00000|100%| E|CS|TAMS 0x00000000ed900000, 0x00000000ed900000| Complete 
| 218|0x00000000eda00000, 0x00000000edb00000, 0x00000000edb00000|100%| E|CS|TAMS 0x00000000eda00000, 0x00000000eda00000| Complete 
| 219|0x00000000edb00000, 0x00000000edc00000, 0x00000000edc00000|100%| E|CS|TAMS 0x00000000edb00000, 0x00000000edb00000| Complete 
| 220|0x00000000edc00000, 0x00000000edd00000, 0x00000000edd00000|100%| E|CS|TAMS 0x00000000edc00000, 0x00000000edc00000| Complete 
| 221|0x00000000edd00000, 0x00000000eddc72a0, 0x00000000ede00000| 77%| S|CS|TAMS 0x00000000edd00000, 0x00000000edd00000| Complete 
| 222|0x00000000ede00000, 0x00000000edf00000, 0x00000000edf00000|100%| S|CS|TAMS 0x00000000ede00000, 0x00000000ede00000| Complete 
| 223|0x00000000edf00000, 0x00000000ee000000, 0x00000000ee000000|100%| S|CS|TAMS 0x00000000edf00000, 0x00000000edf00000| Complete 
| 224|0x00000000ee000000, 0x00000000ee100000, 0x00000000ee100000|100%| E|CS|TAMS 0x00000000ee000000, 0x00000000ee000000| Complete 
| 225|0x00000000ee100000, 0x00000000ee200000, 0x00000000ee200000|100%| E|CS|TAMS 0x00000000ee100000, 0x00000000ee100000| Complete 
| 226|0x00000000ee200000, 0x00000000ee300000, 0x00000000ee300000|100%| E|CS|TAMS 0x00000000ee200000, 0x00000000ee200000| Complete 
| 227|0x00000000ee300000, 0x00000000ee400000, 0x00000000ee400000|100%| E|CS|TAMS 0x00000000ee300000, 0x00000000ee300000| Complete 
| 228|0x00000000ee400000, 0x00000000ee500000, 0x00000000ee500000|100%| E|CS|TAMS 0x00000000ee400000, 0x00000000ee400000| Complete 
| 229|0x00000000ee500000, 0x00000000ee600000, 0x00000000ee600000|100%| E|CS|TAMS 0x00000000ee500000, 0x00000000ee500000| Complete 
| 230|0x00000000ee600000, 0x00000000ee700000, 0x00000000ee700000|100%| E|CS|TAMS 0x00000000ee600000, 0x00000000ee600000| Complete 
| 231|0x00000000ee700000, 0x00000000ee800000, 0x00000000ee800000|100%| E|CS|TAMS 0x00000000ee700000, 0x00000000ee700000| Complete 
| 232|0x00000000ee800000, 0x00000000ee900000, 0x00000000ee900000|100%| E|CS|TAMS 0x00000000ee800000, 0x00000000ee800000| Complete 
| 233|0x00000000ee900000, 0x00000000eea00000, 0x00000000eea00000|100%| E|CS|TAMS 0x00000000ee900000, 0x00000000ee900000| Complete 
| 234|0x00000000eea00000, 0x00000000eeb00000, 0x00000000eeb00000|100%| E|CS|TAMS 0x00000000eea00000, 0x00000000eea00000| Complete 
| 235|0x00000000eeb00000, 0x00000000eec00000, 0x00000000eec00000|100%| E|CS|TAMS 0x00000000eeb00000, 0x00000000eeb00000| Complete 
| 236|0x00000000eec00000, 0x00000000eed00000, 0x00000000eed00000|100%| E|CS|TAMS 0x00000000eec00000, 0x00000000eec00000| Complete 
| 237|0x00000000eed00000, 0x00000000eee00000, 0x00000000eee00000|100%| E|CS|TAMS 0x00000000eed00000, 0x00000000eed00000| Complete 
| 238|0x00000000eee00000, 0x00000000eef00000, 0x00000000eef00000|100%| E|CS|TAMS 0x00000000eee00000, 0x00000000eee00000| Complete 
| 239|0x00000000eef00000, 0x00000000ef000000, 0x00000000ef000000|100%| E|CS|TAMS 0x00000000eef00000, 0x00000000eef00000| Complete 
| 240|0x00000000ef000000, 0x00000000ef100000, 0x00000000ef100000|100%| E|CS|TAMS 0x00000000ef000000, 0x00000000ef000000| Complete 
| 241|0x00000000ef100000, 0x00000000ef200000, 0x00000000ef200000|100%| E|CS|TAMS 0x00000000ef100000, 0x00000000ef100000| Complete 
| 242|0x00000000ef200000, 0x00000000ef300000, 0x00000000ef300000|100%| E|CS|TAMS 0x00000000ef200000, 0x00000000ef200000| Complete 
| 243|0x00000000ef300000, 0x00000000ef400000, 0x00000000ef400000|100%| E|CS|TAMS 0x00000000ef300000, 0x00000000ef300000| Complete 
| 244|0x00000000ef400000, 0x00000000ef500000, 0x00000000ef500000|100%| E|CS|TAMS 0x00000000ef400000, 0x00000000ef400000| Complete 
| 245|0x00000000ef500000, 0x00000000ef600000, 0x00000000ef600000|100%| E|CS|TAMS 0x00000000ef500000, 0x00000000ef500000| Complete 
| 246|0x00000000ef600000, 0x00000000ef700000, 0x00000000ef700000|100%| E|CS|TAMS 0x00000000ef600000, 0x00000000ef600000| Complete 
| 247|0x00000000ef700000, 0x00000000ef800000, 0x00000000ef800000|100%| E|CS|TAMS 0x00000000ef700000, 0x00000000ef700000| Complete 
| 248|0x00000000ef800000, 0x00000000ef900000, 0x00000000ef900000|100%| E|CS|TAMS 0x00000000ef800000, 0x00000000ef800000| Complete 
| 249|0x00000000ef900000, 0x00000000efa00000, 0x00000000efa00000|100%| E|CS|TAMS 0x00000000ef900000, 0x00000000ef900000| Complete 
| 250|0x00000000efa00000, 0x00000000efb00000, 0x00000000efb00000|100%| E|CS|TAMS 0x00000000efa00000, 0x00000000efa00000| Complete 
| 251|0x00000000efb00000, 0x00000000efc00000, 0x00000000efc00000|100%| E|CS|TAMS 0x00000000efb00000, 0x00000000efb00000| Complete 
| 252|0x00000000efc00000, 0x00000000efd00000, 0x00000000efd00000|100%| E|CS|TAMS 0x00000000efc00000, 0x00000000efc00000| Complete 
| 253|0x00000000efd00000, 0x00000000efe00000, 0x00000000efe00000|100%| E|CS|TAMS 0x00000000efd00000, 0x00000000efd00000| Complete 
| 254|0x00000000efe00000, 0x00000000eff00000, 0x00000000eff00000|100%| E|CS|TAMS 0x00000000efe00000, 0x00000000efe00000| Complete 
| 255|0x00000000eff00000, 0x00000000f0000000, 0x00000000f0000000|100%| E|CS|TAMS 0x00000000eff00000, 0x00000000eff00000| Complete 

Card table byte_map: [0x00000296a4970000,0x00000296a4a70000] _byte_map_base: 0x00000296a4270000

Marking Bits (Prev, Next): (CMBitMap*) 0x000002968e0d0210, (CMBitMap*) 0x000002968e0d01d0
 Prev Bits: [0x00000296a5370000, 0x00000296a5b70000)
 Next Bits: [0x00000296a4b70000, 0x00000296a5370000)

Polling page: 0x000002968bfc0000

Metaspace:

Usage:
  Non-class:     27.93 MB used.
      Class:      4.46 MB used.
       Both:     32.39 MB used.

Virtual space:
  Non-class space:       64.00 MB reserved,      28.19 MB ( 44%) committed,  1 nodes.
      Class space:      320.00 MB reserved,       4.62 MB (  1%) committed,  1 nodes.
             Both:      384.00 MB reserved,      32.81 MB (  9%) committed. 

Chunk freelists:
   Non-Class:  3.86 MB
       Class:  11.40 MB
        Both:  15.26 MB

MaxMetaspaceSize: 384.00 MB
CompressedClassSpaceSize: 320.00 MB
Initial GC threshold: 21.00 MB
Current GC threshold: 35.12 MB
CDS: on
MetaspaceReclaimPolicy: balanced
 - commit_granule_bytes: 65536.
 - commit_granule_words: 8192.
 - virtual_space_node_default_size: 8388608.
 - enlarge_chunks_in_place: 1.
 - new_chunks_are_fully_committed: 0.
 - uncommit_free_chunks: 1.
 - use_allocation_guard: 0.
 - handle_deallocations: 1.


Internal statistics:

num_allocs_failed_limit: 3.
num_arena_births: 406.
num_arena_deaths: 0.
num_vsnodes_births: 2.
num_vsnodes_deaths: 0.
num_space_committed: 525.
num_space_uncommitted: 0.
num_chunks_returned_to_freelist: 3.
num_chunks_taken_from_freelist: 1628.
num_chunk_merges: 3.
num_chunk_splits: 1075.
num_chunks_enlarged: 765.
num_inconsistent_stats: 0.

CodeHeap 'non-profiled nmethods': size=120000Kb used=2433Kb max_used=2433Kb free=117566Kb
 bounds [0x000002969d440000, 0x000002969d6b0000, 0x00000296a4970000]
CodeHeap 'profiled nmethods': size=120000Kb used=8339Kb max_used=8339Kb free=111660Kb
 bounds [0x0000029695970000, 0x00000296961a0000, 0x000002969cea0000]
CodeHeap 'non-nmethods': size=5760Kb used=2289Kb max_used=2357Kb free=3470Kb
 bounds [0x000002969cea0000, 0x000002969d110000, 0x000002969d440000]
 total_blobs=4839 nmethods=4042 adapters=709
 compilation: enabled
              stopped_count=0, restarted_count=0
 full_count=0

Compilation events (20 events):
Event: 43.079 Thread 0x00000296a813a370 nmethod 4031 0x000002969d69f810 code [0x000002969d69f9a0, 0x000002969d69fa78]
Event: 43.079 Thread 0x00000296a813a370 4032       1       com.google.common.cache.LocalCache$StrongEntry::getKey (5 bytes)
Event: 43.079 Thread 0x00000296a813a370 nmethod 4032 0x000002969d69fb10 code [0x000002969d69fca0, 0x000002969d69fd78]
Event: 43.113 Thread 0x00000296a8134dd0 4033       4       jdk.internal.misc.Unsafe::putReferenceOpaque (9 bytes)
Event: 43.116 Thread 0x00000296a8134dd0 nmethod 4033 0x000002969d69fe10 code [0x000002969d69ff80, 0x000002969d6a00d8]
Event: 43.126 Thread 0x00000296a813a370 4034       3       org.gradle.internal.reflect.MethodSet::<init> (16 bytes)
Event: 43.127 Thread 0x00000296a813a370 nmethod 4034 0x000002969618b910 code [0x000002969618bae0, 0x000002969618be98]
Event: 43.127 Thread 0x00000296a8134dd0 4035       4       java.lang.reflect.Modifier::isAbstract (14 bytes)
Event: 43.127 Thread 0x00000296a813a370 4036       3       java.lang.Class::privateGetDeclaredFields (64 bytes)
Event: 43.128 Thread 0x00000296a8134dd0 nmethod 4035 0x000002969d6a0190 code [0x000002969d6a0300, 0x000002969d6a0378]
Event: 43.128 Thread 0x00000296a813a370 nmethod 4036 0x000002969618c010 code [0x000002969618c240, 0x000002969618ca38]
Event: 43.128 Thread 0x00000296a813a370 4037       3       org.gradle.internal.reflect.MethodSet::shouldReplace (45 bytes)
Event: 43.129 Thread 0x00000296a813a370 nmethod 4037 0x000002969618cc90 code [0x000002969618ce60, 0x000002969618d3b8]
Event: 43.129 Thread 0x00000296a813a370 4038       1       org.gradle.internal.reflect.MutablePropertyDetails::getBackingField (5 bytes)
Event: 43.129 Thread 0x00000296a813a370 nmethod 4038 0x000002969d6a0490 code [0x000002969d6a0620, 0x000002969d6a06f8]
Event: 43.132 Thread 0x00000296a813a370 4039       3       org.gradle.internal.instantiation.generator.AbstractClassGenerator$PropertyMetadata::isReadableWithoutSetterOfPropertyType (36 bytes)
Event: 43.133 Thread 0x00000296a813a370 nmethod 4039 0x000002969618d590 code [0x000002969618d7e0, 0x000002969618e278]
Event: 43.134 Thread 0x00000296a813a370 4040       3       org.gradle.internal.instantiation.generator.AbstractClassGenerator$$Lambda$136/0x00000296aa1b4a28::test (12 bytes)
Event: 43.136 Thread 0x00000296a813a370 nmethod 4040 0x000002969618e610 code [0x000002969618e900, 0x000002969618fca8]
Event: 43.180 Thread 0x00000296a8134dd0 4041       4       org.codehaus.groovy.runtime.metaclass.MetaMethodIndex::addMethodToList (128 bytes)

GC Heap History (8 events):
Event: 1.146 GC heap before
{Heap before GC invocations=0 (full 0):
 garbage-first heap   total 262144K, used 13312K [0x00000000e0000000, 0x0000000100000000)
  region size 1024K, 13 young (13312K), 0 survivors (0K)
 Metaspace       used 779K, committed 896K, reserved 393216K
  class space    used 61K, committed 128K, reserved 327680K
}
Event: 1.158 GC heap after
{Heap after GC invocations=1 (full 0):
 garbage-first heap   total 262144K, used 1192K [0x00000000e0000000, 0x0000000100000000)
  region size 1024K, 2 young (2048K), 2 survivors (2048K)
 Metaspace       used 779K, committed 896K, reserved 393216K
  class space    used 61K, committed 128K, reserved 327680K
}
Event: 6.341 GC heap before
{Heap before GC invocations=1 (full 0):
 garbage-first heap   total 262144K, used 22696K [0x00000000e0000000, 0x0000000100000000)
  region size 1024K, 21 young (21504K), 2 survivors (2048K)
 Metaspace       used 1815K, committed 1984K, reserved 393216K
  class space    used 170K, committed 256K, reserved 327680K
}
Event: 6.347 GC heap after
{Heap after GC invocations=2 (full 0):
 garbage-first heap   total 262144K, used 9895K [0x00000000e0000000, 0x0000000100000000)
  region size 1024K, 3 young (3072K), 3 survivors (3072K)
 Metaspace       used 1815K, committed 1984K, reserved 393216K
  class space    used 170K, committed 256K, reserved 327680K
}
Event: 28.100 GC heap before
{Heap before GC invocations=2 (full 0):
 garbage-first heap   total 262144K, used 165543K [0x00000000e0000000, 0x0000000100000000)
  region size 1024K, 153 young (156672K), 3 survivors (3072K)
 Metaspace       used 17754K, committed 18048K, reserved 393216K
  class space    used 2537K, committed 2688K, reserved 327680K
}
Event: 28.139 GC heap after
{Heap after GC invocations=3 (full 0):
 garbage-first heap   total 262144K, used 22258K [0x00000000e0000000, 0x0000000100000000)
  region size 1024K, 15 young (15360K), 15 survivors (15360K)
 Metaspace       used 17754K, committed 18048K, reserved 393216K
  class space    used 2537K, committed 2688K, reserved 327680K
}
Event: 32.433 GC heap before
{Heap before GC invocations=3 (full 0):
 garbage-first heap   total 262144K, used 54002K [0x00000000e0000000, 0x0000000100000000)
  region size 1024K, 47 young (48128K), 15 survivors (15360K)
 Metaspace       used 21186K, committed 21504K, reserved 393216K
  class space    used 3078K, committed 3264K, reserved 327680K
}
Event: 32.544 GC heap after
{Heap after GC invocations=4 (full 0):
 garbage-first heap   total 262144K, used 24575K [0x00000000e0000000, 0x0000000100000000)
  region size 1024K, 3 young (3072K), 3 survivors (3072K)
 Metaspace       used 21186K, committed 21504K, reserved 393216K
  class space    used 3078K, committed 3264K, reserved 327680K
}

Deoptimization events (20 events):
Event: 41.816 Thread 0x00000296a86db570 Uncommon trap: trap_request=0xffffffbe fr.pc=0x000002969d675864 relative=0x0000000000000724
Event: 41.816 Thread 0x00000296a86db570 Uncommon trap: reason=profile_predicate action=maybe_recompile pc=0x000002969d675864 method=java.lang.PublicMethods$MethodList.filter([Ljava/lang/reflect/Method;Ljava/lang/String;[Ljava/lang/Class;Z)Ljava/lang/PublicMethods$MethodList; @ 21 c2
Event: 41.816 Thread 0x00000296a86db570 DEOPT PACKING pc=0x000002969d675864 sp=0x000000f52b6f8530
Event: 41.816 Thread 0x00000296a86db570 DEOPT UNPACKING pc=0x000002969cef23a3 sp=0x000000f52b6f84e8 mode 2
Event: 42.566 Thread 0x00000296a86db570 Uncommon trap: trap_request=0xffffffde fr.pc=0x000002969d673160 relative=0x0000000000000400
Event: 42.566 Thread 0x00000296a86db570 Uncommon trap: reason=class_check action=maybe_recompile pc=0x000002969d673160 method=java.util.regex.Pattern$Start.match(Ljava/util/regex/Matcher;ILjava/lang/CharSequence;)Z @ 44 c2
Event: 42.566 Thread 0x00000296a86db570 DEOPT PACKING pc=0x000002969d673160 sp=0x000000f52b6f8fc0
Event: 42.566 Thread 0x00000296a86db570 DEOPT UNPACKING pc=0x000002969cef23a3 sp=0x000000f52b6f8e88 mode 2
Event: 42.566 Thread 0x00000296a86db570 Uncommon trap: trap_request=0xffffffde fr.pc=0x000002969d673160 relative=0x0000000000000400
Event: 42.566 Thread 0x00000296a86db570 Uncommon trap: reason=class_check action=maybe_recompile pc=0x000002969d673160 method=java.util.regex.Pattern$Start.match(Ljava/util/regex/Matcher;ILjava/lang/CharSequence;)Z @ 44 c2
Event: 42.566 Thread 0x00000296a86db570 DEOPT PACKING pc=0x000002969d673160 sp=0x000000f52b6f8fc0
Event: 42.566 Thread 0x00000296a86db570 DEOPT UNPACKING pc=0x000002969cef23a3 sp=0x000000f52b6f8e88 mode 2
Event: 42.567 Thread 0x00000296a86db570 Uncommon trap: trap_request=0xffffffde fr.pc=0x000002969d6685c0 relative=0x00000000000003e0
Event: 42.567 Thread 0x00000296a86db570 Uncommon trap: reason=class_check action=maybe_recompile pc=0x000002969d6685c0 method=java.util.regex.Pattern$Start.match(Ljava/util/regex/Matcher;ILjava/lang/CharSequence;)Z @ 44 c2
Event: 42.567 Thread 0x00000296a86db570 DEOPT PACKING pc=0x000002969d6685c0 sp=0x000000f52b6f8f50
Event: 42.567 Thread 0x00000296a86db570 DEOPT UNPACKING pc=0x000002969cef23a3 sp=0x000000f52b6f8e90 mode 2
Event: 42.568 Thread 0x00000296a86db570 Uncommon trap: trap_request=0xffffffde fr.pc=0x000002969d66efa0 relative=0x00000000000002e0
Event: 42.568 Thread 0x00000296a86db570 Uncommon trap: reason=class_check action=maybe_recompile pc=0x000002969d66efa0 method=java.util.regex.Pattern$Start.match(Ljava/util/regex/Matcher;ILjava/lang/CharSequence;)Z @ 44 c2
Event: 42.568 Thread 0x00000296a86db570 DEOPT PACKING pc=0x000002969d66efa0 sp=0x000000f52b6f8ed0
Event: 42.568 Thread 0x00000296a86db570 DEOPT UNPACKING pc=0x000002969cef23a3 sp=0x000000f52b6f8e90 mode 2

Classes unloaded (0 events):
No events

Classes redefined (0 events):
No events

Internal exceptions (20 events):
Event: 39.290 Thread 0x00000296a86db570 Exception <a 'java/lang/ClassNotFoundException'{0x00000000eae8b578}: org/gradle/groovy/scripts/DefaultScriptCustomizer> (0x00000000eae8b578) 
thrown [s\open\src\hotspot\share\classfile\systemDictionary.cpp, line 256]
Event: 39.302 Thread 0x00000296a86db570 Exception <a 'java/lang/ClassNotFoundException'{0x00000000eaed2080}: org/gradle/initialization/InitScriptCustomizer> (0x00000000eaed2080) 
thrown [s\open\src\hotspot\share\classfile\systemDictionary.cpp, line 256]
Event: 39.303 Thread 0x00000296a86db570 Exception <a 'java/lang/ClassNotFoundException'{0x00000000eaee0de8}: ijMapper1_4nfv3cq42l757w5xydwuvl0pzCustomizer> (0x00000000eaee0de8) 
thrown [s\open\src\hotspot\share\classfile\systemDictionary.cpp, line 256]
Event: 39.367 Thread 0x00000296a86db570 Exception <a 'java/lang/ClassNotFoundException'{0x00000000eadc6b30}: org/gradle/internal/extensibility/DefaultExtraPropertiesExtensionBeanInfo> (0x00000000eadc6b30) 
thrown [s\open\src\hotspot\share\classfile\systemDictionary.cpp, line 256]
Event: 39.368 Thread 0x00000296a86db570 Exception <a 'java/lang/ClassNotFoundException'{0x00000000eadd12f8}: org/gradle/internal/extensibility/DefaultExtraPropertiesExtensionCustomizer> (0x00000000eadd12f8) 
thrown [s\open\src\hotspot\share\classfile\systemDictionary.cpp, line 256]
Event: 41.735 Thread 0x00000296a86db570 Exception <a 'java/lang/NoSuchMethodError'{0x00000000eace4ed0}: 'java.lang.Object java.lang.invoke.DirectMethodHandle$Holder.invokeSpecialIFC(java.lang.Object, java.lang.Object, java.lang.Object, java.lang.Object)'> (0x00000000eace4ed0) 
thrown [s\open\src\hotspot\share\interpreter\linkResolver.cpp, line 759]
Event: 41.748 Thread 0x00000296a86db570 Exception <a 'java/lang/NoSuchMethodError'{0x00000000eab45448}: 'java.lang.Object java.lang.invoke.DirectMethodHandle$Holder.newInvokeSpecial(java.lang.Object, java.lang.Object, java.lang.Object, java.lang.Object, java.lang.Object, java.lang.Object, java.lang.Object, java.lang.Object, java.lang.Object, java.lang.Object)'> (0x00000000eab45448) 
thrown [s\open\src\hotspot\share\interpreter\linkResolver.cpp, line 759]
Event: 41.748 Thread 0x00000296a86db570 Exception <a 'java/lang/NoSuchMethodError'{0x00000000eab4a088}: 'java.lang.Object java.lang.invoke.Invokers$Holder.linkToTargetMethod(java.lang.Object, java.lang.Object, java.lang.Object, java.lang.Object, java.lang.Object, java.lang.Object, java.lang.Object, java.lang.Object, java.lang.Object, java.lang.Object)'> (0x00000000eab4a088) 
thrown [s\open\src\hotspot\share\interpreter\linkResolver.cpp, line 759]
Event: 41.860 Thread 0x00000296a86db570 Exception <a 'java/lang/NoSuchMethodError'{0x00000000eaaf7a50}: 'void java.lang.invoke.Invokers$Holder.invoke_MT(java.lang.Object, java.lang.Object, java.lang.Object, java.lang.Object)'> (0x00000000eaaf7a50) 
thrown [s\open\src\hotspot\share\interpreter\linkResolver.cpp, line 759]
Event: 41.950 Thread 0x00000296a86db570 Exception <a 'java/lang/ClassNotFoundException'{0x00000000ea879880}: org/gradle/invocation/DefaultGradle_DecoratedBeanInfo> (0x00000000ea879880) 
thrown [s\open\src\hotspot\share\classfile\systemDictionary.cpp, line 256]
Event: 41.955 Thread 0x00000296a86db570 Exception <a 'java/lang/ClassNotFoundException'{0x00000000ea8886e0}: org/gradle/invocation/DefaultGradleBeanInfo> (0x00000000ea8886e0) 
thrown [s\open\src\hotspot\share\classfile\systemDictionary.cpp, line 256]
Event: 41.959 Thread 0x00000296a86db570 Exception <a 'java/lang/ClassNotFoundException'{0x00000000ea8979a8}: org/gradle/api/internal/project/AbstractPluginAwareBeanInfo> (0x00000000ea8979a8) 
thrown [s\open\src\hotspot\share\classfile\systemDictionary.cpp, line 256]
Event: 41.961 Thread 0x00000296a86db570 Exception <a 'java/lang/ClassNotFoundException'{0x00000000ea8a6cc0}: org/gradle/api/internal/project/AbstractPluginAwareCustomizer> (0x00000000ea8a6cc0) 
thrown [s\open\src\hotspot\share\classfile\systemDictionary.cpp, line 256]
Event: 41.966 Thread 0x00000296a86db570 Exception <a 'java/lang/ClassNotFoundException'{0x00000000ea8bb500}: org/gradle/invocation/DefaultGradleCustomizer> (0x00000000ea8bb500) 
thrown [s\open\src\hotspot\share\classfile\systemDictionary.cpp, line 256]
Event: 41.978 Thread 0x00000296a86db570 Exception <a 'java/lang/ClassNotFoundException'{0x00000000ea8fc8a8}: org/gradle/invocation/DefaultGradle_DecoratedCustomizer> (0x00000000ea8fc8a8) 
thrown [s\open\src\hotspot\share\classfile\systemDictionary.cpp, line 256]
Event: 42.560 Thread 0x00000296a86db570 Exception <a 'java/lang/ClassNotFoundException'{0x00000000ea4d5fa8}: groovy/lang/Closure$1BeanInfo> (0x00000000ea4d5fa8) 
thrown [s\open\src\hotspot\share\classfile\systemDictionary.cpp, line 256]
Event: 42.562 Thread 0x00000296a86db570 Exception <a 'java/lang/ClassNotFoundException'{0x00000000ea4f21b8}: groovy/lang/ClosureBeanInfo> (0x00000000ea4f21b8) 
thrown [s\open\src\hotspot\share\classfile\systemDictionary.cpp, line 256]
Event: 42.564 Thread 0x00000296a86db570 Exception <a 'java/lang/ClassNotFoundException'{0x00000000ea30e830}: groovy/lang/ClosureCustomizer> (0x00000000ea30e830) 
thrown [s\open\src\hotspot\share\classfile\systemDictionary.cpp, line 256]
Event: 42.583 Thread 0x00000296a86db570 Exception <a 'java/lang/ClassNotFoundException'{0x00000000ea34e980}: groovy/lang/Closure$1Customizer> (0x00000000ea34e980) 
thrown [s\open\src\hotspot\share\classfile\systemDictionary.cpp, line 256]
Event: 43.217 Thread 0x00000296a86db570 Exception <a 'java/lang/ClassNotFoundException'{0x00000000ea13b238}: ijJvmDebugger1_38mkwnzutsk9yqchhvz9ywkbBeanInfo> (0x00000000ea13b238) 
thrown [s\open\src\hotspot\share\classfile\systemDictionary.cpp, line 256]

VM Operations (20 events):
Event: 37.183 Executing VM operation: HandshakeAllThreads
Event: 37.183 Executing VM operation: HandshakeAllThreads done
Event: 37.183 Executing VM operation: Cleanup
Event: 37.183 Executing VM operation: Cleanup done
Event: 37.632 Executing VM operation: HandshakeAllThreads
Event: 37.632 Executing VM operation: HandshakeAllThreads done
Event: 37.885 Executing VM operation: HandshakeAllThreads
Event: 37.885 Executing VM operation: HandshakeAllThreads done
Event: 38.434 Executing VM operation: HandshakeAllThreads
Event: 38.434 Executing VM operation: HandshakeAllThreads done
Event: 38.434 Executing VM operation: Cleanup
Event: 38.434 Executing VM operation: Cleanup done
Event: 38.988 Executing VM operation: HandshakeAllThreads
Event: 38.988 Executing VM operation: HandshakeAllThreads done
Event: 39.991 Executing VM operation: Cleanup
Event: 39.991 Executing VM operation: Cleanup done
Event: 42.012 Executing VM operation: Cleanup
Event: 42.033 Executing VM operation: Cleanup done
Event: 43.038 Executing VM operation: Cleanup
Event: 43.038 Executing VM operation: Cleanup done

Events (20 events):
Event: 39.215 loading class java/util/WeakHashMap$KeyIterator done
Event: 39.550 Thread 0x00000296c3e31d60 Thread added: 0x00000296c3e31d60
Event: 41.808 Thread 0x00000296c3e31340 Thread added: 0x00000296c3e31340
Event: 42.180 loading class jdk/internal/reflect/UnsafeObjectFieldAccessorImpl
Event: 42.180 loading class jdk/internal/reflect/UnsafeObjectFieldAccessorImpl done
Event: 42.347 loading class sun/reflect/MagicAccessorImpl
Event: 42.347 loading class sun/reflect/MagicAccessorImpl done
Event: 42.565 loading class sun/reflect/generics/tree/IntSignature
Event: 42.565 loading class sun/reflect/generics/tree/IntSignature done
Event: 42.566 loading class sun/reflect/generics/tree/ArrayTypeSignature
Event: 42.566 loading class sun/reflect/generics/tree/ArrayTypeSignature done
Event: 42.584 loading class com/sun/beans/finder/MethodFinder
Event: 42.584 loading class com/sun/beans/finder/AbstractFinder
Event: 42.584 loading class com/sun/beans/finder/AbstractFinder done
Event: 42.584 loading class com/sun/beans/finder/MethodFinder done
Event: 42.584 loading class com/sun/beans/finder/MethodFinder$1
Event: 42.584 loading class com/sun/beans/finder/MethodFinder$1 done
Event: 42.584 loading class com/sun/beans/finder/FinderUtils
Event: 42.584 loading class com/sun/beans/finder/FinderUtils done
Event: 43.075 Thread 0x00000296c3e2db90 Thread added: 0x00000296c3e2db90


Dynamic libraries:
0x00007ff741fd0000 - 0x00007ff741fe0000 	C:\Program Files\Java\jdk-17\bin\java.exe
0x00007ffc362f0000 - 0x00007ffc364e8000 	C:\Windows\SYSTEM32\ntdll.dll
0x00007ffc352a0000 - 0x00007ffc3535d000 	C:\Windows\System32\KERNEL32.DLL
0x00007ffc33ea0000 - 0x00007ffc3416e000 	C:\Windows\System32\KERNELBASE.dll
0x00007ffc33bc0000 - 0x00007ffc33cc0000 	C:\Windows\System32\ucrtbase.dll
0x00007ffc1de40000 - 0x00007ffc1de5b000 	C:\Program Files\Java\jdk-17\bin\VCRUNTIME140.dll
0x00007ffc155d0000 - 0x00007ffc155e9000 	C:\Program Files\Java\jdk-17\bin\jli.dll
0x00007ffc34540000 - 0x00007ffc345ee000 	C:\Windows\System32\ADVAPI32.dll
0x00007ffc34720000 - 0x00007ffc347be000 	C:\Windows\System32\msvcrt.dll
0x00007ffc35840000 - 0x00007ffc358dc000 	C:\Windows\System32\sechost.dll
0x00007ffc34350000 - 0x00007ffc34475000 	C:\Windows\System32\RPCRT4.dll
0x00007ffc349d0000 - 0x00007ffc34b70000 	C:\Windows\System32\USER32.dll
0x00007ffc33dd0000 - 0x00007ffc33df2000 	C:\Windows\System32\win32u.dll
0x00007ffc34ce0000 - 0x00007ffc34d0a000 	C:\Windows\System32\GDI32.dll
0x00007ffc33cc0000 - 0x00007ffc33dcb000 	C:\Windows\System32\gdi32full.dll
0x00007ffc33e00000 - 0x00007ffc33e9d000 	C:\Windows\System32\msvcp_win.dll
0x00007ffc20520000 - 0x00007ffc207ba000 	C:\Windows\WinSxS\amd64_microsoft.windows.common-controls_6595b64144ccf1df_6.0.19041.1110_none_60b5254171f9507e\COMCTL32.dll
0x00007ffc2c7a0000 - 0x00007ffc2c7aa000 	C:\Windows\SYSTEM32\VERSION.dll
0x00007ffc34510000 - 0x00007ffc34540000 	C:\Windows\System32\IMM32.DLL
0x00007ffc21500000 - 0x00007ffc2150c000 	C:\Program Files\Java\jdk-17\bin\vcruntime140_1.dll
0x00007ffc15540000 - 0x00007ffc155ce000 	C:\Program Files\Java\jdk-17\bin\msvcp140.dll
0x00007ffba9190000 - 0x00007ffba9d70000 	C:\Program Files\Java\jdk-17\bin\server\jvm.dll
0x00007ffc353c0000 - 0x00007ffc353c8000 	C:\Windows\System32\PSAPI.DLL
0x00007ffc1dae0000 - 0x00007ffc1dae9000 	C:\Windows\SYSTEM32\WSOCK32.dll
0x00007ffc35a90000 - 0x00007ffc35afb000 	C:\Windows\System32\WS2_32.dll
0x00007ffc20cc0000 - 0x00007ffc20ce7000 	C:\Windows\SYSTEM32\WINMM.dll
0x00007ffc31910000 - 0x00007ffc31922000 	C:\Windows\SYSTEM32\kernel.appcore.dll
0x00007ffc1bdf0000 - 0x00007ffc1bdfa000 	C:\Program Files\Java\jdk-17\bin\jimage.dll
0x00007ffc20e90000 - 0x00007ffc21074000 	C:\Windows\SYSTEM32\DBGHELP.DLL
0x00007ffc1ec50000 - 0x00007ffc1ec7c000 	C:\Windows\SYSTEM32\dbgcore.DLL
0x00007ffc341e0000 - 0x00007ffc34262000 	C:\Windows\System32\bcryptPrimitives.dll
0x00007ffc1a470000 - 0x00007ffc1a47e000 	C:\Program Files\Java\jdk-17\bin\instrument.dll
0x00007ffc0d2f0000 - 0x00007ffc0d315000 	C:\Program Files\Java\jdk-17\bin\java.dll
0x00007ffc0b2f0000 - 0x00007ffc0b3c7000 	C:\Program Files\Java\jdk-17\bin\jsvml.dll
0x00007ffc35b00000 - 0x00007ffc36244000 	C:\Windows\System32\SHELL32.dll
0x00007ffc31b10000 - 0x00007ffc322a4000 	C:\Windows\SYSTEM32\windows.storage.dll
0x00007ffc34ee0000 - 0x00007ffc35234000 	C:\Windows\System32\combase.dll
0x00007ffc333a0000 - 0x00007ffc333d0000 	C:\Windows\SYSTEM32\Wldp.dll
0x00007ffc34e30000 - 0x00007ffc34edd000 	C:\Windows\System32\SHCORE.dll
0x00007ffc34d20000 - 0x00007ffc34d75000 	C:\Windows\System32\shlwapi.dll
0x00007ffc33950000 - 0x00007ffc3396f000 	C:\Windows\SYSTEM32\profapi.dll
0x00007ffc123a0000 - 0x00007ffc123b8000 	C:\Program Files\Java\jdk-17\bin\zip.dll
0x00007ffc0d2d0000 - 0x00007ffc0d2e9000 	C:\Program Files\Java\jdk-17\bin\net.dll
0x00007ffc232c0000 - 0x00007ffc233ca000 	C:\Windows\SYSTEM32\WINHTTP.dll
0x00007ffc33100000 - 0x00007ffc3316a000 	C:\Windows\system32\mswsock.dll
0x00007ffc0d2b0000 - 0x00007ffc0d2c6000 	C:\Program Files\Java\jdk-17\bin\nio.dll
0x00007ffc15390000 - 0x00007ffc153a0000 	C:\Program Files\Java\jdk-17\bin\verify.dll
0x00007ffc1daf0000 - 0x00007ffc1db17000 	C:\Users\LENOVO\.gradle\native\1def1411415f61bf3af743bc5b6707747c0891f09f0c88961ee8f79bc544acac\windows-amd64\native-platform.dll
0x00007ffc0c9b0000 - 0x00007ffc0ca28000 	C:\Users\LENOVO\.gradle\native\0.2.7\x86_64-windows-gnu\gradle-fileevents.dll
0x00007ffc15280000 - 0x00007ffc1528a000 	C:\Program Files\Java\jdk-17\bin\management.dll
0x00007ffc15130000 - 0x00007ffc1513b000 	C:\Program Files\Java\jdk-17\bin\management_ext.dll
0x00007ffc32df0000 - 0x00007ffc32e2b000 	C:\Windows\SYSTEM32\IPHLPAPI.DLL
0x00007ffc349c0000 - 0x00007ffc349c8000 	C:\Windows\System32\NSI.dll
0x00007ffc2a880000 - 0x00007ffc2a897000 	C:\Windows\SYSTEM32\dhcpcsvc6.DLL
0x00007ffc2b0c0000 - 0x00007ffc2b0dd000 	C:\Windows\SYSTEM32\dhcpcsvc.DLL
0x00007ffc32e30000 - 0x00007ffc32efa000 	C:\Windows\SYSTEM32\DNSAPI.dll
0x00007ffc332f0000 - 0x00007ffc33308000 	C:\Windows\SYSTEM32\CRYPTSP.dll
0x00007ffc32a80000 - 0x00007ffc32ab4000 	C:\Windows\system32\rsaenh.dll
0x00007ffc34270000 - 0x00007ffc34297000 	C:\Windows\System32\bcrypt.dll
0x00007ffc33910000 - 0x00007ffc3393e000 	C:\Windows\SYSTEM32\USERENV.dll
0x00007ffc33310000 - 0x00007ffc3331c000 	C:\Windows\SYSTEM32\CRYPTBASE.dll
0x00007ffc14cd0000 - 0x00007ffc14cde000 	C:\Program Files\Java\jdk-17\bin\sunmscapi.dll
0x00007ffc33a60000 - 0x00007ffc33bb6000 	C:\Windows\System32\CRYPT32.dll
0x00007ffc33410000 - 0x00007ffc33437000 	C:\Windows\SYSTEM32\ncrypt.dll
0x00007ffc333d0000 - 0x00007ffc3340b000 	C:\Windows\SYSTEM32\NTASN1.dll
0x00007ffc15790000 - 0x00007ffc15797000 	C:\Windows\system32\wshunix.dll

dbghelp: loaded successfully - version: 4.0.5 - missing functions: none
symbol engine: initialized successfully - sym options: 0x614 - pdb path: .;C:\Program Files\Java\jdk-17\bin;C:\Windows\SYSTEM32;C:\Windows\WinSxS\amd64_microsoft.windows.common-controls_6595b64144ccf1df_6.0.19041.1110_none_60b5254171f9507e;C:\Program Files\Java\jdk-17\bin\server;C:\Users\LENOVO\.gradle\native\1def1411415f61bf3af743bc5b6707747c0891f09f0c88961ee8f79bc544acac\windows-amd64;C:\Users\LENOVO\.gradle\native\0.2.7\x86_64-windows-gnu

VM Arguments:
jvm_args: --add-opens=java.base/java.lang=ALL-UNNAMED --add-opens=java.base/java.lang.invoke=ALL-UNNAMED --add-opens=java.base/java.util=ALL-UNNAMED --add-opens=java.prefs/java.util.prefs=ALL-UNNAMED --add-exports=jdk.compiler/com.sun.tools.javac.api=ALL-UNNAMED --add-exports=jdk.compiler/com.sun.tools.javac.util=ALL-UNNAMED --add-opens=java.base/java.util=ALL-UNNAMED --add-opens=java.prefs/java.util.prefs=ALL-UNNAMED --add-opens=java.base/java.nio.charset=ALL-UNNAMED --add-opens=java.base/java.net=ALL-UNNAMED --add-opens=java.base/java.util.concurrent.atomic=ALL-UNNAMED --add-opens=java.xml/javax.xml.namespace=ALL-UNNAMED -XX:MaxMetaspaceSize=384m -XX:+HeapDumpOnOutOfMemoryError -Xms256m -Xmx512m -Dfile.encoding=UTF-8 -Duser.country=US -Duser.language=en -Duser.variant -javaagent:C:\Users\LENOVO\.gradle\wrapper\dists\gradle-8.14.3-bin\cv11ve7ro1n3o1j4so8xd9n66\gradle-8.14.3\lib\agents\gradle-instrumentation-agent-8.14.3.jar 
java_command: org.gradle.launcher.daemon.bootstrap.GradleDaemon 8.14.3
java_class_path (initial): C:\Users\LENOVO\.gradle\wrapper\dists\gradle-8.14.3-bin\cv11ve7ro1n3o1j4so8xd9n66\gradle-8.14.3\lib\gradle-daemon-main-8.14.3.jar
Launcher Type: SUN_STANDARD

[Global flags]
     intx CICompilerCount                          = 3                                         {product} {ergonomic}
   size_t CompressedClassSpaceSize                 = 335544320                                 {product} {ergonomic}
     uint ConcGCThreads                            = 1                                         {product} {ergonomic}
     uint G1ConcRefinementThreads                  = 4                                         {product} {ergonomic}
   size_t G1HeapRegionSize                         = 1048576                                   {product} {ergonomic}
    uintx GCDrainStackTargetSize                   = 64                                        {product} {ergonomic}
     bool HeapDumpOnOutOfMemoryError               = true                                   {manageable} {command line}
   size_t InitialHeapSize                          = 268435456                                 {product} {command line}
   size_t MarkStackSize                            = 4194304                                   {product} {ergonomic}
   size_t MaxHeapSize                              = 536870912                                 {product} {command line}
   size_t MaxMetaspaceSize                         = 402653184                                 {product} {command line}
   size_t MaxNewSize                               = 321912832                                 {product} {ergonomic}
   size_t MinHeapDeltaBytes                        = 1048576                                   {product} {ergonomic}
   size_t MinHeapSize                              = 268435456                                 {product} {command line}
    uintx NonNMethodCodeHeapSize                   = 5832780                                {pd product} {ergonomic}
    uintx NonProfiledCodeHeapSize                  = 122912730                              {pd product} {ergonomic}
    uintx ProfiledCodeHeapSize                     = 122912730                              {pd product} {ergonomic}
    uintx ReservedCodeCacheSize                    = 251658240                              {pd product} {ergonomic}
     bool SegmentedCodeCache                       = true                                      {product} {ergonomic}
   size_t SoftMaxHeapSize                          = 536870912                              {manageable} {ergonomic}
     bool UseCompressedClassPointers               = true                           {product lp64_product} {ergonomic}
     bool UseCompressedOops                        = true                           {product lp64_product} {ergonomic}
     bool UseG1GC                                  = true                                      {product} {ergonomic}
     bool UseLargePagesIndividualAllocation        = false                                  {pd product} {ergonomic}

Logging:
Log output configuration:
 #0: stdout all=warning uptime,level,tags
 #1: stderr all=off uptime,level,tags

Environment Variables:
JAVA_HOME=E:\
PATH=C:\Program Files\Common Files\Oracle\Java\javapath;C:\Windows\system32;C:\Windows;C:\Windows\System32\Wbem;C:\Windows\System32\WindowsPowerShell\v1.0\;C:\Windows\System32\OpenSSH\;C:\Program Files\Git\cmd;C:\Program Files\MySQL\MySQL Shell 8.0\bin\;C:\Users\LENOVO\AppData\Local\Microsoft\WindowsApps;C:\Users\LENOVO\AppData\Local\Programs\Microsoft VS Code\bin;E:\IntelliJ IDEA 2025.1.2\bin;
USERNAME=LENOVO
OS=Windows_NT
PROCESSOR_IDENTIFIER=Intel64 Family 6 Model 142 Stepping 10, GenuineIntel



---------------  S Y S T E M  ---------------

OS:
 Windows 10 , 64 bit Build 19041 (10.0.19041.1889)
OS uptime: 0 days 3:54 hours

CPU: total 4 (initial active 4) (2 cores per cpu, 2 threads per core) family 6 model 142 stepping 10 microcode 0xb4, cx8, cmov, fxsr, ht, mmx, 3dnowpref, sse, sse2, sse3, ssse3, sse4.1, sse4.2, popcnt, lzcnt, tsc, tscinvbit, avx, avx2, aes, erms, clmul, bmi1, bmi2, adx, fma, vzeroupper, clflush, clflushopt

Memory: 4k page, system-wide physical 4005M (320M free)
TotalPageFile size 10388M (AvailPageFile size 4M)
current process WorkingSet (physical memory assigned to process): 253M, peak: 272M
current process commit charge ("private bytes"): 432M, peak: 435M

vm_info: Java HotSpot(TM) 64-Bit Server VM (17.0.12+8-LTS-286) for windows-amd64 JRE (17.0.12+8-LTS-286), built on Jun  5 2024 06:46:59 by "mach5one" with MS VC++ 17.6 (VS2022)

END.
