#
# There is insufficient memory for the Java Runtime Environment to continue.
# Native memory allocation (malloc) failed to allocate 946368 bytes for Chunk::new
# Possible reasons:
#   The system is out of physical RAM or swap space
#   The process is running with CompressedOops enabled, and the Java Heap may be blocking the growth of the native heap
# Possible solutions:
#   Reduce memory load on the system
#   Increase physical memory or swap space
#   Check if swap backing store is full
#   Decrease Java heap size (-Xmx/-Xms)
#   Decrease number of Java threads
#   Decrease Java thread stack sizes (-Xss)
#   Set larger code cache with -XX:ReservedCodeCacheSize=
#   JVM is running with Unscaled Compressed Oops mode in which the Java heap is
#     placed in the first 4GB address space. The Java Heap base address is the
#     maximum limit for the native heap growth. Please use -XX:HeapBaseMinAddress
#     to set the Java Heap base and to place the Java Heap above 4GB virtual address.
# This output file may be truncated or incomplete.
#
#  Out of Memory Error (arena.cpp:189), pid=11708, tid=3960
#
# JRE version: Java(TM) SE Runtime Environment (17.0.12+8) (build 17.0.12+8-LTS-286)
# Java VM: Java HotSpot(TM) 64-Bit Server VM (17.0.12+8-LTS-286, mixed mode, sharing, tiered, compressed oops, compressed class ptrs, g1 gc, windows-amd64)
# No core dump will be written. Minidumps are not enabled by default on client versions of Windows
#

---------------  S U M M A R Y ------------

Command Line: --add-opens=java.base/java.lang=ALL-UNNAMED --add-opens=java.base/java.lang.invoke=ALL-UNNAMED --add-opens=java.base/java.util=ALL-UNNAMED --add-opens=java.prefs/java.util.prefs=ALL-UNNAMED --add-exports=jdk.compiler/com.sun.tools.javac.api=ALL-UNNAMED --add-exports=jdk.compiler/com.sun.tools.javac.util=ALL-UNNAMED --add-opens=java.base/java.util=ALL-UNNAMED --add-opens=java.prefs/java.util.prefs=ALL-UNNAMED --add-opens=java.base/java.nio.charset=ALL-UNNAMED --add-opens=java.base/java.net=ALL-UNNAMED --add-opens=java.base/java.util.concurrent.atomic=ALL-UNNAMED --add-opens=java.xml/javax.xml.namespace=ALL-UNNAMED -XX:MaxMetaspaceSize=384m -XX:+HeapDumpOnOutOfMemoryError -Xms256m -Xmx512m -Dfile.encoding=UTF-8 -Duser.country=US -Duser.language=en -Duser.variant -javaagent:C:\Users\LENOVO\.gradle\wrapper\dists\gradle-8.14.3-bin\cv11ve7ro1n3o1j4so8xd9n66\gradle-8.14.3\lib\agents\gradle-instrumentation-agent-8.14.3.jar org.gradle.launcher.daemon.bootstrap.GradleDaemon 8.14.3

Host: Intel(R) Core(TM) i3-7020U CPU @ 2.30GHz, 4 cores, 3G,  Windows 10 , 64 bit Build 19041 (10.0.19041.1889)
Time: Thu Aug 28 23:52:34 2025 SE Asia Standard Time elapsed time: 156.664016 seconds (0d 0h 2m 36s)

---------------  T H R E A D  ---------------

Current thread (0x000002c4e1d82060):  JavaThread "C2 CompilerThread0" daemon [_thread_in_native, id=3960, stack(0x000000ea80800000,0x000000ea80900000)]


Current CompileTask:
C2: 156665 6889       4       sun.reflect.generics.visitor.Reifier::visitClassTypeSignature (381 bytes)

Stack: [0x000000ea80800000,0x000000ea80900000]
Native frames: (J=compiled Java code, j=interpreted, Vv=VM code, C=native code)
V  [jvm.dll+0x67a04a]
V  [jvm.dll+0x7da4ed]
V  [jvm.dll+0x7dbe33]
V  [jvm.dll+0x7dc4a3]
V  [jvm.dll+0x24508f]
V  [jvm.dll+0xab773]
V  [jvm.dll+0xabd3c]
V  [jvm.dll+0x361bee]
V  [jvm.dll+0x32c431]
V  [jvm.dll+0x32b8ca]
V  [jvm.dll+0x21683f]
V  [jvm.dll+0x215c6f]
V  [jvm.dll+0x1a2960]
V  [jvm.dll+0x22610b]
V  [jvm.dll+0x2242ab]
V  [jvm.dll+0x79075c]
V  [jvm.dll+0x78abea]
V  [jvm.dll+0x678f35]
C  [ucrtbase.dll+0x21bb2]
C  [KERNEL32.DLL+0x17034]
C  [ntdll.dll+0x52651]


---------------  P R O C E S S  ---------------

Threads class SMR info:
_java_thread_list=0x000002c4fe786c20, length=58, elements={
0x000002c4c7cf2d60, 0x000002c4e1d64b60, 0x000002c4e1d659e0, 0x000002c4e1d7c720,
0x000002c4e1d7e200, 0x000002c4e1d80ae0, 0x000002c4e1d813b0, 0x000002c4e1d82060,
0x000002c4e1d82a20, 0x000002c4e1deae00, 0x000002c4e1d4d620, 0x000002c4fb128970,
0x000002c4fbd28ea0, 0x000002c4fc57fd90, 0x000002c4fc3e75e0, 0x000002c4fc574a80,
0x000002c4fc574060, 0x000002c4fc5759b0, 0x000002c4fc574570, 0x000002c4fc5754a0,
0x000002c4fc574f90, 0x000002c4fcb78570, 0x000002c4fcb7f4d0, 0x000002c4fcb78a80,
0x000002c4fcb7bd20, 0x000002c4fcb7e5a0, 0x000002c4fcb7c230, 0x000002c4fcb7eab0,
0x000002c4fcb7d670, 0x000002c4fcb7f9e0, 0x000002c4fcb7adf0, 0x000002c4fcb7cc50,
0x000002c4fcb794a0, 0x000002c4fcb799b0, 0x000002c4fcb7b300, 0x000002c4fcb7b810,
0x000002c4fcb7db80, 0x000002c4fcb7a3d0, 0x000002c4fcb7c740, 0x000002c4fcb7a8e0,
0x000002c4fcb7e090, 0x000002c4fcb7d160, 0x000002c4fcb7efc0, 0x000002c4fcb0aea0,
0x000002c4fcb09a60, 0x000002c4fcb076f0, 0x000002c4fcb07c00, 0x000002c4fcb0c7f0,
0x000002c4fcb0d210, 0x000002c4fcb0d720, 0x000002c4fcb0cd00, 0x000002c4fcb08110,
0x000002c4fcb0dc30, 0x000002c4fcb09550, 0x000002c4fcb071e0, 0x000002c4fcb0b8c0,
0x000002c4fcb067c0, 0x000002c4fcb08620
}

Java Threads: ( => current thread )
  0x000002c4c7cf2d60 JavaThread "main" [_thread_blocked, id=7264, stack(0x000000eaffb00000,0x000000eaffc00000)]
  0x000002c4e1d64b60 JavaThread "Reference Handler" daemon [_thread_blocked, id=6680, stack(0x000000ea80200000,0x000000ea80300000)]
  0x000002c4e1d659e0 JavaThread "Finalizer" daemon [_thread_blocked, id=9060, stack(0x000000ea80300000,0x000000ea80400000)]
  0x000002c4e1d7c720 JavaThread "Signal Dispatcher" daemon [_thread_blocked, id=4776, stack(0x000000ea80400000,0x000000ea80500000)]
  0x000002c4e1d7e200 JavaThread "Attach Listener" daemon [_thread_blocked, id=11896, stack(0x000000ea80500000,0x000000ea80600000)]
  0x000002c4e1d80ae0 JavaThread "Service Thread" daemon [_thread_blocked, id=1924, stack(0x000000ea80600000,0x000000ea80700000)]
  0x000002c4e1d813b0 JavaThread "Monitor Deflation Thread" daemon [_thread_blocked, id=5712, stack(0x000000ea80700000,0x000000ea80800000)]
=>0x000002c4e1d82060 JavaThread "C2 CompilerThread0" daemon [_thread_in_native, id=3960, stack(0x000000ea80800000,0x000000ea80900000)]
  0x000002c4e1d82a20 JavaThread "C1 CompilerThread0" daemon [_thread_blocked, id=10720, stack(0x000000ea80900000,0x000000ea80a00000)]
  0x000002c4e1deae00 JavaThread "Sweeper thread" daemon [_thread_blocked, id=3216, stack(0x000000ea80a00000,0x000000ea80b00000)]
  0x000002c4e1d4d620 JavaThread "Common-Cleaner" daemon [_thread_blocked, id=11876, stack(0x000000ea80b00000,0x000000ea80c00000)]
  0x000002c4fb128970 JavaThread "Notification Thread" daemon [_thread_blocked, id=11388, stack(0x000000ea80c00000,0x000000ea80d00000)]
  0x000002c4fbd28ea0 JavaThread "Daemon health stats" [_thread_blocked, id=7624, stack(0x000000ea81100000,0x000000ea81200000)]
  0x000002c4fc57fd90 JavaThread "Incoming local TCP Connector on port 50475" [_thread_in_native, id=7216, stack(0x000000ea81200000,0x000000ea81300000)]
  0x000002c4fc3e75e0 JavaThread "Daemon periodic checks" [_thread_blocked, id=6060, stack(0x000000ea81300000,0x000000ea81400000)]
  0x000002c4fc574a80 JavaThread "Daemon" [_thread_blocked, id=12360, stack(0x000000ea81400000,0x000000ea81500000)]
  0x000002c4fc574060 JavaThread "Handler for socket connection from /127.0.0.1:50475 to /127.0.0.1:50476" [_thread_in_native, id=13152, stack(0x000000ea81500000,0x000000ea81600000)]
  0x000002c4fc5759b0 JavaThread "Cancel handler" [_thread_blocked, id=11248, stack(0x000000ea81600000,0x000000ea81700000)]
  0x000002c4fc574570 JavaThread "Daemon worker" [_thread_in_Java, id=5924, stack(0x000000ea81700000,0x000000ea81800000)]
  0x000002c4fc5754a0 JavaThread "Asynchronous log dispatcher for DefaultDaemonConnection: socket connection from /127.0.0.1:50475 to /127.0.0.1:50476" [_thread_blocked, id=1196, stack(0x000000ea81800000,0x000000ea81900000)]
  0x000002c4fc574f90 JavaThread "Stdin handler" [_thread_blocked, id=9348, stack(0x000000ea81900000,0x000000ea81a00000)]
  0x000002c4fcb78570 JavaThread "Daemon client event forwarder" [_thread_blocked, id=872, stack(0x000000ea81a00000,0x000000ea81b00000)]
  0x000002c4fcb7f4d0 JavaThread "Cache worker for journal cache (C:\Users\LENOVO\.gradle\caches\journal-1)" [_thread_blocked, id=12644, stack(0x000000ea81b00000,0x000000ea81c00000)]
  0x000002c4fcb78a80 JavaThread "File lock request listener" [_thread_in_native, id=4284, stack(0x000000ea81c00000,0x000000ea81d00000)]
  0x000002c4fcb7bd20 JavaThread "Cache worker for file hash cache (C:\Users\LENOVO\.gradle\caches\8.14.3\fileHashes)" [_thread_blocked, id=12372, stack(0x000000ea81d00000,0x000000ea81e00000)]
  0x000002c4fcb7e5a0 JavaThread "File lock release action executor" [_thread_blocked, id=6960, stack(0x000000ea81e00000,0x000000ea81f00000)]
  0x000002c4fcb7c230 JavaThread "Cache worker for file hash cache (E:\TKWeb\TPLUS-JV250321_BuiDucLinh_MD5_Project\ra\.gradle\8.14.3\fileHashes)" [_thread_blocked, id=580, stack(0x000000ea82100000,0x000000ea82200000)]
  0x000002c4fcb7eab0 JavaThread "Cache worker for Build Output Cleanup Cache (E:\TKWeb\TPLUS-JV250321_BuiDucLinh_MD5_Project\ra\.gradle\buildOutputCleanup)" [_thread_blocked, id=2384, stack(0x000000ea82200000,0x000000ea82300000)]
  0x000002c4fcb7d670 JavaThread "File watcher server" daemon [_thread_in_native, id=4412, stack(0x000000ea82300000,0x000000ea82400000)]
  0x000002c4fcb7f9e0 JavaThread "File watcher consumer" daemon [_thread_blocked, id=7464, stack(0x000000ea82400000,0x000000ea82500000)]
  0x000002c4fcb7adf0 JavaThread "jar transforms" [_thread_blocked, id=13096, stack(0x000000ea82500000,0x000000ea82600000)]
  0x000002c4fcb7cc50 JavaThread "jar transforms Thread 2" [_thread_blocked, id=4356, stack(0x000000ea82600000,0x000000ea82700000)]
  0x000002c4fcb794a0 JavaThread "File lock release action executor Thread 2" [_thread_blocked, id=10532, stack(0x000000ea82700000,0x000000ea82800000)]
  0x000002c4fcb799b0 JavaThread "Cache worker for checksums cache (E:\TKWeb\TPLUS-JV250321_BuiDucLinh_MD5_Project\ra\.gradle\8.14.3\checksums)" [_thread_blocked, id=9608, stack(0x000000ea82800000,0x000000ea82900000)]
  0x000002c4fcb7b300 JavaThread "Cache worker for file content cache (C:\Users\LENOVO\.gradle\caches\8.14.3\fileContent)" [_thread_blocked, id=11364, stack(0x000000ea82900000,0x000000ea82a00000)]
  0x000002c4fcb7b810 JavaThread "jar transforms Thread 3" [_thread_blocked, id=8064, stack(0x000000ea82a00000,0x000000ea82b00000)]
  0x000002c4fcb7db80 JavaThread "Cache worker for cache directory md-supplier (C:\Users\LENOVO\.gradle\caches\8.14.3\md-supplier)" [_thread_blocked, id=11724, stack(0x000000ea82b00000,0x000000ea82c00000)]
  0x000002c4fcb7a3d0 JavaThread "Cache worker for cache directory md-rule (C:\Users\LENOVO\.gradle\caches\8.14.3\md-rule)" [_thread_blocked, id=10412, stack(0x000000ea82c00000,0x000000ea82d00000)]
  0x000002c4fcb7c740 JavaThread "Unconstrained build operations" [_thread_blocked, id=5476, stack(0x000000ea82d00000,0x000000ea82e00000)]
  0x000002c4fcb7a8e0 JavaThread "Unconstrained build operations Thread 2" [_thread_blocked, id=4460, stack(0x000000ea82e00000,0x000000ea82f00000)]
  0x000002c4fcb7e090 JavaThread "Unconstrained build operations Thread 3" [_thread_blocked, id=224, stack(0x000000ea82f00000,0x000000ea83000000)]
  0x000002c4fcb7d160 JavaThread "Unconstrained build operations Thread 4" [_thread_blocked, id=4656, stack(0x000000ea83000000,0x000000ea83100000)]
  0x000002c4fcb7efc0 JavaThread "Unconstrained build operations Thread 5" [_thread_blocked, id=3188, stack(0x000000ea83100000,0x000000ea83200000)]
  0x000002c4fcb0aea0 JavaThread "Unconstrained build operations Thread 6" [_thread_blocked, id=13268, stack(0x000000ea83200000,0x000000ea83300000)]
  0x000002c4fcb09a60 JavaThread "jar transforms Thread 4" [_thread_blocked, id=12356, stack(0x000000ea83300000,0x000000ea83400000)]
  0x000002c4fcb076f0 JavaThread "Unconstrained build operations Thread 7" [_thread_blocked, id=2096, stack(0x000000ea83400000,0x000000ea83500000)]
  0x000002c4fcb07c00 JavaThread "Unconstrained build operations Thread 8" [_thread_blocked, id=12580, stack(0x000000ea83500000,0x000000ea83600000)]
  0x000002c4fcb0c7f0 JavaThread "Unconstrained build operations Thread 9" [_thread_blocked, id=524, stack(0x000000ea83600000,0x000000ea83700000)]
  0x000002c4fcb0d210 JavaThread "Unconstrained build operations Thread 10" [_thread_blocked, id=7604, stack(0x000000ea81f00000,0x000000ea82000000)]
  0x000002c4fcb0d720 JavaThread "Unconstrained build operations Thread 11" [_thread_blocked, id=4932, stack(0x000000ea83700000,0x000000ea83800000)]
  0x000002c4fcb0cd00 JavaThread "Unconstrained build operations Thread 12" [_thread_blocked, id=1516, stack(0x000000ea83800000,0x000000ea83900000)]
  0x000002c4fcb08110 JavaThread "Unconstrained build operations Thread 13" [_thread_blocked, id=4160, stack(0x000000ea83900000,0x000000ea83a00000)]
  0x000002c4fcb0dc30 JavaThread "Unconstrained build operations Thread 14" [_thread_blocked, id=2840, stack(0x000000ea83a00000,0x000000ea83b00000)]
  0x000002c4fcb09550 JavaThread "Unconstrained build operations Thread 15" [_thread_blocked, id=9664, stack(0x000000ea83b00000,0x000000ea83c00000)]
  0x000002c4fcb071e0 JavaThread "Unconstrained build operations Thread 16" [_thread_blocked, id=6824, stack(0x000000ea83c00000,0x000000ea83d00000)]
  0x000002c4fcb0b8c0 JavaThread "Unconstrained build operations Thread 17" [_thread_blocked, id=1264, stack(0x000000ea83d00000,0x000000ea83e00000)]
  0x000002c4fcb067c0 JavaThread "Unconstrained build operations Thread 18" [_thread_blocked, id=6516, stack(0x000000ea83e00000,0x000000ea83f00000)]
  0x000002c4fcb08620 JavaThread "Memory manager" [_thread_blocked, id=4396, stack(0x000000ea83f00000,0x000000ea84000000)]

Other Threads:
  0x000002c4e1d5daf0 VMThread "VM Thread" [stack: 0x000000ea80100000,0x000000ea80200000] [id=8564]
  0x000002c4c7cf3b30 WatcherThread [stack: 0x000000ea80d00000,0x000000ea80e00000] [id=3180]
  0x000002c4c7d1ee60 GCTaskThread "GC Thread#0" [stack: 0x000000eaffc00000,0x000000eaffd00000] [id=1524]
  0x000002c4fb0636f0 GCTaskThread "GC Thread#1" [stack: 0x000000ea80e00000,0x000000ea80f00000] [id=8220]
  0x000002c4fb0639b0 GCTaskThread "GC Thread#2" [stack: 0x000000ea80f00000,0x000000ea81000000] [id=7700]
  0x000002c4fb063c70 GCTaskThread "GC Thread#3" [stack: 0x000000ea81000000,0x000000ea81100000] [id=684]
  0x000002c4c7d23db0 ConcurrentGCThread "G1 Main Marker" [stack: 0x000000eaffd00000,0x000000eaffe00000] [id=5536]
  0x000002c4c7d247c0 ConcurrentGCThread "G1 Conc#0" [stack: 0x000000eaffe00000,0x000000eafff00000] [id=9064]
  0x000002c4c7dce120 ConcurrentGCThread "G1 Refine#0" [stack: 0x000000eafff00000,0x000000eb00000000] [id=11552]
  0x000002c4c7dceb50 ConcurrentGCThread "G1 Service" [stack: 0x000000ea80000000,0x000000ea80100000] [id=2488]

Threads with active compile tasks:
C2 CompilerThread0   156809 6889       4       sun.reflect.generics.visitor.Reifier::visitClassTypeSignature (381 bytes)

VM state: not at safepoint (normal execution)

VM Mutex/Monitor currently owned by a thread: None

Heap address: 0x00000000e0000000, size: 512 MB, Compressed Oops mode: 32-bit

CDS archive(s) mapped at: [0x000002c4e2000000-0x000002c4e2bd0000-0x000002c4e2bd0000), size 12386304, SharedBaseAddress: 0x000002c4e2000000, ArchiveRelocationMode: 1.
Compressed class space mapped at: 0x000002c4e3000000-0x000002c4f7000000, reserved size: 335544320
Narrow klass base: 0x000002c4e2000000, Narrow klass shift: 0, Narrow klass range: 0x100000000

GC Precious Log:
 CPUs: 4 total, 4 available
 Memory: 4005M
 Large Page Support: Disabled
 NUMA Support: Disabled
 Compressed Oops: Enabled (32-bit)
 Heap Region Size: 1M
 Heap Min Capacity: 256M
 Heap Initial Capacity: 256M
 Heap Max Capacity: 512M
 Pre-touch: Disabled
 Parallel Workers: 4
 Concurrent Workers: 1
 Concurrent Refinement Workers: 4
 Periodic GC: Disabled

Heap:
 garbage-first heap   total 262144K, used 154116K [0x00000000e0000000, 0x0000000100000000)
  region size 1024K, 117 young (119808K), 2 survivors (2048K)
 Metaspace       used 53157K, committed 53760K, reserved 393216K
  class space    used 7502K, committed 7744K, reserved 327680K

Heap Regions: E=young(eden), S=young(survivor), O=old, HS=humongous(starts), HC=humongous(continues), CS=collection set, F=free, OA=open archive, CA=closed archive, TAMS=top-at-mark-start (previous, next)
|   0|0x00000000e0000000, 0x00000000e0100000, 0x00000000e0100000|100%|HS|  |TAMS 0x00000000e0100000, 0x00000000e0000000| Complete 
|   1|0x00000000e0100000, 0x00000000e0200000, 0x00000000e0200000|100%|HC|  |TAMS 0x00000000e0200000, 0x00000000e0100000| Complete 
|   2|0x00000000e0200000, 0x00000000e0300000, 0x00000000e0300000|100%|HC|  |TAMS 0x00000000e0300000, 0x00000000e0200000| Complete 
|   3|0x00000000e0300000, 0x00000000e0400000, 0x00000000e0400000|100%| O|  |TAMS 0x00000000e0400000, 0x00000000e0300000| Untracked 
|   4|0x00000000e0400000, 0x00000000e0500000, 0x00000000e0500000|100%| O|  |TAMS 0x00000000e0500000, 0x00000000e0400000| Untracked 
|   5|0x00000000e0500000, 0x00000000e0600000, 0x00000000e0600000|100%| O|  |TAMS 0x00000000e0600000, 0x00000000e0500000| Untracked 
|   6|0x00000000e0600000, 0x00000000e0700000, 0x00000000e0700000|100%| O|  |TAMS 0x00000000e0700000, 0x00000000e0600000| Untracked 
|   7|0x00000000e0700000, 0x00000000e0800000, 0x00000000e0800000|100%|HS|  |TAMS 0x00000000e0800000, 0x00000000e0700000| Complete 
|   8|0x00000000e0800000, 0x00000000e0900000, 0x00000000e0900000|100%| O|  |TAMS 0x00000000e0900000, 0x00000000e0800000| Untracked 
|   9|0x00000000e0900000, 0x00000000e0a00000, 0x00000000e0a00000|100%| O|  |TAMS 0x00000000e0a00000, 0x00000000e0900000| Untracked 
|  10|0x00000000e0a00000, 0x00000000e0b00000, 0x00000000e0b00000|100%| O|  |TAMS 0x00000000e0b00000, 0x00000000e0a00000| Untracked 
|  11|0x00000000e0b00000, 0x00000000e0c00000, 0x00000000e0c00000|100%| O|  |TAMS 0x00000000e0c00000, 0x00000000e0b00000| Untracked 
|  12|0x00000000e0c00000, 0x00000000e0d00000, 0x00000000e0d00000|100%| O|  |TAMS 0x00000000e0d00000, 0x00000000e0c00000| Untracked 
|  13|0x00000000e0d00000, 0x00000000e0e00000, 0x00000000e0e00000|100%| O|  |TAMS 0x00000000e0e00000, 0x00000000e0d00000| Untracked 
|  14|0x00000000e0e00000, 0x00000000e0f00000, 0x00000000e0f00000|100%| O|  |TAMS 0x00000000e0e00000, 0x00000000e0e00000| Untracked 
|  15|0x00000000e0f00000, 0x00000000e1000000, 0x00000000e1000000|100%| O|  |TAMS 0x00000000e1000000, 0x00000000e0f00000| Untracked 
|  16|0x00000000e1000000, 0x00000000e1100000, 0x00000000e1100000|100%| O|  |TAMS 0x00000000e1100000, 0x00000000e1000000| Untracked 
|  17|0x00000000e1100000, 0x00000000e1200000, 0x00000000e1200000|100%| O|  |TAMS 0x00000000e1200000, 0x00000000e1100000| Untracked 
|  18|0x00000000e1200000, 0x00000000e1300000, 0x00000000e1300000|100%| O|  |TAMS 0x00000000e1300000, 0x00000000e1200000| Untracked 
|  19|0x00000000e1300000, 0x00000000e1400000, 0x00000000e1400000|100%|HS|  |TAMS 0x00000000e1300000, 0x00000000e1300000| Complete 
|  20|0x00000000e1400000, 0x00000000e1500000, 0x00000000e1500000|100%| O|  |TAMS 0x00000000e1500000, 0x00000000e1400000| Untracked 
|  21|0x00000000e1500000, 0x00000000e1600000, 0x00000000e1600000|100%| O|  |TAMS 0x00000000e1600000, 0x00000000e1500000| Untracked 
|  22|0x00000000e1600000, 0x00000000e1700000, 0x00000000e1700000|100%| O|  |TAMS 0x00000000e1700000, 0x00000000e1600000| Untracked 
|  23|0x00000000e1700000, 0x00000000e1800000, 0x00000000e1800000|100%| O|  |TAMS 0x00000000e1800000, 0x00000000e1700000| Untracked 
|  24|0x00000000e1800000, 0x00000000e1900000, 0x00000000e1900000|100%| O|  |TAMS 0x00000000e1900000, 0x00000000e1800000| Untracked 
|  25|0x00000000e1900000, 0x00000000e1a00000, 0x00000000e1a00000|100%| O|  |TAMS 0x00000000e1a00000, 0x00000000e1900000| Untracked 
|  26|0x00000000e1a00000, 0x00000000e1b00000, 0x00000000e1b00000|100%| O|  |TAMS 0x00000000e1aa0000, 0x00000000e1a00000| Untracked 
|  27|0x00000000e1b00000, 0x00000000e1c00000, 0x00000000e1c00000|100%| O|  |TAMS 0x00000000e1b00000, 0x00000000e1b00000| Untracked 
|  28|0x00000000e1c00000, 0x00000000e1d00000, 0x00000000e1d00000|100%| O|  |TAMS 0x00000000e1c00000, 0x00000000e1c00000| Untracked 
|  29|0x00000000e1d00000, 0x00000000e1e00000, 0x00000000e1e00000|100%| O|  |TAMS 0x00000000e1d00000, 0x00000000e1d00000| Untracked 
|  30|0x00000000e1e00000, 0x00000000e1f00000, 0x00000000e1f00000|100%| O|  |TAMS 0x00000000e1e00000, 0x00000000e1e00000| Untracked 
|  31|0x00000000e1f00000, 0x00000000e2000000, 0x00000000e2000000|100%| O|  |TAMS 0x00000000e1f00000, 0x00000000e1f00000| Untracked 
|  32|0x00000000e2000000, 0x00000000e2100000, 0x00000000e2100000|100%| O|  |TAMS 0x00000000e2000000, 0x00000000e2000000| Untracked 
|  33|0x00000000e2100000, 0x00000000e2200000, 0x00000000e2200000|100%| O|  |TAMS 0x00000000e2100000, 0x00000000e2100000| Untracked 
|  34|0x00000000e2200000, 0x00000000e2300000, 0x00000000e2300000|100%| O|  |TAMS 0x00000000e2200000, 0x00000000e2200000| Untracked 
|  35|0x00000000e2300000, 0x00000000e232b800, 0x00000000e2400000| 16%| O|  |TAMS 0x00000000e2300000, 0x00000000e2300000| Untracked 
|  36|0x00000000e2400000, 0x00000000e2500000, 0x00000000e2500000|100%|HS|  |TAMS 0x00000000e2400000, 0x00000000e2400000| Complete 
|  37|0x00000000e2500000, 0x00000000e2500000, 0x00000000e2600000|  0%| F|  |TAMS 0x00000000e2500000, 0x00000000e2500000| Untracked 
|  38|0x00000000e2600000, 0x00000000e2600000, 0x00000000e2700000|  0%| F|  |TAMS 0x00000000e2600000, 0x00000000e2600000| Untracked 
|  39|0x00000000e2700000, 0x00000000e2700000, 0x00000000e2800000|  0%| F|  |TAMS 0x00000000e2700000, 0x00000000e2700000| Untracked 
|  40|0x00000000e2800000, 0x00000000e2800000, 0x00000000e2900000|  0%| F|  |TAMS 0x00000000e2800000, 0x00000000e2800000| Untracked 
|  41|0x00000000e2900000, 0x00000000e2900000, 0x00000000e2a00000|  0%| F|  |TAMS 0x00000000e2900000, 0x00000000e2900000| Untracked 
|  42|0x00000000e2a00000, 0x00000000e2a00000, 0x00000000e2b00000|  0%| F|  |TAMS 0x00000000e2a00000, 0x00000000e2a00000| Untracked 
|  43|0x00000000e2b00000, 0x00000000e2b00000, 0x00000000e2c00000|  0%| F|  |TAMS 0x00000000e2b00000, 0x00000000e2b00000| Untracked 
|  44|0x00000000e2c00000, 0x00000000e2c00000, 0x00000000e2d00000|  0%| F|  |TAMS 0x00000000e2c00000, 0x00000000e2c00000| Untracked 
|  45|0x00000000e2d00000, 0x00000000e2d00000, 0x00000000e2e00000|  0%| F|  |TAMS 0x00000000e2d00000, 0x00000000e2d00000| Untracked 
|  46|0x00000000e2e00000, 0x00000000e2e00000, 0x00000000e2f00000|  0%| F|  |TAMS 0x00000000e2e00000, 0x00000000e2e00000| Untracked 
|  47|0x00000000e2f00000, 0x00000000e2f00000, 0x00000000e3000000|  0%| F|  |TAMS 0x00000000e2f00000, 0x00000000e2f00000| Untracked 
|  48|0x00000000e3000000, 0x00000000e3000000, 0x00000000e3100000|  0%| F|  |TAMS 0x00000000e3000000, 0x00000000e3000000| Untracked 
|  49|0x00000000e3100000, 0x00000000e3100000, 0x00000000e3200000|  0%| F|  |TAMS 0x00000000e3100000, 0x00000000e3100000| Untracked 
|  50|0x00000000e3200000, 0x00000000e3200000, 0x00000000e3300000|  0%| F|  |TAMS 0x00000000e3200000, 0x00000000e3200000| Untracked 
|  51|0x00000000e3300000, 0x00000000e3300000, 0x00000000e3400000|  0%| F|  |TAMS 0x00000000e3300000, 0x00000000e3300000| Untracked 
|  52|0x00000000e3400000, 0x00000000e3400000, 0x00000000e3500000|  0%| F|  |TAMS 0x00000000e3400000, 0x00000000e3400000| Untracked 
|  53|0x00000000e3500000, 0x00000000e3500000, 0x00000000e3600000|  0%| F|  |TAMS 0x00000000e3500000, 0x00000000e3500000| Untracked 
|  54|0x00000000e3600000, 0x00000000e3600000, 0x00000000e3700000|  0%| F|  |TAMS 0x00000000e3600000, 0x00000000e3600000| Untracked 
|  55|0x00000000e3700000, 0x00000000e3700000, 0x00000000e3800000|  0%| F|  |TAMS 0x00000000e3700000, 0x00000000e3700000| Untracked 
|  56|0x00000000e3800000, 0x00000000e3800000, 0x00000000e3900000|  0%| F|  |TAMS 0x00000000e3800000, 0x00000000e3800000| Untracked 
|  57|0x00000000e3900000, 0x00000000e3900000, 0x00000000e3a00000|  0%| F|  |TAMS 0x00000000e3900000, 0x00000000e3900000| Untracked 
|  58|0x00000000e3a00000, 0x00000000e3a00000, 0x00000000e3b00000|  0%| F|  |TAMS 0x00000000e3a00000, 0x00000000e3a00000| Untracked 
|  59|0x00000000e3b00000, 0x00000000e3b00000, 0x00000000e3c00000|  0%| F|  |TAMS 0x00000000e3b00000, 0x00000000e3b00000| Untracked 
|  60|0x00000000e3c00000, 0x00000000e3c00000, 0x00000000e3d00000|  0%| F|  |TAMS 0x00000000e3c00000, 0x00000000e3c00000| Untracked 
|  61|0x00000000e3d00000, 0x00000000e3d00000, 0x00000000e3e00000|  0%| F|  |TAMS 0x00000000e3d00000, 0x00000000e3d00000| Untracked 
|  62|0x00000000e3e00000, 0x00000000e3e00000, 0x00000000e3f00000|  0%| F|  |TAMS 0x00000000e3e00000, 0x00000000e3e00000| Untracked 
|  63|0x00000000e3f00000, 0x00000000e3f00000, 0x00000000e4000000|  0%| F|  |TAMS 0x00000000e3f00000, 0x00000000e3f00000| Untracked 
|  64|0x00000000e4000000, 0x00000000e4000000, 0x00000000e4100000|  0%| F|  |TAMS 0x00000000e4000000, 0x00000000e4000000| Untracked 
|  65|0x00000000e4100000, 0x00000000e4100000, 0x00000000e4200000|  0%| F|  |TAMS 0x00000000e4100000, 0x00000000e4100000| Untracked 
|  66|0x00000000e4200000, 0x00000000e4200000, 0x00000000e4300000|  0%| F|  |TAMS 0x00000000e4200000, 0x00000000e4200000| Untracked 
|  67|0x00000000e4300000, 0x00000000e4300000, 0x00000000e4400000|  0%| F|  |TAMS 0x00000000e4300000, 0x00000000e4300000| Untracked 
|  68|0x00000000e4400000, 0x00000000e4400000, 0x00000000e4500000|  0%| F|  |TAMS 0x00000000e4400000, 0x00000000e4400000| Untracked 
|  69|0x00000000e4500000, 0x00000000e4500000, 0x00000000e4600000|  0%| F|  |TAMS 0x00000000e4500000, 0x00000000e4500000| Untracked 
|  70|0x00000000e4600000, 0x00000000e4600000, 0x00000000e4700000|  0%| F|  |TAMS 0x00000000e4600000, 0x00000000e4600000| Untracked 
|  71|0x00000000e4700000, 0x00000000e4700000, 0x00000000e4800000|  0%| F|  |TAMS 0x00000000e4700000, 0x00000000e4700000| Untracked 
|  72|0x00000000e4800000, 0x00000000e4800000, 0x00000000e4900000|  0%| F|  |TAMS 0x00000000e4800000, 0x00000000e4800000| Untracked 
|  73|0x00000000e4900000, 0x00000000e4900000, 0x00000000e4a00000|  0%| F|  |TAMS 0x00000000e4900000, 0x00000000e4900000| Untracked 
|  74|0x00000000e4a00000, 0x00000000e4a00000, 0x00000000e4b00000|  0%| F|  |TAMS 0x00000000e4a00000, 0x00000000e4a00000| Untracked 
|  75|0x00000000e4b00000, 0x00000000e4b00000, 0x00000000e4c00000|  0%| F|  |TAMS 0x00000000e4b00000, 0x00000000e4b00000| Untracked 
|  76|0x00000000e4c00000, 0x00000000e4c00000, 0x00000000e4d00000|  0%| F|  |TAMS 0x00000000e4c00000, 0x00000000e4c00000| Untracked 
|  77|0x00000000e4d00000, 0x00000000e4d00000, 0x00000000e4e00000|  0%| F|  |TAMS 0x00000000e4d00000, 0x00000000e4d00000| Untracked 
|  78|0x00000000e4e00000, 0x00000000e4e00000, 0x00000000e4f00000|  0%| F|  |TAMS 0x00000000e4e00000, 0x00000000e4e00000| Untracked 
|  79|0x00000000e4f00000, 0x00000000e4f00000, 0x00000000e5000000|  0%| F|  |TAMS 0x00000000e4f00000, 0x00000000e4f00000| Untracked 
|  80|0x00000000e5000000, 0x00000000e5000000, 0x00000000e5100000|  0%| F|  |TAMS 0x00000000e5000000, 0x00000000e5000000| Untracked 
|  81|0x00000000e5100000, 0x00000000e5100000, 0x00000000e5200000|  0%| F|  |TAMS 0x00000000e5100000, 0x00000000e5100000| Untracked 
|  82|0x00000000e5200000, 0x00000000e5200000, 0x00000000e5300000|  0%| F|  |TAMS 0x00000000e5200000, 0x00000000e5200000| Untracked 
|  83|0x00000000e5300000, 0x00000000e5300000, 0x00000000e5400000|  0%| F|  |TAMS 0x00000000e5300000, 0x00000000e5300000| Untracked 
|  84|0x00000000e5400000, 0x00000000e5400000, 0x00000000e5500000|  0%| F|  |TAMS 0x00000000e5400000, 0x00000000e5400000| Untracked 
|  85|0x00000000e5500000, 0x00000000e5500000, 0x00000000e5600000|  0%| F|  |TAMS 0x00000000e5500000, 0x00000000e5500000| Untracked 
|  86|0x00000000e5600000, 0x00000000e5600000, 0x00000000e5700000|  0%| F|  |TAMS 0x00000000e5600000, 0x00000000e5600000| Untracked 
|  87|0x00000000e5700000, 0x00000000e5700000, 0x00000000e5800000|  0%| F|  |TAMS 0x00000000e5700000, 0x00000000e5700000| Untracked 
|  88|0x00000000e5800000, 0x00000000e5800000, 0x00000000e5900000|  0%| F|  |TAMS 0x00000000e5800000, 0x00000000e5800000| Untracked 
|  89|0x00000000e5900000, 0x00000000e5900000, 0x00000000e5a00000|  0%| F|  |TAMS 0x00000000e5900000, 0x00000000e5900000| Untracked 
|  90|0x00000000e5a00000, 0x00000000e5a00000, 0x00000000e5b00000|  0%| F|  |TAMS 0x00000000e5a00000, 0x00000000e5a00000| Untracked 
|  91|0x00000000e5b00000, 0x00000000e5b00000, 0x00000000e5c00000|  0%| F|  |TAMS 0x00000000e5b00000, 0x00000000e5b00000| Untracked 
|  92|0x00000000e5c00000, 0x00000000e5c00000, 0x00000000e5d00000|  0%| F|  |TAMS 0x00000000e5c00000, 0x00000000e5c00000| Untracked 
|  93|0x00000000e5d00000, 0x00000000e5d00000, 0x00000000e5e00000|  0%| F|  |TAMS 0x00000000e5d00000, 0x00000000e5d00000| Untracked 
|  94|0x00000000e5e00000, 0x00000000e5e00000, 0x00000000e5f00000|  0%| F|  |TAMS 0x00000000e5e00000, 0x00000000e5e00000| Untracked 
|  95|0x00000000e5f00000, 0x00000000e5f00000, 0x00000000e6000000|  0%| F|  |TAMS 0x00000000e5f00000, 0x00000000e5f00000| Untracked 
|  96|0x00000000e6000000, 0x00000000e6000000, 0x00000000e6100000|  0%| F|  |TAMS 0x00000000e6000000, 0x00000000e6000000| Untracked 
|  97|0x00000000e6100000, 0x00000000e6100000, 0x00000000e6200000|  0%| F|  |TAMS 0x00000000e6100000, 0x00000000e6100000| Untracked 
|  98|0x00000000e6200000, 0x00000000e6200000, 0x00000000e6300000|  0%| F|  |TAMS 0x00000000e6200000, 0x00000000e6200000| Untracked 
|  99|0x00000000e6300000, 0x00000000e6300000, 0x00000000e6400000|  0%| F|  |TAMS 0x00000000e6300000, 0x00000000e6300000| Untracked 
| 100|0x00000000e6400000, 0x00000000e6400000, 0x00000000e6500000|  0%| F|  |TAMS 0x00000000e6400000, 0x00000000e6400000| Untracked 
| 101|0x00000000e6500000, 0x00000000e6500000, 0x00000000e6600000|  0%| F|  |TAMS 0x00000000e6500000, 0x00000000e6500000| Untracked 
| 102|0x00000000e6600000, 0x00000000e6600000, 0x00000000e6700000|  0%| F|  |TAMS 0x00000000e6600000, 0x00000000e6600000| Untracked 
| 103|0x00000000e6700000, 0x00000000e6700000, 0x00000000e6800000|  0%| F|  |TAMS 0x00000000e6700000, 0x00000000e6700000| Untracked 
| 104|0x00000000e6800000, 0x00000000e6800000, 0x00000000e6900000|  0%| F|  |TAMS 0x00000000e6800000, 0x00000000e6800000| Untracked 
| 105|0x00000000e6900000, 0x00000000e6900000, 0x00000000e6a00000|  0%| F|  |TAMS 0x00000000e6900000, 0x00000000e6900000| Untracked 
| 106|0x00000000e6a00000, 0x00000000e6a00000, 0x00000000e6b00000|  0%| F|  |TAMS 0x00000000e6a00000, 0x00000000e6a00000| Untracked 
| 107|0x00000000e6b00000, 0x00000000e6b00000, 0x00000000e6c00000|  0%| F|  |TAMS 0x00000000e6b00000, 0x00000000e6b00000| Untracked 
| 108|0x00000000e6c00000, 0x00000000e6c00000, 0x00000000e6d00000|  0%| F|  |TAMS 0x00000000e6c00000, 0x00000000e6c00000| Untracked 
| 109|0x00000000e6d00000, 0x00000000e6d00000, 0x00000000e6e00000|  0%| F|  |TAMS 0x00000000e6d00000, 0x00000000e6d00000| Untracked 
| 110|0x00000000e6e00000, 0x00000000e6e00000, 0x00000000e6f00000|  0%| F|  |TAMS 0x00000000e6e00000, 0x00000000e6e00000| Untracked 
| 111|0x00000000e6f00000, 0x00000000e6f00000, 0x00000000e7000000|  0%| F|  |TAMS 0x00000000e6f00000, 0x00000000e6f00000| Untracked 
| 112|0x00000000e7000000, 0x00000000e7000000, 0x00000000e7100000|  0%| F|  |TAMS 0x00000000e7000000, 0x00000000e7000000| Untracked 
| 113|0x00000000e7100000, 0x00000000e7100000, 0x00000000e7200000|  0%| F|  |TAMS 0x00000000e7100000, 0x00000000e7100000| Untracked 
| 114|0x00000000e7200000, 0x00000000e7200000, 0x00000000e7300000|  0%| F|  |TAMS 0x00000000e7200000, 0x00000000e7200000| Untracked 
| 115|0x00000000e7300000, 0x00000000e7300000, 0x00000000e7400000|  0%| F|  |TAMS 0x00000000e7300000, 0x00000000e7300000| Untracked 
| 116|0x00000000e7400000, 0x00000000e7400000, 0x00000000e7500000|  0%| F|  |TAMS 0x00000000e7400000, 0x00000000e7400000| Untracked 
| 117|0x00000000e7500000, 0x00000000e7500000, 0x00000000e7600000|  0%| F|  |TAMS 0x00000000e7500000, 0x00000000e7500000| Untracked 
| 118|0x00000000e7600000, 0x00000000e7600000, 0x00000000e7700000|  0%| F|  |TAMS 0x00000000e7600000, 0x00000000e7600000| Untracked 
| 119|0x00000000e7700000, 0x00000000e7700000, 0x00000000e7800000|  0%| F|  |TAMS 0x00000000e7700000, 0x00000000e7700000| Untracked 
| 120|0x00000000e7800000, 0x00000000e7800000, 0x00000000e7900000|  0%| F|  |TAMS 0x00000000e7800000, 0x00000000e7800000| Untracked 
| 121|0x00000000e7900000, 0x00000000e7900000, 0x00000000e7a00000|  0%| F|  |TAMS 0x00000000e7900000, 0x00000000e7900000| Untracked 
| 122|0x00000000e7a00000, 0x00000000e7a00000, 0x00000000e7b00000|  0%| F|  |TAMS 0x00000000e7a00000, 0x00000000e7a00000| Untracked 
| 123|0x00000000e7b00000, 0x00000000e7b00000, 0x00000000e7c00000|  0%| F|  |TAMS 0x00000000e7b00000, 0x00000000e7b00000| Untracked 
| 124|0x00000000e7c00000, 0x00000000e7c00000, 0x00000000e7d00000|  0%| F|  |TAMS 0x00000000e7c00000, 0x00000000e7c00000| Untracked 
| 125|0x00000000e7d00000, 0x00000000e7d00000, 0x00000000e7e00000|  0%| F|  |TAMS 0x00000000e7d00000, 0x00000000e7d00000| Untracked 
| 126|0x00000000e7e00000, 0x00000000e7e00000, 0x00000000e7f00000|  0%| F|  |TAMS 0x00000000e7e00000, 0x00000000e7e00000| Untracked 
| 127|0x00000000e7f00000, 0x00000000e7f00000, 0x00000000e8000000|  0%| F|  |TAMS 0x00000000e7f00000, 0x00000000e7f00000| Untracked 
| 128|0x00000000e8000000, 0x00000000e8000000, 0x00000000e8100000|  0%| F|  |TAMS 0x00000000e8000000, 0x00000000e8000000| Untracked 
| 129|0x00000000e8100000, 0x00000000e8100000, 0x00000000e8200000|  0%| F|  |TAMS 0x00000000e8100000, 0x00000000e8100000| Untracked 
| 130|0x00000000e8200000, 0x00000000e8200000, 0x00000000e8300000|  0%| F|  |TAMS 0x00000000e8200000, 0x00000000e8200000| Untracked 
| 131|0x00000000e8300000, 0x00000000e8300000, 0x00000000e8400000|  0%| F|  |TAMS 0x00000000e8300000, 0x00000000e8300000| Untracked 
| 132|0x00000000e8400000, 0x00000000e8400000, 0x00000000e8500000|  0%| F|  |TAMS 0x00000000e8400000, 0x00000000e8400000| Untracked 
| 133|0x00000000e8500000, 0x00000000e8500000, 0x00000000e8600000|  0%| F|  |TAMS 0x00000000e8500000, 0x00000000e8500000| Untracked 
| 134|0x00000000e8600000, 0x00000000e8600000, 0x00000000e8700000|  0%| F|  |TAMS 0x00000000e8600000, 0x00000000e8600000| Untracked 
| 135|0x00000000e8700000, 0x00000000e8700000, 0x00000000e8800000|  0%| F|  |TAMS 0x00000000e8700000, 0x00000000e8700000| Untracked 
| 136|0x00000000e8800000, 0x00000000e8800000, 0x00000000e8900000|  0%| F|  |TAMS 0x00000000e8800000, 0x00000000e8800000| Untracked 
| 137|0x00000000e8900000, 0x00000000e8900000, 0x00000000e8a00000|  0%| F|  |TAMS 0x00000000e8900000, 0x00000000e8900000| Untracked 
| 138|0x00000000e8a00000, 0x00000000e8a00000, 0x00000000e8b00000|  0%| F|  |TAMS 0x00000000e8a00000, 0x00000000e8a00000| Untracked 
| 139|0x00000000e8b00000, 0x00000000e8b00800, 0x00000000e8c00000|  0%| E|  |TAMS 0x00000000e8b00000, 0x00000000e8b00000| Complete 
| 140|0x00000000e8c00000, 0x00000000e8d00000, 0x00000000e8d00000|100%| E|CS|TAMS 0x00000000e8c00000, 0x00000000e8c00000| Complete 
| 141|0x00000000e8d00000, 0x00000000e8e00000, 0x00000000e8e00000|100%| E|CS|TAMS 0x00000000e8d00000, 0x00000000e8d00000| Complete 
| 142|0x00000000e8e00000, 0x00000000e8f00000, 0x00000000e8f00000|100%| E|CS|TAMS 0x00000000e8e00000, 0x00000000e8e00000| Complete 
| 143|0x00000000e8f00000, 0x00000000e9000000, 0x00000000e9000000|100%| E|CS|TAMS 0x00000000e8f00000, 0x00000000e8f00000| Complete 
| 144|0x00000000e9000000, 0x00000000e9100000, 0x00000000e9100000|100%| E|CS|TAMS 0x00000000e9000000, 0x00000000e9000000| Complete 
| 145|0x00000000e9100000, 0x00000000e9200000, 0x00000000e9200000|100%| E|CS|TAMS 0x00000000e9100000, 0x00000000e9100000| Complete 
| 146|0x00000000e9200000, 0x00000000e9300000, 0x00000000e9300000|100%| E|CS|TAMS 0x00000000e9200000, 0x00000000e9200000| Complete 
| 147|0x00000000e9300000, 0x00000000e9400000, 0x00000000e9400000|100%| E|CS|TAMS 0x00000000e9300000, 0x00000000e9300000| Complete 
| 148|0x00000000e9400000, 0x00000000e9500000, 0x00000000e9500000|100%| E|CS|TAMS 0x00000000e9400000, 0x00000000e9400000| Complete 
| 149|0x00000000e9500000, 0x00000000e9600000, 0x00000000e9600000|100%| E|CS|TAMS 0x00000000e9500000, 0x00000000e9500000| Complete 
| 150|0x00000000e9600000, 0x00000000e9700000, 0x00000000e9700000|100%| E|CS|TAMS 0x00000000e9600000, 0x00000000e9600000| Complete 
| 151|0x00000000e9700000, 0x00000000e9800000, 0x00000000e9800000|100%| E|CS|TAMS 0x00000000e9700000, 0x00000000e9700000| Complete 
| 152|0x00000000e9800000, 0x00000000e9900000, 0x00000000e9900000|100%| E|CS|TAMS 0x00000000e9800000, 0x00000000e9800000| Complete 
| 153|0x00000000e9900000, 0x00000000e9a00000, 0x00000000e9a00000|100%| E|CS|TAMS 0x00000000e9900000, 0x00000000e9900000| Complete 
| 154|0x00000000e9a00000, 0x00000000e9b00000, 0x00000000e9b00000|100%| E|CS|TAMS 0x00000000e9a00000, 0x00000000e9a00000| Complete 
| 155|0x00000000e9b00000, 0x00000000e9c00000, 0x00000000e9c00000|100%| E|CS|TAMS 0x00000000e9b00000, 0x00000000e9b00000| Complete 
| 156|0x00000000e9c00000, 0x00000000e9d00000, 0x00000000e9d00000|100%| E|CS|TAMS 0x00000000e9c00000, 0x00000000e9c00000| Complete 
| 157|0x00000000e9d00000, 0x00000000e9e00000, 0x00000000e9e00000|100%| E|CS|TAMS 0x00000000e9d00000, 0x00000000e9d00000| Complete 
| 158|0x00000000e9e00000, 0x00000000e9f00000, 0x00000000e9f00000|100%| E|CS|TAMS 0x00000000e9e00000, 0x00000000e9e00000| Complete 
| 159|0x00000000e9f00000, 0x00000000ea000000, 0x00000000ea000000|100%| E|CS|TAMS 0x00000000e9f00000, 0x00000000e9f00000| Complete 
| 160|0x00000000ea000000, 0x00000000ea100000, 0x00000000ea100000|100%| E|CS|TAMS 0x00000000ea000000, 0x00000000ea000000| Complete 
| 161|0x00000000ea100000, 0x00000000ea200000, 0x00000000ea200000|100%| E|CS|TAMS 0x00000000ea100000, 0x00000000ea100000| Complete 
| 162|0x00000000ea200000, 0x00000000ea300000, 0x00000000ea300000|100%| E|CS|TAMS 0x00000000ea200000, 0x00000000ea200000| Complete 
| 163|0x00000000ea300000, 0x00000000ea400000, 0x00000000ea400000|100%| E|CS|TAMS 0x00000000ea300000, 0x00000000ea300000| Complete 
| 164|0x00000000ea400000, 0x00000000ea500000, 0x00000000ea500000|100%| E|CS|TAMS 0x00000000ea400000, 0x00000000ea400000| Complete 
| 165|0x00000000ea500000, 0x00000000ea600000, 0x00000000ea600000|100%| E|CS|TAMS 0x00000000ea500000, 0x00000000ea500000| Complete 
| 166|0x00000000ea600000, 0x00000000ea700000, 0x00000000ea700000|100%| E|CS|TAMS 0x00000000ea600000, 0x00000000ea600000| Complete 
| 167|0x00000000ea700000, 0x00000000ea800000, 0x00000000ea800000|100%| E|CS|TAMS 0x00000000ea700000, 0x00000000ea700000| Complete 
| 168|0x00000000ea800000, 0x00000000ea900000, 0x00000000ea900000|100%| E|CS|TAMS 0x00000000ea800000, 0x00000000ea800000| Complete 
| 169|0x00000000ea900000, 0x00000000eaa00000, 0x00000000eaa00000|100%| E|CS|TAMS 0x00000000ea900000, 0x00000000ea900000| Complete 
| 170|0x00000000eaa00000, 0x00000000eab00000, 0x00000000eab00000|100%| E|CS|TAMS 0x00000000eaa00000, 0x00000000eaa00000| Complete 
| 171|0x00000000eab00000, 0x00000000eac00000, 0x00000000eac00000|100%| E|CS|TAMS 0x00000000eab00000, 0x00000000eab00000| Complete 
| 172|0x00000000eac00000, 0x00000000ead00000, 0x00000000ead00000|100%| E|CS|TAMS 0x00000000eac00000, 0x00000000eac00000| Complete 
| 173|0x00000000ead00000, 0x00000000eae00000, 0x00000000eae00000|100%| E|CS|TAMS 0x00000000ead00000, 0x00000000ead00000| Complete 
| 174|0x00000000eae00000, 0x00000000eaf00000, 0x00000000eaf00000|100%| E|CS|TAMS 0x00000000eae00000, 0x00000000eae00000| Complete 
| 175|0x00000000eaf00000, 0x00000000eb000000, 0x00000000eb000000|100%| E|CS|TAMS 0x00000000eaf00000, 0x00000000eaf00000| Complete 
| 176|0x00000000eb000000, 0x00000000eb100000, 0x00000000eb100000|100%| E|CS|TAMS 0x00000000eb000000, 0x00000000eb000000| Complete 
| 177|0x00000000eb100000, 0x00000000eb200000, 0x00000000eb200000|100%| E|CS|TAMS 0x00000000eb100000, 0x00000000eb100000| Complete 
| 178|0x00000000eb200000, 0x00000000eb300000, 0x00000000eb300000|100%| E|CS|TAMS 0x00000000eb200000, 0x00000000eb200000| Complete 
| 179|0x00000000eb300000, 0x00000000eb400000, 0x00000000eb400000|100%| E|CS|TAMS 0x00000000eb300000, 0x00000000eb300000| Complete 
| 180|0x00000000eb400000, 0x00000000eb500000, 0x00000000eb500000|100%| E|CS|TAMS 0x00000000eb400000, 0x00000000eb400000| Complete 
| 181|0x00000000eb500000, 0x00000000eb600000, 0x00000000eb600000|100%| E|CS|TAMS 0x00000000eb500000, 0x00000000eb500000| Complete 
| 182|0x00000000eb600000, 0x00000000eb700000, 0x00000000eb700000|100%| E|CS|TAMS 0x00000000eb600000, 0x00000000eb600000| Complete 
| 183|0x00000000eb700000, 0x00000000eb800000, 0x00000000eb800000|100%| E|CS|TAMS 0x00000000eb700000, 0x00000000eb700000| Complete 
| 184|0x00000000eb800000, 0x00000000eb900000, 0x00000000eb900000|100%| E|CS|TAMS 0x00000000eb800000, 0x00000000eb800000| Complete 
| 185|0x00000000eb900000, 0x00000000eba00000, 0x00000000eba00000|100%| E|CS|TAMS 0x00000000eb900000, 0x00000000eb900000| Complete 
| 186|0x00000000eba00000, 0x00000000ebb00000, 0x00000000ebb00000|100%| E|CS|TAMS 0x00000000eba00000, 0x00000000eba00000| Complete 
| 187|0x00000000ebb00000, 0x00000000ebc00000, 0x00000000ebc00000|100%| E|CS|TAMS 0x00000000ebb00000, 0x00000000ebb00000| Complete 
| 188|0x00000000ebc00000, 0x00000000ebd00000, 0x00000000ebd00000|100%| E|CS|TAMS 0x00000000ebc00000, 0x00000000ebc00000| Complete 
| 189|0x00000000ebd00000, 0x00000000ebe00000, 0x00000000ebe00000|100%| E|CS|TAMS 0x00000000ebd00000, 0x00000000ebd00000| Complete 
| 190|0x00000000ebe00000, 0x00000000ebf00000, 0x00000000ebf00000|100%| E|CS|TAMS 0x00000000ebe00000, 0x00000000ebe00000| Complete 
| 191|0x00000000ebf00000, 0x00000000ec000000, 0x00000000ec000000|100%| E|CS|TAMS 0x00000000ebf00000, 0x00000000ebf00000| Complete 
| 192|0x00000000ec000000, 0x00000000ec100000, 0x00000000ec100000|100%| E|CS|TAMS 0x00000000ec000000, 0x00000000ec000000| Complete 
| 193|0x00000000ec100000, 0x00000000ec200000, 0x00000000ec200000|100%| E|CS|TAMS 0x00000000ec100000, 0x00000000ec100000| Complete 
| 194|0x00000000ec200000, 0x00000000ec300000, 0x00000000ec300000|100%| E|CS|TAMS 0x00000000ec200000, 0x00000000ec200000| Complete 
| 195|0x00000000ec300000, 0x00000000ec400000, 0x00000000ec400000|100%| E|CS|TAMS 0x00000000ec300000, 0x00000000ec300000| Complete 
| 196|0x00000000ec400000, 0x00000000ec500000, 0x00000000ec500000|100%| E|CS|TAMS 0x00000000ec400000, 0x00000000ec400000| Complete 
| 197|0x00000000ec500000, 0x00000000ec600000, 0x00000000ec600000|100%| E|CS|TAMS 0x00000000ec500000, 0x00000000ec500000| Complete 
| 198|0x00000000ec600000, 0x00000000ec700000, 0x00000000ec700000|100%| E|CS|TAMS 0x00000000ec600000, 0x00000000ec600000| Complete 
| 199|0x00000000ec700000, 0x00000000ec800000, 0x00000000ec800000|100%| E|CS|TAMS 0x00000000ec700000, 0x00000000ec700000| Complete 
| 200|0x00000000ec800000, 0x00000000ec900000, 0x00000000ec900000|100%| E|CS|TAMS 0x00000000ec800000, 0x00000000ec800000| Complete 
| 201|0x00000000ec900000, 0x00000000eca00000, 0x00000000eca00000|100%| E|CS|TAMS 0x00000000ec900000, 0x00000000ec900000| Complete 
| 202|0x00000000eca00000, 0x00000000ecb00000, 0x00000000ecb00000|100%| E|CS|TAMS 0x00000000eca00000, 0x00000000eca00000| Complete 
| 203|0x00000000ecb00000, 0x00000000ecc00000, 0x00000000ecc00000|100%| E|CS|TAMS 0x00000000ecb00000, 0x00000000ecb00000| Complete 
| 204|0x00000000ecc00000, 0x00000000ecd00000, 0x00000000ecd00000|100%| E|CS|TAMS 0x00000000ecc00000, 0x00000000ecc00000| Complete 
| 205|0x00000000ecd00000, 0x00000000ece00000, 0x00000000ece00000|100%| E|CS|TAMS 0x00000000ecd00000, 0x00000000ecd00000| Complete 
| 206|0x00000000ece00000, 0x00000000ecf00000, 0x00000000ecf00000|100%| E|CS|TAMS 0x00000000ece00000, 0x00000000ece00000| Complete 
| 207|0x00000000ecf00000, 0x00000000ed000000, 0x00000000ed000000|100%| E|CS|TAMS 0x00000000ecf00000, 0x00000000ecf00000| Complete 
| 208|0x00000000ed000000, 0x00000000ed100000, 0x00000000ed100000|100%| E|CS|TAMS 0x00000000ed000000, 0x00000000ed000000| Complete 
| 209|0x00000000ed100000, 0x00000000ed200000, 0x00000000ed200000|100%| E|CS|TAMS 0x00000000ed100000, 0x00000000ed100000| Complete 
| 210|0x00000000ed200000, 0x00000000ed300000, 0x00000000ed300000|100%| E|CS|TAMS 0x00000000ed200000, 0x00000000ed200000| Complete 
| 211|0x00000000ed300000, 0x00000000ed400000, 0x00000000ed400000|100%| E|CS|TAMS 0x00000000ed300000, 0x00000000ed300000| Complete 
| 212|0x00000000ed400000, 0x00000000ed500000, 0x00000000ed500000|100%| E|CS|TAMS 0x00000000ed400000, 0x00000000ed400000| Complete 
| 213|0x00000000ed500000, 0x00000000ed600000, 0x00000000ed600000|100%| E|CS|TAMS 0x00000000ed500000, 0x00000000ed500000| Complete 
| 214|0x00000000ed600000, 0x00000000ed700000, 0x00000000ed700000|100%| E|CS|TAMS 0x00000000ed600000, 0x00000000ed600000| Complete 
| 215|0x00000000ed700000, 0x00000000ed800000, 0x00000000ed800000|100%| E|CS|TAMS 0x00000000ed700000, 0x00000000ed700000| Complete 
| 216|0x00000000ed800000, 0x00000000ed900000, 0x00000000ed900000|100%| E|CS|TAMS 0x00000000ed800000, 0x00000000ed800000| Complete 
| 217|0x00000000ed900000, 0x00000000eda00000, 0x00000000eda00000|100%| E|CS|TAMS 0x00000000ed900000, 0x00000000ed900000| Complete 
| 218|0x00000000eda00000, 0x00000000edb00000, 0x00000000edb00000|100%| E|CS|TAMS 0x00000000eda00000, 0x00000000eda00000| Complete 
| 219|0x00000000edb00000, 0x00000000edc00000, 0x00000000edc00000|100%| E|CS|TAMS 0x00000000edb00000, 0x00000000edb00000| Complete 
| 220|0x00000000edc00000, 0x00000000edd00000, 0x00000000edd00000|100%| E|CS|TAMS 0x00000000edc00000, 0x00000000edc00000| Complete 
| 221|0x00000000edd00000, 0x00000000ede00000, 0x00000000ede00000|100%| E|CS|TAMS 0x00000000edd00000, 0x00000000edd00000| Complete 
| 222|0x00000000ede00000, 0x00000000edf00000, 0x00000000edf00000|100%| E|CS|TAMS 0x00000000ede00000, 0x00000000ede00000| Complete 
| 223|0x00000000edf00000, 0x00000000ee000000, 0x00000000ee000000|100%| E|CS|TAMS 0x00000000edf00000, 0x00000000edf00000| Complete 
| 224|0x00000000ee000000, 0x00000000ee100000, 0x00000000ee100000|100%| E|CS|TAMS 0x00000000ee000000, 0x00000000ee000000| Complete 
| 225|0x00000000ee100000, 0x00000000ee200000, 0x00000000ee200000|100%| E|CS|TAMS 0x00000000ee100000, 0x00000000ee100000| Complete 
| 226|0x00000000ee200000, 0x00000000ee300000, 0x00000000ee300000|100%| E|CS|TAMS 0x00000000ee200000, 0x00000000ee200000| Complete 
| 227|0x00000000ee300000, 0x00000000ee400000, 0x00000000ee400000|100%| E|CS|TAMS 0x00000000ee300000, 0x00000000ee300000| Complete 
| 228|0x00000000ee400000, 0x00000000ee500000, 0x00000000ee500000|100%| E|CS|TAMS 0x00000000ee400000, 0x00000000ee400000| Complete 
| 229|0x00000000ee500000, 0x00000000ee600000, 0x00000000ee600000|100%| E|CS|TAMS 0x00000000ee500000, 0x00000000ee500000| Complete 
| 230|0x00000000ee600000, 0x00000000ee700000, 0x00000000ee700000|100%| E|CS|TAMS 0x00000000ee600000, 0x00000000ee600000| Complete 
| 231|0x00000000ee700000, 0x00000000ee800000, 0x00000000ee800000|100%| E|CS|TAMS 0x00000000ee700000, 0x00000000ee700000| Complete 
| 232|0x00000000ee800000, 0x00000000ee900000, 0x00000000ee900000|100%| E|CS|TAMS 0x00000000ee800000, 0x00000000ee800000| Complete 
| 233|0x00000000ee900000, 0x00000000eea00000, 0x00000000eea00000|100%| E|CS|TAMS 0x00000000ee900000, 0x00000000ee900000| Complete 
| 234|0x00000000eea00000, 0x00000000eeb00000, 0x00000000eeb00000|100%| E|CS|TAMS 0x00000000eea00000, 0x00000000eea00000| Complete 
| 235|0x00000000eeb00000, 0x00000000eec00000, 0x00000000eec00000|100%| E|CS|TAMS 0x00000000eeb00000, 0x00000000eeb00000| Complete 
| 236|0x00000000eec00000, 0x00000000eed00000, 0x00000000eed00000|100%| E|CS|TAMS 0x00000000eec00000, 0x00000000eec00000| Complete 
| 237|0x00000000eed00000, 0x00000000eee00000, 0x00000000eee00000|100%| E|CS|TAMS 0x00000000eed00000, 0x00000000eed00000| Complete 
| 238|0x00000000eee00000, 0x00000000eef00000, 0x00000000eef00000|100%| E|CS|TAMS 0x00000000eee00000, 0x00000000eee00000| Complete 
| 239|0x00000000eef00000, 0x00000000ef000000, 0x00000000ef000000|100%| E|CS|TAMS 0x00000000eef00000, 0x00000000eef00000| Complete 
| 240|0x00000000ef000000, 0x00000000ef100000, 0x00000000ef100000|100%| E|CS|TAMS 0x00000000ef000000, 0x00000000ef000000| Complete 
| 241|0x00000000ef100000, 0x00000000ef200000, 0x00000000ef200000|100%| E|CS|TAMS 0x00000000ef100000, 0x00000000ef100000| Complete 
| 242|0x00000000ef200000, 0x00000000ef300000, 0x00000000ef300000|100%| E|CS|TAMS 0x00000000ef200000, 0x00000000ef200000| Complete 
| 243|0x00000000ef300000, 0x00000000ef400000, 0x00000000ef400000|100%| E|CS|TAMS 0x00000000ef300000, 0x00000000ef300000| Complete 
| 244|0x00000000ef400000, 0x00000000ef500000, 0x00000000ef500000|100%| E|CS|TAMS 0x00000000ef400000, 0x00000000ef400000| Complete 
| 245|0x00000000ef500000, 0x00000000ef600000, 0x00000000ef600000|100%| E|CS|TAMS 0x00000000ef500000, 0x00000000ef500000| Complete 
| 246|0x00000000ef600000, 0x00000000ef700000, 0x00000000ef700000|100%| E|CS|TAMS 0x00000000ef600000, 0x00000000ef600000| Complete 
| 247|0x00000000ef700000, 0x00000000ef800000, 0x00000000ef800000|100%| E|  |TAMS 0x00000000ef700000, 0x00000000ef700000| Complete 
| 248|0x00000000ef800000, 0x00000000ef900000, 0x00000000ef900000|100%| E|CS|TAMS 0x00000000ef800000, 0x00000000ef800000| Complete 
| 249|0x00000000ef900000, 0x00000000efa00000, 0x00000000efa00000|100%| E|CS|TAMS 0x00000000ef900000, 0x00000000ef900000| Complete 
| 250|0x00000000efa00000, 0x00000000efa559f8, 0x00000000efb00000| 33%| S|CS|TAMS 0x00000000efa00000, 0x00000000efa00000| Complete 
| 251|0x00000000efb00000, 0x00000000efc00000, 0x00000000efc00000|100%| S|CS|TAMS 0x00000000efb00000, 0x00000000efb00000| Complete 
| 252|0x00000000efc00000, 0x00000000efd00000, 0x00000000efd00000|100%| E|CS|TAMS 0x00000000efc00000, 0x00000000efc00000| Complete 
| 253|0x00000000efd00000, 0x00000000efe00000, 0x00000000efe00000|100%| E|CS|TAMS 0x00000000efd00000, 0x00000000efd00000| Complete 
| 254|0x00000000efe00000, 0x00000000eff00000, 0x00000000eff00000|100%| E|CS|TAMS 0x00000000efe00000, 0x00000000efe00000| Complete 
| 255|0x00000000eff00000, 0x00000000f0000000, 0x00000000f0000000|100%| E|CS|TAMS 0x00000000eff00000, 0x00000000eff00000| Complete 

Card table byte_map: [0x000002c4de5c0000,0x000002c4de6c0000] _byte_map_base: 0x000002c4ddec0000

Marking Bits (Prev, Next): (CMBitMap*) 0x000002c4c7d1f480, (CMBitMap*) 0x000002c4c7d1f4c0
 Prev Bits: [0x000002c4de7c0000, 0x000002c4defc0000)
 Next Bits: [0x000002c4defc0000, 0x000002c4df7c0000)

Polling page: 0x000002c4c5d10000

Metaspace:

Usage:
  Non-class:     44.58 MB used.
      Class:      7.33 MB used.
       Both:     51.91 MB used.

Virtual space:
  Non-class space:       64.00 MB reserved,      44.94 MB ( 70%) committed,  1 nodes.
      Class space:      320.00 MB reserved,       7.56 MB (  2%) committed,  1 nodes.
             Both:      384.00 MB reserved,      52.50 MB ( 14%) committed. 

Chunk freelists:
   Non-Class:  2.97 MB
       Class:  8.40 MB
        Both:  11.37 MB

MaxMetaspaceSize: 384.00 MB
CompressedClassSpaceSize: 320.00 MB
Initial GC threshold: 21.00 MB
Current GC threshold: 59.06 MB
CDS: on
MetaspaceReclaimPolicy: balanced
 - commit_granule_bytes: 65536.
 - commit_granule_words: 8192.
 - virtual_space_node_default_size: 8388608.
 - enlarge_chunks_in_place: 1.
 - new_chunks_are_fully_committed: 0.
 - uncommit_free_chunks: 1.
 - use_allocation_guard: 0.
 - handle_deallocations: 1.


Internal statistics:

num_allocs_failed_limit: 6.
num_arena_births: 636.
num_arena_deaths: 0.
num_vsnodes_births: 2.
num_vsnodes_deaths: 0.
num_space_committed: 840.
num_space_uncommitted: 0.
num_chunks_returned_to_freelist: 6.
num_chunks_taken_from_freelist: 2834.
num_chunk_merges: 6.
num_chunk_splits: 1834.
num_chunks_enlarged: 1230.
num_inconsistent_stats: 0.

CodeHeap 'non-profiled nmethods': size=120000Kb used=3563Kb max_used=3563Kb free=116436Kb
 bounds [0x000002c4d7090000, 0x000002c4d7410000, 0x000002c4de5c0000]
CodeHeap 'profiled nmethods': size=120000Kb used=12234Kb max_used=12234Kb free=107765Kb
 bounds [0x000002c4cf5c0000, 0x000002c4d01c0000, 0x000002c4d6af0000]
CodeHeap 'non-nmethods': size=5760Kb used=2335Kb max_used=2409Kb free=3424Kb
 bounds [0x000002c4d6af0000, 0x000002c4d6d70000, 0x000002c4d7090000]
 total_blobs=6979 nmethods=6123 adapters=768
 compilation: enabled
              stopped_count=0, restarted_count=0
 full_count=0

Compilation events (20 events):
Event: 156.390 Thread 0x000002c4e1d82a20 nmethod 6882 0x000002c4d01a7a10 code [0x000002c4d01a7c60, 0x000002c4d01a8608]
Event: 156.393 Thread 0x000002c4e1d82a20 6883       3       org.codehaus.groovy.reflection.ClassInfo$LazyCachedClassRef::initValue (5 bytes)
Event: 156.394 Thread 0x000002c4e1d82a20 nmethod 6883 0x000002c4d01a8910 code [0x000002c4d01a8ae0, 0x000002c4d01a8ec8]
Event: 156.394 Thread 0x000002c4e1d82a20 6884       3       org.codehaus.groovy.reflection.ClassInfo$LazyCachedClassRef::initValue (21 bytes)
Event: 156.394 Thread 0x000002c4e1d82a20 nmethod 6884 0x000002c4d01a9090 code [0x000002c4d01a9240, 0x000002c4d01a95a8]
Event: 156.394 Thread 0x000002c4e1d82a20 6885       3       org.codehaus.groovy.reflection.ClassInfo::access$300 (6 bytes)
Event: 156.394 Thread 0x000002c4e1d82a20 nmethod 6885 0x000002c4d01a9710 code [0x000002c4d01a98a0, 0x000002c4d01a99a8]
Event: 156.403 Thread 0x000002c4e1d82060 6886       4       org.codehaus.groovy.runtime.metaclass.MetaMethodIndex::copyNonPrivateNonNewMetaMethods (171 bytes)
Event: 156.412 Thread 0x000002c4e1d82a20 6887   !   3       com.google.common.collect.MapMakerInternalMap$Segment::get (58 bytes)
Event: 156.414 Thread 0x000002c4e1d82a20 nmethod 6887 0x000002c4d01a9a90 code [0x000002c4d01a9d80, 0x000002c4d01ab358]
Event: 156.414 Thread 0x000002c4e1d82a20 6888       3       com.google.common.collect.MapMakerInternalMap$Segment::getLiveEntry (7 bytes)
Event: 156.414 Thread 0x000002c4e1d82a20 nmethod 6888 0x000002c4d01aba90 code [0x000002c4d01abc20, 0x000002c4d01abde8]
Event: 156.423 Thread 0x000002c4e1d82060 nmethod 6886 0x000002c4d7409f10 code [0x000002c4d740a0e0, 0x000002c4d740a650]
Event: 156.450 Thread 0x000002c4e1d82060 6889       4       sun.reflect.generics.visitor.Reifier::visitClassTypeSignature (381 bytes)
Event: 156.561 Thread 0x000002c4e1d82a20 6891       3       java.beans.PropertyDescriptor::getPropertyEditorClass (22 bytes)
Event: 156.562 Thread 0x000002c4e1d82a20 nmethod 6891 0x000002c4d01abe90 code [0x000002c4d01ac040, 0x000002c4d01ac388]
Event: 156.616 Thread 0x000002c4e1d82a20 6892       1       groovy.lang.GroovyObjectSupport::getMetaClass (5 bytes)
Event: 156.616 Thread 0x000002c4e1d82a20 nmethod 6892 0x000002c4d740aa10 code [0x000002c4d740aba0, 0x000002c4d740ac78]
Event: 156.639 Thread 0x000002c4e1d82a20 6893       3       org.codehaus.groovy.reflection.CachedClass$3::initValue (205 bytes)
Event: 156.642 Thread 0x000002c4e1d82a20 nmethod 6893 0x000002c4d01ac490 code [0x000002c4d01ac8a0, 0x000002c4d01ae738]

GC Heap History (20 events):
Event: 13.872 GC heap before
{Heap before GC invocations=1 (full 0):
 garbage-first heap   total 262144K, used 21672K [0x00000000e0000000, 0x0000000100000000)
  region size 1024K, 20 young (20480K), 2 survivors (2048K)
 Metaspace       used 1507K, committed 1664K, reserved 393216K
  class space    used 126K, committed 192K, reserved 327680K
}
Event: 13.880 GC heap after
{Heap after GC invocations=2 (full 0):
 garbage-first heap   total 262144K, used 9717K [0x00000000e0000000, 0x0000000100000000)
  region size 1024K, 3 young (3072K), 3 survivors (3072K)
 Metaspace       used 1507K, committed 1664K, reserved 393216K
  class space    used 126K, committed 192K, reserved 327680K
}
Event: 73.456 GC heap before
{Heap before GC invocations=2 (full 0):
 garbage-first heap   total 262144K, used 165365K [0x00000000e0000000, 0x0000000100000000)
  region size 1024K, 153 young (156672K), 3 survivors (3072K)
 Metaspace       used 17706K, committed 18048K, reserved 393216K
  class space    used 2517K, committed 2688K, reserved 327680K
}
Event: 75.131 GC heap after
{Heap after GC invocations=3 (full 0):
 garbage-first heap   total 262144K, used 21661K [0x00000000e0000000, 0x0000000100000000)
  region size 1024K, 14 young (14336K), 14 survivors (14336K)
 Metaspace       used 17706K, committed 18048K, reserved 393216K
  class space    used 2517K, committed 2688K, reserved 327680K
}
Event: 75.406 GC heap before
{Heap before GC invocations=3 (full 0):
 garbage-first heap   total 262144K, used 22685K [0x00000000e0000000, 0x0000000100000000)
  region size 1024K, 15 young (15360K), 14 survivors (14336K)
 Metaspace       used 17830K, committed 18112K, reserved 393216K
  class space    used 2542K, committed 2688K, reserved 327680K
}
Event: 75.447 GC heap after
{Heap after GC invocations=4 (full 0):
 garbage-first heap   total 262144K, used 23111K [0x00000000e0000000, 0x0000000100000000)
  region size 1024K, 2 young (2048K), 2 survivors (2048K)
 Metaspace       used 17830K, committed 18112K, reserved 393216K
  class space    used 2542K, committed 2688K, reserved 327680K
}
Event: 77.016 GC heap before
{Heap before GC invocations=4 (full 0):
 garbage-first heap   total 262144K, used 32327K [0x00000000e0000000, 0x0000000100000000)
  region size 1024K, 12 young (12288K), 2 survivors (2048K)
 Metaspace       used 18944K, committed 19264K, reserved 393216K
  class space    used 2743K, committed 2880K, reserved 327680K
}
Event: 77.019 GC heap after
{Heap after GC invocations=5 (full 0):
 garbage-first heap   total 262144K, used 22482K [0x00000000e0000000, 0x0000000100000000)
  region size 1024K, 1 young (1024K), 1 survivors (1024K)
 Metaspace       used 18944K, committed 19264K, reserved 393216K
  class space    used 2743K, committed 2880K, reserved 327680K
}
Event: 81.716 GC heap before
{Heap before GC invocations=5 (full 0):
 garbage-first heap   total 262144K, used 41938K [0x00000000e0000000, 0x0000000100000000)
  region size 1024K, 21 young (21504K), 1 survivors (1024K)
 Metaspace       used 21144K, committed 21504K, reserved 393216K
  class space    used 3067K, committed 3264K, reserved 327680K
}
Event: 81.724 GC heap after
{Heap after GC invocations=6 (full 0):
 garbage-first heap   total 262144K, used 23856K [0x00000000e0000000, 0x0000000100000000)
  region size 1024K, 3 young (3072K), 3 survivors (3072K)
 Metaspace       used 21144K, committed 21504K, reserved 393216K
  class space    used 3067K, committed 3264K, reserved 327680K
}
Event: 96.651 GC heap before
{Heap before GC invocations=7 (full 0):
 garbage-first heap   total 262144K, used 73008K [0x00000000e0000000, 0x0000000100000000)
  region size 1024K, 51 young (52224K), 3 survivors (3072K)
 Metaspace       used 28738K, committed 29120K, reserved 393216K
  class space    used 4151K, committed 4352K, reserved 327680K
}
Event: 96.704 GC heap after
{Heap after GC invocations=8 (full 0):
 garbage-first heap   total 262144K, used 26736K [0x00000000e0000000, 0x0000000100000000)
  region size 1024K, 5 young (5120K), 5 survivors (5120K)
 Metaspace       used 28738K, committed 29120K, reserved 393216K
  class space    used 4151K, committed 4352K, reserved 327680K
}
Event: 98.230 GC heap before
{Heap before GC invocations=8 (full 0):
 garbage-first heap   total 262144K, used 33904K [0x00000000e0000000, 0x0000000100000000)
  region size 1024K, 12 young (12288K), 5 survivors (5120K)
 Metaspace       used 30060K, committed 30464K, reserved 393216K
  class space    used 4294K, committed 4480K, reserved 327680K
}
Event: 98.246 GC heap after
{Heap after GC invocations=9 (full 0):
 garbage-first heap   total 262144K, used 27464K [0x00000000e0000000, 0x0000000100000000)
  region size 1024K, 2 young (2048K), 2 survivors (2048K)
 Metaspace       used 30060K, committed 30464K, reserved 393216K
  class space    used 4294K, committed 4480K, reserved 327680K
}
Event: 114.437 GC heap before
{Heap before GC invocations=9 (full 0):
 garbage-first heap   total 262144K, used 94024K [0x00000000e0000000, 0x0000000100000000)
  region size 1024K, 64 young (65536K), 2 survivors (2048K)
 Metaspace       used 35718K, committed 36096K, reserved 393216K
  class space    used 4948K, committed 5120K, reserved 327680K
}
Event: 114.468 GC heap after
{Heap after GC invocations=10 (full 0):
 garbage-first heap   total 262144K, used 31832K [0x00000000e0000000, 0x0000000100000000)
  region size 1024K, 6 young (6144K), 6 survivors (6144K)
 Metaspace       used 35718K, committed 36096K, reserved 393216K
  class space    used 4948K, committed 5120K, reserved 327680K
}
Event: 137.172 GC heap before
{Heap before GC invocations=11 (full 0):
 garbage-first heap   total 262144K, used 102488K [0x00000000e0000000, 0x0000000100000000)
  region size 1024K, 75 young (76800K), 6 survivors (6144K)
 Metaspace       used 42672K, committed 43200K, reserved 393216K
  class space    used 6025K, committed 6272K, reserved 327680K
}
Event: 137.211 GC heap after
{Heap after GC invocations=12 (full 0):
 garbage-first heap   total 262144K, used 35369K [0x00000000e0000000, 0x0000000100000000)
  region size 1024K, 8 young (8192K), 8 survivors (8192K)
 Metaspace       used 42672K, committed 43200K, reserved 393216K
  class space    used 6025K, committed 6272K, reserved 327680K
}
Event: 137.948 GC heap before
{Heap before GC invocations=12 (full 0):
 garbage-first heap   total 262144K, used 39465K [0x00000000e0000000, 0x0000000100000000)
  region size 1024K, 12 young (12288K), 8 survivors (8192K)
 Metaspace       used 43064K, committed 43648K, reserved 393216K
  class space    used 6091K, committed 6336K, reserved 327680K
}
Event: 138.015 GC heap after
{Heap after GC invocations=13 (full 0):
 garbage-first heap   total 262144K, used 36356K [0x00000000e0000000, 0x0000000100000000)
  region size 1024K, 2 young (2048K), 2 survivors (2048K)
 Metaspace       used 43064K, committed 43648K, reserved 393216K
  class space    used 6091K, committed 6336K, reserved 327680K
}

Deoptimization events (20 events):
Event: 152.884 Thread 0x000002c4fc574570 DEOPT PACKING pc=0x000002c4d7141ab4 sp=0x000000ea817f9150
Event: 152.885 Thread 0x000002c4fc574570 DEOPT UNPACKING pc=0x000002c4d6b423a3 sp=0x000000ea817f90f8 mode 2
Event: 153.412 Thread 0x000002c4fc574570 DEOPT PACKING pc=0x000002c4cf622a59 sp=0x000000ea817f7530
Event: 153.412 Thread 0x000002c4fc574570 DEOPT UNPACKING pc=0x000002c4d6b42b43 sp=0x000000ea817f6a28 mode 0
Event: 153.481 Thread 0x000002c4fc574570 Uncommon trap: trap_request=0xffffff45 fr.pc=0x000002c4d73cd03c relative=0x000000000000013c
Event: 153.481 Thread 0x000002c4fc574570 Uncommon trap: reason=unstable_if action=reinterpret pc=0x000002c4d73cd03c method=org.objectweb.asm.ByteVector.putByteArray([BII)Lorg/objectweb/asm/ByteVector; @ 20 c2
Event: 153.481 Thread 0x000002c4fc574570 DEOPT PACKING pc=0x000002c4d73cd03c sp=0x000000ea817f2c20
Event: 153.481 Thread 0x000002c4fc574570 DEOPT UNPACKING pc=0x000002c4d6b423a3 sp=0x000000ea817f2bf0 mode 2
Event: 153.481 Thread 0x000002c4fc574570 Uncommon trap: trap_request=0xffffff45 fr.pc=0x000002c4d70ecc20 relative=0x0000000000000a60
Event: 153.481 Thread 0x000002c4fc574570 Uncommon trap: reason=unstable_if action=reinterpret pc=0x000002c4d70ecc20 method=org.objectweb.asm.Label.resolve([BLorg/objectweb/asm/ByteVector;I)Z @ 81 c2
Event: 153.481 Thread 0x000002c4fc574570 DEOPT PACKING pc=0x000002c4d70ecc20 sp=0x000000ea817f2c50
Event: 153.481 Thread 0x000002c4fc574570 DEOPT UNPACKING pc=0x000002c4d6b423a3 sp=0x000000ea817f2b78 mode 2
Event: 153.481 Thread 0x000002c4fc574570 Uncommon trap: trap_request=0xffffff45 fr.pc=0x000002c4d73b0d10 relative=0x0000000000000270
Event: 153.481 Thread 0x000002c4fc574570 Uncommon trap: reason=unstable_if action=reinterpret pc=0x000002c4d73b0d10 method=org.objectweb.asm.Label.resolve([BLorg/objectweb/asm/ByteVector;I)Z @ 81 c2
Event: 153.481 Thread 0x000002c4fc574570 DEOPT PACKING pc=0x000002c4d73b0d10 sp=0x000000ea817f2bd0
Event: 153.482 Thread 0x000002c4fc574570 DEOPT UNPACKING pc=0x000002c4d6b423a3 sp=0x000000ea817f2b60 mode 2
Event: 153.483 Thread 0x000002c4fc574570 Uncommon trap: trap_request=0xffffffde fr.pc=0x000002c4d73ba170 relative=0x0000000000000d50
Event: 153.483 Thread 0x000002c4fc574570 Uncommon trap: reason=class_check action=maybe_recompile pc=0x000002c4d73ba170 method=java.lang.ClassLoader.getDefinedPackage(Ljava/lang/String;)Ljava/lang/Package; @ 16 c2
Event: 153.483 Thread 0x000002c4fc574570 DEOPT PACKING pc=0x000002c4d73ba170 sp=0x000000ea817f33d0
Event: 153.483 Thread 0x000002c4fc574570 DEOPT UNPACKING pc=0x000002c4d6b423a3 sp=0x000000ea817f3398 mode 2

Classes unloaded (0 events):
No events

Classes redefined (0 events):
No events

Internal exceptions (20 events):
Event: 153.783 Thread 0x000002c4fc574570 Exception <a 'java/lang/ClassNotFoundException'{0x00000000e97ac920}: io/spring/gradle/dependencymanagement/internal/dsl/StandardDependencyManagementExtensionBeanInfo> (0x00000000e97ac920) 
thrown [s\open\src\hotspot\share\classfile\systemDictionary.cpp, line 256]
Event: 153.785 Thread 0x000002c4fc574570 Exception <a 'java/lang/ClassNotFoundException'{0x00000000e97b6270}: io/spring/gradle/dependencymanagement/internal/dsl/StandardDependencyManagementExtensionCustomizer> (0x00000000e97b6270) 
thrown [s\open\src\hotspot\share\classfile\systemDictionary.cpp, line 256]
Event: 155.809 Thread 0x000002c4fc574570 Exception <a 'java/lang/ClassNotFoundException'{0x00000000e922f668}: io/spring/gradle/dependencymanagement/internal/dsl/StandardImportsHandlerBeanInfo> (0x00000000e922f668) 
thrown [s\open\src\hotspot\share\classfile\systemDictionary.cpp, line 256]
Event: 155.810 Thread 0x000002c4fc574570 Exception <a 'java/lang/ClassNotFoundException'{0x00000000e9238db8}: io/spring/gradle/dependencymanagement/internal/dsl/StandardImportsHandlerCustomizer> (0x00000000e9238db8) 
thrown [s\open\src\hotspot\share\classfile\systemDictionary.cpp, line 256]
Event: 156.146 Thread 0x000002c4fc574570 Exception <a 'java/lang/ClassNotFoundException'{0x00000000e9160e20}: build_5f0srplzse7vodqvu9gqjodzkBeanInfo> (0x00000000e9160e20) 
thrown [s\open\src\hotspot\share\classfile\systemDictionary.cpp, line 256]
Event: 156.148 Thread 0x000002c4fc574570 Exception <a 'java/lang/ClassNotFoundException'{0x00000000e9168318}: build_5f0srplzse7vodqvu9gqjodzkCustomizer> (0x00000000e9168318) 
thrown [s\open\src\hotspot\share\classfile\systemDictionary.cpp, line 256]
Event: 156.197 Thread 0x000002c4fc574570 Exception <a 'java/lang/ClassNotFoundException'{0x00000000e905d368}: org/gradle/api/internal/project/DefaultProject_DecoratedBeanInfo> (0x00000000e905d368) 
thrown [s\open\src\hotspot\share\classfile\systemDictionary.cpp, line 256]
Event: 156.199 Thread 0x000002c4fc574570 Exception <a 'java/lang/ClassNotFoundException'{0x00000000e906f900}: org/gradle/api/internal/project/DefaultProjectBeanInfo> (0x00000000e906f900) 
thrown [s\open\src\hotspot\share\classfile\systemDictionary.cpp, line 256]
Event: 156.202 Thread 0x000002c4fc574570 Exception <a 'java/lang/ClassNotFoundException'{0x00000000e9082298}: org/gradle/api/internal/project/DefaultProjectCustomizer> (0x00000000e9082298) 
thrown [s\open\src\hotspot\share\classfile\systemDictionary.cpp, line 256]
Event: 156.227 Thread 0x000002c4fc574570 Exception <a 'java/lang/ClassNotFoundException'{0x00000000e8f3a5b0}: org/gradle/api/internal/project/DefaultProject_DecoratedCustomizer> (0x00000000e8f3a5b0) 
thrown [s\open\src\hotspot\share\classfile\systemDictionary.cpp, line 256]
Event: 156.302 Thread 0x000002c4fc574570 Exception <a 'java/lang/ClassNotFoundException'{0x00000000e8e0d130}: org/gradle/api/plugins/internal/DefaultJavaPluginExtension_DecoratedBeanInfo> (0x00000000e8e0d130) 
thrown [s\open\src\hotspot\share\classfile\systemDictionary.cpp, line 256]
Event: 156.307 Thread 0x000002c4fc574570 Exception <a 'java/lang/ClassNotFoundException'{0x00000000e8e24ad0}: org/gradle/api/plugins/internal/DefaultJavaPluginExtensionBeanInfo> (0x00000000e8e24ad0) 
thrown [s\open\src\hotspot\share\classfile\systemDictionary.cpp, line 256]
Event: 156.313 Thread 0x000002c4fc574570 Exception <a 'java/lang/ClassNotFoundException'{0x00000000e8e3b8c0}: org/gradle/api/plugins/internal/DefaultJavaPluginExtensionCustomizer> (0x00000000e8e3b8c0) 
thrown [s\open\src\hotspot\share\classfile\systemDictionary.cpp, line 256]
Event: 156.328 Thread 0x000002c4fc574570 Exception <a 'java/lang/ClassNotFoundException'{0x00000000e8e75828}: org/gradle/api/plugins/internal/DefaultJavaPluginExtension_DecoratedCustomizer> (0x00000000e8e75828) 
thrown [s\open\src\hotspot\share\classfile\systemDictionary.cpp, line 256]
Event: 156.350 Thread 0x000002c4fc574570 Exception <a 'java/lang/ClassNotFoundException'{0x00000000e8ecd308}: org/gradle/jvm/toolchain/JavaLanguageVersionBeanInfo> (0x00000000e8ecd308) 
thrown [s\open\src\hotspot\share\classfile\systemDictionary.cpp, line 256]
Event: 156.354 Thread 0x000002c4fc574570 Exception <a 'java/lang/ClassNotFoundException'{0x00000000e8ee26a8}: org/gradle/jvm/toolchain/JavaLanguageVersionCustomizer> (0x00000000e8ee26a8) 
thrown [s\open\src\hotspot\share\classfile\systemDictionary.cpp, line 256]
Event: 156.422 Thread 0x000002c4fc574570 Exception <a 'java/lang/ClassNotFoundException'{0x00000000e8d287e0}: org/gradle/jvm/toolchain/internal/DefaultToolchainSpec_DecoratedBeanInfo> (0x00000000e8d287e0) 
thrown [s\open\src\hotspot\share\classfile\systemDictionary.cpp, line 256]
Event: 156.434 Thread 0x000002c4fc574570 Exception <a 'java/lang/ClassNotFoundException'{0x00000000e8d3f190}: org/gradle/jvm/toolchain/internal/DefaultToolchainSpecBeanInfo> (0x00000000e8d3f190) 
thrown [s\open\src\hotspot\share\classfile\systemDictionary.cpp, line 256]
Event: 156.443 Thread 0x000002c4fc574570 Exception <a 'java/lang/ClassNotFoundException'{0x00000000e8d55ca8}: org/gradle/jvm/toolchain/internal/DefaultToolchainSpecCustomizer> (0x00000000e8d55ca8) 
thrown [s\open\src\hotspot\share\classfile\systemDictionary.cpp, line 256]
Event: 156.540 Thread 0x000002c4fc574570 Exception <a 'java/lang/ClassNotFoundException'{0x00000000e8d76c08}: org/gradle/jvm/toolchain/internal/DefaultToolchainSpec_DecoratedCustomizer> (0x00000000e8d76c08) 
thrown [s\open\src\hotspot\share\classfile\systemDictionary.cpp, line 256]

VM Operations (20 events):
Event: 146.473 Executing VM operation: Cleanup
Event: 146.520 Executing VM operation: Cleanup done
Event: 147.523 Executing VM operation: Cleanup
Event: 147.523 Executing VM operation: Cleanup done
Event: 149.534 Executing VM operation: Cleanup
Event: 149.534 Executing VM operation: Cleanup done
Event: 150.261 Executing VM operation: ICBufferFull
Event: 150.262 Executing VM operation: ICBufferFull done
Event: 151.274 Executing VM operation: Cleanup
Event: 151.290 Executing VM operation: Cleanup done
Event: 152.300 Executing VM operation: Cleanup
Event: 152.300 Executing VM operation: Cleanup done
Event: 153.310 Executing VM operation: Cleanup
Event: 153.326 Executing VM operation: Cleanup done
Event: 154.337 Executing VM operation: Cleanup
Event: 154.337 Executing VM operation: Cleanup done
Event: 155.353 Executing VM operation: Cleanup
Event: 155.353 Executing VM operation: Cleanup done
Event: 156.358 Executing VM operation: Cleanup
Event: 156.366 Executing VM operation: Cleanup done

Events (20 events):
Event: 151.397 loading class java/util/ArrayList$SubList$1 done
Event: 151.488 loading class java/util/regex/Pattern$SliceI
Event: 151.503 loading class java/util/regex/Pattern$SliceI done
Event: 151.509 Thread 0x000002c4fcbb2380 Thread added: 0x000002c4fcbb2380
Event: 151.899 Thread 0x000002c4fcbb2380 Thread exited: 0x000002c4fcbb2380
Event: 151.900 Thread 0x000002c4fcb08620 Thread added: 0x000002c4fcb08620
Event: 155.551 loading class java/util/stream/ReduceOps$5
Event: 155.593 loading class java/util/stream/ReduceOps$5 done
Event: 155.593 loading class java/util/stream/ReduceOps$CountingSink$OfRef
Event: 155.600 loading class java/util/stream/ReduceOps$CountingSink
Event: 155.638 loading class java/util/stream/ReduceOps$CountingSink done
Event: 155.638 loading class java/util/stream/ReduceOps$CountingSink$OfRef done
Event: 156.211 loading class sun/reflect/generics/tree/BooleanSignature
Event: 156.212 loading class sun/reflect/generics/tree/BooleanSignature done
Event: 156.244 loading class org/xml/sax/Locator
Event: 156.244 loading class org/xml/sax/Locator done
Event: 156.244 loading class org/xml/sax/SAXParseException
Event: 156.244 loading class org/xml/sax/SAXParseException done
Event: 156.255 loading class org/xml/sax/Attributes
Event: 156.255 loading class org/xml/sax/Attributes done


Dynamic libraries:
0x00007ff618330000 - 0x00007ff618340000 	C:\Program Files\Java\jdk-17\bin\java.exe
0x00007ffcc8f10000 - 0x00007ffcc9108000 	C:\Windows\SYSTEM32\ntdll.dll
0x00007ffcc74a0000 - 0x00007ffcc755d000 	C:\Windows\System32\KERNEL32.DLL
0x00007ffcc6630000 - 0x00007ffcc68fe000 	C:\Windows\System32\KERNELBASE.dll
0x00007ffcc6e20000 - 0x00007ffcc6f20000 	C:\Windows\System32\ucrtbase.dll
0x00007ffcc1fc0000 - 0x00007ffcc1fd9000 	C:\Program Files\Java\jdk-17\bin\jli.dll
0x00007ffcc78f0000 - 0x00007ffcc799e000 	C:\Windows\System32\ADVAPI32.dll
0x00007ffcc1da0000 - 0x00007ffcc1dbb000 	C:\Program Files\Java\jdk-17\bin\VCRUNTIME140.dll
0x00007ffcc8920000 - 0x00007ffcc89be000 	C:\Windows\System32\msvcrt.dll
0x00007ffcc8200000 - 0x00007ffcc829c000 	C:\Windows\System32\sechost.dll
0x00007ffcc8bc0000 - 0x00007ffcc8ce5000 	C:\Windows\System32\RPCRT4.dll
0x00007ffcc7640000 - 0x00007ffcc77e0000 	C:\Windows\System32\USER32.dll
0x00007ffcc6ad0000 - 0x00007ffcc6af2000 	C:\Windows\System32\win32u.dll
0x00007ffcc7470000 - 0x00007ffcc749a000 	C:\Windows\System32\GDI32.dll
0x00007ffcc6b00000 - 0x00007ffcc6c0b000 	C:\Windows\System32\gdi32full.dll
0x00007ffcc6d80000 - 0x00007ffcc6e1d000 	C:\Windows\System32\msvcp_win.dll
0x00007ffcb1c80000 - 0x00007ffcb1f1a000 	C:\Windows\WinSxS\amd64_microsoft.windows.common-controls_6595b64144ccf1df_6.0.19041.1110_none_60b5254171f9507e\COMCTL32.dll
0x00007ffcc4610000 - 0x00007ffcc461a000 	C:\Windows\SYSTEM32\VERSION.dll
0x00007ffcc7a20000 - 0x00007ffcc7a50000 	C:\Windows\System32\IMM32.DLL
0x00007ffcc4570000 - 0x00007ffcc457c000 	C:\Program Files\Java\jdk-17\bin\vcruntime140_1.dll
0x00007ffcbf8e0000 - 0x00007ffcbf96e000 	C:\Program Files\Java\jdk-17\bin\msvcp140.dll
0x00007ffc34150000 - 0x00007ffc34d30000 	C:\Program Files\Java\jdk-17\bin\server\jvm.dll
0x00007ffcc8ec0000 - 0x00007ffcc8ec8000 	C:\Windows\System32\PSAPI.DLL
0x00007ffcc4240000 - 0x00007ffcc4249000 	C:\Windows\SYSTEM32\WSOCK32.dll
0x00007ffcc8b40000 - 0x00007ffcc8bab000 	C:\Windows\System32\WS2_32.dll
0x00007ffcb2e10000 - 0x00007ffcb2e37000 	C:\Windows\SYSTEM32\WINMM.dll
0x00007ffcc4ec0000 - 0x00007ffcc4ed2000 	C:\Windows\SYSTEM32\kernel.appcore.dll
0x00007ffcc41e0000 - 0x00007ffcc41ea000 	C:\Program Files\Java\jdk-17\bin\jimage.dll
0x00007ffcb21e0000 - 0x00007ffcb23c4000 	C:\Windows\SYSTEM32\DBGHELP.DLL
0x00007ffcb0060000 - 0x00007ffcb008c000 	C:\Windows\SYSTEM32\dbgcore.DLL
0x00007ffcc6cf0000 - 0x00007ffcc6d72000 	C:\Windows\System32\bcryptPrimitives.dll
0x00007ffcbf8d0000 - 0x00007ffcbf8de000 	C:\Program Files\Java\jdk-17\bin\instrument.dll
0x00007ffcbf8a0000 - 0x00007ffcbf8c5000 	C:\Program Files\Java\jdk-17\bin\java.dll
0x00007ffcbf7c0000 - 0x00007ffcbf897000 	C:\Program Files\Java\jdk-17\bin\jsvml.dll
0x00007ffcc7ab0000 - 0x00007ffcc81f4000 	C:\Windows\System32\SHELL32.dll
0x00007ffcc4710000 - 0x00007ffcc4ea4000 	C:\Windows\SYSTEM32\windows.storage.dll
0x00007ffcc84a0000 - 0x00007ffcc87f4000 	C:\Windows\System32\combase.dll
0x00007ffcc5fc0000 - 0x00007ffcc5ff0000 	C:\Windows\SYSTEM32\Wldp.dll
0x00007ffcc7840000 - 0x00007ffcc78ed000 	C:\Windows\System32\SHCORE.dll
0x00007ffcc83d0000 - 0x00007ffcc8425000 	C:\Windows\System32\shlwapi.dll
0x00007ffcc6570000 - 0x00007ffcc658f000 	C:\Windows\SYSTEM32\profapi.dll
0x00007ffcbf7a0000 - 0x00007ffcbf7b8000 	C:\Program Files\Java\jdk-17\bin\zip.dll
0x00007ffcbf780000 - 0x00007ffcbf799000 	C:\Program Files\Java\jdk-17\bin\net.dll
0x00007ffcb7f90000 - 0x00007ffcb809a000 	C:\Windows\SYSTEM32\WINHTTP.dll
0x00007ffcc5d20000 - 0x00007ffcc5d8a000 	C:\Windows\system32\mswsock.dll
0x00007ffcbf760000 - 0x00007ffcbf776000 	C:\Program Files\Java\jdk-17\bin\nio.dll
0x00007ffcbf750000 - 0x00007ffcbf760000 	C:\Program Files\Java\jdk-17\bin\verify.dll
0x00007ffcc1e90000 - 0x00007ffcc1eb7000 	C:\Users\LENOVO\.gradle\native\1def1411415f61bf3af743bc5b6707747c0891f09f0c88961ee8f79bc544acac\windows-amd64\native-platform.dll
0x00007ffcbf6d0000 - 0x00007ffcbf748000 	C:\Users\LENOVO\.gradle\native\0.2.7\x86_64-windows-gnu\gradle-fileevents.dll
0x00007ffcbf6c0000 - 0x00007ffcbf6ca000 	C:\Program Files\Java\jdk-17\bin\management.dll
0x00007ffcbf6b0000 - 0x00007ffcbf6bb000 	C:\Program Files\Java\jdk-17\bin\management_ext.dll
0x00007ffcc5a10000 - 0x00007ffcc5a4b000 	C:\Windows\SYSTEM32\IPHLPAPI.DLL
0x00007ffcc8bb0000 - 0x00007ffcc8bb8000 	C:\Windows\System32\NSI.dll
0x00007ffcbb8f0000 - 0x00007ffcbb907000 	C:\Windows\SYSTEM32\dhcpcsvc6.DLL
0x00007ffcbd060000 - 0x00007ffcbd07d000 	C:\Windows\SYSTEM32\dhcpcsvc.DLL
0x00007ffcc5a50000 - 0x00007ffcc5b1a000 	C:\Windows\SYSTEM32\DNSAPI.dll
0x00007ffcc5f20000 - 0x00007ffcc5f38000 	C:\Windows\SYSTEM32\CRYPTSP.dll
0x00007ffcc56a0000 - 0x00007ffcc56d4000 	C:\Windows\system32\rsaenh.dll
0x00007ffcc6c10000 - 0x00007ffcc6c37000 	C:\Windows\System32\bcrypt.dll
0x00007ffcc6530000 - 0x00007ffcc655e000 	C:\Windows\SYSTEM32\USERENV.dll
0x00007ffcc5f10000 - 0x00007ffcc5f1c000 	C:\Windows\SYSTEM32\CRYPTBASE.dll
0x00007ffcbf6a0000 - 0x00007ffcbf6ae000 	C:\Program Files\Java\jdk-17\bin\sunmscapi.dll
0x00007ffcc6900000 - 0x00007ffcc6a56000 	C:\Windows\System32\CRYPT32.dll
0x00007ffcc6030000 - 0x00007ffcc6057000 	C:\Windows\SYSTEM32\ncrypt.dll
0x00007ffcc5ff0000 - 0x00007ffcc602b000 	C:\Windows\SYSTEM32\NTASN1.dll
0x00007ffcb8280000 - 0x00007ffcb8287000 	C:\Windows\system32\wshunix.dll

dbghelp: loaded successfully - version: 4.0.5 - missing functions: none
symbol engine: initialized successfully - sym options: 0x614 - pdb path: .;C:\Program Files\Java\jdk-17\bin;C:\Windows\SYSTEM32;C:\Windows\WinSxS\amd64_microsoft.windows.common-controls_6595b64144ccf1df_6.0.19041.1110_none_60b5254171f9507e;C:\Program Files\Java\jdk-17\bin\server;C:\Users\LENOVO\.gradle\native\1def1411415f61bf3af743bc5b6707747c0891f09f0c88961ee8f79bc544acac\windows-amd64;C:\Users\LENOVO\.gradle\native\0.2.7\x86_64-windows-gnu

VM Arguments:
jvm_args: --add-opens=java.base/java.lang=ALL-UNNAMED --add-opens=java.base/java.lang.invoke=ALL-UNNAMED --add-opens=java.base/java.util=ALL-UNNAMED --add-opens=java.prefs/java.util.prefs=ALL-UNNAMED --add-exports=jdk.compiler/com.sun.tools.javac.api=ALL-UNNAMED --add-exports=jdk.compiler/com.sun.tools.javac.util=ALL-UNNAMED --add-opens=java.base/java.util=ALL-UNNAMED --add-opens=java.prefs/java.util.prefs=ALL-UNNAMED --add-opens=java.base/java.nio.charset=ALL-UNNAMED --add-opens=java.base/java.net=ALL-UNNAMED --add-opens=java.base/java.util.concurrent.atomic=ALL-UNNAMED --add-opens=java.xml/javax.xml.namespace=ALL-UNNAMED -XX:MaxMetaspaceSize=384m -XX:+HeapDumpOnOutOfMemoryError -Xms256m -Xmx512m -Dfile.encoding=UTF-8 -Duser.country=US -Duser.language=en -Duser.variant -javaagent:C:\Users\LENOVO\.gradle\wrapper\dists\gradle-8.14.3-bin\cv11ve7ro1n3o1j4so8xd9n66\gradle-8.14.3\lib\agents\gradle-instrumentation-agent-8.14.3.jar 
java_command: org.gradle.launcher.daemon.bootstrap.GradleDaemon 8.14.3
java_class_path (initial): C:\Users\LENOVO\.gradle\wrapper\dists\gradle-8.14.3-bin\cv11ve7ro1n3o1j4so8xd9n66\gradle-8.14.3\lib\gradle-daemon-main-8.14.3.jar
Launcher Type: SUN_STANDARD

[Global flags]
     intx CICompilerCount                          = 3                                         {product} {ergonomic}
   size_t CompressedClassSpaceSize                 = 335544320                                 {product} {ergonomic}
     uint ConcGCThreads                            = 1                                         {product} {ergonomic}
     uint G1ConcRefinementThreads                  = 4                                         {product} {ergonomic}
   size_t G1HeapRegionSize                         = 1048576                                   {product} {ergonomic}
    uintx GCDrainStackTargetSize                   = 64                                        {product} {ergonomic}
     bool HeapDumpOnOutOfMemoryError               = true                                   {manageable} {command line}
   size_t InitialHeapSize                          = 268435456                                 {product} {command line}
   size_t MarkStackSize                            = 4194304                                   {product} {ergonomic}
   size_t MaxHeapSize                              = 536870912                                 {product} {command line}
   size_t MaxMetaspaceSize                         = 402653184                                 {product} {command line}
   size_t MaxNewSize                               = 321912832                                 {product} {ergonomic}
   size_t MinHeapDeltaBytes                        = 1048576                                   {product} {ergonomic}
   size_t MinHeapSize                              = 268435456                                 {product} {command line}
    uintx NonNMethodCodeHeapSize                   = 5832780                                {pd product} {ergonomic}
    uintx NonProfiledCodeHeapSize                  = 122912730                              {pd product} {ergonomic}
    uintx ProfiledCodeHeapSize                     = 122912730                              {pd product} {ergonomic}
    uintx ReservedCodeCacheSize                    = 251658240                              {pd product} {ergonomic}
     bool SegmentedCodeCache                       = true                                      {product} {ergonomic}
   size_t SoftMaxHeapSize                          = 536870912                              {manageable} {ergonomic}
     bool UseCompressedClassPointers               = true                           {product lp64_product} {ergonomic}
     bool UseCompressedOops                        = true                           {product lp64_product} {ergonomic}
     bool UseG1GC                                  = true                                      {product} {ergonomic}
     bool UseLargePagesIndividualAllocation        = false                                  {pd product} {ergonomic}

Logging:
Log output configuration:
 #0: stdout all=warning uptime,level,tags
 #1: stderr all=off uptime,level,tags

Environment Variables:
JAVA_HOME=E:\
PATH=C:\Program Files\Common Files\Oracle\Java\javapath;C:\Windows\system32;C:\Windows;C:\Windows\System32\Wbem;C:\Windows\System32\WindowsPowerShell\v1.0\;C:\Windows\System32\OpenSSH\;C:\Program Files\Git\cmd;C:\Program Files\MySQL\MySQL Shell 8.0\bin\;C:\Users\LENOVO\AppData\Local\Microsoft\WindowsApps;C:\Users\LENOVO\AppData\Local\Programs\Microsoft VS Code\bin;E:\IntelliJ IDEA 2025.1.2\bin;
USERNAME=LENOVO
OS=Windows_NT
PROCESSOR_IDENTIFIER=Intel64 Family 6 Model 142 Stepping 10, GenuineIntel



---------------  S Y S T E M  ---------------

OS:
 Windows 10 , 64 bit Build 19041 (10.0.19041.1889)
OS uptime: 0 days 9:22 hours

CPU: total 4 (initial active 4) (2 cores per cpu, 2 threads per core) family 6 model 142 stepping 10 microcode 0xb4, cx8, cmov, fxsr, ht, mmx, 3dnowpref, sse, sse2, sse3, ssse3, sse4.1, sse4.2, popcnt, lzcnt, tsc, tscinvbit, avx, avx2, aes, erms, clmul, bmi1, bmi2, adx, fma, vzeroupper, clflush, clflushopt

Memory: 4k page, system-wide physical 4005M (314M free)
TotalPageFile size 10740M (AvailPageFile size 3M)
current process WorkingSet (physical memory assigned to process): 287M, peak: 287M
current process commit charge ("private bytes"): 467M, peak: 470M

vm_info: Java HotSpot(TM) 64-Bit Server VM (17.0.12+8-LTS-286) for windows-amd64 JRE (17.0.12+8-LTS-286), built on Jun  5 2024 06:46:59 by "mach5one" with MS VC++ 17.6 (VS2022)

END.
