#
# There is insufficient memory for the Java Runtime Environment to continue.
# Native memory allocation (malloc) failed to allocate 1156496 bytes for Chunk::new
# Possible reasons:
#   The system is out of physical RAM or swap space
#   The process is running with CompressedOops enabled, and the Java Heap may be blocking the growth of the native heap
# Possible solutions:
#   Reduce memory load on the system
#   Increase physical memory or swap space
#   Check if swap backing store is full
#   Decrease Java heap size (-Xmx/-Xms)
#   Decrease number of Java threads
#   Decrease Java thread stack sizes (-Xss)
#   Set larger code cache with -XX:ReservedCodeCacheSize=
#   JVM is running with Unscaled Compressed Oops mode in which the Java heap is
#     placed in the first 4GB address space. The Java Heap base address is the
#     maximum limit for the native heap growth. Please use -XX:HeapBaseMinAddress
#     to set the Java Heap base and to place the Java Heap above 4GB virtual address.
# This output file may be truncated or incomplete.
#
#  Out of Memory Error (arena.cpp:189), pid=12004, tid=2636
#
# JRE version: Java(TM) SE Runtime Environment (17.0.12+8) (build 17.0.12+8-LTS-286)
# Java VM: Java HotSpot(TM) 64-Bit Server VM (17.0.12+8-LTS-286, mixed mode, sharing, tiered, compressed oops, compressed class ptrs, g1 gc, windows-amd64)
# No core dump will be written. Minidumps are not enabled by default on client versions of Windows
#

---------------  S U M M A R Y ------------

Command Line: --add-opens=java.base/java.lang=ALL-UNNAMED --add-opens=java.base/java.lang.invoke=ALL-UNNAMED --add-opens=java.base/java.util=ALL-UNNAMED --add-opens=java.prefs/java.util.prefs=ALL-UNNAMED --add-exports=jdk.compiler/com.sun.tools.javac.api=ALL-UNNAMED --add-exports=jdk.compiler/com.sun.tools.javac.util=ALL-UNNAMED --add-opens=java.base/java.util=ALL-UNNAMED --add-opens=java.prefs/java.util.prefs=ALL-UNNAMED --add-opens=java.base/java.nio.charset=ALL-UNNAMED --add-opens=java.base/java.net=ALL-UNNAMED --add-opens=java.base/java.util.concurrent.atomic=ALL-UNNAMED --add-opens=java.xml/javax.xml.namespace=ALL-UNNAMED -XX:MaxMetaspaceSize=384m -XX:+HeapDumpOnOutOfMemoryError -Xms256m -Xmx512m -Dfile.encoding=UTF-8 -Duser.country=US -Duser.language=en -Duser.variant -javaagent:C:\Users\LENOVO\.gradle\wrapper\dists\gradle-8.14.3-bin\cv11ve7ro1n3o1j4so8xd9n66\gradle-8.14.3\lib\agents\gradle-instrumentation-agent-8.14.3.jar org.gradle.launcher.daemon.bootstrap.GradleDaemon 8.14.3

Host: Intel(R) Core(TM) i3-7020U CPU @ 2.30GHz, 4 cores, 3G,  Windows 10 , 64 bit Build 19041 (10.0.19041.1889)
Time: Thu Aug 28 11:24:53 2025 SE Asia Standard Time elapsed time: 97.582246 seconds (0d 0h 1m 37s)

---------------  T H R E A D  ---------------

Current thread (0x00000214be892790):  JavaThread "C2 CompilerThread1" daemon [_thread_in_native, id=2636, stack(0x0000005803500000,0x0000005803600000)]


Current CompileTask:
C2:  97583 6999 %     4       groovy.lang.MetaClassImpl::inheritInterfaceNewMetaMethods @ 41 (195 bytes)

Stack: [0x0000005803500000,0x0000005803600000]
Native frames: (J=compiled Java code, j=interpreted, Vv=VM code, C=native code)
V  [jvm.dll+0x67a04a]
V  [jvm.dll+0x7da4ed]
V  [jvm.dll+0x7dbe33]
V  [jvm.dll+0x7dc4a3]
V  [jvm.dll+0x24508f]
V  [jvm.dll+0xab773]
V  [jvm.dll+0xabd3c]
V  [jvm.dll+0x361b9f]
V  [jvm.dll+0x1ba45a]
V  [jvm.dll+0x216997]
V  [jvm.dll+0x215c6f]
V  [jvm.dll+0x1a2960]
V  [jvm.dll+0x22610b]
V  [jvm.dll+0x2242ab]
V  [jvm.dll+0x79075c]
V  [jvm.dll+0x78abea]
V  [jvm.dll+0x678f35]
C  [ucrtbase.dll+0x21bb2]
C  [KERNEL32.DLL+0x17034]
C  [ntdll.dll+0x52651]


---------------  P R O C E S S  ---------------

Threads class SMR info:
_java_thread_list=0x00000214bf08f810, length=58, elements={
0x00000214882a5270, 0x00000214a2313d20, 0x00000214a2314ab0, 0x00000214a232db30,
0x00000214a2331a80, 0x00000214a2332350, 0x00000214a2332c20, 0x00000214a2333820,
0x00000214a2334130, 0x00000214a24b8070, 0x00000214a25321b0, 0x00000214a25b7a60,
0x00000214a266f5a0, 0x00000214bd3907d0, 0x00000214a279ab30, 0x00000214a252da00,
0x00000214bccce000, 0x00000214bd57dec0, 0x00000214bd57edf0, 0x00000214bd57e8e0,
0x00000214bd57d4a0, 0x00000214bd57d9b0, 0x00000214bd57e3d0, 0x00000214bdaf19b0,
0x00000214bdaf3300, 0x00000214bdaf0f90, 0x00000214bdaf5b80, 0x00000214bdaef640,
0x00000214bdaf0060, 0x00000214bdaf23d0, 0x00000214bdaf3810, 0x00000214bdaf5160,
0x00000214bdaf0a80, 0x00000214bdaf4230, 0x00000214bdaf3d20, 0x00000214bdaf5670,
0x00000214bdaf0570, 0x00000214bdaf4740, 0x00000214bdaee710, 0x00000214bdaf28e0,
0x00000214bdaf6090, 0x00000214bdaeec20, 0x00000214bdaef130, 0x00000214bdaf14a0,
0x00000214bdf51ec0, 0x00000214bdf53300, 0x00000214bdf50570, 0x00000214bdf53810,
0x00000214bdf519b0, 0x00000214bdf50f90, 0x00000214bdf50060, 0x00000214bdf523d0,
0x00000214bdf52df0, 0x00000214bd987110, 0x00000214bd987620, 0x00000214bd985cd0,
0x00000214bd981b00, 0x00000214be892790
}

Java Threads: ( => current thread )
  0x00000214882a5270 JavaThread "main" [_thread_blocked, id=10060, stack(0x000000587ed00000,0x000000587ee00000)]
  0x00000214a2313d20 JavaThread "Reference Handler" daemon [_thread_blocked, id=11312, stack(0x000000587f400000,0x000000587f500000)]
  0x00000214a2314ab0 JavaThread "Finalizer" daemon [_thread_blocked, id=1740, stack(0x000000587f500000,0x000000587f600000)]
  0x00000214a232db30 JavaThread "Signal Dispatcher" daemon [_thread_blocked, id=8876, stack(0x000000587f600000,0x000000587f700000)]
  0x00000214a2331a80 JavaThread "Attach Listener" daemon [_thread_blocked, id=6728, stack(0x000000587f700000,0x000000587f800000)]
  0x00000214a2332350 JavaThread "Service Thread" daemon [_thread_blocked, id=2132, stack(0x000000587f800000,0x000000587f900000)]
  0x00000214a2332c20 JavaThread "Monitor Deflation Thread" daemon [_thread_blocked, id=10136, stack(0x000000587f900000,0x000000587fa00000)]
  0x00000214a2333820 JavaThread "C2 CompilerThread0" daemon [_thread_blocked, id=2264, stack(0x000000587fa00000,0x000000587fb00000)]
  0x00000214a2334130 JavaThread "C1 CompilerThread0" daemon [_thread_blocked, id=11788, stack(0x000000587fb00000,0x000000587fc00000)]
  0x00000214a24b8070 JavaThread "Sweeper thread" daemon [_thread_blocked, id=8204, stack(0x000000587fc00000,0x000000587fd00000)]
  0x00000214a25321b0 JavaThread "Common-Cleaner" daemon [_thread_blocked, id=8228, stack(0x000000587fd00000,0x000000587fe00000)]
  0x00000214a25b7a60 JavaThread "Notification Thread" daemon [_thread_blocked, id=7224, stack(0x000000587fe00000,0x000000587ff00000)]
  0x00000214a266f5a0 JavaThread "Daemon health stats" [_thread_blocked, id=2116, stack(0x0000005800300000,0x0000005800400000)]
  0x00000214bd3907d0 JavaThread "Incoming local TCP Connector on port 51261" [_thread_in_native, id=3880, stack(0x0000005800400000,0x0000005800500000)]
  0x00000214a279ab30 JavaThread "Daemon periodic checks" [_thread_blocked, id=5108, stack(0x0000005800500000,0x0000005800600000)]
  0x00000214a252da00 JavaThread "Daemon" [_thread_blocked, id=10664, stack(0x0000005800600000,0x0000005800700000)]
  0x00000214bccce000 JavaThread "Handler for socket connection from /127.0.0.1:51261 to /127.0.0.1:51262" [_thread_in_native, id=5956, stack(0x0000005800700000,0x0000005800800000)]
  0x00000214bd57dec0 JavaThread "Cancel handler" [_thread_blocked, id=11324, stack(0x0000005800800000,0x0000005800900000)]
  0x00000214bd57edf0 JavaThread "Daemon worker" [_thread_blocked, id=11376, stack(0x0000005800900000,0x0000005800a00000)]
  0x00000214bd57e8e0 JavaThread "Asynchronous log dispatcher for DefaultDaemonConnection: socket connection from /127.0.0.1:51261 to /127.0.0.1:51262" [_thread_blocked, id=3948, stack(0x0000005800a00000,0x0000005800b00000)]
  0x00000214bd57d4a0 JavaThread "Stdin handler" [_thread_blocked, id=3776, stack(0x0000005800b00000,0x0000005800c00000)]
  0x00000214bd57d9b0 JavaThread "Daemon client event forwarder" [_thread_blocked, id=10916, stack(0x0000005800c00000,0x0000005800d00000)]
  0x00000214bd57e3d0 JavaThread "Cache worker for journal cache (C:\Users\LENOVO\.gradle\caches\journal-1)" [_thread_blocked, id=4960, stack(0x0000005800d00000,0x0000005800e00000)]
  0x00000214bdaf19b0 JavaThread "File lock request listener" [_thread_in_native, id=8176, stack(0x0000005800e00000,0x0000005800f00000)]
  0x00000214bdaf3300 JavaThread "Cache worker for file hash cache (C:\Users\LENOVO\.gradle\caches\8.14.3\fileHashes)" [_thread_blocked, id=2944, stack(0x0000005800f00000,0x0000005801000000)]
  0x00000214bdaf0f90 JavaThread "File lock release action executor" [_thread_blocked, id=9532, stack(0x0000005801000000,0x0000005801100000)]
  0x00000214bdaf5b80 JavaThread "Cache worker for file hash cache (E:\TKWeb\TPLUS-JV250321_BuiDucLinh_MD5_Project\ra\.gradle\8.14.3\fileHashes)" [_thread_blocked, id=2884, stack(0x0000005801100000,0x0000005801200000)]
  0x00000214bdaef640 JavaThread "Cache worker for Build Output Cleanup Cache (E:\TKWeb\TPLUS-JV250321_BuiDucLinh_MD5_Project\ra\.gradle\buildOutputCleanup)" [_thread_blocked, id=3744, stack(0x0000005801200000,0x0000005801300000)]
  0x00000214bdaf0060 JavaThread "File watcher server" daemon [_thread_in_native, id=9092, stack(0x0000005801300000,0x0000005801400000)]
  0x00000214bdaf23d0 JavaThread "File watcher consumer" daemon [_thread_blocked, id=5144, stack(0x0000005801400000,0x0000005801500000)]
  0x00000214bdaf3810 JavaThread "jar transforms" [_thread_blocked, id=5004, stack(0x0000005801500000,0x0000005801600000)]
  0x00000214bdaf5160 JavaThread "jar transforms Thread 2" [_thread_blocked, id=9508, stack(0x0000005801600000,0x0000005801700000)]
  0x00000214bdaf0a80 JavaThread "Cache worker for checksums cache (E:\TKWeb\TPLUS-JV250321_BuiDucLinh_MD5_Project\ra\.gradle\8.14.3\checksums)" [_thread_blocked, id=6332, stack(0x0000005801700000,0x0000005801800000)]
  0x00000214bdaf4230 JavaThread "Cache worker for file content cache (C:\Users\LENOVO\.gradle\caches\8.14.3\fileContent)" [_thread_blocked, id=11380, stack(0x0000005801800000,0x0000005801900000)]
  0x00000214bdaf3d20 JavaThread "jar transforms Thread 3" [_thread_blocked, id=4444, stack(0x0000005801b00000,0x0000005801c00000)]
  0x00000214bdaf5670 JavaThread "Cache worker for cache directory md-supplier (C:\Users\LENOVO\.gradle\caches\8.14.3\md-supplier)" [_thread_blocked, id=10816, stack(0x0000005801c00000,0x0000005801d00000)]
  0x00000214bdaf0570 JavaThread "Cache worker for cache directory md-rule (C:\Users\LENOVO\.gradle\caches\8.14.3\md-rule)" [_thread_blocked, id=7528, stack(0x0000005801d00000,0x0000005801e00000)]
  0x00000214bdaf4740 JavaThread "Unconstrained build operations" [_thread_blocked, id=1644, stack(0x0000005801f00000,0x0000005802000000)]
  0x00000214bdaee710 JavaThread "Unconstrained build operations Thread 2" [_thread_blocked, id=8116, stack(0x0000005802000000,0x0000005802100000)]
  0x00000214bdaf28e0 JavaThread "Unconstrained build operations Thread 3" [_thread_blocked, id=6864, stack(0x0000005802100000,0x0000005802200000)]
  0x00000214bdaf6090 JavaThread "Unconstrained build operations Thread 4" [_thread_blocked, id=616, stack(0x0000005802200000,0x0000005802300000)]
  0x00000214bdaeec20 JavaThread "Unconstrained build operations Thread 5" [_thread_blocked, id=9848, stack(0x0000005802300000,0x0000005802400000)]
  0x00000214bdaef130 JavaThread "Unconstrained build operations Thread 6" [_thread_blocked, id=7844, stack(0x0000005802400000,0x0000005802500000)]
  0x00000214bdaf14a0 JavaThread "jar transforms Thread 4" [_thread_blocked, id=10400, stack(0x0000005802500000,0x0000005802600000)]
  0x00000214bdf51ec0 JavaThread "Unconstrained build operations Thread 7" [_thread_blocked, id=6536, stack(0x0000005802600000,0x0000005802700000)]
  0x00000214bdf53300 JavaThread "Unconstrained build operations Thread 8" [_thread_blocked, id=1632, stack(0x0000005802700000,0x0000005802800000)]
  0x00000214bdf50570 JavaThread "Unconstrained build operations Thread 9" [_thread_blocked, id=1768, stack(0x0000005802800000,0x0000005802900000)]
  0x00000214bdf53810 JavaThread "Unconstrained build operations Thread 10" [_thread_blocked, id=8352, stack(0x0000005802b00000,0x0000005802c00000)]
  0x00000214bdf519b0 JavaThread "Unconstrained build operations Thread 11" [_thread_blocked, id=7464, stack(0x0000005802c00000,0x0000005802d00000)]
  0x00000214bdf50f90 JavaThread "Unconstrained build operations Thread 12" [_thread_blocked, id=7728, stack(0x0000005802d00000,0x0000005802e00000)]
  0x00000214bdf50060 JavaThread "Unconstrained build operations Thread 13" [_thread_blocked, id=636, stack(0x0000005802e00000,0x0000005802f00000)]
  0x00000214bdf523d0 JavaThread "Unconstrained build operations Thread 14" [_thread_blocked, id=11580, stack(0x0000005802f00000,0x0000005803000000)]
  0x00000214bdf52df0 JavaThread "Unconstrained build operations Thread 15" [_thread_blocked, id=5604, stack(0x0000005803000000,0x0000005803100000)]
  0x00000214bd987110 JavaThread "Unconstrained build operations Thread 16" [_thread_blocked, id=7500, stack(0x0000005803100000,0x0000005803200000)]
  0x00000214bd987620 JavaThread "Unconstrained build operations Thread 17" [_thread_blocked, id=3016, stack(0x0000005803200000,0x0000005803300000)]
  0x00000214bd985cd0 JavaThread "Unconstrained build operations Thread 18" [_thread_blocked, id=6676, stack(0x0000005803300000,0x0000005803400000)]
  0x00000214bd981b00 JavaThread "Memory manager" [_thread_blocked, id=8020, stack(0x0000005803400000,0x0000005803500000)]
=>0x00000214be892790 JavaThread "C2 CompilerThread1" daemon [_thread_in_native, id=2636, stack(0x0000005803500000,0x0000005803600000)]

Other Threads:
  0x00000214a230da60 VMThread "VM Thread" [stack: 0x000000587f300000,0x000000587f400000] [id=7560]
  0x00000214a2617ec0 WatcherThread [stack: 0x000000587ff00000,0x0000005880000000] [id=224]
  0x00000214882d1020 GCTaskThread "GC Thread#0" [stack: 0x000000587ee00000,0x000000587ef00000] [id=5872]
  0x00000214a2711fb0 GCTaskThread "GC Thread#1" [stack: 0x0000005800000000,0x0000005800100000] [id=6608]
  0x00000214a2712270 GCTaskThread "GC Thread#2" [stack: 0x0000005800100000,0x0000005800200000] [id=7248]
  0x00000214a2712530 GCTaskThread "GC Thread#3" [stack: 0x0000005800200000,0x0000005800300000] [id=868]
  0x00000214882d5e80 ConcurrentGCThread "G1 Main Marker" [stack: 0x000000587ef00000,0x000000587f000000] [id=11960]
  0x00000214882d67a0 ConcurrentGCThread "G1 Conc#0" [stack: 0x000000587f000000,0x000000587f100000] [id=7448]
  0x000002148837e5c0 ConcurrentGCThread "G1 Refine#0" [stack: 0x000000587f100000,0x000000587f200000] [id=3360]
  0x00000214bf0a2320 ConcurrentGCThread "G1 Refine#1" [stack: 0x0000005801e00000,0x0000005801f00000] [id=7572]
  0x00000214bf0a34c0 ConcurrentGCThread "G1 Refine#2" [stack: 0x0000005802900000,0x0000005802a00000] [id=9916]
  0x00000214bf0a2030 ConcurrentGCThread "G1 Refine#3" [stack: 0x0000005802a00000,0x0000005802b00000] [id=2616]
  0x00000214a21d20b0 ConcurrentGCThread "G1 Service" [stack: 0x000000587f200000,0x000000587f300000] [id=7920]

Threads with active compile tasks:
C2 CompilerThread1    97774 6999 %     4       groovy.lang.MetaClassImpl::inheritInterfaceNewMetaMethods @ 41 (195 bytes)

VM state: not at safepoint (normal execution)

VM Mutex/Monitor currently owned by a thread: None

Heap address: 0x00000000e0000000, size: 512 MB, Compressed Oops mode: 32-bit

CDS archive(s) mapped at: [0x00000214a3000000-0x00000214a3bd0000-0x00000214a3bd0000), size 12386304, SharedBaseAddress: 0x00000214a3000000, ArchiveRelocationMode: 1.
Compressed class space mapped at: 0x00000214a4000000-0x00000214b8000000, reserved size: 335544320
Narrow klass base: 0x00000214a3000000, Narrow klass shift: 0, Narrow klass range: 0x100000000

GC Precious Log:
 CPUs: 4 total, 4 available
 Memory: 4005M
 Large Page Support: Disabled
 NUMA Support: Disabled
 Compressed Oops: Enabled (32-bit)
 Heap Region Size: 1M
 Heap Min Capacity: 256M
 Heap Initial Capacity: 256M
 Heap Max Capacity: 512M
 Pre-touch: Disabled
 Parallel Workers: 4
 Concurrent Workers: 1
 Concurrent Refinement Workers: 4
 Periodic GC: Disabled

Heap:
 garbage-first heap   total 262144K, used 45244K [0x00000000e0000000, 0x0000000100000000)
  region size 1024K, 12 young (12288K), 11 survivors (11264K)
 Metaspace       used 53860K, committed 54464K, reserved 393216K
  class space    used 7619K, committed 7872K, reserved 327680K

Heap Regions: E=young(eden), S=young(survivor), O=old, HS=humongous(starts), HC=humongous(continues), CS=collection set, F=free, OA=open archive, CA=closed archive, TAMS=top-at-mark-start (previous, next)
|   0|0x00000000e0000000, 0x00000000e0100000, 0x00000000e0100000|100%|HS|  |TAMS 0x00000000e0100000, 0x00000000e0000000| Complete 
|   1|0x00000000e0100000, 0x00000000e0200000, 0x00000000e0200000|100%|HC|  |TAMS 0x00000000e0200000, 0x00000000e0100000| Complete 
|   2|0x00000000e0200000, 0x00000000e0300000, 0x00000000e0300000|100%|HC|  |TAMS 0x00000000e0300000, 0x00000000e0200000| Complete 
|   3|0x00000000e0300000, 0x00000000e0400000, 0x00000000e0400000|100%| O|  |TAMS 0x00000000e0400000, 0x00000000e0300000| Untracked 
|   4|0x00000000e0400000, 0x00000000e0500000, 0x00000000e0500000|100%| O|  |TAMS 0x00000000e0500000, 0x00000000e0400000| Untracked 
|   5|0x00000000e0500000, 0x00000000e0600000, 0x00000000e0600000|100%| O|  |TAMS 0x00000000e0600000, 0x00000000e0500000| Untracked 
|   6|0x00000000e0600000, 0x00000000e0700000, 0x00000000e0700000|100%| O|  |TAMS 0x00000000e0700000, 0x00000000e0600000| Untracked 
|   7|0x00000000e0700000, 0x00000000e0800000, 0x00000000e0800000|100%|HS|  |TAMS 0x00000000e0800000, 0x00000000e0700000| Complete 
|   8|0x00000000e0800000, 0x00000000e0900000, 0x00000000e0900000|100%| O|  |TAMS 0x00000000e0900000, 0x00000000e0800000| Untracked 
|   9|0x00000000e0900000, 0x00000000e0900000, 0x00000000e0a00000|  0%| F|  |TAMS 0x00000000e0900000, 0x00000000e0900000| Untracked 
|  10|0x00000000e0a00000, 0x00000000e0b00000, 0x00000000e0b00000|100%| O|  |TAMS 0x00000000e0b00000, 0x00000000e0a00000| Untracked 
|  11|0x00000000e0b00000, 0x00000000e0c00000, 0x00000000e0c00000|100%| O|  |TAMS 0x00000000e0c00000, 0x00000000e0b00000| Untracked 
|  12|0x00000000e0c00000, 0x00000000e0d00000, 0x00000000e0d00000|100%| O|  |TAMS 0x00000000e0d00000, 0x00000000e0c00000| Untracked 
|  13|0x00000000e0d00000, 0x00000000e0e00000, 0x00000000e0e00000|100%| O|  |TAMS 0x00000000e0e00000, 0x00000000e0d00000| Untracked 
|  14|0x00000000e0e00000, 0x00000000e0f00000, 0x00000000e0f00000|100%| O|  |TAMS 0x00000000e0f00000, 0x00000000e0e00000| Untracked 
|  15|0x00000000e0f00000, 0x00000000e1000000, 0x00000000e1000000|100%| O|  |TAMS 0x00000000e1000000, 0x00000000e0f00000| Untracked 
|  16|0x00000000e1000000, 0x00000000e1100000, 0x00000000e1100000|100%| O|  |TAMS 0x00000000e1100000, 0x00000000e1000000| Untracked 
|  17|0x00000000e1100000, 0x00000000e1200000, 0x00000000e1200000|100%| O|  |TAMS 0x00000000e1200000, 0x00000000e1100000| Untracked 
|  18|0x00000000e1200000, 0x00000000e1300000, 0x00000000e1300000|100%| O|  |TAMS 0x00000000e1300000, 0x00000000e1200000| Untracked 
|  19|0x00000000e1300000, 0x00000000e1400000, 0x00000000e1400000|100%| O|  |TAMS 0x00000000e1400000, 0x00000000e1300000| Untracked 
|  20|0x00000000e1400000, 0x00000000e1500000, 0x00000000e1500000|100%| O|  |TAMS 0x00000000e14fb600, 0x00000000e1400000| Untracked 
|  21|0x00000000e1500000, 0x00000000e1600000, 0x00000000e1600000|100%| O|  |TAMS 0x00000000e1500000, 0x00000000e1500000| Untracked 
|  22|0x00000000e1600000, 0x00000000e1700000, 0x00000000e1700000|100%| O|  |TAMS 0x00000000e1600000, 0x00000000e1600000| Untracked 
|  23|0x00000000e1700000, 0x00000000e1800000, 0x00000000e1800000|100%| O|  |TAMS 0x00000000e1700000, 0x00000000e1700000| Untracked 
|  24|0x00000000e1800000, 0x00000000e1900000, 0x00000000e1900000|100%| O|  |TAMS 0x00000000e1800000, 0x00000000e1800000| Untracked 
|  25|0x00000000e1900000, 0x00000000e1a00000, 0x00000000e1a00000|100%| O|  |TAMS 0x00000000e1900000, 0x00000000e1900000| Untracked 
|  26|0x00000000e1a00000, 0x00000000e1b00000, 0x00000000e1b00000|100%| O|  |TAMS 0x00000000e1a00000, 0x00000000e1a00000| Untracked 
|  27|0x00000000e1b00000, 0x00000000e1c00000, 0x00000000e1c00000|100%| O|  |TAMS 0x00000000e1b00000, 0x00000000e1b00000| Untracked 
|  28|0x00000000e1c00000, 0x00000000e1d00000, 0x00000000e1d00000|100%| O|  |TAMS 0x00000000e1c00000, 0x00000000e1c00000| Untracked 
|  29|0x00000000e1d00000, 0x00000000e1e00000, 0x00000000e1e00000|100%| O|  |TAMS 0x00000000e1d00000, 0x00000000e1d00000| Untracked 
|  30|0x00000000e1e00000, 0x00000000e1f00000, 0x00000000e1f00000|100%| O|  |TAMS 0x00000000e1e00000, 0x00000000e1e00000| Untracked 
|  31|0x00000000e1f00000, 0x00000000e2000000, 0x00000000e2000000|100%| O|  |TAMS 0x00000000e1f00000, 0x00000000e1f00000| Untracked 
|  32|0x00000000e2000000, 0x00000000e2100000, 0x00000000e2100000|100%| O|  |TAMS 0x00000000e2000000, 0x00000000e2000000| Untracked 
|  33|0x00000000e2100000, 0x00000000e2200000, 0x00000000e2200000|100%| O|  |TAMS 0x00000000e2100000, 0x00000000e2100000| Untracked 
|  34|0x00000000e2200000, 0x00000000e22b5800, 0x00000000e2300000| 70%| O|  |TAMS 0x00000000e2200000, 0x00000000e2200000| Untracked 
|  35|0x00000000e2300000, 0x00000000e2300000, 0x00000000e2400000|  0%| F|  |TAMS 0x00000000e2300000, 0x00000000e2300000| Untracked 
|  36|0x00000000e2400000, 0x00000000e2400000, 0x00000000e2500000|  0%| F|  |TAMS 0x00000000e2400000, 0x00000000e2400000| Untracked 
|  37|0x00000000e2500000, 0x00000000e2500000, 0x00000000e2600000|  0%| F|  |TAMS 0x00000000e2500000, 0x00000000e2500000| Untracked 
|  38|0x00000000e2600000, 0x00000000e2600000, 0x00000000e2700000|  0%| F|  |TAMS 0x00000000e2600000, 0x00000000e2600000| Untracked 
|  39|0x00000000e2700000, 0x00000000e2700000, 0x00000000e2800000|  0%| F|  |TAMS 0x00000000e2700000, 0x00000000e2700000| Untracked 
|  40|0x00000000e2800000, 0x00000000e2800000, 0x00000000e2900000|  0%| F|  |TAMS 0x00000000e2800000, 0x00000000e2800000| Untracked 
|  41|0x00000000e2900000, 0x00000000e2900000, 0x00000000e2a00000|  0%| F|  |TAMS 0x00000000e2900000, 0x00000000e2900000| Untracked 
|  42|0x00000000e2a00000, 0x00000000e2a00000, 0x00000000e2b00000|  0%| F|  |TAMS 0x00000000e2a00000, 0x00000000e2a00000| Untracked 
|  43|0x00000000e2b00000, 0x00000000e2b00000, 0x00000000e2c00000|  0%| F|  |TAMS 0x00000000e2b00000, 0x00000000e2b00000| Untracked 
|  44|0x00000000e2c00000, 0x00000000e2c00000, 0x00000000e2d00000|  0%| F|  |TAMS 0x00000000e2c00000, 0x00000000e2c00000| Untracked 
|  45|0x00000000e2d00000, 0x00000000e2d00000, 0x00000000e2e00000|  0%| F|  |TAMS 0x00000000e2d00000, 0x00000000e2d00000| Untracked 
|  46|0x00000000e2e00000, 0x00000000e2e00000, 0x00000000e2f00000|  0%| F|  |TAMS 0x00000000e2e00000, 0x00000000e2e00000| Untracked 
|  47|0x00000000e2f00000, 0x00000000e2f00000, 0x00000000e3000000|  0%| F|  |TAMS 0x00000000e2f00000, 0x00000000e2f00000| Untracked 
|  48|0x00000000e3000000, 0x00000000e3000000, 0x00000000e3100000|  0%| F|  |TAMS 0x00000000e3000000, 0x00000000e3000000| Untracked 
|  49|0x00000000e3100000, 0x00000000e3100000, 0x00000000e3200000|  0%| F|  |TAMS 0x00000000e3100000, 0x00000000e3100000| Untracked 
|  50|0x00000000e3200000, 0x00000000e3200000, 0x00000000e3300000|  0%| F|  |TAMS 0x00000000e3200000, 0x00000000e3200000| Untracked 
|  51|0x00000000e3300000, 0x00000000e3300000, 0x00000000e3400000|  0%| F|  |TAMS 0x00000000e3300000, 0x00000000e3300000| Untracked 
|  52|0x00000000e3400000, 0x00000000e3400000, 0x00000000e3500000|  0%| F|  |TAMS 0x00000000e3400000, 0x00000000e3400000| Untracked 
|  53|0x00000000e3500000, 0x00000000e3500000, 0x00000000e3600000|  0%| F|  |TAMS 0x00000000e3500000, 0x00000000e3500000| Untracked 
|  54|0x00000000e3600000, 0x00000000e3600000, 0x00000000e3700000|  0%| F|  |TAMS 0x00000000e3600000, 0x00000000e3600000| Untracked 
|  55|0x00000000e3700000, 0x00000000e3700000, 0x00000000e3800000|  0%| F|  |TAMS 0x00000000e3700000, 0x00000000e3700000| Untracked 
|  56|0x00000000e3800000, 0x00000000e3800000, 0x00000000e3900000|  0%| F|  |TAMS 0x00000000e3800000, 0x00000000e3800000| Untracked 
|  57|0x00000000e3900000, 0x00000000e3900000, 0x00000000e3a00000|  0%| F|  |TAMS 0x00000000e3900000, 0x00000000e3900000| Untracked 
|  58|0x00000000e3a00000, 0x00000000e3a00000, 0x00000000e3b00000|  0%| F|  |TAMS 0x00000000e3a00000, 0x00000000e3a00000| Untracked 
|  59|0x00000000e3b00000, 0x00000000e3b00000, 0x00000000e3c00000|  0%| F|  |TAMS 0x00000000e3b00000, 0x00000000e3b00000| Untracked 
|  60|0x00000000e3c00000, 0x00000000e3c00000, 0x00000000e3d00000|  0%| F|  |TAMS 0x00000000e3c00000, 0x00000000e3c00000| Untracked 
|  61|0x00000000e3d00000, 0x00000000e3d00000, 0x00000000e3e00000|  0%| F|  |TAMS 0x00000000e3d00000, 0x00000000e3d00000| Untracked 
|  62|0x00000000e3e00000, 0x00000000e3e00000, 0x00000000e3f00000|  0%| F|  |TAMS 0x00000000e3e00000, 0x00000000e3e00000| Untracked 
|  63|0x00000000e3f00000, 0x00000000e3f00000, 0x00000000e4000000|  0%| F|  |TAMS 0x00000000e3f00000, 0x00000000e3f00000| Untracked 
|  64|0x00000000e4000000, 0x00000000e4000000, 0x00000000e4100000|  0%| F|  |TAMS 0x00000000e4000000, 0x00000000e4000000| Untracked 
|  65|0x00000000e4100000, 0x00000000e4100000, 0x00000000e4200000|  0%| F|  |TAMS 0x00000000e4100000, 0x00000000e4100000| Untracked 
|  66|0x00000000e4200000, 0x00000000e4200000, 0x00000000e4300000|  0%| F|  |TAMS 0x00000000e4200000, 0x00000000e4200000| Untracked 
|  67|0x00000000e4300000, 0x00000000e4300000, 0x00000000e4400000|  0%| F|  |TAMS 0x00000000e4300000, 0x00000000e4300000| Untracked 
|  68|0x00000000e4400000, 0x00000000e4400000, 0x00000000e4500000|  0%| F|  |TAMS 0x00000000e4400000, 0x00000000e4400000| Untracked 
|  69|0x00000000e4500000, 0x00000000e4500000, 0x00000000e4600000|  0%| F|  |TAMS 0x00000000e4500000, 0x00000000e4500000| Untracked 
|  70|0x00000000e4600000, 0x00000000e4600000, 0x00000000e4700000|  0%| F|  |TAMS 0x00000000e4600000, 0x00000000e4600000| Untracked 
|  71|0x00000000e4700000, 0x00000000e4700000, 0x00000000e4800000|  0%| F|  |TAMS 0x00000000e4700000, 0x00000000e4700000| Untracked 
|  72|0x00000000e4800000, 0x00000000e4800000, 0x00000000e4900000|  0%| F|  |TAMS 0x00000000e4800000, 0x00000000e4800000| Untracked 
|  73|0x00000000e4900000, 0x00000000e4900000, 0x00000000e4a00000|  0%| F|  |TAMS 0x00000000e4900000, 0x00000000e4900000| Untracked 
|  74|0x00000000e4a00000, 0x00000000e4a00000, 0x00000000e4b00000|  0%| F|  |TAMS 0x00000000e4a00000, 0x00000000e4a00000| Untracked 
|  75|0x00000000e4b00000, 0x00000000e4b00000, 0x00000000e4c00000|  0%| F|  |TAMS 0x00000000e4b00000, 0x00000000e4b00000| Untracked 
|  76|0x00000000e4c00000, 0x00000000e4c00000, 0x00000000e4d00000|  0%| F|  |TAMS 0x00000000e4c00000, 0x00000000e4c00000| Untracked 
|  77|0x00000000e4d00000, 0x00000000e4d00000, 0x00000000e4e00000|  0%| F|  |TAMS 0x00000000e4d00000, 0x00000000e4d00000| Untracked 
|  78|0x00000000e4e00000, 0x00000000e4e00000, 0x00000000e4f00000|  0%| F|  |TAMS 0x00000000e4e00000, 0x00000000e4e00000| Untracked 
|  79|0x00000000e4f00000, 0x00000000e4f00000, 0x00000000e5000000|  0%| F|  |TAMS 0x00000000e4f00000, 0x00000000e4f00000| Untracked 
|  80|0x00000000e5000000, 0x00000000e5000000, 0x00000000e5100000|  0%| F|  |TAMS 0x00000000e5000000, 0x00000000e5000000| Untracked 
|  81|0x00000000e5100000, 0x00000000e5100000, 0x00000000e5200000|  0%| F|  |TAMS 0x00000000e5100000, 0x00000000e5100000| Untracked 
|  82|0x00000000e5200000, 0x00000000e5200000, 0x00000000e5300000|  0%| F|  |TAMS 0x00000000e5200000, 0x00000000e5200000| Untracked 
|  83|0x00000000e5300000, 0x00000000e5300000, 0x00000000e5400000|  0%| F|  |TAMS 0x00000000e5300000, 0x00000000e5300000| Untracked 
|  84|0x00000000e5400000, 0x00000000e5400000, 0x00000000e5500000|  0%| F|  |TAMS 0x00000000e5400000, 0x00000000e5400000| Untracked 
|  85|0x00000000e5500000, 0x00000000e5500000, 0x00000000e5600000|  0%| F|  |TAMS 0x00000000e5500000, 0x00000000e5500000| Untracked 
|  86|0x00000000e5600000, 0x00000000e5600000, 0x00000000e5700000|  0%| F|  |TAMS 0x00000000e5600000, 0x00000000e5600000| Untracked 
|  87|0x00000000e5700000, 0x00000000e5700000, 0x00000000e5800000|  0%| F|  |TAMS 0x00000000e5700000, 0x00000000e5700000| Untracked 
|  88|0x00000000e5800000, 0x00000000e5800000, 0x00000000e5900000|  0%| F|  |TAMS 0x00000000e5800000, 0x00000000e5800000| Untracked 
|  89|0x00000000e5900000, 0x00000000e5900000, 0x00000000e5a00000|  0%| F|  |TAMS 0x00000000e5900000, 0x00000000e5900000| Untracked 
|  90|0x00000000e5a00000, 0x00000000e5a00000, 0x00000000e5b00000|  0%| F|  |TAMS 0x00000000e5a00000, 0x00000000e5a00000| Untracked 
|  91|0x00000000e5b00000, 0x00000000e5b00000, 0x00000000e5c00000|  0%| F|  |TAMS 0x00000000e5b00000, 0x00000000e5b00000| Untracked 
|  92|0x00000000e5c00000, 0x00000000e5c799e0, 0x00000000e5d00000| 47%| S|CS|TAMS 0x00000000e5c00000, 0x00000000e5c00000| Complete 
|  93|0x00000000e5d00000, 0x00000000e5e00000, 0x00000000e5e00000|100%| S|CS|TAMS 0x00000000e5d00000, 0x00000000e5d00000| Complete 
|  94|0x00000000e5e00000, 0x00000000e5f00000, 0x00000000e5f00000|100%| S|CS|TAMS 0x00000000e5e00000, 0x00000000e5e00000| Complete 
|  95|0x00000000e5f00000, 0x00000000e6000000, 0x00000000e6000000|100%| S|CS|TAMS 0x00000000e5f00000, 0x00000000e5f00000| Complete 
|  96|0x00000000e6000000, 0x00000000e6100000, 0x00000000e6100000|100%| S|CS|TAMS 0x00000000e6000000, 0x00000000e6000000| Complete 
|  97|0x00000000e6100000, 0x00000000e6200000, 0x00000000e6200000|100%| S|CS|TAMS 0x00000000e6100000, 0x00000000e6100000| Complete 
|  98|0x00000000e6200000, 0x00000000e6300000, 0x00000000e6300000|100%| S|CS|TAMS 0x00000000e6200000, 0x00000000e6200000| Complete 
|  99|0x00000000e6300000, 0x00000000e6400000, 0x00000000e6400000|100%| S|CS|TAMS 0x00000000e6300000, 0x00000000e6300000| Complete 
| 100|0x00000000e6400000, 0x00000000e6500000, 0x00000000e6500000|100%| S|CS|TAMS 0x00000000e6400000, 0x00000000e6400000| Complete 
| 101|0x00000000e6500000, 0x00000000e6600000, 0x00000000e6600000|100%| S|CS|TAMS 0x00000000e6500000, 0x00000000e6500000| Complete 
| 102|0x00000000e6600000, 0x00000000e6700000, 0x00000000e6700000|100%| S|CS|TAMS 0x00000000e6600000, 0x00000000e6600000| Complete 
| 103|0x00000000e6700000, 0x00000000e6700000, 0x00000000e6800000|  0%| F|  |TAMS 0x00000000e6700000, 0x00000000e6700000| Untracked 
| 104|0x00000000e6800000, 0x00000000e6800000, 0x00000000e6900000|  0%| F|  |TAMS 0x00000000e6800000, 0x00000000e6800000| Untracked 
| 105|0x00000000e6900000, 0x00000000e6900000, 0x00000000e6a00000|  0%| F|  |TAMS 0x00000000e6900000, 0x00000000e6900000| Untracked 
| 106|0x00000000e6a00000, 0x00000000e6a00000, 0x00000000e6b00000|  0%| F|  |TAMS 0x00000000e6a00000, 0x00000000e6a00000| Untracked 
| 107|0x00000000e6b00000, 0x00000000e6b00000, 0x00000000e6c00000|  0%| F|  |TAMS 0x00000000e6b00000, 0x00000000e6b00000| Untracked 
| 108|0x00000000e6c00000, 0x00000000e6c00000, 0x00000000e6d00000|  0%| F|  |TAMS 0x00000000e6c00000, 0x00000000e6c00000| Untracked 
| 109|0x00000000e6d00000, 0x00000000e6d00000, 0x00000000e6e00000|  0%| F|  |TAMS 0x00000000e6d00000, 0x00000000e6d00000| Untracked 
| 110|0x00000000e6e00000, 0x00000000e6e00000, 0x00000000e6f00000|  0%| F|  |TAMS 0x00000000e6e00000, 0x00000000e6e00000| Untracked 
| 111|0x00000000e6f00000, 0x00000000e6f00000, 0x00000000e7000000|  0%| F|  |TAMS 0x00000000e6f00000, 0x00000000e6f00000| Untracked 
| 112|0x00000000e7000000, 0x00000000e7000000, 0x00000000e7100000|  0%| F|  |TAMS 0x00000000e7000000, 0x00000000e7000000| Untracked 
| 113|0x00000000e7100000, 0x00000000e7100000, 0x00000000e7200000|  0%| F|  |TAMS 0x00000000e7100000, 0x00000000e7100000| Untracked 
| 114|0x00000000e7200000, 0x00000000e7200000, 0x00000000e7300000|  0%| F|  |TAMS 0x00000000e7200000, 0x00000000e7200000| Untracked 
| 115|0x00000000e7300000, 0x00000000e7300000, 0x00000000e7400000|  0%| F|  |TAMS 0x00000000e7300000, 0x00000000e7300000| Untracked 
| 116|0x00000000e7400000, 0x00000000e7400000, 0x00000000e7500000|  0%| F|  |TAMS 0x00000000e7400000, 0x00000000e7400000| Untracked 
| 117|0x00000000e7500000, 0x00000000e7500000, 0x00000000e7600000|  0%| F|  |TAMS 0x00000000e7500000, 0x00000000e7500000| Untracked 
| 118|0x00000000e7600000, 0x00000000e7600000, 0x00000000e7700000|  0%| F|  |TAMS 0x00000000e7600000, 0x00000000e7600000| Untracked 
| 119|0x00000000e7700000, 0x00000000e7700000, 0x00000000e7800000|  0%| F|  |TAMS 0x00000000e7700000, 0x00000000e7700000| Untracked 
| 120|0x00000000e7800000, 0x00000000e7800000, 0x00000000e7900000|  0%| F|  |TAMS 0x00000000e7800000, 0x00000000e7800000| Untracked 
| 121|0x00000000e7900000, 0x00000000e7900000, 0x00000000e7a00000|  0%| F|  |TAMS 0x00000000e7900000, 0x00000000e7900000| Untracked 
| 122|0x00000000e7a00000, 0x00000000e7a00000, 0x00000000e7b00000|  0%| F|  |TAMS 0x00000000e7a00000, 0x00000000e7a00000| Untracked 
| 123|0x00000000e7b00000, 0x00000000e7b00000, 0x00000000e7c00000|  0%| F|  |TAMS 0x00000000e7b00000, 0x00000000e7b00000| Untracked 
| 124|0x00000000e7c00000, 0x00000000e7c00000, 0x00000000e7d00000|  0%| F|  |TAMS 0x00000000e7c00000, 0x00000000e7c00000| Untracked 
| 125|0x00000000e7d00000, 0x00000000e7d00000, 0x00000000e7e00000|  0%| F|  |TAMS 0x00000000e7d00000, 0x00000000e7d00000| Untracked 
| 126|0x00000000e7e00000, 0x00000000e7e00000, 0x00000000e7f00000|  0%| F|  |TAMS 0x00000000e7e00000, 0x00000000e7e00000| Untracked 
| 127|0x00000000e7f00000, 0x00000000e7f00000, 0x00000000e8000000|  0%| F|  |TAMS 0x00000000e7f00000, 0x00000000e7f00000| Untracked 
| 128|0x00000000e8000000, 0x00000000e8000000, 0x00000000e8100000|  0%| F|  |TAMS 0x00000000e8000000, 0x00000000e8000000| Untracked 
| 129|0x00000000e8100000, 0x00000000e8100000, 0x00000000e8200000|  0%| F|  |TAMS 0x00000000e8100000, 0x00000000e8100000| Untracked 
| 130|0x00000000e8200000, 0x00000000e8200000, 0x00000000e8300000|  0%| F|  |TAMS 0x00000000e8200000, 0x00000000e8200000| Untracked 
| 131|0x00000000e8300000, 0x00000000e8300000, 0x00000000e8400000|  0%| F|  |TAMS 0x00000000e8300000, 0x00000000e8300000| Untracked 
| 132|0x00000000e8400000, 0x00000000e8400000, 0x00000000e8500000|  0%| F|  |TAMS 0x00000000e8400000, 0x00000000e8400000| Untracked 
| 133|0x00000000e8500000, 0x00000000e8500000, 0x00000000e8600000|  0%| F|  |TAMS 0x00000000e8500000, 0x00000000e8500000| Untracked 
| 134|0x00000000e8600000, 0x00000000e8600000, 0x00000000e8700000|  0%| F|  |TAMS 0x00000000e8600000, 0x00000000e8600000| Untracked 
| 135|0x00000000e8700000, 0x00000000e8700000, 0x00000000e8800000|  0%| F|  |TAMS 0x00000000e8700000, 0x00000000e8700000| Untracked 
| 136|0x00000000e8800000, 0x00000000e8800000, 0x00000000e8900000|  0%| F|  |TAMS 0x00000000e8800000, 0x00000000e8800000| Untracked 
| 137|0x00000000e8900000, 0x00000000e8900000, 0x00000000e8a00000|  0%| F|  |TAMS 0x00000000e8900000, 0x00000000e8900000| Untracked 
| 138|0x00000000e8a00000, 0x00000000e8a00000, 0x00000000e8b00000|  0%| F|  |TAMS 0x00000000e8a00000, 0x00000000e8a00000| Untracked 
| 139|0x00000000e8b00000, 0x00000000e8b00000, 0x00000000e8c00000|  0%| F|  |TAMS 0x00000000e8b00000, 0x00000000e8b00000| Untracked 
| 140|0x00000000e8c00000, 0x00000000e8c00000, 0x00000000e8d00000|  0%| F|  |TAMS 0x00000000e8c00000, 0x00000000e8c00000| Untracked 
| 141|0x00000000e8d00000, 0x00000000e8d00000, 0x00000000e8e00000|  0%| F|  |TAMS 0x00000000e8d00000, 0x00000000e8d00000| Untracked 
| 142|0x00000000e8e00000, 0x00000000e8e00000, 0x00000000e8f00000|  0%| F|  |TAMS 0x00000000e8e00000, 0x00000000e8e00000| Untracked 
| 143|0x00000000e8f00000, 0x00000000e8f00000, 0x00000000e9000000|  0%| F|  |TAMS 0x00000000e8f00000, 0x00000000e8f00000| Untracked 
| 144|0x00000000e9000000, 0x00000000e9000000, 0x00000000e9100000|  0%| F|  |TAMS 0x00000000e9000000, 0x00000000e9000000| Untracked 
| 145|0x00000000e9100000, 0x00000000e9100000, 0x00000000e9200000|  0%| F|  |TAMS 0x00000000e9100000, 0x00000000e9100000| Untracked 
| 146|0x00000000e9200000, 0x00000000e9200000, 0x00000000e9300000|  0%| F|  |TAMS 0x00000000e9200000, 0x00000000e9200000| Untracked 
| 147|0x00000000e9300000, 0x00000000e9300000, 0x00000000e9400000|  0%| F|  |TAMS 0x00000000e9300000, 0x00000000e9300000| Untracked 
| 148|0x00000000e9400000, 0x00000000e9400000, 0x00000000e9500000|  0%| F|  |TAMS 0x00000000e9400000, 0x00000000e9400000| Untracked 
| 149|0x00000000e9500000, 0x00000000e9500000, 0x00000000e9600000|  0%| F|  |TAMS 0x00000000e9500000, 0x00000000e9500000| Untracked 
| 150|0x00000000e9600000, 0x00000000e9600000, 0x00000000e9700000|  0%| F|  |TAMS 0x00000000e9600000, 0x00000000e9600000| Untracked 
| 151|0x00000000e9700000, 0x00000000e9700000, 0x00000000e9800000|  0%| F|  |TAMS 0x00000000e9700000, 0x00000000e9700000| Untracked 
| 152|0x00000000e9800000, 0x00000000e9800000, 0x00000000e9900000|  0%| F|  |TAMS 0x00000000e9800000, 0x00000000e9800000| Untracked 
| 153|0x00000000e9900000, 0x00000000e9900000, 0x00000000e9a00000|  0%| F|  |TAMS 0x00000000e9900000, 0x00000000e9900000| Untracked 
| 154|0x00000000e9a00000, 0x00000000e9a00000, 0x00000000e9b00000|  0%| F|  |TAMS 0x00000000e9a00000, 0x00000000e9a00000| Untracked 
| 155|0x00000000e9b00000, 0x00000000e9b00000, 0x00000000e9c00000|  0%| F|  |TAMS 0x00000000e9b00000, 0x00000000e9b00000| Untracked 
| 156|0x00000000e9c00000, 0x00000000e9c00000, 0x00000000e9d00000|  0%| F|  |TAMS 0x00000000e9c00000, 0x00000000e9c00000| Untracked 
| 157|0x00000000e9d00000, 0x00000000e9d00000, 0x00000000e9e00000|  0%| F|  |TAMS 0x00000000e9d00000, 0x00000000e9d00000| Untracked 
| 158|0x00000000e9e00000, 0x00000000e9e00000, 0x00000000e9f00000|  0%| F|  |TAMS 0x00000000e9e00000, 0x00000000e9e00000| Untracked 
| 159|0x00000000e9f00000, 0x00000000e9f00000, 0x00000000ea000000|  0%| F|  |TAMS 0x00000000e9f00000, 0x00000000e9f00000| Untracked 
| 160|0x00000000ea000000, 0x00000000ea000000, 0x00000000ea100000|  0%| F|  |TAMS 0x00000000ea000000, 0x00000000ea000000| Untracked 
| 161|0x00000000ea100000, 0x00000000ea100000, 0x00000000ea200000|  0%| F|  |TAMS 0x00000000ea100000, 0x00000000ea100000| Untracked 
| 162|0x00000000ea200000, 0x00000000ea200000, 0x00000000ea300000|  0%| F|  |TAMS 0x00000000ea200000, 0x00000000ea200000| Untracked 
| 163|0x00000000ea300000, 0x00000000ea300000, 0x00000000ea400000|  0%| F|  |TAMS 0x00000000ea300000, 0x00000000ea300000| Untracked 
| 164|0x00000000ea400000, 0x00000000ea400000, 0x00000000ea500000|  0%| F|  |TAMS 0x00000000ea400000, 0x00000000ea400000| Untracked 
| 165|0x00000000ea500000, 0x00000000ea500000, 0x00000000ea600000|  0%| F|  |TAMS 0x00000000ea500000, 0x00000000ea500000| Untracked 
| 166|0x00000000ea600000, 0x00000000ea600000, 0x00000000ea700000|  0%| F|  |TAMS 0x00000000ea600000, 0x00000000ea600000| Untracked 
| 167|0x00000000ea700000, 0x00000000ea700000, 0x00000000ea800000|  0%| F|  |TAMS 0x00000000ea700000, 0x00000000ea700000| Untracked 
| 168|0x00000000ea800000, 0x00000000ea800000, 0x00000000ea900000|  0%| F|  |TAMS 0x00000000ea800000, 0x00000000ea800000| Untracked 
| 169|0x00000000ea900000, 0x00000000ea900000, 0x00000000eaa00000|  0%| F|  |TAMS 0x00000000ea900000, 0x00000000ea900000| Untracked 
| 170|0x00000000eaa00000, 0x00000000eaa00000, 0x00000000eab00000|  0%| F|  |TAMS 0x00000000eaa00000, 0x00000000eaa00000| Untracked 
| 171|0x00000000eab00000, 0x00000000eab00000, 0x00000000eac00000|  0%| F|  |TAMS 0x00000000eab00000, 0x00000000eab00000| Untracked 
| 172|0x00000000eac00000, 0x00000000eac00000, 0x00000000ead00000|  0%| F|  |TAMS 0x00000000eac00000, 0x00000000eac00000| Untracked 
| 173|0x00000000ead00000, 0x00000000ead00000, 0x00000000eae00000|  0%| F|  |TAMS 0x00000000ead00000, 0x00000000ead00000| Untracked 
| 174|0x00000000eae00000, 0x00000000eae00000, 0x00000000eaf00000|  0%| F|  |TAMS 0x00000000eae00000, 0x00000000eae00000| Untracked 
| 175|0x00000000eaf00000, 0x00000000eaf00000, 0x00000000eb000000|  0%| F|  |TAMS 0x00000000eaf00000, 0x00000000eaf00000| Untracked 
| 176|0x00000000eb000000, 0x00000000eb000000, 0x00000000eb100000|  0%| F|  |TAMS 0x00000000eb000000, 0x00000000eb000000| Untracked 
| 177|0x00000000eb100000, 0x00000000eb100000, 0x00000000eb200000|  0%| F|  |TAMS 0x00000000eb100000, 0x00000000eb100000| Untracked 
| 178|0x00000000eb200000, 0x00000000eb200000, 0x00000000eb300000|  0%| F|  |TAMS 0x00000000eb200000, 0x00000000eb200000| Untracked 
| 179|0x00000000eb300000, 0x00000000eb300000, 0x00000000eb400000|  0%| F|  |TAMS 0x00000000eb300000, 0x00000000eb300000| Untracked 
| 180|0x00000000eb400000, 0x00000000eb400000, 0x00000000eb500000|  0%| F|  |TAMS 0x00000000eb400000, 0x00000000eb400000| Untracked 
| 181|0x00000000eb500000, 0x00000000eb500000, 0x00000000eb600000|  0%| F|  |TAMS 0x00000000eb500000, 0x00000000eb500000| Untracked 
| 182|0x00000000eb600000, 0x00000000eb600000, 0x00000000eb700000|  0%| F|  |TAMS 0x00000000eb600000, 0x00000000eb600000| Untracked 
| 183|0x00000000eb700000, 0x00000000eb700000, 0x00000000eb800000|  0%| F|  |TAMS 0x00000000eb700000, 0x00000000eb700000| Untracked 
| 184|0x00000000eb800000, 0x00000000eb800000, 0x00000000eb900000|  0%| F|  |TAMS 0x00000000eb800000, 0x00000000eb800000| Untracked 
| 185|0x00000000eb900000, 0x00000000eb900000, 0x00000000eba00000|  0%| F|  |TAMS 0x00000000eb900000, 0x00000000eb900000| Untracked 
| 186|0x00000000eba00000, 0x00000000eba00000, 0x00000000ebb00000|  0%| F|  |TAMS 0x00000000eba00000, 0x00000000eba00000| Untracked 
| 187|0x00000000ebb00000, 0x00000000ebb00000, 0x00000000ebc00000|  0%| F|  |TAMS 0x00000000ebb00000, 0x00000000ebb00000| Untracked 
| 188|0x00000000ebc00000, 0x00000000ebc00000, 0x00000000ebd00000|  0%| F|  |TAMS 0x00000000ebc00000, 0x00000000ebc00000| Untracked 
| 189|0x00000000ebd00000, 0x00000000ebd00000, 0x00000000ebe00000|  0%| F|  |TAMS 0x00000000ebd00000, 0x00000000ebd00000| Untracked 
| 190|0x00000000ebe00000, 0x00000000ebe00000, 0x00000000ebf00000|  0%| F|  |TAMS 0x00000000ebe00000, 0x00000000ebe00000| Untracked 
| 191|0x00000000ebf00000, 0x00000000ebf00000, 0x00000000ec000000|  0%| F|  |TAMS 0x00000000ebf00000, 0x00000000ebf00000| Untracked 
| 192|0x00000000ec000000, 0x00000000ec000000, 0x00000000ec100000|  0%| F|  |TAMS 0x00000000ec000000, 0x00000000ec000000| Untracked 
| 193|0x00000000ec100000, 0x00000000ec100000, 0x00000000ec200000|  0%| F|  |TAMS 0x00000000ec100000, 0x00000000ec100000| Untracked 
| 194|0x00000000ec200000, 0x00000000ec200000, 0x00000000ec300000|  0%| F|  |TAMS 0x00000000ec200000, 0x00000000ec200000| Untracked 
| 195|0x00000000ec300000, 0x00000000ec300000, 0x00000000ec400000|  0%| F|  |TAMS 0x00000000ec300000, 0x00000000ec300000| Untracked 
| 196|0x00000000ec400000, 0x00000000ec400000, 0x00000000ec500000|  0%| F|  |TAMS 0x00000000ec400000, 0x00000000ec400000| Untracked 
| 197|0x00000000ec500000, 0x00000000ec500000, 0x00000000ec600000|  0%| F|  |TAMS 0x00000000ec500000, 0x00000000ec500000| Untracked 
| 198|0x00000000ec600000, 0x00000000ec600000, 0x00000000ec700000|  0%| F|  |TAMS 0x00000000ec600000, 0x00000000ec600000| Untracked 
| 199|0x00000000ec700000, 0x00000000ec700000, 0x00000000ec800000|  0%| F|  |TAMS 0x00000000ec700000, 0x00000000ec700000| Untracked 
| 200|0x00000000ec800000, 0x00000000ec800000, 0x00000000ec900000|  0%| F|  |TAMS 0x00000000ec800000, 0x00000000ec800000| Untracked 
| 201|0x00000000ec900000, 0x00000000ec900000, 0x00000000eca00000|  0%| F|  |TAMS 0x00000000ec900000, 0x00000000ec900000| Untracked 
| 202|0x00000000eca00000, 0x00000000eca00000, 0x00000000ecb00000|  0%| F|  |TAMS 0x00000000eca00000, 0x00000000eca00000| Untracked 
| 203|0x00000000ecb00000, 0x00000000ecb00000, 0x00000000ecc00000|  0%| F|  |TAMS 0x00000000ecb00000, 0x00000000ecb00000| Untracked 
| 204|0x00000000ecc00000, 0x00000000ecc00000, 0x00000000ecd00000|  0%| F|  |TAMS 0x00000000ecc00000, 0x00000000ecc00000| Untracked 
| 205|0x00000000ecd00000, 0x00000000ecd00000, 0x00000000ece00000|  0%| F|  |TAMS 0x00000000ecd00000, 0x00000000ecd00000| Untracked 
| 206|0x00000000ece00000, 0x00000000ece00000, 0x00000000ecf00000|  0%| F|  |TAMS 0x00000000ece00000, 0x00000000ece00000| Untracked 
| 207|0x00000000ecf00000, 0x00000000ecf00000, 0x00000000ed000000|  0%| F|  |TAMS 0x00000000ecf00000, 0x00000000ecf00000| Untracked 
| 208|0x00000000ed000000, 0x00000000ed000000, 0x00000000ed100000|  0%| F|  |TAMS 0x00000000ed000000, 0x00000000ed000000| Untracked 
| 209|0x00000000ed100000, 0x00000000ed100000, 0x00000000ed200000|  0%| F|  |TAMS 0x00000000ed100000, 0x00000000ed100000| Untracked 
| 210|0x00000000ed200000, 0x00000000ed200000, 0x00000000ed300000|  0%| F|  |TAMS 0x00000000ed200000, 0x00000000ed200000| Untracked 
| 211|0x00000000ed300000, 0x00000000ed300000, 0x00000000ed400000|  0%| F|  |TAMS 0x00000000ed300000, 0x00000000ed300000| Untracked 
| 212|0x00000000ed400000, 0x00000000ed400000, 0x00000000ed500000|  0%| F|  |TAMS 0x00000000ed400000, 0x00000000ed400000| Untracked 
| 213|0x00000000ed500000, 0x00000000ed500000, 0x00000000ed600000|  0%| F|  |TAMS 0x00000000ed500000, 0x00000000ed500000| Untracked 
| 214|0x00000000ed600000, 0x00000000ed600000, 0x00000000ed700000|  0%| F|  |TAMS 0x00000000ed600000, 0x00000000ed600000| Untracked 
| 215|0x00000000ed700000, 0x00000000ed700000, 0x00000000ed800000|  0%| F|  |TAMS 0x00000000ed700000, 0x00000000ed700000| Untracked 
| 216|0x00000000ed800000, 0x00000000ed800000, 0x00000000ed900000|  0%| F|  |TAMS 0x00000000ed800000, 0x00000000ed800000| Untracked 
| 217|0x00000000ed900000, 0x00000000ed900000, 0x00000000eda00000|  0%| F|  |TAMS 0x00000000ed900000, 0x00000000ed900000| Untracked 
| 218|0x00000000eda00000, 0x00000000eda00000, 0x00000000edb00000|  0%| F|  |TAMS 0x00000000eda00000, 0x00000000eda00000| Untracked 
| 219|0x00000000edb00000, 0x00000000edb00000, 0x00000000edc00000|  0%| F|  |TAMS 0x00000000edb00000, 0x00000000edb00000| Untracked 
| 220|0x00000000edc00000, 0x00000000edc00000, 0x00000000edd00000|  0%| F|  |TAMS 0x00000000edc00000, 0x00000000edc00000| Untracked 
| 221|0x00000000edd00000, 0x00000000edd00000, 0x00000000ede00000|  0%| F|  |TAMS 0x00000000edd00000, 0x00000000edd00000| Untracked 
| 222|0x00000000ede00000, 0x00000000ede00000, 0x00000000edf00000|  0%| F|  |TAMS 0x00000000ede00000, 0x00000000ede00000| Untracked 
| 223|0x00000000edf00000, 0x00000000edf00000, 0x00000000ee000000|  0%| F|  |TAMS 0x00000000edf00000, 0x00000000edf00000| Untracked 
| 224|0x00000000ee000000, 0x00000000ee000000, 0x00000000ee100000|  0%| F|  |TAMS 0x00000000ee000000, 0x00000000ee000000| Untracked 
| 225|0x00000000ee100000, 0x00000000ee100000, 0x00000000ee200000|  0%| F|  |TAMS 0x00000000ee100000, 0x00000000ee100000| Untracked 
| 226|0x00000000ee200000, 0x00000000ee200000, 0x00000000ee300000|  0%| F|  |TAMS 0x00000000ee200000, 0x00000000ee200000| Untracked 
| 227|0x00000000ee300000, 0x00000000ee300000, 0x00000000ee400000|  0%| F|  |TAMS 0x00000000ee300000, 0x00000000ee300000| Untracked 
| 228|0x00000000ee400000, 0x00000000ee400000, 0x00000000ee500000|  0%| F|  |TAMS 0x00000000ee400000, 0x00000000ee400000| Untracked 
| 229|0x00000000ee500000, 0x00000000ee500000, 0x00000000ee600000|  0%| F|  |TAMS 0x00000000ee500000, 0x00000000ee500000| Untracked 
| 230|0x00000000ee600000, 0x00000000ee600000, 0x00000000ee700000|  0%| F|  |TAMS 0x00000000ee600000, 0x00000000ee600000| Untracked 
| 231|0x00000000ee700000, 0x00000000ee700000, 0x00000000ee800000|  0%| F|  |TAMS 0x00000000ee700000, 0x00000000ee700000| Untracked 
| 232|0x00000000ee800000, 0x00000000ee800000, 0x00000000ee900000|  0%| F|  |TAMS 0x00000000ee800000, 0x00000000ee800000| Untracked 
| 233|0x00000000ee900000, 0x00000000ee900000, 0x00000000eea00000|  0%| F|  |TAMS 0x00000000ee900000, 0x00000000ee900000| Untracked 
| 234|0x00000000eea00000, 0x00000000eea00000, 0x00000000eeb00000|  0%| F|  |TAMS 0x00000000eea00000, 0x00000000eea00000| Untracked 
| 235|0x00000000eeb00000, 0x00000000eeb00000, 0x00000000eec00000|  0%| F|  |TAMS 0x00000000eeb00000, 0x00000000eeb00000| Untracked 
| 236|0x00000000eec00000, 0x00000000eec00000, 0x00000000eed00000|  0%| F|  |TAMS 0x00000000eec00000, 0x00000000eec00000| Untracked 
| 237|0x00000000eed00000, 0x00000000eed00000, 0x00000000eee00000|  0%| F|  |TAMS 0x00000000eed00000, 0x00000000eed00000| Untracked 
| 238|0x00000000eee00000, 0x00000000eee00000, 0x00000000eef00000|  0%| F|  |TAMS 0x00000000eee00000, 0x00000000eee00000| Untracked 
| 239|0x00000000eef00000, 0x00000000eef00000, 0x00000000ef000000|  0%| F|  |TAMS 0x00000000eef00000, 0x00000000eef00000| Untracked 
| 240|0x00000000ef000000, 0x00000000ef000000, 0x00000000ef100000|  0%| F|  |TAMS 0x00000000ef000000, 0x00000000ef000000| Untracked 
| 241|0x00000000ef100000, 0x00000000ef100000, 0x00000000ef200000|  0%| F|  |TAMS 0x00000000ef100000, 0x00000000ef100000| Untracked 
| 242|0x00000000ef200000, 0x00000000ef200000, 0x00000000ef300000|  0%| F|  |TAMS 0x00000000ef200000, 0x00000000ef200000| Untracked 
| 243|0x00000000ef300000, 0x00000000ef300000, 0x00000000ef400000|  0%| F|  |TAMS 0x00000000ef300000, 0x00000000ef300000| Untracked 
| 244|0x00000000ef400000, 0x00000000ef400000, 0x00000000ef500000|  0%| F|  |TAMS 0x00000000ef400000, 0x00000000ef400000| Untracked 
| 245|0x00000000ef500000, 0x00000000ef500000, 0x00000000ef600000|  0%| F|  |TAMS 0x00000000ef500000, 0x00000000ef500000| Untracked 
| 246|0x00000000ef600000, 0x00000000ef600000, 0x00000000ef700000|  0%| F|  |TAMS 0x00000000ef600000, 0x00000000ef600000| Untracked 
| 247|0x00000000ef700000, 0x00000000ef700000, 0x00000000ef800000|  0%| F|  |TAMS 0x00000000ef700000, 0x00000000ef700000| Untracked 
| 248|0x00000000ef800000, 0x00000000ef800000, 0x00000000ef900000|  0%| F|  |TAMS 0x00000000ef800000, 0x00000000ef800000| Untracked 
| 249|0x00000000ef900000, 0x00000000ef900000, 0x00000000efa00000|  0%| F|  |TAMS 0x00000000ef900000, 0x00000000ef900000| Untracked 
| 250|0x00000000efa00000, 0x00000000efa00000, 0x00000000efb00000|  0%| F|  |TAMS 0x00000000efa00000, 0x00000000efa00000| Untracked 
| 251|0x00000000efb00000, 0x00000000efb00000, 0x00000000efc00000|  0%| F|  |TAMS 0x00000000efb00000, 0x00000000efb00000| Untracked 
| 252|0x00000000efc00000, 0x00000000efc00000, 0x00000000efd00000|  0%| F|  |TAMS 0x00000000efc00000, 0x00000000efc00000| Untracked 
| 253|0x00000000efd00000, 0x00000000efd00000, 0x00000000efe00000|  0%| F|  |TAMS 0x00000000efd00000, 0x00000000efd00000| Untracked 
| 254|0x00000000efe00000, 0x00000000efe00000, 0x00000000eff00000|  0%| F|  |TAMS 0x00000000efe00000, 0x00000000efe00000| Untracked 
| 255|0x00000000eff00000, 0x00000000effb1848, 0x00000000f0000000| 69%| E|  |TAMS 0x00000000eff00000, 0x00000000eff00000| Complete 

Card table byte_map: [0x000002149eb70000,0x000002149ec70000] _byte_map_base: 0x000002149e470000

Marking Bits (Prev, Next): (CMBitMap*) 0x00000214882d1550, (CMBitMap*) 0x00000214882d1590
 Prev Bits: [0x000002149ed70000, 0x000002149f570000)
 Next Bits: [0x000002149f570000, 0x000002149fd70000)

Polling page: 0x0000021487a80000

Metaspace:

Usage:
  Non-class:     45.16 MB used.
      Class:      7.44 MB used.
       Both:     52.60 MB used.

Virtual space:
  Non-class space:       64.00 MB reserved,      45.50 MB ( 71%) committed,  1 nodes.
      Class space:      320.00 MB reserved,       7.69 MB (  2%) committed,  1 nodes.
             Both:      384.00 MB reserved,      53.19 MB ( 14%) committed. 

Chunk freelists:
   Non-Class:  2.41 MB
       Class:  8.28 MB
        Both:  10.69 MB

MaxMetaspaceSize: 384.00 MB
CompressedClassSpaceSize: 320.00 MB
Initial GC threshold: 21.00 MB
Current GC threshold: 59.50 MB
CDS: on
MetaspaceReclaimPolicy: balanced
 - commit_granule_bytes: 65536.
 - commit_granule_words: 8192.
 - virtual_space_node_default_size: 8388608.
 - enlarge_chunks_in_place: 1.
 - new_chunks_are_fully_committed: 0.
 - uncommit_free_chunks: 1.
 - use_allocation_guard: 0.
 - handle_deallocations: 1.


Internal statistics:

num_allocs_failed_limit: 6.
num_arena_births: 648.
num_arena_deaths: 0.
num_vsnodes_births: 2.
num_vsnodes_deaths: 0.
num_space_committed: 851.
num_space_uncommitted: 0.
num_chunks_returned_to_freelist: 6.
num_chunks_taken_from_freelist: 2921.
num_chunk_merges: 6.
num_chunk_splits: 1869.
num_chunks_enlarged: 1210.
num_inconsistent_stats: 0.

CodeHeap 'non-profiled nmethods': size=120000Kb used=3862Kb max_used=3862Kb free=116137Kb
 bounds [0x0000021497640000, 0x0000021497a10000, 0x000002149eb70000]
CodeHeap 'profiled nmethods': size=120000Kb used=12398Kb max_used=12398Kb free=107601Kb
 bounds [0x000002148fb70000, 0x0000021490790000, 0x00000214970a0000]
CodeHeap 'non-nmethods': size=5760Kb used=2336Kb max_used=2410Kb free=3423Kb
 bounds [0x00000214970a0000, 0x0000021497320000, 0x0000021497640000]
 total_blobs=7112 nmethods=6255 adapters=769
 compilation: enabled
              stopped_count=0, restarted_count=0
 full_count=0

Compilation events (20 events):
Event: 97.235 Thread 0x00000214a2334130 7011       3       java.util.regex.CharPredicates$$Lambda$21/0x00000214a4047a60::is (5 bytes)
Event: 97.236 Thread 0x00000214a2334130 nmethod 7011 0x0000021490785390 code [0x0000021490785560, 0x0000021490785978]
Event: 97.267 Thread 0x00000214a2333820 7012       4       java.util.jar.Manifest::getTrustedAttributes (57 bytes)
Event: 97.287 Thread 0x00000214a2333820 nmethod 7012 0x0000021497a00890 code [0x0000021497a00a60, 0x0000021497a01248]
Event: 97.335 Thread 0x00000214a2333820 7013       4       java.util.TreeMap::getEntry (77 bytes)
Event: 97.356 Thread 0x00000214a2333820 nmethod 7013 0x0000021497a01710 code [0x0000021497a018e0, 0x0000021497a022a8]
Event: 97.357 Thread 0x00000214a2333820 7014       4       java.util.TreeMap::get (19 bytes)
Event: 97.379 Thread 0x00000214a2333820 nmethod 7014 0x0000021497a02810 code [0x0000021497a029e0, 0x0000021497a03388]
Event: 97.379 Thread 0x00000214a2333820 7015       4       java.util.TreeMap$PrivateEntryIterator::hasNext (13 bytes)
Event: 97.380 Thread 0x00000214a2333820 nmethod 7015 0x0000021497a03910 code [0x0000021497a03a80, 0x0000021497a03b18]
Event: 97.386 Thread 0x00000214a2334130 7016       3       java.lang.reflect.ProxyGenerator$ProxyMethod::codeUnwrapReturnValue (172 bytes)
Event: 97.387 Thread 0x00000214a2334130 nmethod 7016 0x0000021490785b10 code [0x0000021490785dc0, 0x0000021490786cf8]
Event: 97.390 Thread 0x00000214a2333820 7017       4       java.nio.Buffer::<init> (105 bytes)
Event: 97.393 Thread 0x00000214a2333820 nmethod 7017 0x0000021497a03c10 code [0x0000021497a03da0, 0x0000021497a03f98]
Event: 97.393 Thread 0x00000214a2334130 7018       3       java.lang.reflect.ProxyGenerator::addProxyMethod (33 bytes)
Event: 97.394 Thread 0x00000214a2334130 nmethod 7018 0x0000021490787090 code [0x0000021490787280, 0x00000214907877d8]
Event: 97.394 Thread 0x00000214a2334130 7019       3       java.lang.reflect.ProxyGenerator$$Lambda$29/0x00000214a404eef8::apply (8 bytes)
Event: 97.394 Thread 0x00000214a2334130 nmethod 7019 0x0000021490787990 code [0x0000021490787b40, 0x0000021490787e48]
Event: 97.394 Thread 0x00000214a2334130 7020       3       java.lang.reflect.ProxyGenerator::lambda$addProxyMethod$1 (9 bytes)
Event: 97.394 Thread 0x00000214a2334130 nmethod 7020 0x0000021490787f90 code [0x0000021490788140, 0x00000214907882c8]

GC Heap History (14 events):
Event: 1.278 GC heap before
{Heap before GC invocations=0 (full 0):
 garbage-first heap   total 262144K, used 13312K [0x00000000e0000000, 0x0000000100000000)
  region size 1024K, 13 young (13312K), 0 survivors (0K)
 Metaspace       used 778K, committed 896K, reserved 393216K
  class space    used 61K, committed 128K, reserved 327680K
}
Event: 1.286 GC heap after
{Heap after GC invocations=1 (full 0):
 garbage-first heap   total 262144K, used 1248K [0x00000000e0000000, 0x0000000100000000)
  region size 1024K, 2 young (2048K), 2 survivors (2048K)
 Metaspace       used 778K, committed 896K, reserved 393216K
  class space    used 61K, committed 128K, reserved 327680K
}
Event: 2.947 GC heap before
{Heap before GC invocations=1 (full 0):
 garbage-first heap   total 262144K, used 22752K [0x00000000e0000000, 0x0000000100000000)
  region size 1024K, 21 young (21504K), 2 survivors (2048K)
 Metaspace       used 1831K, committed 1984K, reserved 393216K
  class space    used 174K, committed 256K, reserved 327680K
}
Event: 2.954 GC heap after
{Heap after GC invocations=2 (full 0):
 garbage-first heap   total 262144K, used 9479K [0x00000000e0000000, 0x0000000100000000)
  region size 1024K, 3 young (3072K), 3 survivors (3072K)
 Metaspace       used 1831K, committed 1984K, reserved 393216K
  class space    used 174K, committed 256K, reserved 327680K
}
Event: 17.723 GC heap before
{Heap before GC invocations=2 (full 0):
 garbage-first heap   total 262144K, used 165127K [0x00000000e0000000, 0x0000000100000000)
  region size 1024K, 153 young (156672K), 3 survivors (3072K)
 Metaspace       used 17879K, committed 18240K, reserved 393216K
  class space    used 2564K, committed 2752K, reserved 327680K
}
Event: 17.787 GC heap after
{Heap after GC invocations=3 (full 0):
 garbage-first heap   total 262144K, used 21680K [0x00000000e0000000, 0x0000000100000000)
  region size 1024K, 14 young (14336K), 14 survivors (14336K)
 Metaspace       used 17879K, committed 18240K, reserved 393216K
  class space    used 2564K, committed 2752K, reserved 327680K
}
Event: 23.411 GC heap before
{Heap before GC invocations=3 (full 0):
 garbage-first heap   total 262144K, used 51376K [0x00000000e0000000, 0x0000000100000000)
  region size 1024K, 44 young (45056K), 14 survivors (14336K)
 Metaspace       used 21195K, committed 21504K, reserved 393216K
  class space    used 3078K, committed 3264K, reserved 327680K
}
Event: 23.487 GC heap after
{Heap after GC invocations=4 (full 0):
 garbage-first heap   total 262144K, used 24328K [0x00000000e0000000, 0x0000000100000000)
  region size 1024K, 3 young (3072K), 3 survivors (3072K)
 Metaspace       used 21195K, committed 21504K, reserved 393216K
  class space    used 3078K, committed 3264K, reserved 327680K
}
Event: 56.575 GC heap before
{Heap before GC invocations=5 (full 0):
 garbage-first heap   total 262144K, used 150280K [0x00000000e0000000, 0x0000000100000000)
  region size 1024K, 123 young (125952K), 3 survivors (3072K)
 Metaspace       used 35893K, committed 36288K, reserved 393216K
  class space    used 4968K, committed 5120K, reserved 327680K
}
Event: 56.736 GC heap after
{Heap after GC invocations=6 (full 0):
 garbage-first heap   total 262144K, used 32197K [0x00000000e0000000, 0x0000000100000000)
  region size 1024K, 11 young (11264K), 11 survivors (11264K)
 Metaspace       used 35893K, committed 36288K, reserved 393216K
  class space    used 4968K, committed 5120K, reserved 327680K
}
Event: 67.003 GC heap before
{Heap before GC invocations=7 (full 0):
 garbage-first heap   total 262144K, used 85445K [0x00000000e0000000, 0x0000000100000000)
  region size 1024K, 63 young (64512K), 11 survivors (11264K)
 Metaspace       used 41266K, committed 41792K, reserved 393216K
  class space    used 5832K, committed 6080K, reserved 327680K
}
Event: 67.057 GC heap after
{Heap after GC invocations=8 (full 0):
 garbage-first heap   total 262144K, used 34876K [0x00000000e0000000, 0x0000000100000000)
  region size 1024K, 4 young (4096K), 4 survivors (4096K)
 Metaspace       used 41266K, committed 41792K, reserved 393216K
  class space    used 5832K, committed 6080K, reserved 327680K
}
Event: 67.949 GC heap before
{Heap before GC invocations=8 (full 0):
 garbage-first heap   total 262144K, used 43068K [0x00000000e0000000, 0x0000000100000000)
  region size 1024K, 12 young (12288K), 4 survivors (4096K)
 Metaspace       used 41863K, committed 42432K, reserved 393216K
  class space    used 5926K, committed 6208K, reserved 327680K
}
Event: 67.981 GC heap after
{Heap after GC invocations=9 (full 0):
 garbage-first heap   total 262144K, used 35542K [0x00000000e0000000, 0x0000000100000000)
  region size 1024K, 1 young (1024K), 1 survivors (1024K)
 Metaspace       used 41863K, committed 42432K, reserved 393216K
  class space    used 5926K, committed 6208K, reserved 327680K
}

Deoptimization events (20 events):
Event: 96.846 Thread 0x00000214bd57edf0 Uncommon trap: trap_request=0xffffff45 fr.pc=0x00000214977f3d54 relative=0x0000000000000914
Event: 96.846 Thread 0x00000214bd57edf0 Uncommon trap: reason=unstable_if action=reinterpret pc=0x00000214977f3d54 method=java.util.WeakHashMap.matchesKey(Ljava/util/WeakHashMap$Entry;Ljava/lang/Object;)Z @ 5 c2
Event: 96.846 Thread 0x00000214bd57edf0 DEOPT PACKING pc=0x00000214977f3d54 sp=0x00000058009f69f0
Event: 96.846 Thread 0x00000214bd57edf0 DEOPT UNPACKING pc=0x00000214970f23a3 sp=0x00000058009f6958 mode 2
Event: 96.850 Thread 0x00000214bd57edf0 Uncommon trap: trap_request=0xffffff45 fr.pc=0x00000214978e1dd4 relative=0x00000000000023d4
Event: 96.853 Thread 0x00000214bd57edf0 Uncommon trap: reason=unstable_if action=reinterpret pc=0x00000214978e1dd4 method=java.net.URLClassLoader.getAndVerifyPackage(Ljava/lang/String;Ljava/util/jar/Manifest;Ljava/net/URL;)Ljava/lang/Package; @ 62 c2
Event: 96.853 Thread 0x00000214bd57edf0 DEOPT PACKING pc=0x00000214978e1dd4 sp=0x00000058009f66b0
Event: 96.854 Thread 0x00000214bd57edf0 DEOPT UNPACKING pc=0x00000214970f23a3 sp=0x00000058009f66b8 mode 2
Event: 97.195 Thread 0x00000214bd57edf0 Uncommon trap: trap_request=0xffffff45 fr.pc=0x0000021497877e08 relative=0x0000000000000088
Event: 97.195 Thread 0x00000214bd57edf0 Uncommon trap: reason=unstable_if action=reinterpret pc=0x0000021497877e08 method=java.util.regex.Pattern$LastNode.match(Ljava/util/regex/Matcher;ILjava/lang/CharSequence;)Z @ 13 c2
Event: 97.195 Thread 0x00000214bd57edf0 DEOPT PACKING pc=0x0000021497877e08 sp=0x00000058009faa60
Event: 97.195 Thread 0x00000214bd57edf0 DEOPT UNPACKING pc=0x00000214970f23a3 sp=0x00000058009fa9d8 mode 2
Event: 97.195 Thread 0x00000214bd57edf0 Uncommon trap: trap_request=0xffffff45 fr.pc=0x000002149785890c relative=0x00000000000001cc
Event: 97.195 Thread 0x00000214bd57edf0 Uncommon trap: reason=unstable_if action=reinterpret pc=0x000002149785890c method=java.util.regex.Pattern$BmpCharProperty.match(Ljava/util/regex/Matcher;ILjava/lang/CharSequence;)Z @ 39 c2
Event: 97.195 Thread 0x00000214bd57edf0 DEOPT PACKING pc=0x000002149785890c sp=0x00000058009fac40
Event: 97.195 Thread 0x00000214bd57edf0 DEOPT UNPACKING pc=0x00000214970f23a3 sp=0x00000058009fabf0 mode 2
Event: 97.231 Thread 0x00000214bd57edf0 Uncommon trap: trap_request=0xffffff45 fr.pc=0x0000021497880d00 relative=0x0000000000000080
Event: 97.231 Thread 0x00000214bd57edf0 Uncommon trap: reason=unstable_if action=reinterpret pc=0x0000021497880d00 method=java.util.HashMap$HashMapSpliterator.getFence()I @ 37 c2
Event: 97.231 Thread 0x00000214bd57edf0 DEOPT PACKING pc=0x0000021497880d00 sp=0x00000058009f9a80
Event: 97.231 Thread 0x00000214bd57edf0 DEOPT UNPACKING pc=0x00000214970f23a3 sp=0x00000058009f99f8 mode 2

Classes unloaded (0 events):
No events

Classes redefined (0 events):
No events

Internal exceptions (20 events):
Event: 96.618 Thread 0x00000214bd57edf0 Exception <a 'java/lang/ClassNotFoundException'{0x00000000e75c41c0}: org/gradle/api/internal/artifacts/DefaultArtifactRepositoryContainerCustomizer> (0x00000000e75c41c0) 
thrown [s\open\src\hotspot\share\classfile\systemDictionary.cpp, line 256]
Event: 96.623 Thread 0x00000214bd57edf0 Exception <a 'java/lang/ClassNotFoundException'{0x00000000e75ede20}: org/gradle/api/internal/artifacts/dsl/DefaultRepositoryHandlerCustomizer> (0x00000000e75ede20) 
thrown [s\open\src\hotspot\share\classfile\systemDictionary.cpp, line 256]
Event: 96.629 Thread 0x00000214bd57edf0 Exception <a 'java/lang/ClassNotFoundException'{0x00000000e7426a20}: org/gradle/api/internal/artifacts/dsl/DefaultRepositoryHandler_DecoratedCustomizer> (0x00000000e7426a20) 
thrown [s\open\src\hotspot\share\classfile\systemDictionary.cpp, line 256]
Event: 96.696 Thread 0x00000214bd57edf0 Exception <a 'java/lang/ClassNotFoundException'{0x00000000e71d1e00}: org/gradle/api/internal/tasks/DefaultTaskContainer_DecoratedBeanInfo> (0x00000000e71d1e00) 
thrown [s\open\src\hotspot\share\classfile\systemDictionary.cpp, line 256]
Event: 96.698 Thread 0x00000214bd57edf0 Exception <a 'java/lang/ClassNotFoundException'{0x00000000e71e4060}: org/gradle/api/internal/tasks/DefaultTaskContainerBeanInfo> (0x00000000e71e4060) 
thrown [s\open\src\hotspot\share\classfile\systemDictionary.cpp, line 256]
Event: 96.700 Thread 0x00000214bd57edf0 Exception <a 'java/lang/ClassNotFoundException'{0x00000000e71f6588}: org/gradle/api/internal/tasks/DefaultTaskCollectionBeanInfo> (0x00000000e71f6588) 
thrown [s\open\src\hotspot\share\classfile\systemDictionary.cpp, line 256]
Event: 96.701 Thread 0x00000214bd57edf0 Exception <a 'java/lang/ClassNotFoundException'{0x00000000e7009260}: org/gradle/api/internal/tasks/DefaultTaskCollectionCustomizer> (0x00000000e7009260) 
thrown [s\open\src\hotspot\share\classfile\systemDictionary.cpp, line 256]
Event: 96.708 Thread 0x00000214bd57edf0 Exception <a 'java/lang/ClassNotFoundException'{0x00000000e704f510}: org/gradle/api/internal/tasks/DefaultTaskContainerCustomizer> (0x00000000e704f510) 
thrown [s\open\src\hotspot\share\classfile\systemDictionary.cpp, line 256]
Event: 96.723 Thread 0x00000214bd57edf0 Exception <a 'java/lang/ClassNotFoundException'{0x00000000e70b4760}: org/gradle/api/internal/tasks/DefaultTaskContainer_DecoratedCustomizer> (0x00000000e70b4760) 
thrown [s\open\src\hotspot\share\classfile\systemDictionary.cpp, line 256]
Event: 96.809 Thread 0x00000214bd57edf0 Exception <a 'java/lang/ClassNotFoundException'{0x00000000e6f75988}: java/io/FileBeanInfo> (0x00000000e6f75988) 
thrown [s\open\src\hotspot\share\classfile\systemDictionary.cpp, line 256]
Event: 96.811 Thread 0x00000214bd57edf0 Exception <a 'java/lang/ClassNotFoundException'{0x00000000e6f7c2a8}: java/io/FileCustomizer> (0x00000000e6f7c2a8) 
thrown [s\open\src\hotspot\share\classfile\systemDictionary.cpp, line 256]
Event: 96.842 Thread 0x00000214bd57edf0 Exception <a 'java/lang/ClassNotFoundException'{0x00000000e6fc8298}: groovy/lang/ReferenceBeanInfo> (0x00000000e6fc8298) 
thrown [s\open\src\hotspot\share\classfile\systemDictionary.cpp, line 256]
Event: 96.846 Thread 0x00000214bd57edf0 Exception <a 'java/lang/ClassNotFoundException'{0x00000000e6fe1c30}: groovy/lang/ReferenceCustomizer> (0x00000000e6fe1c30) 
thrown [s\open\src\hotspot\share\classfile\systemDictionary.cpp, line 256]
Event: 96.869 Thread 0x00000214bd57edf0 Exception <a 'java/lang/ClassNotFoundException'{0x00000000e6e0ade0}: com/intellij/gradle/toolingExtension/impl/initScript/util/GradleJvmForkedDebuggerHelperBeanInfo> (0x00000000e6e0ade0) 
thrown [s\open\src\hotspot\share\classfile\systemDictionary.cpp, line 256]
Event: 96.875 Thread 0x00000214bd57edf0 Exception <a 'java/lang/ClassNotFoundException'{0x00000000e6e17fd8}: com/intellij/gradle/toolingExtension/impl/initScript/util/GradleJvmForkedDebuggerHelperCustomizer> (0x00000000e6e17fd8) 
thrown [s\open\src\hotspot\share\classfile\systemDictionary.cpp, line 256]
Event: 96.944 Thread 0x00000214bd57edf0 Exception <a 'java/lang/ClassNotFoundException'{0x00000000e6e89360}: com/intellij/gradle/toolingExtension/impl/util/collectionUtil/GradleCollectionUtilBeanInfo> (0x00000000e6e89360) 
thrown [s\open\src\hotspot\share\classfile\systemDictionary.cpp, line 256]
Event: 96.946 Thread 0x00000214bd57edf0 Exception <a 'java/lang/ClassNotFoundException'{0x00000000e6e96460}: com/intellij/gradle/toolingExtension/impl/util/collectionUtil/GradleCollectionUtilCustomizer> (0x00000000e6e96460) 
thrown [s\open\src\hotspot\share\classfile\systemDictionary.cpp, line 256]
Event: 97.014 Thread 0x00000214bd57edf0 Exception <a 'java/lang/ClassNotFoundException'{0x00000000e6cd70f8}: org/gradle/api/internal/tasks/DefaultTaskCollection_DecoratedBeanInfo> (0x00000000e6cd70f8) 
thrown [s\open\src\hotspot\share\classfile\systemDictionary.cpp, line 256]
Event: 97.017 Thread 0x00000214bd57edf0 Exception <a 'java/lang/ClassNotFoundException'{0x00000000e6ce3bb0}: org/gradle/api/internal/tasks/DefaultTaskCollection_DecoratedCustomizer> (0x00000000e6ce3bb0) 
thrown [s\open\src\hotspot\share\classfile\systemDictionary.cpp, line 256]
Event: 97.231 Thread 0x00000214bd57edf0 Implicit null exception at 0x0000021497880ccb to 0x0000021497880cf0

VM Operations (20 events):
Event: 84.768 Executing VM operation: Cleanup
Event: 84.831 Executing VM operation: Cleanup done
Event: 86.837 Executing VM operation: Cleanup
Event: 86.869 Executing VM operation: Cleanup done
Event: 88.876 Executing VM operation: Cleanup
Event: 88.911 Executing VM operation: Cleanup done
Event: 89.925 Executing VM operation: Cleanup
Event: 89.972 Executing VM operation: Cleanup done
Event: 90.977 Executing VM operation: Cleanup
Event: 90.977 Executing VM operation: Cleanup done
Event: 91.981 Executing VM operation: Cleanup
Event: 92.028 Executing VM operation: Cleanup done
Event: 93.043 Executing VM operation: Cleanup
Event: 93.062 Executing VM operation: Cleanup done
Event: 94.064 Executing VM operation: Cleanup
Event: 94.064 Executing VM operation: Cleanup done
Event: 95.068 Executing VM operation: Cleanup
Event: 95.068 Executing VM operation: Cleanup done
Event: 97.069 Executing VM operation: Cleanup
Event: 97.070 Executing VM operation: Cleanup done

Events (20 events):
Event: 96.380 loading class java/util/AbstractCollectionBeanInfo done
Event: 96.380 loading class java/util/AbstractCollectionCustomizer
Event: 96.381 loading class java/util/AbstractCollectionCustomizer done
Event: 96.384 loading class java/util/AbstractCollectionCustomizer
Event: 96.384 loading class java/util/AbstractCollectionCustomizer done
Event: 96.384 loading class sun/reflect/generics/reflectiveObjects/GenericArrayTypeImpl
Event: 96.385 loading class sun/reflect/generics/reflectiveObjects/GenericArrayTypeImpl done
Event: 96.713 loading class sun/reflect/generics/tree/LongSignature
Event: 96.714 loading class sun/reflect/generics/tree/LongSignature done
Event: 96.729 Thread 0x00000214be892790 Thread added: 0x00000214be892790
Event: 96.806 loading class java/io/FileBeanInfo
Event: 96.807 loading class java/io/FileBeanInfo done
Event: 96.809 loading class java/io/FileBeanInfo
Event: 96.809 loading class java/io/FileBeanInfo done
Event: 96.810 loading class java/io/FileCustomizer
Event: 96.810 loading class java/io/FileCustomizer done
Event: 96.811 loading class java/io/FileCustomizer
Event: 96.811 loading class java/io/FileCustomizer done
Event: 97.388 loading class jdk/internal/access/foreign/MemorySegmentProxy
Event: 97.390 loading class jdk/internal/access/foreign/MemorySegmentProxy done


Dynamic libraries:
0x00007ff741fd0000 - 0x00007ff741fe0000 	C:\Program Files\Java\jdk-17\bin\java.exe
0x00007ffc362f0000 - 0x00007ffc364e8000 	C:\Windows\SYSTEM32\ntdll.dll
0x00007ffc352a0000 - 0x00007ffc3535d000 	C:\Windows\System32\KERNEL32.DLL
0x00007ffc33ea0000 - 0x00007ffc3416e000 	C:\Windows\System32\KERNELBASE.dll
0x00007ffc33bc0000 - 0x00007ffc33cc0000 	C:\Windows\System32\ucrtbase.dll
0x00007ffc155d0000 - 0x00007ffc155e9000 	C:\Program Files\Java\jdk-17\bin\jli.dll
0x00007ffc34540000 - 0x00007ffc345ee000 	C:\Windows\System32\ADVAPI32.dll
0x00007ffc34720000 - 0x00007ffc347be000 	C:\Windows\System32\msvcrt.dll
0x00007ffc35840000 - 0x00007ffc358dc000 	C:\Windows\System32\sechost.dll
0x00007ffc34350000 - 0x00007ffc34475000 	C:\Windows\System32\RPCRT4.dll
0x00007ffc349d0000 - 0x00007ffc34b70000 	C:\Windows\System32\USER32.dll
0x00007ffc33dd0000 - 0x00007ffc33df2000 	C:\Windows\System32\win32u.dll
0x00007ffc34ce0000 - 0x00007ffc34d0a000 	C:\Windows\System32\GDI32.dll
0x00007ffc33cc0000 - 0x00007ffc33dcb000 	C:\Windows\System32\gdi32full.dll
0x00007ffc33e00000 - 0x00007ffc33e9d000 	C:\Windows\System32\msvcp_win.dll
0x00007ffc1de40000 - 0x00007ffc1de5b000 	C:\Program Files\Java\jdk-17\bin\VCRUNTIME140.dll
0x00007ffc20520000 - 0x00007ffc207ba000 	C:\Windows\WinSxS\amd64_microsoft.windows.common-controls_6595b64144ccf1df_6.0.19041.1110_none_60b5254171f9507e\COMCTL32.dll
0x00007ffc2c7a0000 - 0x00007ffc2c7aa000 	C:\Windows\SYSTEM32\VERSION.dll
0x00007ffc34510000 - 0x00007ffc34540000 	C:\Windows\System32\IMM32.DLL
0x00007ffc21500000 - 0x00007ffc2150c000 	C:\Program Files\Java\jdk-17\bin\vcruntime140_1.dll
0x00007ffc15540000 - 0x00007ffc155ce000 	C:\Program Files\Java\jdk-17\bin\msvcp140.dll
0x00007ffba9190000 - 0x00007ffba9d70000 	C:\Program Files\Java\jdk-17\bin\server\jvm.dll
0x00007ffc353c0000 - 0x00007ffc353c8000 	C:\Windows\System32\PSAPI.DLL
0x00007ffc1dae0000 - 0x00007ffc1dae9000 	C:\Windows\SYSTEM32\WSOCK32.dll
0x00007ffc35a90000 - 0x00007ffc35afb000 	C:\Windows\System32\WS2_32.dll
0x00007ffc20cc0000 - 0x00007ffc20ce7000 	C:\Windows\SYSTEM32\WINMM.dll
0x00007ffc31910000 - 0x00007ffc31922000 	C:\Windows\SYSTEM32\kernel.appcore.dll
0x00007ffc1bdf0000 - 0x00007ffc1bdfa000 	C:\Program Files\Java\jdk-17\bin\jimage.dll
0x00007ffc20e90000 - 0x00007ffc21074000 	C:\Windows\SYSTEM32\DBGHELP.DLL
0x00007ffc1ec50000 - 0x00007ffc1ec7c000 	C:\Windows\SYSTEM32\dbgcore.DLL
0x00007ffc341e0000 - 0x00007ffc34262000 	C:\Windows\System32\bcryptPrimitives.dll
0x00007ffc1a470000 - 0x00007ffc1a47e000 	C:\Program Files\Java\jdk-17\bin\instrument.dll
0x00007ffc0d2f0000 - 0x00007ffc0d315000 	C:\Program Files\Java\jdk-17\bin\java.dll
0x00007ffc0b2f0000 - 0x00007ffc0b3c7000 	C:\Program Files\Java\jdk-17\bin\jsvml.dll
0x00007ffc35b00000 - 0x00007ffc36244000 	C:\Windows\System32\SHELL32.dll
0x00007ffc31b10000 - 0x00007ffc322a4000 	C:\Windows\SYSTEM32\windows.storage.dll
0x00007ffc34ee0000 - 0x00007ffc35234000 	C:\Windows\System32\combase.dll
0x00007ffc333a0000 - 0x00007ffc333d0000 	C:\Windows\SYSTEM32\Wldp.dll
0x00007ffc34e30000 - 0x00007ffc34edd000 	C:\Windows\System32\SHCORE.dll
0x00007ffc34d20000 - 0x00007ffc34d75000 	C:\Windows\System32\shlwapi.dll
0x00007ffc33950000 - 0x00007ffc3396f000 	C:\Windows\SYSTEM32\profapi.dll
0x00007ffc123a0000 - 0x00007ffc123b8000 	C:\Program Files\Java\jdk-17\bin\zip.dll
0x00007ffc0d2d0000 - 0x00007ffc0d2e9000 	C:\Program Files\Java\jdk-17\bin\net.dll
0x00007ffc232c0000 - 0x00007ffc233ca000 	C:\Windows\SYSTEM32\WINHTTP.dll
0x00007ffc33100000 - 0x00007ffc3316a000 	C:\Windows\system32\mswsock.dll
0x00007ffc0d2b0000 - 0x00007ffc0d2c6000 	C:\Program Files\Java\jdk-17\bin\nio.dll
0x00007ffc15390000 - 0x00007ffc153a0000 	C:\Program Files\Java\jdk-17\bin\verify.dll
0x00007ffc1daf0000 - 0x00007ffc1db17000 	C:\Users\LENOVO\.gradle\native\1def1411415f61bf3af743bc5b6707747c0891f09f0c88961ee8f79bc544acac\windows-amd64\native-platform.dll
0x00007ffc0c9b0000 - 0x00007ffc0ca28000 	C:\Users\LENOVO\.gradle\native\0.2.7\x86_64-windows-gnu\gradle-fileevents.dll
0x00007ffc15280000 - 0x00007ffc1528a000 	C:\Program Files\Java\jdk-17\bin\management.dll
0x00007ffc15130000 - 0x00007ffc1513b000 	C:\Program Files\Java\jdk-17\bin\management_ext.dll
0x00007ffc32df0000 - 0x00007ffc32e2b000 	C:\Windows\SYSTEM32\IPHLPAPI.DLL
0x00007ffc349c0000 - 0x00007ffc349c8000 	C:\Windows\System32\NSI.dll
0x00007ffc2a880000 - 0x00007ffc2a897000 	C:\Windows\SYSTEM32\dhcpcsvc6.DLL
0x00007ffc2b0c0000 - 0x00007ffc2b0dd000 	C:\Windows\SYSTEM32\dhcpcsvc.DLL
0x00007ffc32e30000 - 0x00007ffc32efa000 	C:\Windows\SYSTEM32\DNSAPI.dll
0x00007ffc332f0000 - 0x00007ffc33308000 	C:\Windows\SYSTEM32\CRYPTSP.dll
0x00007ffc32a80000 - 0x00007ffc32ab4000 	C:\Windows\system32\rsaenh.dll
0x00007ffc34270000 - 0x00007ffc34297000 	C:\Windows\System32\bcrypt.dll
0x00007ffc33910000 - 0x00007ffc3393e000 	C:\Windows\SYSTEM32\USERENV.dll
0x00007ffc33310000 - 0x00007ffc3331c000 	C:\Windows\SYSTEM32\CRYPTBASE.dll
0x00007ffc14cd0000 - 0x00007ffc14cde000 	C:\Program Files\Java\jdk-17\bin\sunmscapi.dll
0x00007ffc33a60000 - 0x00007ffc33bb6000 	C:\Windows\System32\CRYPT32.dll
0x00007ffc33410000 - 0x00007ffc33437000 	C:\Windows\SYSTEM32\ncrypt.dll
0x00007ffc333d0000 - 0x00007ffc3340b000 	C:\Windows\SYSTEM32\NTASN1.dll
0x00007ffc15790000 - 0x00007ffc15797000 	C:\Windows\system32\wshunix.dll

dbghelp: loaded successfully - version: 4.0.5 - missing functions: none
symbol engine: initialized successfully - sym options: 0x614 - pdb path: .;C:\Program Files\Java\jdk-17\bin;C:\Windows\SYSTEM32;C:\Windows\WinSxS\amd64_microsoft.windows.common-controls_6595b64144ccf1df_6.0.19041.1110_none_60b5254171f9507e;C:\Program Files\Java\jdk-17\bin\server;C:\Users\LENOVO\.gradle\native\1def1411415f61bf3af743bc5b6707747c0891f09f0c88961ee8f79bc544acac\windows-amd64;C:\Users\LENOVO\.gradle\native\0.2.7\x86_64-windows-gnu

VM Arguments:
jvm_args: --add-opens=java.base/java.lang=ALL-UNNAMED --add-opens=java.base/java.lang.invoke=ALL-UNNAMED --add-opens=java.base/java.util=ALL-UNNAMED --add-opens=java.prefs/java.util.prefs=ALL-UNNAMED --add-exports=jdk.compiler/com.sun.tools.javac.api=ALL-UNNAMED --add-exports=jdk.compiler/com.sun.tools.javac.util=ALL-UNNAMED --add-opens=java.base/java.util=ALL-UNNAMED --add-opens=java.prefs/java.util.prefs=ALL-UNNAMED --add-opens=java.base/java.nio.charset=ALL-UNNAMED --add-opens=java.base/java.net=ALL-UNNAMED --add-opens=java.base/java.util.concurrent.atomic=ALL-UNNAMED --add-opens=java.xml/javax.xml.namespace=ALL-UNNAMED -XX:MaxMetaspaceSize=384m -XX:+HeapDumpOnOutOfMemoryError -Xms256m -Xmx512m -Dfile.encoding=UTF-8 -Duser.country=US -Duser.language=en -Duser.variant -javaagent:C:\Users\LENOVO\.gradle\wrapper\dists\gradle-8.14.3-bin\cv11ve7ro1n3o1j4so8xd9n66\gradle-8.14.3\lib\agents\gradle-instrumentation-agent-8.14.3.jar 
java_command: org.gradle.launcher.daemon.bootstrap.GradleDaemon 8.14.3
java_class_path (initial): C:\Users\LENOVO\.gradle\wrapper\dists\gradle-8.14.3-bin\cv11ve7ro1n3o1j4so8xd9n66\gradle-8.14.3\lib\gradle-daemon-main-8.14.3.jar
Launcher Type: SUN_STANDARD

[Global flags]
     intx CICompilerCount                          = 3                                         {product} {ergonomic}
   size_t CompressedClassSpaceSize                 = 335544320                                 {product} {ergonomic}
     uint ConcGCThreads                            = 1                                         {product} {ergonomic}
     uint G1ConcRefinementThreads                  = 4                                         {product} {ergonomic}
   size_t G1HeapRegionSize                         = 1048576                                   {product} {ergonomic}
    uintx GCDrainStackTargetSize                   = 64                                        {product} {ergonomic}
     bool HeapDumpOnOutOfMemoryError               = true                                   {manageable} {command line}
   size_t InitialHeapSize                          = 268435456                                 {product} {command line}
   size_t MarkStackSize                            = 4194304                                   {product} {ergonomic}
   size_t MaxHeapSize                              = 536870912                                 {product} {command line}
   size_t MaxMetaspaceSize                         = 402653184                                 {product} {command line}
   size_t MaxNewSize                               = 321912832                                 {product} {ergonomic}
   size_t MinHeapDeltaBytes                        = 1048576                                   {product} {ergonomic}
   size_t MinHeapSize                              = 268435456                                 {product} {command line}
    uintx NonNMethodCodeHeapSize                   = 5832780                                {pd product} {ergonomic}
    uintx NonProfiledCodeHeapSize                  = 122912730                              {pd product} {ergonomic}
    uintx ProfiledCodeHeapSize                     = 122912730                              {pd product} {ergonomic}
    uintx ReservedCodeCacheSize                    = 251658240                              {pd product} {ergonomic}
     bool SegmentedCodeCache                       = true                                      {product} {ergonomic}
   size_t SoftMaxHeapSize                          = 536870912                              {manageable} {ergonomic}
     bool UseCompressedClassPointers               = true                           {product lp64_product} {ergonomic}
     bool UseCompressedOops                        = true                           {product lp64_product} {ergonomic}
     bool UseG1GC                                  = true                                      {product} {ergonomic}
     bool UseLargePagesIndividualAllocation        = false                                  {pd product} {ergonomic}

Logging:
Log output configuration:
 #0: stdout all=warning uptime,level,tags
 #1: stderr all=off uptime,level,tags

Environment Variables:
JAVA_HOME=E:\
PATH=C:\Program Files\Common Files\Oracle\Java\javapath;C:\Windows\system32;C:\Windows;C:\Windows\System32\Wbem;C:\Windows\System32\WindowsPowerShell\v1.0\;C:\Windows\System32\OpenSSH\;C:\Program Files\Git\cmd;C:\Program Files\MySQL\MySQL Shell 8.0\bin\;C:\Users\LENOVO\AppData\Local\Microsoft\WindowsApps;C:\Users\LENOVO\AppData\Local\Programs\Microsoft VS Code\bin;E:\IntelliJ IDEA 2025.1.2\bin;
USERNAME=LENOVO
OS=Windows_NT
PROCESSOR_IDENTIFIER=Intel64 Family 6 Model 142 Stepping 10, GenuineIntel



---------------  S Y S T E M  ---------------

OS:
 Windows 10 , 64 bit Build 19041 (10.0.19041.1889)
OS uptime: 0 days 3:42 hours

CPU: total 4 (initial active 4) (2 cores per cpu, 2 threads per core) family 6 model 142 stepping 10 microcode 0xb4, cx8, cmov, fxsr, ht, mmx, 3dnowpref, sse, sse2, sse3, ssse3, sse4.1, sse4.2, popcnt, lzcnt, tsc, tscinvbit, avx, avx2, aes, erms, clmul, bmi1, bmi2, adx, fma, vzeroupper, clflush, clflushopt

Memory: 4k page, system-wide physical 4005M (530M free)
TotalPageFile size 10388M (AvailPageFile size 3M)
current process WorkingSet (physical memory assigned to process): 247M, peak: 283M
current process commit charge ("private bytes"): 470M, peak: 471M

vm_info: Java HotSpot(TM) 64-Bit Server VM (17.0.12+8-LTS-286) for windows-amd64 JRE (17.0.12+8-LTS-286), built on Jun  5 2024 06:46:59 by "mach5one" with MS VC++ 17.6 (VS2022)

END.
