#
# There is insufficient memory for the Java Runtime Environment to continue.
# Native memory allocation (mmap) failed to map 65536 bytes for Failed to commit metaspace.
# Possible reasons:
#   The system is out of physical RAM or swap space
#   The process is running with CompressedOops enabled, and the Java Heap may be blocking the growth of the native heap
# Possible solutions:
#   Reduce memory load on the system
#   Increase physical memory or swap space
#   Check if swap backing store is full
#   Decrease Java heap size (-Xmx/-Xms)
#   Decrease number of Java threads
#   Decrease Java thread stack sizes (-Xss)
#   Set larger code cache with -XX:ReservedCodeCacheSize=
#   JVM is running with Unscaled Compressed Oops mode in which the Java heap is
#     placed in the first 4GB address space. The Java Heap base address is the
#     maximum limit for the native heap growth. Please use -XX:HeapBaseMinAddress
#     to set the Java Heap base and to place the Java Heap above 4GB virtual address.
# This output file may be truncated or incomplete.
#
#  Out of Memory Error (virtualSpaceNode.cpp:110), pid=1168, tid=6900
#
# JRE version: Java(TM) SE Runtime Environment (17.0.12+8) (build 17.0.12+8-LTS-286)
# Java VM: Java HotSpot(TM) 64-Bit Server VM (17.0.12+8-LTS-286, mixed mode, emulated-client, sharing, tiered, compressed oops, compressed class ptrs, g1 gc, windows-amd64)
# No core dump will be written. Minidumps are not enabled by default on client versions of Windows
#

---------------  S U M M A R Y ------------

Command Line: -XX:TieredStopAtLevel=1 -Dspring.output.ansi.enabled=always -Dcom.sun.management.jmxremote -Dspring.jmx.enabled=true -Dspring.liveBeansView.mbeanDomain -Dspring.application.admin.enabled=true -Dmanagement.endpoints.jmx.exposure.include=* -javaagent:E:\IntelliJ IDEA 2025.1.2\lib\idea_rt.jar=54823 -Dfile.encoding=UTF-8 com.example.ra.RaApplication

Host: Intel(R) Core(TM) i3-7020U CPU @ 2.30GHz, 4 cores, 3G,  Windows 10 , 64 bit Build 19041 (10.0.19041.1889)
Time: Wed Aug 27 11:57:06 2025 SE Asia Standard Time elapsed time: 2.748734 seconds (0d 0h 0m 2s)

---------------  T H R E A D  ---------------

Current thread (0x0000025bea2868b0):  JavaThread "main" [_thread_in_vm, id=6900, stack(0x000000a5d5000000,0x000000a5d5100000)]

Stack: [0x000000a5d5000000,0x000000a5d5100000]
Native frames: (J=compiled Java code, j=interpreted, Vv=VM code, C=native code)
V  [jvm.dll+0x67a04a]
V  [jvm.dll+0x7da4ed]
V  [jvm.dll+0x7dbe33]
V  [jvm.dll+0x7dc4a3]
V  [jvm.dll+0x24508f]
V  [jvm.dll+0x7d60bb]
V  [jvm.dll+0x6206c6]
V  [jvm.dll+0x1bed07]
V  [jvm.dll+0x623022]
V  [jvm.dll+0x621086]
V  [jvm.dll+0x2429bc]
V  [jvm.dll+0x6d0a9d]
V  [jvm.dll+0x6d146f]
V  [jvm.dll+0x36e355]
V  [jvm.dll+0x36d404]
V  [jvm.dll+0x36d3a8]
V  [jvm.dll+0x561be5]
V  [jvm.dll+0x560b6c]
V  [jvm.dll+0x380f73]
V  [jvm.dll+0x3805df]
C  0x0000025bf3378fea

Java frames: (J=compiled Java code, j=interpreted, Vv=VM code)
j  org.springframework.boot.SpringApplication.getSpringFactoriesInstances(Ljava/lang/Class;Lorg/springframework/core/io/support/SpringFactoriesLoader$ArgumentResolver;)Ljava/util/List;+4
j  org.springframework.boot.SpringApplication.getSpringFactoriesInstances(Ljava/lang/Class;)Ljava/util/List;+3
j  org.springframework.boot.SpringApplication.<init>(Lorg/springframework/core/io/ResourceLoader;[Ljava/lang/Class;)V+95
j  org.springframework.boot.SpringApplication.<init>([Ljava/lang/Class;)V+3
j  org.springframework.boot.SpringApplication.run([Ljava/lang/Class;[Ljava/lang/String;)Lorg/springframework/context/ConfigurableApplicationContext;+5
j  org.springframework.boot.SpringApplication.run(Ljava/lang/Class;[Ljava/lang/String;)Lorg/springframework/context/ConfigurableApplicationContext;+9
j  com.example.ra.RaApplication.main([Ljava/lang/String;)V+3
v  ~StubRoutines::call_stub

---------------  P R O C E S S  ---------------

Threads class SMR info:
_java_thread_list=0x0000025bc5c34950, length=14, elements={
0x0000025bea2868b0, 0x0000025bea342980, 0x0000025bea343eb0, 0x0000025bfb2a56b0,
0x0000025bfb2a8250, 0x0000025bfb2a9b30, 0x0000025bfb2aa400, 0x0000025bfb2aad80,
0x0000025bfb2dbd40, 0x0000025bfb29c0d0, 0x0000025bfb37d9e0, 0x0000025bc5508700,
0x0000025bc55047e0, 0x0000025bc5b8ca40
}

Java Threads: ( => current thread )
=>0x0000025bea2868b0 JavaThread "main" [_thread_in_vm, id=6900, stack(0x000000a5d5000000,0x000000a5d5100000)]
  0x0000025bea342980 JavaThread "Reference Handler" daemon [_thread_blocked, id=7932, stack(0x000000a5d5700000,0x000000a5d5800000)]
  0x0000025bea343eb0 JavaThread "Finalizer" daemon [_thread_blocked, id=1436, stack(0x000000a5d5800000,0x000000a5d5900000)]
  0x0000025bfb2a56b0 JavaThread "Signal Dispatcher" daemon [_thread_blocked, id=11924, stack(0x000000a5d5900000,0x000000a5d5a00000)]
  0x0000025bfb2a8250 JavaThread "Attach Listener" daemon [_thread_blocked, id=5808, stack(0x000000a5d5a00000,0x000000a5d5b00000)]
  0x0000025bfb2a9b30 JavaThread "Service Thread" daemon [_thread_blocked, id=5824, stack(0x000000a5d5b00000,0x000000a5d5c00000)]
  0x0000025bfb2aa400 JavaThread "Monitor Deflation Thread" daemon [_thread_blocked, id=4180, stack(0x000000a5d5c00000,0x000000a5d5d00000)]
  0x0000025bfb2aad80 JavaThread "C1 CompilerThread0" daemon [_thread_blocked, id=4952, stack(0x000000a5d5d00000,0x000000a5d5e00000)]
  0x0000025bfb2dbd40 JavaThread "Sweeper thread" daemon [_thread_blocked, id=12428, stack(0x000000a5d5e00000,0x000000a5d5f00000)]
  0x0000025bfb29c0d0 JavaThread "Common-Cleaner" daemon [_thread_blocked, id=1772, stack(0x000000a5d5f00000,0x000000a5d6000000)]
  0x0000025bfb37d9e0 JavaThread "C1 CompilerThread1" daemon [_thread_blocked, id=3540, stack(0x000000a5d6000000,0x000000a5d6100000)]
  0x0000025bc5508700 JavaThread "Monitor Ctrl-Break" daemon [_thread_in_native, id=11852, stack(0x000000a5d6100000,0x000000a5d6200000)]
  0x0000025bc55047e0 JavaThread "Notification Thread" daemon [_thread_blocked, id=11188, stack(0x000000a5d6200000,0x000000a5d6300000)]
  0x0000025bc5b8ca40 JavaThread "RMI TCP Accept-0" daemon [_thread_in_native, id=4700, stack(0x000000a5d6300000,0x000000a5d6400000)]

Other Threads:
  0x0000025bea33be00 VMThread "VM Thread" [stack: 0x000000a5d5600000,0x000000a5d5700000] [id=9468]
  0x0000025bc5b91780 WatcherThread [stack: 0x000000a5d6400000,0x000000a5d6500000] [id=10292]
  0x0000025bea2c0d80 GCTaskThread "GC Thread#0" [stack: 0x000000a5d5100000,0x000000a5d5200000] [id=10652]
  0x0000025bc5c7acb0 GCTaskThread "GC Thread#1" [stack: 0x000000a5d6500000,0x000000a5d6600000] [id=1604]
  0x0000025bc5e59960 GCTaskThread "GC Thread#2" [stack: 0x000000a5d6600000,0x000000a5d6700000] [id=11696]
  0x0000025bc5e59c20 GCTaskThread "GC Thread#3" [stack: 0x000000a5d6700000,0x000000a5d6800000] [id=5260]
  0x0000025bea2c9920 ConcurrentGCThread "G1 Main Marker" [stack: 0x000000a5d5200000,0x000000a5d5300000] [id=2924]
  0x0000025bea2ca240 ConcurrentGCThread "G1 Conc#0" [stack: 0x000000a5d5300000,0x000000a5d5400000] [id=9040]
  0x0000025bea315da0 ConcurrentGCThread "G1 Refine#0" [stack: 0x000000a5d5400000,0x000000a5d5500000] [id=4872]
  0x0000025bc5b71100 ConcurrentGCThread "G1 Refine#1" [stack: 0x000000a5d6800000,0x000000a5d6900000] [id=10984]
  0x0000025bea3193e0 ConcurrentGCThread "G1 Service" [stack: 0x000000a5d5500000,0x000000a5d5600000] [id=9244]

Threads with active compile tasks:

VM state: not at safepoint (normal execution)

VM Mutex/Monitor currently owned by a thread:  ([mutex/lock_event])
[0x0000025bea280930] Metaspace_lock - owner thread: 0x0000025bea2868b0

Heap address: 0x00000000c1600000, size: 1002 MB, Compressed Oops mode: 32-bit

CDS archive(s) mapped at: [0x0000025b80000000-0x0000025b80bd0000-0x0000025b80bd0000), size 12386304, SharedBaseAddress: 0x0000025b80000000, ArchiveRelocationMode: 1.
Compressed class space mapped at: 0x0000025b81000000-0x0000025bc1000000, reserved size: 1073741824
Narrow klass base: 0x0000025b80000000, Narrow klass shift: 0, Narrow klass range: 0x100000000

GC Precious Log:
 CPUs: 4 total, 4 available
 Memory: 4005M
 Large Page Support: Disabled
 NUMA Support: Disabled
 Compressed Oops: Enabled (32-bit)
 Heap Region Size: 1M
 Heap Min Capacity: 8M
 Heap Initial Capacity: 64M
 Heap Max Capacity: 1002M
 Pre-touch: Disabled
 Parallel Workers: 4
 Concurrent Workers: 1
 Concurrent Refinement Workers: 4
 Periodic GC: Disabled

Heap:
 garbage-first heap   total 65536K, used 9584K [0x00000000c1600000, 0x0000000100000000)
  region size 1024K, 5 young (5120K), 2 survivors (2048K)
 Metaspace       used 5593K, committed 5824K, reserved 1114112K
  class space    used 690K, committed 832K, reserved 1048576K

Heap Regions: E=young(eden), S=young(survivor), O=old, HS=humongous(starts), HC=humongous(continues), CS=collection set, F=free, OA=open archive, CA=closed archive, TAMS=top-at-mark-start (previous, next)
|   0|0x00000000c1600000, 0x00000000c1700000, 0x00000000c1700000|100%|HS|  |TAMS 0x00000000c1600000, 0x00000000c1600000| Complete 
|   1|0x00000000c1700000, 0x00000000c1800000, 0x00000000c1800000|100%|HS|  |TAMS 0x00000000c1700000, 0x00000000c1700000| Complete 
|   2|0x00000000c1800000, 0x00000000c1900000, 0x00000000c1900000|100%| O|  |TAMS 0x00000000c1800000, 0x00000000c1800000| Untracked 
|   3|0x00000000c1900000, 0x00000000c1a00000, 0x00000000c1a00000|100%| O|  |TAMS 0x00000000c1900000, 0x00000000c1900000| Untracked 
|   4|0x00000000c1a00000, 0x00000000c1b00000, 0x00000000c1b00000|100%| O|  |TAMS 0x00000000c1a00000, 0x00000000c1a00000| Untracked 
|   5|0x00000000c1b00000, 0x00000000c1b5c000, 0x00000000c1c00000| 35%| O|  |TAMS 0x00000000c1b00000, 0x00000000c1b00000| Untracked 
|   6|0x00000000c1c00000, 0x00000000c1c00000, 0x00000000c1d00000|  0%| F|  |TAMS 0x00000000c1c00000, 0x00000000c1c00000| Untracked 
|   7|0x00000000c1d00000, 0x00000000c1d00000, 0x00000000c1e00000|  0%| F|  |TAMS 0x00000000c1d00000, 0x00000000c1d00000| Untracked 
|   8|0x00000000c1e00000, 0x00000000c1e00000, 0x00000000c1f00000|  0%| F|  |TAMS 0x00000000c1e00000, 0x00000000c1e00000| Untracked 
|   9|0x00000000c1f00000, 0x00000000c1f00000, 0x00000000c2000000|  0%| F|  |TAMS 0x00000000c1f00000, 0x00000000c1f00000| Untracked 
|  10|0x00000000c2000000, 0x00000000c2000000, 0x00000000c2100000|  0%| F|  |TAMS 0x00000000c2000000, 0x00000000c2000000| Untracked 
|  11|0x00000000c2100000, 0x00000000c2100000, 0x00000000c2200000|  0%| F|  |TAMS 0x00000000c2100000, 0x00000000c2100000| Untracked 
|  12|0x00000000c2200000, 0x00000000c2200000, 0x00000000c2300000|  0%| F|  |TAMS 0x00000000c2200000, 0x00000000c2200000| Untracked 
|  13|0x00000000c2300000, 0x00000000c2300000, 0x00000000c2400000|  0%| F|  |TAMS 0x00000000c2300000, 0x00000000c2300000| Untracked 
|  14|0x00000000c2400000, 0x00000000c2400000, 0x00000000c2500000|  0%| F|  |TAMS 0x00000000c2400000, 0x00000000c2400000| Untracked 
|  15|0x00000000c2500000, 0x00000000c2500000, 0x00000000c2600000|  0%| F|  |TAMS 0x00000000c2500000, 0x00000000c2500000| Untracked 
|  16|0x00000000c2600000, 0x00000000c2600000, 0x00000000c2700000|  0%| F|  |TAMS 0x00000000c2600000, 0x00000000c2600000| Untracked 
|  17|0x00000000c2700000, 0x00000000c2700000, 0x00000000c2800000|  0%| F|  |TAMS 0x00000000c2700000, 0x00000000c2700000| Untracked 
|  18|0x00000000c2800000, 0x00000000c2800000, 0x00000000c2900000|  0%| F|  |TAMS 0x00000000c2800000, 0x00000000c2800000| Untracked 
|  19|0x00000000c2900000, 0x00000000c2900000, 0x00000000c2a00000|  0%| F|  |TAMS 0x00000000c2900000, 0x00000000c2900000| Untracked 
|  20|0x00000000c2a00000, 0x00000000c2a00000, 0x00000000c2b00000|  0%| F|  |TAMS 0x00000000c2a00000, 0x00000000c2a00000| Untracked 
|  21|0x00000000c2b00000, 0x00000000c2b00000, 0x00000000c2c00000|  0%| F|  |TAMS 0x00000000c2b00000, 0x00000000c2b00000| Untracked 
|  22|0x00000000c2c00000, 0x00000000c2c00000, 0x00000000c2d00000|  0%| F|  |TAMS 0x00000000c2c00000, 0x00000000c2c00000| Untracked 
|  23|0x00000000c2d00000, 0x00000000c2d00000, 0x00000000c2e00000|  0%| F|  |TAMS 0x00000000c2d00000, 0x00000000c2d00000| Untracked 
|  24|0x00000000c2e00000, 0x00000000c2e00000, 0x00000000c2f00000|  0%| F|  |TAMS 0x00000000c2e00000, 0x00000000c2e00000| Untracked 
|  25|0x00000000c2f00000, 0x00000000c2f00000, 0x00000000c3000000|  0%| F|  |TAMS 0x00000000c2f00000, 0x00000000c2f00000| Untracked 
|  26|0x00000000c3000000, 0x00000000c3000000, 0x00000000c3100000|  0%| F|  |TAMS 0x00000000c3000000, 0x00000000c3000000| Untracked 
|  27|0x00000000c3100000, 0x00000000c3100000, 0x00000000c3200000|  0%| F|  |TAMS 0x00000000c3100000, 0x00000000c3100000| Untracked 
|  28|0x00000000c3200000, 0x00000000c3200000, 0x00000000c3300000|  0%| F|  |TAMS 0x00000000c3200000, 0x00000000c3200000| Untracked 
|  29|0x00000000c3300000, 0x00000000c3300000, 0x00000000c3400000|  0%| F|  |TAMS 0x00000000c3300000, 0x00000000c3300000| Untracked 
|  30|0x00000000c3400000, 0x00000000c3400000, 0x00000000c3500000|  0%| F|  |TAMS 0x00000000c3400000, 0x00000000c3400000| Untracked 
|  31|0x00000000c3500000, 0x00000000c3500000, 0x00000000c3600000|  0%| F|  |TAMS 0x00000000c3500000, 0x00000000c3500000| Untracked 
|  32|0x00000000c3600000, 0x00000000c3600000, 0x00000000c3700000|  0%| F|  |TAMS 0x00000000c3600000, 0x00000000c3600000| Untracked 
|  33|0x00000000c3700000, 0x00000000c3700000, 0x00000000c3800000|  0%| F|  |TAMS 0x00000000c3700000, 0x00000000c3700000| Untracked 
|  34|0x00000000c3800000, 0x00000000c3800000, 0x00000000c3900000|  0%| F|  |TAMS 0x00000000c3800000, 0x00000000c3800000| Untracked 
|  35|0x00000000c3900000, 0x00000000c3900000, 0x00000000c3a00000|  0%| F|  |TAMS 0x00000000c3900000, 0x00000000c3900000| Untracked 
|  36|0x00000000c3a00000, 0x00000000c3a00000, 0x00000000c3b00000|  0%| F|  |TAMS 0x00000000c3a00000, 0x00000000c3a00000| Untracked 
|  37|0x00000000c3b00000, 0x00000000c3b00000, 0x00000000c3c00000|  0%| F|  |TAMS 0x00000000c3b00000, 0x00000000c3b00000| Untracked 
|  38|0x00000000c3c00000, 0x00000000c3c00000, 0x00000000c3d00000|  0%| F|  |TAMS 0x00000000c3c00000, 0x00000000c3c00000| Untracked 
|  39|0x00000000c3d00000, 0x00000000c3d00000, 0x00000000c3e00000|  0%| F|  |TAMS 0x00000000c3d00000, 0x00000000c3d00000| Untracked 
|  40|0x00000000c3e00000, 0x00000000c3e00000, 0x00000000c3f00000|  0%| F|  |TAMS 0x00000000c3e00000, 0x00000000c3e00000| Untracked 
|  41|0x00000000c3f00000, 0x00000000c3f00000, 0x00000000c4000000|  0%| F|  |TAMS 0x00000000c3f00000, 0x00000000c3f00000| Untracked 
|  42|0x00000000c4000000, 0x00000000c4000000, 0x00000000c4100000|  0%| F|  |TAMS 0x00000000c4000000, 0x00000000c4000000| Untracked 
|  43|0x00000000c4100000, 0x00000000c4100000, 0x00000000c4200000|  0%| F|  |TAMS 0x00000000c4100000, 0x00000000c4100000| Untracked 
|  44|0x00000000c4200000, 0x00000000c4200000, 0x00000000c4300000|  0%| F|  |TAMS 0x00000000c4200000, 0x00000000c4200000| Untracked 
|  45|0x00000000c4300000, 0x00000000c4300000, 0x00000000c4400000|  0%| F|  |TAMS 0x00000000c4300000, 0x00000000c4300000| Untracked 
|  46|0x00000000c4400000, 0x00000000c4400000, 0x00000000c4500000|  0%| F|  |TAMS 0x00000000c4400000, 0x00000000c4400000| Untracked 
|  47|0x00000000c4500000, 0x00000000c4500000, 0x00000000c4600000|  0%| F|  |TAMS 0x00000000c4500000, 0x00000000c4500000| Untracked 
|  48|0x00000000c4600000, 0x00000000c4600000, 0x00000000c4700000|  0%| F|  |TAMS 0x00000000c4600000, 0x00000000c4600000| Untracked 
|  49|0x00000000c4700000, 0x00000000c4800000, 0x00000000c4800000|100%| S|CS|TAMS 0x00000000c4700000, 0x00000000c4700000| Complete 
|  50|0x00000000c4800000, 0x00000000c4900000, 0x00000000c4900000|100%| S|CS|TAMS 0x00000000c4800000, 0x00000000c4800000| Complete 
|  51|0x00000000c4900000, 0x00000000c4900000, 0x00000000c4a00000|  0%| F|  |TAMS 0x00000000c4900000, 0x00000000c4900000| Untracked 
|  52|0x00000000c4a00000, 0x00000000c4a00000, 0x00000000c4b00000|  0%| F|  |TAMS 0x00000000c4a00000, 0x00000000c4a00000| Untracked 
|  53|0x00000000c4b00000, 0x00000000c4b00000, 0x00000000c4c00000|  0%| F|  |TAMS 0x00000000c4b00000, 0x00000000c4b00000| Untracked 
|  54|0x00000000c4c00000, 0x00000000c4c00000, 0x00000000c4d00000|  0%| F|  |TAMS 0x00000000c4c00000, 0x00000000c4c00000| Untracked 
|  55|0x00000000c4d00000, 0x00000000c4d00000, 0x00000000c4e00000|  0%| F|  |TAMS 0x00000000c4d00000, 0x00000000c4d00000| Untracked 
|  56|0x00000000c4e00000, 0x00000000c4e00000, 0x00000000c4f00000|  0%| F|  |TAMS 0x00000000c4e00000, 0x00000000c4e00000| Untracked 
|  57|0x00000000c4f00000, 0x00000000c4f00000, 0x00000000c5000000|  0%| F|  |TAMS 0x00000000c4f00000, 0x00000000c4f00000| Untracked 
|  58|0x00000000c5000000, 0x00000000c5000000, 0x00000000c5100000|  0%| F|  |TAMS 0x00000000c5000000, 0x00000000c5000000| Untracked 
|  59|0x00000000c5100000, 0x00000000c5100000, 0x00000000c5200000|  0%| F|  |TAMS 0x00000000c5100000, 0x00000000c5100000| Untracked 
|  60|0x00000000c5200000, 0x00000000c5200000, 0x00000000c5300000|  0%| F|  |TAMS 0x00000000c5200000, 0x00000000c5200000| Untracked 
|  61|0x00000000c5300000, 0x00000000c53b26e8, 0x00000000c5400000| 69%| E|  |TAMS 0x00000000c5300000, 0x00000000c5300000| Complete 
|  62|0x00000000c5400000, 0x00000000c5500000, 0x00000000c5500000|100%| E|CS|TAMS 0x00000000c5400000, 0x00000000c5400000| Complete 
|  63|0x00000000c5500000, 0x00000000c5600000, 0x00000000c5600000|100%| E|CS|TAMS 0x00000000c5500000, 0x00000000c5500000| Complete 

Card table byte_map: [0x0000025bf69a0000,0x0000025bf6ba0000] _byte_map_base: 0x0000025bf6395000

Marking Bits (Prev, Next): (CMBitMap*) 0x0000025bea2c12b0, (CMBitMap*) 0x0000025bea2c12f0
 Prev Bits: [0x0000025bf6da0000, 0x0000025bf7d48000)
 Next Bits: [0x0000025bf7d50000, 0x0000025bf8cf8000)

Polling page: 0x0000025bea100000

Metaspace:

Usage:
  Non-class:      4.79 MB used.
      Class:    690.55 KB used.
       Both:      5.46 MB used.

Virtual space:
  Non-class space:       64.00 MB reserved,       4.88 MB (  8%) committed,  1 nodes.
      Class space:        1.00 GB reserved,     832.00 KB ( <1%) committed,  1 nodes.
             Both:        1.06 GB reserved,       5.69 MB ( <1%) committed. 

Chunk freelists:
   Non-Class:  10.98 MB
       Class:  15.11 MB
        Both:  26.09 MB

MaxMetaspaceSize: unlimited
CompressedClassSpaceSize: 1.00 GB
Initial GC threshold: 21.00 MB
Current GC threshold: 21.00 MB
CDS: on
MetaspaceReclaimPolicy: balanced
 - commit_granule_bytes: 65536.
 - commit_granule_words: 8192.
 - virtual_space_node_default_size: 8388608.
 - enlarge_chunks_in_place: 1.
 - new_chunks_are_fully_committed: 0.
 - uncommit_free_chunks: 1.
 - use_allocation_guard: 0.
 - handle_deallocations: 1.


Internal statistics:

num_allocs_failed_limit: 0.
num_arena_births: 104.
num_arena_deaths: 0.
num_vsnodes_births: 2.
num_vsnodes_deaths: 0.
num_space_committed: 91.
num_space_uncommitted: 0.
num_chunks_returned_to_freelist: 0.
num_chunks_taken_from_freelist: 165.
num_chunk_merges: 0.
num_chunk_splits: 113.
num_chunks_enlarged: 71.
num_inconsistent_stats: 0.

CodeCache: size=49152Kb used=3162Kb max_used=3162Kb free=45989Kb
 bounds [0x0000025bf3360000, 0x0000025bf3680000, 0x0000025bf6360000]
 total_blobs=1506 nmethods=1057 adapters=376
 compilation: enabled
              stopped_count=0, restarted_count=0
 full_count=0

Compilation events (20 events):
Event: 2.709 Thread 0x0000025bfb37d9e0 1048   !   1       java.util.zip.ZipFile$ZipFileInflaterInputStream::close (67 bytes)
Event: 2.710 Thread 0x0000025bfb37d9e0 nmethod 1048 0x0000025bf3672d10 code [0x0000025bf3672f00, 0x0000025bf3673278]
Event: 2.711 Thread 0x0000025bfb37d9e0 1049       1       java.util.zip.ZipCoder$UTF8ZipCoder::hasTrailingSlash (20 bytes)
Event: 2.711 Thread 0x0000025bfb37d9e0 nmethod 1049 0x0000025bf3673590 code [0x0000025bf3673720, 0x0000025bf3673838]
Event: 2.714 Thread 0x0000025bfb37d9e0 1050       1       java.lang.ClassLoader::loadClass (7 bytes)
Event: 2.714 Thread 0x0000025bfb2aad80 1051       1       jdk.internal.loader.ClassLoaders$AppClassLoader::loadClass (40 bytes)
Event: 2.715 Thread 0x0000025bfb37d9e0 nmethod 1050 0x0000025bf3673910 code [0x0000025bf3673aa0, 0x0000025bf3673b88]
Event: 2.715 Thread 0x0000025bfb37d9e0 1052       1       jdk.internal.loader.BuiltinClassLoader::loadClass (22 bytes)
Event: 2.715 Thread 0x0000025bfb37d9e0 nmethod 1052 0x0000025bf3673c10 code [0x0000025bf3673dc0, 0x0000025bf3673f58]
Event: 2.715 Thread 0x0000025bfb37d9e0 1053       1       jdk.internal.loader.ClassLoaders$BootClassLoader::loadClassOrNull (10 bytes)
Event: 2.715 Thread 0x0000025bfb2aad80 nmethod 1051 0x0000025bf3674010 code [0x0000025bf36741e0, 0x0000025bf36744b8]
Event: 2.715 Thread 0x0000025bfb37d9e0 nmethod 1053 0x0000025bf3674710 code [0x0000025bf36748c0, 0x0000025bf36749d8]
Event: 2.719 Thread 0x0000025bfb37d9e0 1054       1       sun.net.www.protocol.jar.Handler::checkNestedProtocol (18 bytes)
Event: 2.719 Thread 0x0000025bfb37d9e0 nmethod 1054 0x0000025bf3674a90 code [0x0000025bf3674c40, 0x0000025bf3674d88]
Event: 2.720 Thread 0x0000025bfb37d9e0 1055       1       java.net.URL::toString (5 bytes)
Event: 2.720 Thread 0x0000025bfb2aad80 1056       1       java.net.URL::toExternalForm (9 bytes)
Event: 2.720 Thread 0x0000025bfb2aad80 nmethod 1056 0x0000025bf3674e10 code [0x0000025bf3674fa0, 0x0000025bf3675088]
Event: 2.720 Thread 0x0000025bfb37d9e0 nmethod 1055 0x0000025bf3675190 code [0x0000025bf3675320, 0x0000025bf3675408]
Event: 2.720 Thread 0x0000025bfb2aad80 1057       1       java.net.URLStreamHandler::toExternalForm (156 bytes)
Event: 2.722 Thread 0x0000025bfb2aad80 nmethod 1057 0x0000025bf3675810 code [0x0000025bf3675b00, 0x0000025bf3676658]

GC Heap History (2 events):
Event: 2.583 GC heap before
{Heap before GC invocations=0 (full 0):
 garbage-first heap   total 65536K, used 15360K [0x00000000c1600000, 0x0000000100000000)
  region size 1024K, 13 young (13312K), 0 survivors (0K)
 Metaspace       used 5047K, committed 5120K, reserved 1114112K
  class space    used 602K, committed 640K, reserved 1048576K
}
Event: 2.593 GC heap after
{Heap after GC invocations=1 (full 0):
 garbage-first heap   total 65536K, used 7536K [0x00000000c1600000, 0x0000000100000000)
  region size 1024K, 2 young (2048K), 2 survivors (2048K)
 Metaspace       used 5047K, committed 5120K, reserved 1114112K
  class space    used 602K, committed 640K, reserved 1048576K
}

Deoptimization events (0 events):
No events

Classes unloaded (0 events):
No events

Classes redefined (0 events):
No events

Internal exceptions (12 events):
Event: 1.691 Thread 0x0000025bc5508700 Exception <a 'java/lang/NoSuchMethodError'{0x00000000c4fd99f0}: 'java.lang.Object java.lang.invoke.DirectMethodHandle$Holder.invokeStaticInit(java.lang.Object)'> (0x00000000c4fd99f0) 
thrown [s\open\src\hotspot\share\interpreter\linkResolver.cpp, line 759]
Event: 1.715 Thread 0x0000025bc5508700 Exception <a 'java/lang/NoSuchMethodError'{0x00000000c4fe75e8}: 'void java.lang.invoke.DirectMethodHandle$Holder.invokeStatic(java.lang.Object, java.lang.Object)'> (0x00000000c4fe75e8) 
thrown [s\open\src\hotspot\share\interpreter\linkResolver.cpp, line 759]
Event: 1.840 Thread 0x0000025bea2868b0 Exception <a 'java/lang/NoSuchMethodError'{0x00000000c4e158a8}: 'int java.lang.invoke.DirectMethodHandle$Holder.invokeInterface(java.lang.Object, java.lang.Object)'> (0x00000000c4e158a8) 
thrown [s\open\src\hotspot\share\interpreter\linkResolver.cpp, line 759]
Event: 1.842 Thread 0x0000025bea2868b0 Exception <a 'java/lang/IncompatibleClassChangeError'{0x00000000c4e18ea8}: Found class java.lang.Object, but interface was expected> (0x00000000c4e18ea8) 
thrown [s\open\src\hotspot\share\interpreter\linkResolver.cpp, line 826]
Event: 2.026 Thread 0x0000025bea2868b0 Exception <a 'java/lang/NoSuchMethodError'{0x00000000c4d1c4a8}: 'int java.lang.invoke.DirectMethodHandle$Holder.invokeSpecial(java.lang.Object, java.lang.Object, java.lang.Object)'> (0x00000000c4d1c4a8) 
thrown [s\open\src\hotspot\share\interpreter\linkResolver.cpp, line 759]
Event: 2.102 Thread 0x0000025bea2868b0 Exception <a 'java/lang/NoSuchMethodError'{0x00000000c4c17cf0}: 'void java.lang.invoke.DirectMethodHandle$Holder.invokeStatic(java.lang.Object, java.lang.Object, java.lang.Object)'> (0x00000000c4c17cf0) 
thrown [s\open\src\hotspot\share\interpreter\linkResolver.cpp, line 759]
Event: 2.118 Thread 0x0000025bea2868b0 Exception <a 'java/lang/NoSuchMethodError'{0x00000000c4c54958}: 'int java.lang.invoke.DirectMethodHandle$Holder.invokeSpecialIFC(java.lang.Object, java.lang.Object, java.lang.Object)'> (0x00000000c4c54958) 
thrown [s\open\src\hotspot\share\interpreter\linkResolver.cpp, line 759]
Event: 2.231 Thread 0x0000025bea2868b0 Exception <a 'java/lang/NoSuchMethodError'{0x00000000c4ccbc20}: 'java.lang.Object java.lang.invoke.DirectMethodHandle$Holder.invokeStaticInit(java.lang.Object, int, int, int, int)'> (0x00000000c4ccbc20) 
thrown [s\open\src\hotspot\share\interpreter\linkResolver.cpp, line 759]
Event: 2.333 Thread 0x0000025bea2868b0 Exception <a 'java/lang/NoSuchMethodError'{0x00000000c4b56258}: 'java.lang.Object java.lang.invoke.DirectMethodHandle$Holder.invokeStaticInit(java.lang.Object, java.lang.Object, int, int, int, int)'> (0x00000000c4b56258) 
thrown [s\open\src\hotspot\share\interpreter\linkResolver.cpp, line 759]
Event: 2.366 Thread 0x0000025bea2868b0 Exception <a 'java/lang/ClassNotFoundException'{0x00000000c4b74428}: javax/management/remote/rmi/RMIServerImpl_Skel> (0x00000000c4b74428) 
thrown [s\open\src\hotspot\share\classfile\systemDictionary.cpp, line 256]
Event: 2.626 Thread 0x0000025bea2868b0 Exception <a 'java/lang/NoSuchMethodError'{0x00000000c5559690}: 'java.lang.Object java.lang.invoke.DirectMethodHandle$Holder.invokeSpecial(java.lang.Object, java.lang.Object, java.lang.Object, long, java.lang.Object)'> (0x00000000c5559690) 
thrown [s\open\src\hotspot\share\interpreter\linkResolver.cpp, line 759]
Event: 2.626 Thread 0x0000025bea2868b0 Exception <a 'java/lang/NoSuchMethodError'{0x00000000c555d260}: 'java.lang.Object java.lang.invoke.Invokers$Holder.linkToTargetMethod(java.lang.Object, long, java.lang.Object, java.lang.Object)'> (0x00000000c555d260) 
thrown [s\open\src\hotspot\share\interpreter\linkResolver.cpp, line 759]

VM Operations (18 events):
Event: 0.986 Executing VM operation: HandshakeAllThreads
Event: 0.986 Executing VM operation: HandshakeAllThreads done
Event: 1.687 Executing VM operation: HandshakeAllThreads
Event: 1.687 Executing VM operation: HandshakeAllThreads done
Event: 1.687 Executing VM operation: Cleanup
Event: 1.687 Executing VM operation: Cleanup done
Event: 1.890 Executing VM operation: HandshakeAllThreads
Event: 1.890 Executing VM operation: HandshakeAllThreads done
Event: 1.895 Executing VM operation: HandshakeAllThreads
Event: 1.895 Executing VM operation: HandshakeAllThreads done
Event: 2.212 Executing VM operation: HandshakeAllThreads
Event: 2.212 Executing VM operation: HandshakeAllThreads done
Event: 2.528 Executing VM operation: HandshakeAllThreads
Event: 2.528 Executing VM operation: HandshakeAllThreads done
Event: 2.542 Executing VM operation: HandshakeAllThreads
Event: 2.542 Executing VM operation: HandshakeAllThreads done
Event: 2.582 Executing VM operation: G1CollectForAllocation
Event: 2.593 Executing VM operation: G1CollectForAllocation done

Events (20 events):
Event: 2.676 loading class java/time/zone/Ser
Event: 2.676 loading class java/time/zone/Ser done
Event: 2.676 loading class java/time/zone/ZoneOffsetTransition
Event: 2.677 loading class java/time/zone/ZoneOffsetTransition done
Event: 2.683 loading class java/util/concurrent/atomic/AtomicReference
Event: 2.683 loading class java/util/concurrent/atomic/AtomicReference done
Event: 2.689 loading class java/lang/NumberFormatException
Event: 2.690 loading class java/lang/NumberFormatException done
Event: 2.701 loading class java/util/concurrent/TimeoutException
Event: 2.701 loading class java/util/concurrent/TimeoutException done
Event: 2.714 loading class java/lang/IllegalAccessError
Event: 2.715 loading class java/lang/IllegalAccessError done
Event: 2.723 loading class java/util/IdentityHashMap$EntrySet
Event: 2.723 loading class java/util/IdentityHashMap$EntrySet done
Event: 2.724 loading class java/util/IdentityHashMap$EntryIterator
Event: 2.724 loading class java/util/IdentityHashMap$EntryIterator done
Event: 2.724 loading class java/util/IdentityHashMap$EntryIterator$Entry
Event: 2.724 loading class java/util/IdentityHashMap$EntryIterator$Entry done
Event: 2.724 loading class java/util/IdentityHashMap$ValueIterator
Event: 2.724 loading class java/util/IdentityHashMap$ValueIterator done


Dynamic libraries:
0x00007ff739cf0000 - 0x00007ff739d00000 	C:\Program Files\Java\jdk-17\bin\java.exe
0x00007ff937450000 - 0x00007ff937648000 	C:\Windows\SYSTEM32\ntdll.dll
0x00007ff936310000 - 0x00007ff9363cd000 	C:\Windows\System32\KERNEL32.DLL
0x00007ff934e40000 - 0x00007ff93510e000 	C:\Windows\System32\KERNELBASE.dll
0x00007ff934d40000 - 0x00007ff934e40000 	C:\Windows\System32\ucrtbase.dll
0x00007ff91b5b0000 - 0x00007ff91b5c9000 	C:\Program Files\Java\jdk-17\bin\jli.dll
0x00007ff919d70000 - 0x00007ff919d8b000 	C:\Program Files\Java\jdk-17\bin\VCRUNTIME140.dll
0x00007ff9371b0000 - 0x00007ff93725e000 	C:\Windows\System32\ADVAPI32.dll
0x00007ff9354c0000 - 0x00007ff93555e000 	C:\Windows\System32\msvcrt.dll
0x00007ff9361b0000 - 0x00007ff93624c000 	C:\Windows\System32\sechost.dll
0x00007ff9368d0000 - 0x00007ff9369f5000 	C:\Windows\System32\RPCRT4.dll
0x00007ff935fe0000 - 0x00007ff936180000 	C:\Windows\System32\USER32.dll
0x00007ff935220000 - 0x00007ff935242000 	C:\Windows\System32\win32u.dll
0x00007ff936180000 - 0x00007ff9361aa000 	C:\Windows\System32\GDI32.dll
0x00007ff9352f0000 - 0x00007ff9353fb000 	C:\Windows\System32\gdi32full.dll
0x00007ff935250000 - 0x00007ff9352ed000 	C:\Windows\System32\msvcp_win.dll
0x00007ff9220b0000 - 0x00007ff92234a000 	C:\Windows\WinSxS\amd64_microsoft.windows.common-controls_6595b64144ccf1df_6.0.19041.1110_none_60b5254171f9507e\COMCTL32.dll
0x00007ff933300000 - 0x00007ff93330a000 	C:\Windows\SYSTEM32\VERSION.dll
0x00007ff935b60000 - 0x00007ff935b90000 	C:\Windows\System32\IMM32.DLL
0x00007ff92f2d0000 - 0x00007ff92f2dc000 	C:\Program Files\Java\jdk-17\bin\vcruntime140_1.dll
0x00007ff90ede0000 - 0x00007ff90ee6e000 	C:\Program Files\Java\jdk-17\bin\msvcp140.dll
0x00007ff878f30000 - 0x00007ff879b10000 	C:\Program Files\Java\jdk-17\bin\server\jvm.dll
0x00007ff935c10000 - 0x00007ff935c18000 	C:\Windows\System32\PSAPI.DLL
0x00007ff92e2b0000 - 0x00007ff92e2b9000 	C:\Windows\SYSTEM32\WSOCK32.dll
0x00007ff936740000 - 0x00007ff9367ab000 	C:\Windows\System32\WS2_32.dll
0x00007ff91eaa0000 - 0x00007ff91eac7000 	C:\Windows\SYSTEM32\WINMM.dll
0x00007ff933400000 - 0x00007ff933412000 	C:\Windows\SYSTEM32\kernel.appcore.dll
0x00007ff925e70000 - 0x00007ff925e7a000 	C:\Program Files\Java\jdk-17\bin\jimage.dll
0x00007ff91f6d0000 - 0x00007ff91f8b4000 	C:\Windows\SYSTEM32\DBGHELP.DLL
0x00007ff91e160000 - 0x00007ff91e18c000 	C:\Windows\SYSTEM32\dbgcore.DLL
0x00007ff935160000 - 0x00007ff9351e2000 	C:\Windows\System32\bcryptPrimitives.dll
0x00007ff921c00000 - 0x00007ff921c0e000 	C:\Program Files\Java\jdk-17\bin\instrument.dll
0x00007ff90b100000 - 0x00007ff90b125000 	C:\Program Files\Java\jdk-17\bin\java.dll
0x00007ff8ff570000 - 0x00007ff8ff647000 	C:\Program Files\Java\jdk-17\bin\jsvml.dll
0x00007ff936a60000 - 0x00007ff9371a4000 	C:\Windows\System32\SHELL32.dll
0x00007ff932b50000 - 0x00007ff9332e4000 	C:\Windows\SYSTEM32\windows.storage.dll
0x00007ff935c20000 - 0x00007ff935f74000 	C:\Windows\System32\combase.dll
0x00007ff934500000 - 0x00007ff934530000 	C:\Windows\SYSTEM32\Wldp.dll
0x00007ff936690000 - 0x00007ff93673d000 	C:\Windows\System32\SHCORE.dll
0x00007ff936250000 - 0x00007ff9362a5000 	C:\Windows\System32\shlwapi.dll
0x00007ff934ab0000 - 0x00007ff934acf000 	C:\Windows\SYSTEM32\profapi.dll
0x00007ff919d50000 - 0x00007ff919d68000 	C:\Program Files\Java\jdk-17\bin\zip.dll
0x00007ff919cc0000 - 0x00007ff919cd9000 	C:\Program Files\Java\jdk-17\bin\net.dll
0x00007ff9264f0000 - 0x00007ff9265fa000 	C:\Windows\SYSTEM32\WINHTTP.dll
0x00007ff934260000 - 0x00007ff9342ca000 	C:\Windows\system32\mswsock.dll
0x00007ff919980000 - 0x00007ff919996000 	C:\Program Files\Java\jdk-17\bin\nio.dll
0x00007ff933f90000 - 0x00007ff93405a000 	C:\Windows\SYSTEM32\DNSAPI.dll
0x00007ff933f50000 - 0x00007ff933f8b000 	C:\Windows\SYSTEM32\IPHLPAPI.DLL
0x00007ff9363d0000 - 0x00007ff9363d8000 	C:\Windows\System32\NSI.dll
0x0000000060630000 - 0x0000000060656000 	C:\Program Files\Bonjour\mdnsNSP.dll
0x00007ff922b30000 - 0x00007ff922b3a000 	C:\Windows\System32\rasadhlp.dll
0x00007ff922d50000 - 0x00007ff922dd0000 	C:\Windows\System32\fwpuclnt.dll
0x00007ff9351f0000 - 0x00007ff935217000 	C:\Windows\System32\bcrypt.dll
0x00007ff91a010000 - 0x00007ff91a01a000 	C:\Program Files\Java\jdk-17\bin\management.dll
0x00007ff919dd0000 - 0x00007ff919ddb000 	C:\Program Files\Java\jdk-17\bin\management_ext.dll
0x00007ff934450000 - 0x00007ff934468000 	C:\Windows\SYSTEM32\CRYPTSP.dll
0x00007ff933be0000 - 0x00007ff933c14000 	C:\Windows\system32\rsaenh.dll
0x00007ff934a70000 - 0x00007ff934a9e000 	C:\Windows\SYSTEM32\USERENV.dll
0x00007ff934470000 - 0x00007ff93447c000 	C:\Windows\SYSTEM32\CRYPTBASE.dll
0x00007ff92bb20000 - 0x00007ff92bb37000 	C:\Windows\SYSTEM32\dhcpcsvc6.DLL
0x00007ff92c930000 - 0x00007ff92c94d000 	C:\Windows\SYSTEM32\dhcpcsvc.DLL
0x00007ff916980000 - 0x00007ff916997000 	C:\Windows\system32\napinsp.dll
0x00007ff916840000 - 0x00007ff91685b000 	C:\Windows\system32\pnrpnsp.dll
0x00007ff916820000 - 0x00007ff916835000 	C:\Windows\system32\wshbth.dll
0x00007ff930330000 - 0x00007ff93034d000 	C:\Windows\system32\NLAapi.dll
0x00007ff916800000 - 0x00007ff916812000 	C:\Windows\System32\winrnr.dll

dbghelp: loaded successfully - version: 4.0.5 - missing functions: none
symbol engine: initialized successfully - sym options: 0x614 - pdb path: .;C:\Program Files\Java\jdk-17\bin;C:\Windows\SYSTEM32;C:\Windows\WinSxS\amd64_microsoft.windows.common-controls_6595b64144ccf1df_6.0.19041.1110_none_60b5254171f9507e;C:\Program Files\Java\jdk-17\bin\server;C:\Program Files\Bonjour

VM Arguments:
jvm_args: -XX:TieredStopAtLevel=1 -Dspring.output.ansi.enabled=always -Dcom.sun.management.jmxremote -Dspring.jmx.enabled=true -Dspring.liveBeansView.mbeanDomain -Dspring.application.admin.enabled=true -Dmanagement.endpoints.jmx.exposure.include=* -javaagent:E:\IntelliJ IDEA 2025.1.2\lib\idea_rt.jar=54823 -Dfile.encoding=UTF-8 
java_command: com.example.ra.RaApplication
java_class_path (initial): E:\TKWeb\TPLUS-JV250321_BuiDucLinh_MD5_Project\ra\build\classes\java\main;E:\TKWeb\TPLUS-JV250321_BuiDucLinh_MD5_Project\ra\build\resources\main;C:\Users\LENOVO\.gradle\caches\modules-2\files-2.1\org.projectlombok\lombok\1.18.38\57f8f5e02e92a30fd21b80cbd426a4172b5f8e29\lombok-1.18.38.jar;C:\Users\LENOVO\.gradle\caches\modules-2\files-2.1\org.springframework.boot\spring-boot-starter-data-jpa\3.5.5\1b0c807e0f584dcf2c8fe7360c07ff18faeacf30\spring-boot-starter-data-jpa-3.5.5.jar;C:\Users\LENOVO\.gradle\caches\modules-2\files-2.1\org.springframework.boot\spring-boot-starter-thymeleaf\3.5.5\c29eca2ec435a68ff89db1b2effba18ff513c7e7\spring-boot-starter-thymeleaf-3.5.5.jar;C:\Users\LENOVO\.gradle\caches\modules-2\files-2.1\org.springframework.boot\spring-boot-starter-validation\3.5.5\5510bd155652ef231976f1ff1ca1bb1d9698829c\spring-boot-starter-validation-3.5.5.jar;C:\Users\LENOVO\.gradle\caches\modules-2\files-2.1\org.springframework.boot\spring-boot-starter-web\3.5.5\b9039cd5aa1feda2cfbd487233e343f66627f78f\spring-boot-starter-web-3.5.5.jar;C:\Users\LENOVO\.gradle\caches\modules-2\files-2.1\org.springframework.boot\spring-boot-starter-security\3.5.5\d46f4927ef806fbbb509da0fbeabc9274163ef4c\spring-boot-starter-security-3.5.5.jar;C:\Users\LENOVO\.gradle\caches\modules-2\files-2.1\org.springframework.boot\spring-boot-starter-jdbc\3.5.5\25ab9d086e35f606ea0147b10defdd1c8be3f25\spring-boot-starter-jdbc-3.5.5.jar;C:\Users\LENOVO\.gradle\caches\modules-2\files-2.1\org.springframework.boot\spring-boot-starter\3.5.5\f0e27ab73519ebebfc72c9b16ccde342cc9f599d\spring-boot-starter-3.5.5.jar;C:\Users\LENOVO\.gradle\caches\modules-2\files-2.1\org.hibernate.orm\hibernate-core\6.6.26.Final\4a89014a34c7c46d15da49de85aa879c603c962\hibernate-core-6.6.26.Final.jar;C:\Users\LENOVO\.gradle\caches\modules-2\files-2.1\org.springframework.data\spring-data-jpa\3.5.3\ed2764475a3c53fec8d1b844f9700ce6427b29dc\spring-data-jpa-3.5.3.jar;C:\Users\LENOVO\.gradle\caches\modules-2\f
Launcher Type: SUN_STANDARD

[Global flags]
     intx CICompilerCount                          = 3                                         {product} {ergonomic}
     uint ConcGCThreads                            = 1                                         {product} {ergonomic}
     uint G1ConcRefinementThreads                  = 4                                         {product} {ergonomic}
   size_t G1HeapRegionSize                         = 1048576                                   {product} {ergonomic}
    uintx GCDrainStackTargetSize                   = 64                                        {product} {ergonomic}
   size_t InitialHeapSize                          = 67108864                                  {product} {ergonomic}
     bool ManagementServer                         = true                                      {product} {command line}
   size_t MarkStackSize                            = 4194304                                   {product} {ergonomic}
   size_t MaxHeapSize                              = 1050673152                                {product} {ergonomic}
   size_t MaxNewSize                               = 630194176                                 {product} {ergonomic}
   size_t MinHeapDeltaBytes                        = 1048576                                   {product} {ergonomic}
   size_t MinHeapSize                              = 8388608                                   {product} {ergonomic}
    uintx NonProfiledCodeHeapSize                  = 0                                      {pd product} {ergonomic}
     bool ProfileInterpreter                       = false                                  {pd product} {command line}
    uintx ProfiledCodeHeapSize                     = 0                                      {pd product} {ergonomic}
   size_t SoftMaxHeapSize                          = 1050673152                             {manageable} {ergonomic}
     intx TieredStopAtLevel                        = 1                                         {product} {command line}
     bool UseCompressedClassPointers               = true                           {product lp64_product} {ergonomic}
     bool UseCompressedOops                        = true                           {product lp64_product} {ergonomic}
     bool UseG1GC                                  = true                                      {product} {ergonomic}
     bool UseLargePagesIndividualAllocation        = false                                  {pd product} {ergonomic}

Logging:
Log output configuration:
 #0: stdout all=warning uptime,level,tags
 #1: stderr all=off uptime,level,tags

Environment Variables:
JAVA_HOME=E:\
PATH=C:\Program Files\Common Files\Oracle\Java\javapath;C:\Windows\system32;C:\Windows;C:\Windows\System32\Wbem;C:\Windows\System32\WindowsPowerShell\v1.0\;C:\Windows\System32\OpenSSH\;C:\Program Files\Git\cmd;C:\Program Files\MySQL\MySQL Shell 8.0\bin\;C:\Users\LENOVO\AppData\Local\Microsoft\WindowsApps;C:\Users\LENOVO\AppData\Local\Programs\Microsoft VS Code\bin;E:\IntelliJ IDEA 2025.1.2\bin;
USERNAME=LENOVO
OS=Windows_NT
PROCESSOR_IDENTIFIER=Intel64 Family 6 Model 142 Stepping 10, GenuineIntel



---------------  S Y S T E M  ---------------

OS:
 Windows 10 , 64 bit Build 19041 (10.0.19041.1889)
OS uptime: 0 days 19:32 hours

CPU: total 4 (initial active 4) (2 cores per cpu, 2 threads per core) family 6 model 142 stepping 10 microcode 0xb4, cx8, cmov, fxsr, ht, mmx, 3dnowpref, sse, sse2, sse3, ssse3, sse4.1, sse4.2, popcnt, lzcnt, tsc, tscinvbit, avx, avx2, aes, erms, clmul, bmi1, bmi2, adx, fma, vzeroupper, clflush, clflushopt

Memory: 4k page, system-wide physical 4005M (282M free)
TotalPageFile size 10992M (AvailPageFile size 2M)
current process WorkingSet (physical memory assigned to process): 66M, peak: 66M
current process commit charge ("private bytes"): 143M, peak: 143M

vm_info: Java HotSpot(TM) 64-Bit Server VM (17.0.12+8-LTS-286) for windows-amd64 JRE (17.0.12+8-LTS-286), built on Jun  5 2024 06:46:59 by "mach5one" with MS VC++ 17.6 (VS2022)

END.
