#
# There is insufficient memory for the Java Runtime Environment to continue.
# Native memory allocation (malloc) failed to allocate 1045456 bytes for Chunk::new
# Possible reasons:
#   The system is out of physical RAM or swap space
#   The process is running with CompressedOops enabled, and the Java Heap may be blocking the growth of the native heap
# Possible solutions:
#   Reduce memory load on the system
#   Increase physical memory or swap space
#   Check if swap backing store is full
#   Decrease Java heap size (-Xmx/-Xms)
#   Decrease number of Java threads
#   Decrease Java thread stack sizes (-Xss)
#   Set larger code cache with -XX:ReservedCodeCacheSize=
#   JVM is running with Unscaled Compressed Oops mode in which the Java heap is
#     placed in the first 4GB address space. The Java Heap base address is the
#     maximum limit for the native heap growth. Please use -XX:HeapBaseMinAddress
#     to set the Java Heap base and to place the Java Heap above 4GB virtual address.
# This output file may be truncated or incomplete.
#
#  Out of Memory Error (arena.cpp:189), pid=12680, tid=12772
#
# JRE version: Java(TM) SE Runtime Environment (17.0.12+8) (build 17.0.12+8-LTS-286)
# Java VM: Java HotSpot(TM) 64-Bit Server VM (17.0.12+8-LTS-286, mixed mode, sharing, tiered, compressed oops, compressed class ptrs, g1 gc, windows-amd64)
# No core dump will be written. Minidumps are not enabled by default on client versions of Windows
#

---------------  S U M M A R Y ------------

Command Line: --add-opens=java.base/java.lang=ALL-UNNAMED --add-opens=java.base/java.lang.invoke=ALL-UNNAMED --add-opens=java.base/java.util=ALL-UNNAMED --add-opens=java.prefs/java.util.prefs=ALL-UNNAMED --add-exports=jdk.compiler/com.sun.tools.javac.api=ALL-UNNAMED --add-exports=jdk.compiler/com.sun.tools.javac.util=ALL-UNNAMED --add-opens=java.base/java.util=ALL-UNNAMED --add-opens=java.prefs/java.util.prefs=ALL-UNNAMED --add-opens=java.base/java.nio.charset=ALL-UNNAMED --add-opens=java.base/java.net=ALL-UNNAMED --add-opens=java.base/java.util.concurrent.atomic=ALL-UNNAMED --add-opens=java.xml/javax.xml.namespace=ALL-UNNAMED -XX:MaxMetaspaceSize=384m -XX:+HeapDumpOnOutOfMemoryError -Xms256m -Xmx512m -Dfile.encoding=UTF-8 -Duser.country=US -Duser.language=en -Duser.variant -javaagent:C:\Users\LENOVO\.gradle\wrapper\dists\gradle-8.14.3-bin\cv11ve7ro1n3o1j4so8xd9n66\gradle-8.14.3\lib\agents\gradle-instrumentation-agent-8.14.3.jar org.gradle.launcher.daemon.bootstrap.GradleDaemon 8.14.3

Host: Intel(R) Core(TM) i3-7020U CPU @ 2.30GHz, 4 cores, 3G,  Windows 10 , 64 bit Build 19041 (10.0.19041.1889)
Time: Tue Aug 26 16:13:33 2025 SE Asia Standard Time elapsed time: 3482.551677 seconds (0d 0h 58m 2s)

---------------  T H R E A D  ---------------

Current thread (0x00000285c4d31590):  JavaThread "C2 CompilerThread0" daemon [_thread_in_native, id=12772, stack(0x000000c09a500000,0x000000c09a600000)]


Current CompileTask:
C2:3482551 21840       4       org.gradle.api.internal.artifacts.ivyservice.resolveengine.result.AdhocHandlingComponentResultSerializer::writeComponentResult (36 bytes)

Stack: [0x000000c09a500000,0x000000c09a600000]
Native frames: (J=compiled Java code, j=interpreted, Vv=VM code, C=native code)
V  [jvm.dll+0x67a04a]
V  [jvm.dll+0x7da4ed]
V  [jvm.dll+0x7dbe33]
V  [jvm.dll+0x7dc4a3]
V  [jvm.dll+0x24508f]
V  [jvm.dll+0xab773]
V  [jvm.dll+0xabd3c]
V  [jvm.dll+0x361b9f]
V  [jvm.dll+0x1ba64a]
V  [jvm.dll+0x216997]
V  [jvm.dll+0x215c6f]
V  [jvm.dll+0x1a2960]
V  [jvm.dll+0x22610b]
V  [jvm.dll+0x2242ab]
V  [jvm.dll+0x79075c]
V  [jvm.dll+0x78abea]
V  [jvm.dll+0x678f35]
C  [ucrtbase.dll+0x21bb2]
C  [KERNEL32.DLL+0x17034]
C  [ntdll.dll+0x52651]


---------------  P R O C E S S  ---------------

Threads class SMR info:
_java_thread_list=0x00000285e27cf7f0, length=86, elements={
0x00000285aac93dc0, 0x00000285c4d0b0d0, 0x00000285c4d0bba0, 0x00000285c4d21900,
0x00000285c4d242e0, 0x00000285c4d24bb0, 0x00000285c4d28980, 0x00000285c4d31590,
0x00000285c4d31f50, 0x00000285c4d32860, 0x00000285c4cf27e0, 0x00000285de162240,
0x00000285df121e20, 0x00000285dee33cf0, 0x00000285df18bc20, 0x00000285e00c3030,
0x00000285e00c16e0, 0x00000285e00c3a50, 0x00000285e00c11d0, 0x00000285e00c2100,
0x00000285e00c2610, 0x00000285e00c4470, 0x00000285e00c4980, 0x00000285e00c5dc0,
0x00000285e00c2b20, 0x00000285e1463cf0, 0x00000285e1d29d10, 0x00000285e39e8150,
0x00000285e2d5db20, 0x00000285e2dd7a40, 0x00000285e1cc6df0, 0x00000285e1cc4570,
0x00000285e0069b30, 0x00000285e2dd7020, 0x00000285e1776a80, 0x00000285e39e8b70,
0x00000285e39e7c40, 0x00000285e17783d0, 0x00000285e006c8c0, 0x00000285e006b480,
0x00000285e17774a0, 0x00000285e1776f90, 0x00000285e17788e0, 0x00000285e1779300,
0x00000285e17779b0, 0x00000285e39e7220, 0x00000285e39e7730, 0x00000285e1cc7300,
0x00000285ded37980, 0x00000285ded31950, 0x00000285ded36a50, 0x00000285ded36540,
0x00000285ded31e60, 0x00000285ded37470, 0x00000285e1cc4060, 0x00000285e1cc4a80,
0x00000285e1cc4f90, 0x00000285e1cc54a0, 0x00000285e1cc59b0, 0x00000285e1cc7810,
0x00000285e1cc5ec0, 0x00000285e1cc63d0, 0x00000285e1cc68e0, 0x00000285e06d72b0,
0x00000285e06d9110, 0x00000285e06d9620, 0x00000285e06d6890, 0x00000285e06d6da0,
0x00000285e06d77c0, 0x00000285e06d86f0, 0x00000285e1777ec0, 0x00000285ded31440,
0x00000285ded341d0, 0x00000285e1778df0, 0x00000285ded346e0, 0x00000285ded34bf0,
0x00000285e1779810, 0x00000285e1776060, 0x00000285e1776570, 0x00000285ded36030,
0x00000285ded388b0, 0x00000285ded32370, 0x00000285e006a040, 0x00000285ded32880,
0x00000285e06d8c00, 0x00000285e06d5e70
}

Java Threads: ( => current thread )
  0x00000285aac93dc0 JavaThread "main" [_thread_blocked, id=2288, stack(0x000000c099800000,0x000000c099900000)]
  0x00000285c4d0b0d0 JavaThread "Reference Handler" daemon [_thread_blocked, id=5496, stack(0x000000c099f00000,0x000000c09a000000)]
  0x00000285c4d0bba0 JavaThread "Finalizer" daemon [_thread_blocked, id=3464, stack(0x000000c09a000000,0x000000c09a100000)]
  0x00000285c4d21900 JavaThread "Signal Dispatcher" daemon [_thread_blocked, id=1224, stack(0x000000c09a100000,0x000000c09a200000)]
  0x00000285c4d242e0 JavaThread "Attach Listener" daemon [_thread_blocked, id=7004, stack(0x000000c09a200000,0x000000c09a300000)]
  0x00000285c4d24bb0 JavaThread "Service Thread" daemon [_thread_blocked, id=9612, stack(0x000000c09a300000,0x000000c09a400000)]
  0x00000285c4d28980 JavaThread "Monitor Deflation Thread" daemon [_thread_blocked, id=3916, stack(0x000000c09a400000,0x000000c09a500000)]
=>0x00000285c4d31590 JavaThread "C2 CompilerThread0" daemon [_thread_in_native, id=12772, stack(0x000000c09a500000,0x000000c09a600000)]
  0x00000285c4d31f50 JavaThread "C1 CompilerThread0" daemon [_thread_blocked, id=6032, stack(0x000000c09a600000,0x000000c09a700000)]
  0x00000285c4d32860 JavaThread "Sweeper thread" daemon [_thread_blocked, id=8208, stack(0x000000c09a700000,0x000000c09a800000)]
  0x00000285c4cf27e0 JavaThread "Common-Cleaner" daemon [_thread_blocked, id=12024, stack(0x000000c09a800000,0x000000c09a900000)]
  0x00000285de162240 JavaThread "Notification Thread" daemon [_thread_blocked, id=3456, stack(0x000000c09a900000,0x000000c09aa00000)]
  0x00000285df121e20 JavaThread "Daemon health stats" [_thread_blocked, id=11884, stack(0x000000c09ae00000,0x000000c09af00000)]
  0x00000285dee33cf0 JavaThread "Incoming local TCP Connector on port 53277" [_thread_in_native, id=12960, stack(0x000000c09af00000,0x000000c09b000000)]
  0x00000285df18bc20 JavaThread "Daemon periodic checks" [_thread_blocked, id=11400, stack(0x000000c09b000000,0x000000c09b100000)]
  0x00000285e00c3030 JavaThread "Cache worker for journal cache (C:\Users\LENOVO\.gradle\caches\journal-1)" [_thread_blocked, id=504, stack(0x000000c09b800000,0x000000c09b900000)]
  0x00000285e00c16e0 JavaThread "File lock request listener" [_thread_in_native, id=11988, stack(0x000000c09b900000,0x000000c09ba00000)]
  0x00000285e00c3a50 JavaThread "Cache worker for file hash cache (C:\Users\LENOVO\.gradle\caches\8.14.3\fileHashes)" [_thread_blocked, id=13188, stack(0x000000c09ba00000,0x000000c09bb00000)]
  0x00000285e00c11d0 JavaThread "File watcher server" daemon [_thread_in_native, id=6752, stack(0x000000c09be00000,0x000000c09bf00000)]
  0x00000285e00c2100 JavaThread "File watcher consumer" daemon [_thread_blocked, id=3392, stack(0x000000c09bf00000,0x000000c09c000000)]
  0x00000285e00c2610 JavaThread "jar transforms" [_thread_blocked, id=7868, stack(0x000000c09c000000,0x000000c09c100000)]
  0x00000285e00c4470 JavaThread "jar transforms Thread 2" [_thread_blocked, id=1500, stack(0x000000c09c100000,0x000000c09c200000)]
  0x00000285e00c4980 JavaThread "Cache worker for file content cache (C:\Users\LENOVO\.gradle\caches\8.14.3\fileContent)" [_thread_blocked, id=3304, stack(0x000000c09c300000,0x000000c09c400000)]
  0x00000285e00c5dc0 JavaThread "jar transforms Thread 3" [_thread_blocked, id=10248, stack(0x000000c09c400000,0x000000c09c500000)]
  0x00000285e00c2b20 JavaThread "jar transforms Thread 4" [_thread_blocked, id=6592, stack(0x000000c09cd00000,0x000000c09ce00000)]
  0x00000285e1463cf0 JavaThread "Memory manager" [_thread_blocked, id=3548, stack(0x000000c09db00000,0x000000c09dc00000)]
  0x00000285e1d29d10 JavaThread "Cache worker for Java compile cache (C:\Users\LENOVO\.gradle\caches\8.14.3\javaCompile)" [_thread_blocked, id=13928, stack(0x000000c09fc00000,0x000000c09fd00000)]
  0x00000285e39e8150 JavaThread "Daemon Thread 9" [_thread_blocked, id=1124, stack(0x000000c099500000,0x000000c099600000)]
  0x00000285e2d5db20 JavaThread "Daemon worker Thread 7" [_thread_in_native, id=13528, stack(0x000000c09b100000,0x000000c09b200000)]
  0x00000285e2dd7a40 JavaThread "ForkJoinPool.commonPool-worker-24" daemon [_thread_blocked, id=12968, stack(0x000000c09d100000,0x000000c09d200000)]
  0x00000285e1cc6df0 JavaThread "ForkJoinPool.commonPool-worker-25" daemon [_thread_blocked, id=13356, stack(0x000000c09d200000,0x000000c09d300000)]
  0x00000285e1cc4570 JavaThread "ForkJoinPool.commonPool-worker-26" daemon [_thread_blocked, id=11736, stack(0x000000c09d300000,0x000000c09d400000)]
  0x00000285e0069b30 JavaThread "VFS cleanup Thread 11" [_thread_blocked, id=3988, stack(0x000000c09b200000,0x000000c09b300000)]
  0x00000285e2dd7020 JavaThread "Daemon Thread 10" [_thread_blocked, id=3032, stack(0x000000c099700000,0x000000c099800000)]
  0x00000285e1776a80 JavaThread "included builds" [_thread_blocked, id=10444, stack(0x000000c09f500000,0x000000c09f600000)]
  0x00000285e39e8b70 JavaThread "Handler for socket connection from /127.0.0.1:53277 to /127.0.0.1:55715" [_thread_in_native, id=12348, stack(0x000000c099600000,0x000000c099700000)]
  0x00000285e39e7c40 JavaThread "Cancel handler" [_thread_blocked, id=8972, stack(0x000000c09b300000,0x000000c09b400000)]
  0x00000285e17783d0 JavaThread "Asynchronous log dispatcher for DefaultDaemonConnection: socket connection from /127.0.0.1:53277 to /127.0.0.1:55715" [_thread_blocked, id=7996, stack(0x000000c09b400000,0x000000c09b500000)]
  0x00000285e006c8c0 JavaThread "Stdin handler" [_thread_blocked, id=13552, stack(0x000000c09b500000,0x000000c09b600000)]
  0x00000285e006b480 JavaThread "Daemon client event forwarder" [_thread_blocked, id=9560, stack(0x000000c09b600000,0x000000c09b700000)]
  0x00000285e17774a0 JavaThread "Cache worker for file hash cache (E:\TKWeb\TPLUS-JV250321_BuiDucLinh_MD5_Project\ra\.gradle\8.14.3\fileHashes)" [_thread_blocked, id=13316, stack(0x000000c09b700000,0x000000c09b800000)]
  0x00000285e1776f90 JavaThread "Cache worker for Build Output Cleanup Cache (E:\TKWeb\TPLUS-JV250321_BuiDucLinh_MD5_Project\ra\.gradle\buildOutputCleanup)" [_thread_blocked, id=5732, stack(0x000000c09bb00000,0x000000c09bc00000)]
  0x00000285e17788e0 JavaThread "Cache worker for checksums cache (E:\TKWeb\TPLUS-JV250321_BuiDucLinh_MD5_Project\ra\.gradle\8.14.3\checksums)" [_thread_blocked, id=10388, stack(0x000000c09bc00000,0x000000c09bd00000)]
  0x00000285e1779300 JavaThread "Cache worker for cache directory md-supplier (C:\Users\LENOVO\.gradle\caches\8.14.3\md-supplier)" [_thread_blocked, id=8020, stack(0x000000c09c200000,0x000000c09c300000)]
  0x00000285e17779b0 JavaThread "Cache worker for cache directory md-rule (C:\Users\LENOVO\.gradle\caches\8.14.3\md-rule)" [_thread_blocked, id=2528, stack(0x000000c09c500000,0x000000c09c600000)]
  0x00000285e39e7220 JavaThread "Unconstrained build operations" [_thread_blocked, id=11504, stack(0x000000c09c600000,0x000000c09c700000)]
  0x00000285e39e7730 JavaThread "Unconstrained build operations Thread 2" [_thread_blocked, id=7804, stack(0x000000c09c700000,0x000000c09c800000)]
  0x00000285e1cc7300 JavaThread "Unconstrained build operations Thread 3" [_thread_blocked, id=5344, stack(0x000000c09c800000,0x000000c09c900000)]
  0x00000285ded37980 JavaThread "Unconstrained build operations Thread 4" [_thread_blocked, id=3412, stack(0x000000c09c900000,0x000000c09ca00000)]
  0x00000285ded31950 JavaThread "Unconstrained build operations Thread 5" [_thread_blocked, id=12072, stack(0x000000c09ca00000,0x000000c09cb00000)]
  0x00000285ded36a50 JavaThread "Unconstrained build operations Thread 6" [_thread_blocked, id=3352, stack(0x000000c09cb00000,0x000000c09cc00000)]
  0x00000285ded36540 JavaThread "Unconstrained build operations Thread 7" [_thread_blocked, id=3396, stack(0x000000c09cc00000,0x000000c09cd00000)]
  0x00000285ded31e60 JavaThread "Unconstrained build operations Thread 8" [_thread_blocked, id=6268, stack(0x000000c09ce00000,0x000000c09cf00000)]
  0x00000285ded37470 JavaThread "Unconstrained build operations Thread 9" [_thread_blocked, id=528, stack(0x000000c09cf00000,0x000000c09d000000)]
  0x00000285e1cc4060 JavaThread "File lock release action executor Thread 3" [_thread_blocked, id=6676, stack(0x000000c09d000000,0x000000c09d100000)]
  0x00000285e1cc4a80 JavaThread "Unconstrained build operations Thread 10" [_thread_blocked, id=11312, stack(0x000000c09d400000,0x000000c09d500000)]
  0x00000285e1cc4f90 JavaThread "Unconstrained build operations Thread 11" [_thread_blocked, id=14252, stack(0x000000c09d500000,0x000000c09d600000)]
  0x00000285e1cc54a0 JavaThread "Unconstrained build operations Thread 12" [_thread_blocked, id=8356, stack(0x000000c09d600000,0x000000c09d700000)]
  0x00000285e1cc59b0 JavaThread "Unconstrained build operations Thread 13" [_thread_blocked, id=1184, stack(0x000000c09d700000,0x000000c09d800000)]
  0x00000285e1cc7810 JavaThread "Unconstrained build operations Thread 14" [_thread_blocked, id=8124, stack(0x000000c09d800000,0x000000c09d900000)]
  0x00000285e1cc5ec0 JavaThread "Unconstrained build operations Thread 15" [_thread_blocked, id=13660, stack(0x000000c09d900000,0x000000c09da00000)]
  0x00000285e1cc63d0 JavaThread "Unconstrained build operations Thread 16" [_thread_blocked, id=12080, stack(0x000000c09dc00000,0x000000c09dd00000)]
  0x00000285e1cc68e0 JavaThread "Unconstrained build operations Thread 17" [_thread_blocked, id=3308, stack(0x000000c09dd00000,0x000000c09de00000)]
  0x00000285e06d72b0 JavaThread "Unconstrained build operations Thread 18" [_thread_blocked, id=2608, stack(0x000000c09de00000,0x000000c09df00000)]
  0x00000285e06d9110 JavaThread "Unconstrained build operations Thread 19" [_thread_blocked, id=8668, stack(0x000000c09df00000,0x000000c09e000000)]
  0x00000285e06d9620 JavaThread "Unconstrained build operations Thread 20" [_thread_blocked, id=4760, stack(0x000000c09e000000,0x000000c09e100000)]
  0x00000285e06d6890 JavaThread "Unconstrained build operations Thread 21" [_thread_blocked, id=14304, stack(0x000000c09e100000,0x000000c09e200000)]
  0x00000285e06d6da0 JavaThread "Unconstrained build operations Thread 22" [_thread_blocked, id=13032, stack(0x000000c09e200000,0x000000c09e300000)]
  0x00000285e06d77c0 JavaThread "Unconstrained build operations Thread 23" [_thread_blocked, id=13940, stack(0x000000c09e300000,0x000000c09e400000)]
  0x00000285e06d86f0 JavaThread "Unconstrained build operations Thread 24" [_thread_blocked, id=14008, stack(0x000000c09e400000,0x000000c09e500000)]
  0x00000285e1777ec0 JavaThread "Unconstrained build operations Thread 25" [_thread_blocked, id=11260, stack(0x000000c09e500000,0x000000c09e600000)]
  0x00000285ded31440 JavaThread "Unconstrained build operations Thread 26" [_thread_blocked, id=9652, stack(0x000000c09e600000,0x000000c09e700000)]
  0x00000285ded341d0 JavaThread "Unconstrained build operations Thread 27" [_thread_blocked, id=6368, stack(0x000000c09e700000,0x000000c09e800000)]
  0x00000285e1778df0 JavaThread "Unconstrained build operations Thread 28" [_thread_blocked, id=6352, stack(0x000000c09e800000,0x000000c09e900000)]
  0x00000285ded346e0 JavaThread "Unconstrained build operations Thread 29" [_thread_blocked, id=1560, stack(0x000000c09e900000,0x000000c09ea00000)]
  0x00000285ded34bf0 JavaThread "Unconstrained build operations Thread 30" [_thread_blocked, id=13328, stack(0x000000c09ea00000,0x000000c09eb00000)]
  0x00000285e1779810 JavaThread "Unconstrained build operations Thread 31" [_thread_blocked, id=6656, stack(0x000000c09eb00000,0x000000c09ec00000)]
  0x00000285e1776060 JavaThread "Unconstrained build operations Thread 32" [_thread_blocked, id=13948, stack(0x000000c09ec00000,0x000000c09ed00000)]
  0x00000285e1776570 JavaThread "Unconstrained build operations Thread 33" [_thread_blocked, id=9708, stack(0x000000c09ed00000,0x000000c09ee00000)]
  0x00000285ded36030 JavaThread "Unconstrained build operations Thread 34" [_thread_blocked, id=11440, stack(0x000000c09ee00000,0x000000c09ef00000)]
  0x00000285ded388b0 JavaThread "Unconstrained build operations Thread 35" [_thread_blocked, id=2724, stack(0x000000c09ef00000,0x000000c09f000000)]
  0x00000285ded32370 JavaThread "Unconstrained build operations Thread 36" [_thread_blocked, id=3960, stack(0x000000c09f000000,0x000000c09f100000)]
  0x00000285e006a040 JavaThread "Unconstrained build operations Thread 37" [_thread_blocked, id=7256, stack(0x000000c09f100000,0x000000c09f200000)]
  0x00000285ded32880 JavaThread "Unconstrained build operations Thread 38" [_thread_blocked, id=2780, stack(0x000000c09f200000,0x000000c09f300000)]
  0x00000285e06d8c00 JavaThread "Unconstrained build operations Thread 39" [_thread_blocked, id=2836, stack(0x000000c09f300000,0x000000c09f400000)]
  0x00000285e06d5e70 JavaThread "Unconstrained build operations Thread 40" [_thread_blocked, id=14100, stack(0x000000c09f400000,0x000000c09f500000)]

Other Threads:
  0x00000285c4d04e40 VMThread "VM Thread" [stack: 0x000000c099e00000,0x000000c099f00000] [id=11360]
  0x00000285aaccc210 WatcherThread [stack: 0x000000c09aa00000,0x000000c09ab00000] [id=2428]
  0x00000285aacc08f0 GCTaskThread "GC Thread#0" [stack: 0x000000c099900000,0x000000c099a00000] [id=10804]
  0x00000285de3f19a0 GCTaskThread "GC Thread#1" [stack: 0x000000c09ab00000,0x000000c09ac00000] [id=11964]
  0x00000285de3f1c60 GCTaskThread "GC Thread#2" [stack: 0x000000c09ac00000,0x000000c09ad00000] [id=11144]
  0x00000285de2c8af0 GCTaskThread "GC Thread#3" [stack: 0x000000c09ad00000,0x000000c09ae00000] [id=7880]
  0x00000285aacc55f0 ConcurrentGCThread "G1 Main Marker" [stack: 0x000000c099a00000,0x000000c099b00000] [id=10128]
  0x00000285aacc5db0 ConcurrentGCThread "G1 Conc#0" [stack: 0x000000c099b00000,0x000000c099c00000] [id=9932]
  0x00000285aad6e920 ConcurrentGCThread "G1 Refine#0" [stack: 0x000000c099c00000,0x000000c099d00000] [id=484]
  0x00000285de14ca90 ConcurrentGCThread "G1 Refine#1" [stack: 0x000000c09bd00000,0x000000c09be00000] [id=8708]
  0x00000285e0a20730 ConcurrentGCThread "G1 Refine#2" [stack: 0x000000c09da00000,0x000000c09db00000] [id=12508]
  0x00000285c4bc44b0 ConcurrentGCThread "G1 Service" [stack: 0x000000c099d00000,0x000000c099e00000] [id=14192]

Threads with active compile tasks:
C2 CompilerThread0  3482641 21840       4       org.gradle.api.internal.artifacts.ivyservice.resolveengine.result.AdhocHandlingComponentResultSerializer::writeComponentResult (36 bytes)

VM state: not at safepoint (normal execution)

VM Mutex/Monitor currently owned by a thread: None

Heap address: 0x00000000e0000000, size: 512 MB, Compressed Oops mode: 32-bit

CDS archive(s) mapped at: [0x00000285c5000000-0x00000285c5bd0000-0x00000285c5bd0000), size 12386304, SharedBaseAddress: 0x00000285c5000000, ArchiveRelocationMode: 1.
Compressed class space mapped at: 0x00000285c6000000-0x00000285da000000, reserved size: 335544320
Narrow klass base: 0x00000285c5000000, Narrow klass shift: 0, Narrow klass range: 0x100000000

GC Precious Log:
 CPUs: 4 total, 4 available
 Memory: 4005M
 Large Page Support: Disabled
 NUMA Support: Disabled
 Compressed Oops: Enabled (32-bit)
 Heap Region Size: 1M
 Heap Min Capacity: 256M
 Heap Initial Capacity: 256M
 Heap Max Capacity: 512M
 Pre-touch: Disabled
 Parallel Workers: 4
 Concurrent Workers: 1
 Concurrent Refinement Workers: 4
 Periodic GC: Disabled

Heap:
 garbage-first heap   total 262144K, used 158677K [0x00000000e0000000, 0x0000000100000000)
  region size 1024K, 58 young (59392K), 7 survivors (7168K)
 Metaspace       used 84058K, committed 85504K, reserved 458752K
  class space    used 11072K, committed 11712K, reserved 327680K

Heap Regions: E=young(eden), S=young(survivor), O=old, HS=humongous(starts), HC=humongous(continues), CS=collection set, F=free, OA=open archive, CA=closed archive, TAMS=top-at-mark-start (previous, next)
|   0|0x00000000e0000000, 0x00000000e0100000, 0x00000000e0100000|100%|HS|  |TAMS 0x00000000e0100000, 0x00000000e0000000| Complete 
|   1|0x00000000e0100000, 0x00000000e0200000, 0x00000000e0200000|100%|HC|  |TAMS 0x00000000e0200000, 0x00000000e0100000| Complete 
|   2|0x00000000e0200000, 0x00000000e0300000, 0x00000000e0300000|100%|HC|  |TAMS 0x00000000e0300000, 0x00000000e0200000| Complete 
|   3|0x00000000e0300000, 0x00000000e0400000, 0x00000000e0400000|100%| O|  |TAMS 0x00000000e0400000, 0x00000000e0300000| Untracked 
|   4|0x00000000e0400000, 0x00000000e0500000, 0x00000000e0500000|100%| O|  |TAMS 0x00000000e0400000, 0x00000000e0400000| Untracked 
|   5|0x00000000e0500000, 0x00000000e0600000, 0x00000000e0600000|100%| O|  |TAMS 0x00000000e0600000, 0x00000000e0500000| Untracked 
|   6|0x00000000e0600000, 0x00000000e0700000, 0x00000000e0700000|100%| O|  |TAMS 0x00000000e0700000, 0x00000000e0600000| Untracked 
|   7|0x00000000e0700000, 0x00000000e0800000, 0x00000000e0800000|100%|HS|  |TAMS 0x00000000e0800000, 0x00000000e0700000| Complete 
|   8|0x00000000e0800000, 0x00000000e0900000, 0x00000000e0900000|100%| O|  |TAMS 0x00000000e0900000, 0x00000000e0800000| Untracked 
|   9|0x00000000e0900000, 0x00000000e0a00000, 0x00000000e0a00000|100%| O|  |TAMS 0x00000000e0a00000, 0x00000000e0900000| Untracked 
|  10|0x00000000e0a00000, 0x00000000e0b00000, 0x00000000e0b00000|100%| O|  |TAMS 0x00000000e0b00000, 0x00000000e0a00000| Untracked 
|  11|0x00000000e0b00000, 0x00000000e0c00000, 0x00000000e0c00000|100%| O|  |TAMS 0x00000000e0c00000, 0x00000000e0b00000| Untracked 
|  12|0x00000000e0c00000, 0x00000000e0d00000, 0x00000000e0d00000|100%| O|  |TAMS 0x00000000e0d00000, 0x00000000e0c00000| Untracked 
|  13|0x00000000e0d00000, 0x00000000e0e00000, 0x00000000e0e00000|100%| O|  |TAMS 0x00000000e0e00000, 0x00000000e0d00000| Untracked 
|  14|0x00000000e0e00000, 0x00000000e0f00000, 0x00000000e0f00000|100%| O|  |TAMS 0x00000000e0f00000, 0x00000000e0e00000| Untracked 
|  15|0x00000000e0f00000, 0x00000000e1000000, 0x00000000e1000000|100%| O|  |TAMS 0x00000000e1000000, 0x00000000e0f00000| Untracked 
|  16|0x00000000e1000000, 0x00000000e1100000, 0x00000000e1100000|100%| O|  |TAMS 0x00000000e1100000, 0x00000000e1000000| Untracked 
|  17|0x00000000e1100000, 0x00000000e1200000, 0x00000000e1200000|100%| O|  |TAMS 0x00000000e1200000, 0x00000000e1100000| Untracked 
|  18|0x00000000e1200000, 0x00000000e1300000, 0x00000000e1300000|100%| O|  |TAMS 0x00000000e1300000, 0x00000000e1200000| Untracked 
|  19|0x00000000e1300000, 0x00000000e1400000, 0x00000000e1400000|100%| O|  |TAMS 0x00000000e1400000, 0x00000000e1300000| Untracked 
|  20|0x00000000e1400000, 0x00000000e1500000, 0x00000000e1500000|100%| O|  |TAMS 0x00000000e1500000, 0x00000000e1400000| Untracked 
|  21|0x00000000e1500000, 0x00000000e1600000, 0x00000000e1600000|100%| O|  |TAMS 0x00000000e1600000, 0x00000000e1500000| Untracked 
|  22|0x00000000e1600000, 0x00000000e1700000, 0x00000000e1700000|100%| O|  |TAMS 0x00000000e1700000, 0x00000000e1600000| Untracked 
|  23|0x00000000e1700000, 0x00000000e1800000, 0x00000000e1800000|100%| O|  |TAMS 0x00000000e1800000, 0x00000000e1700000| Untracked 
|  24|0x00000000e1800000, 0x00000000e1900000, 0x00000000e1900000|100%| O|  |TAMS 0x00000000e1900000, 0x00000000e1800000| Untracked 
|  25|0x00000000e1900000, 0x00000000e1a00000, 0x00000000e1a00000|100%| O|  |TAMS 0x00000000e1a00000, 0x00000000e1900000| Untracked 
|  26|0x00000000e1a00000, 0x00000000e1b00000, 0x00000000e1b00000|100%| O|  |TAMS 0x00000000e1b00000, 0x00000000e1a00000| Untracked 
|  27|0x00000000e1b00000, 0x00000000e1c00000, 0x00000000e1c00000|100%| O|  |TAMS 0x00000000e1c00000, 0x00000000e1b00000| Untracked 
|  28|0x00000000e1c00000, 0x00000000e1d00000, 0x00000000e1d00000|100%| O|  |TAMS 0x00000000e1d00000, 0x00000000e1c00000| Untracked 
|  29|0x00000000e1d00000, 0x00000000e1e00000, 0x00000000e1e00000|100%| O|  |TAMS 0x00000000e1e00000, 0x00000000e1d00000| Untracked 
|  30|0x00000000e1e00000, 0x00000000e1f00000, 0x00000000e1f00000|100%| O|  |TAMS 0x00000000e1f00000, 0x00000000e1e00000| Untracked 
|  31|0x00000000e1f00000, 0x00000000e2000000, 0x00000000e2000000|100%| O|  |TAMS 0x00000000e2000000, 0x00000000e1f00000| Untracked 
|  32|0x00000000e2000000, 0x00000000e2100000, 0x00000000e2100000|100%| O|  |TAMS 0x00000000e2100000, 0x00000000e2000000| Untracked 
|  33|0x00000000e2100000, 0x00000000e2200000, 0x00000000e2200000|100%| O|  |TAMS 0x00000000e2200000, 0x00000000e2100000| Untracked 
|  34|0x00000000e2200000, 0x00000000e2300000, 0x00000000e2300000|100%| O|  |TAMS 0x00000000e2300000, 0x00000000e2200000| Untracked 
|  35|0x00000000e2300000, 0x00000000e2400000, 0x00000000e2400000|100%| O|  |TAMS 0x00000000e2400000, 0x00000000e2300000| Untracked 
|  36|0x00000000e2400000, 0x00000000e2500000, 0x00000000e2500000|100%| O|  |TAMS 0x00000000e2500000, 0x00000000e2400000| Untracked 
|  37|0x00000000e2500000, 0x00000000e2600000, 0x00000000e2600000|100%| O|  |TAMS 0x00000000e2600000, 0x00000000e2500000| Untracked 
|  38|0x00000000e2600000, 0x00000000e2700000, 0x00000000e2700000|100%| O|  |TAMS 0x00000000e2700000, 0x00000000e2600000| Untracked 
|  39|0x00000000e2700000, 0x00000000e2800000, 0x00000000e2800000|100%| O|  |TAMS 0x00000000e2800000, 0x00000000e2700000| Untracked 
|  40|0x00000000e2800000, 0x00000000e2900000, 0x00000000e2900000|100%| O|  |TAMS 0x00000000e2900000, 0x00000000e2800000| Untracked 
|  41|0x00000000e2900000, 0x00000000e2a00000, 0x00000000e2a00000|100%| O|  |TAMS 0x00000000e2a00000, 0x00000000e2900000| Untracked 
|  42|0x00000000e2a00000, 0x00000000e2b00000, 0x00000000e2b00000|100%| O|  |TAMS 0x00000000e2b00000, 0x00000000e2a00000| Untracked 
|  43|0x00000000e2b00000, 0x00000000e2c00000, 0x00000000e2c00000|100%| O|  |TAMS 0x00000000e2c00000, 0x00000000e2b00000| Untracked 
|  44|0x00000000e2c00000, 0x00000000e2d00000, 0x00000000e2d00000|100%| O|  |TAMS 0x00000000e2d00000, 0x00000000e2c00000| Untracked 
|  45|0x00000000e2d00000, 0x00000000e2e00000, 0x00000000e2e00000|100%| O|  |TAMS 0x00000000e2e00000, 0x00000000e2d00000| Untracked 
|  46|0x00000000e2e00000, 0x00000000e2f00000, 0x00000000e2f00000|100%| O|  |TAMS 0x00000000e2f00000, 0x00000000e2e00000| Untracked 
|  47|0x00000000e2f00000, 0x00000000e3000000, 0x00000000e3000000|100%| O|  |TAMS 0x00000000e3000000, 0x00000000e2f00000| Untracked 
|  48|0x00000000e3000000, 0x00000000e3100000, 0x00000000e3100000|100%| O|  |TAMS 0x00000000e30fc600, 0x00000000e3000000| Untracked 
|  49|0x00000000e3100000, 0x00000000e3200000, 0x00000000e3200000|100%| O|  |TAMS 0x00000000e3100000, 0x00000000e3100000| Untracked 
|  50|0x00000000e3200000, 0x00000000e3300000, 0x00000000e3300000|100%| O|  |TAMS 0x00000000e3200000, 0x00000000e3200000| Untracked 
|  51|0x00000000e3300000, 0x00000000e3400000, 0x00000000e3400000|100%| O|  |TAMS 0x00000000e3300000, 0x00000000e3300000| Untracked 
|  52|0x00000000e3400000, 0x00000000e3500000, 0x00000000e3500000|100%| O|  |TAMS 0x00000000e3400000, 0x00000000e3400000| Untracked 
|  53|0x00000000e3500000, 0x00000000e3600000, 0x00000000e3600000|100%| O|  |TAMS 0x00000000e3500000, 0x00000000e3500000| Untracked 
|  54|0x00000000e3600000, 0x00000000e3700000, 0x00000000e3700000|100%| O|  |TAMS 0x00000000e3600000, 0x00000000e3600000| Untracked 
|  55|0x00000000e3700000, 0x00000000e3800000, 0x00000000e3800000|100%| O|  |TAMS 0x00000000e3700000, 0x00000000e3700000| Untracked 
|  56|0x00000000e3800000, 0x00000000e3900000, 0x00000000e3900000|100%| O|  |TAMS 0x00000000e3800000, 0x00000000e3800000| Untracked 
|  57|0x00000000e3900000, 0x00000000e3a00000, 0x00000000e3a00000|100%| O|  |TAMS 0x00000000e3900000, 0x00000000e3900000| Untracked 
|  58|0x00000000e3a00000, 0x00000000e3b00000, 0x00000000e3b00000|100%| O|  |TAMS 0x00000000e3a00000, 0x00000000e3a00000| Untracked 
|  59|0x00000000e3b00000, 0x00000000e3c00000, 0x00000000e3c00000|100%| O|  |TAMS 0x00000000e3b00000, 0x00000000e3b00000| Untracked 
|  60|0x00000000e3c00000, 0x00000000e3d00000, 0x00000000e3d00000|100%| O|  |TAMS 0x00000000e3c00000, 0x00000000e3c00000| Untracked 
|  61|0x00000000e3d00000, 0x00000000e3e00000, 0x00000000e3e00000|100%| O|  |TAMS 0x00000000e3d00000, 0x00000000e3d00000| Untracked 
|  62|0x00000000e3e00000, 0x00000000e3f00000, 0x00000000e3f00000|100%| O|  |TAMS 0x00000000e3e00000, 0x00000000e3e00000| Untracked 
|  63|0x00000000e3f00000, 0x00000000e4000000, 0x00000000e4000000|100%| O|  |TAMS 0x00000000e3f00000, 0x00000000e3f00000| Untracked 
|  64|0x00000000e4000000, 0x00000000e4100000, 0x00000000e4100000|100%| O|  |TAMS 0x00000000e4000000, 0x00000000e4000000| Untracked 
|  65|0x00000000e4100000, 0x00000000e4200000, 0x00000000e4200000|100%| O|  |TAMS 0x00000000e4100000, 0x00000000e4100000| Untracked 
|  66|0x00000000e4200000, 0x00000000e4300000, 0x00000000e4300000|100%| O|  |TAMS 0x00000000e4200000, 0x00000000e4200000| Untracked 
|  67|0x00000000e4300000, 0x00000000e4400000, 0x00000000e4400000|100%| O|  |TAMS 0x00000000e4300000, 0x00000000e4300000| Untracked 
|  68|0x00000000e4400000, 0x00000000e4500000, 0x00000000e4500000|100%| O|  |TAMS 0x00000000e4400000, 0x00000000e4400000| Untracked 
|  69|0x00000000e4500000, 0x00000000e4600000, 0x00000000e4600000|100%| O|  |TAMS 0x00000000e4500000, 0x00000000e4500000| Untracked 
|  70|0x00000000e4600000, 0x00000000e4700000, 0x00000000e4700000|100%| O|  |TAMS 0x00000000e4600000, 0x00000000e4600000| Untracked 
|  71|0x00000000e4700000, 0x00000000e4800000, 0x00000000e4800000|100%| O|  |TAMS 0x00000000e4700000, 0x00000000e4700000| Untracked 
|  72|0x00000000e4800000, 0x00000000e4900000, 0x00000000e4900000|100%| O|  |TAMS 0x00000000e4800000, 0x00000000e4800000| Untracked 
|  73|0x00000000e4900000, 0x00000000e4a00000, 0x00000000e4a00000|100%| O|  |TAMS 0x00000000e4900000, 0x00000000e4900000| Untracked 
|  74|0x00000000e4a00000, 0x00000000e4b00000, 0x00000000e4b00000|100%| O|  |TAMS 0x00000000e4a00000, 0x00000000e4a00000| Untracked 
|  75|0x00000000e4b00000, 0x00000000e4c00000, 0x00000000e4c00000|100%| O|  |TAMS 0x00000000e4b00000, 0x00000000e4b00000| Untracked 
|  76|0x00000000e4c00000, 0x00000000e4d00000, 0x00000000e4d00000|100%| O|  |TAMS 0x00000000e4c00000, 0x00000000e4c00000| Untracked 
|  77|0x00000000e4d00000, 0x00000000e4e00000, 0x00000000e4e00000|100%| O|  |TAMS 0x00000000e4d00000, 0x00000000e4d00000| Untracked 
|  78|0x00000000e4e00000, 0x00000000e4f00000, 0x00000000e4f00000|100%| O|  |TAMS 0x00000000e4e00000, 0x00000000e4e00000| Untracked 
|  79|0x00000000e4f00000, 0x00000000e5000000, 0x00000000e5000000|100%| O|  |TAMS 0x00000000e4f00000, 0x00000000e4f00000| Untracked 
|  80|0x00000000e5000000, 0x00000000e5100000, 0x00000000e5100000|100%| O|  |TAMS 0x00000000e5000000, 0x00000000e5000000| Untracked 
|  81|0x00000000e5100000, 0x00000000e5200000, 0x00000000e5200000|100%| O|  |TAMS 0x00000000e5100000, 0x00000000e5100000| Untracked 
|  82|0x00000000e5200000, 0x00000000e5300000, 0x00000000e5300000|100%| O|  |TAMS 0x00000000e5200000, 0x00000000e5200000| Untracked 
|  83|0x00000000e5300000, 0x00000000e5400000, 0x00000000e5400000|100%|HS|  |TAMS 0x00000000e5300000, 0x00000000e5300000| Complete 
|  84|0x00000000e5400000, 0x00000000e5500000, 0x00000000e5500000|100%| O|  |TAMS 0x00000000e5400000, 0x00000000e5400000| Untracked 
|  85|0x00000000e5500000, 0x00000000e5600000, 0x00000000e5600000|100%| O|  |TAMS 0x00000000e5500000, 0x00000000e5500000| Untracked 
|  86|0x00000000e5600000, 0x00000000e5700000, 0x00000000e5700000|100%| O|  |TAMS 0x00000000e5600000, 0x00000000e5600000| Untracked 
|  87|0x00000000e5700000, 0x00000000e5800000, 0x00000000e5800000|100%| O|  |TAMS 0x00000000e5700000, 0x00000000e5700000| Untracked 
|  88|0x00000000e5800000, 0x00000000e5900000, 0x00000000e5900000|100%| O|  |TAMS 0x00000000e5800000, 0x00000000e5800000| Untracked 
|  89|0x00000000e5900000, 0x00000000e5a00000, 0x00000000e5a00000|100%| O|  |TAMS 0x00000000e5900000, 0x00000000e5900000| Untracked 
|  90|0x00000000e5a00000, 0x00000000e5b00000, 0x00000000e5b00000|100%| O|  |TAMS 0x00000000e5a00000, 0x00000000e5a00000| Untracked 
|  91|0x00000000e5b00000, 0x00000000e5c00000, 0x00000000e5c00000|100%| O|  |TAMS 0x00000000e5b00000, 0x00000000e5b00000| Untracked 
|  92|0x00000000e5c00000, 0x00000000e5d00000, 0x00000000e5d00000|100%| O|  |TAMS 0x00000000e5c00000, 0x00000000e5c00000| Untracked 
|  93|0x00000000e5d00000, 0x00000000e5e00000, 0x00000000e5e00000|100%| O|  |TAMS 0x00000000e5d00000, 0x00000000e5d00000| Untracked 
|  94|0x00000000e5e00000, 0x00000000e5f00000, 0x00000000e5f00000|100%| O|  |TAMS 0x00000000e5e00000, 0x00000000e5e00000| Untracked 
|  95|0x00000000e5f00000, 0x00000000e6000000, 0x00000000e6000000|100%| O|  |TAMS 0x00000000e5f00000, 0x00000000e5f00000| Untracked 
|  96|0x00000000e6000000, 0x00000000e6100000, 0x00000000e6100000|100%| O|  |TAMS 0x00000000e6000000, 0x00000000e6000000| Untracked 
|  97|0x00000000e6100000, 0x00000000e6200000, 0x00000000e6200000|100%| O|  |TAMS 0x00000000e6100000, 0x00000000e6100000| Untracked 
|  98|0x00000000e6200000, 0x00000000e6214200, 0x00000000e6300000|  7%| O|  |TAMS 0x00000000e6200000, 0x00000000e6200000| Untracked 
|  99|0x00000000e6300000, 0x00000000e6300000, 0x00000000e6400000|  0%| F|  |TAMS 0x00000000e6300000, 0x00000000e6300000| Untracked 
| 100|0x00000000e6400000, 0x00000000e6400000, 0x00000000e6500000|  0%| F|  |TAMS 0x00000000e6400000, 0x00000000e6400000| Untracked 
| 101|0x00000000e6500000, 0x00000000e6500000, 0x00000000e6600000|  0%| F|  |TAMS 0x00000000e6500000, 0x00000000e6500000| Untracked 
| 102|0x00000000e6600000, 0x00000000e6600000, 0x00000000e6700000|  0%| F|  |TAMS 0x00000000e6600000, 0x00000000e6600000| Untracked 
| 103|0x00000000e6700000, 0x00000000e6700000, 0x00000000e6800000|  0%| F|  |TAMS 0x00000000e6700000, 0x00000000e6700000| Untracked 
| 104|0x00000000e6800000, 0x00000000e6800000, 0x00000000e6900000|  0%| F|  |TAMS 0x00000000e6800000, 0x00000000e6800000| Untracked 
| 105|0x00000000e6900000, 0x00000000e6900000, 0x00000000e6a00000|  0%| F|  |TAMS 0x00000000e6900000, 0x00000000e6900000| Untracked 
| 106|0x00000000e6a00000, 0x00000000e6a00000, 0x00000000e6b00000|  0%| F|  |TAMS 0x00000000e6a00000, 0x00000000e6a00000| Untracked 
| 107|0x00000000e6b00000, 0x00000000e6b00000, 0x00000000e6c00000|  0%| F|  |TAMS 0x00000000e6b00000, 0x00000000e6b00000| Untracked 
| 108|0x00000000e6c00000, 0x00000000e6c00000, 0x00000000e6d00000|  0%| F|  |TAMS 0x00000000e6c00000, 0x00000000e6c00000| Untracked 
| 109|0x00000000e6d00000, 0x00000000e6d00000, 0x00000000e6e00000|  0%| F|  |TAMS 0x00000000e6d00000, 0x00000000e6d00000| Untracked 
| 110|0x00000000e6e00000, 0x00000000e6e00000, 0x00000000e6f00000|  0%| F|  |TAMS 0x00000000e6e00000, 0x00000000e6e00000| Untracked 
| 111|0x00000000e6f00000, 0x00000000e6f00000, 0x00000000e7000000|  0%| F|  |TAMS 0x00000000e6f00000, 0x00000000e6f00000| Untracked 
| 112|0x00000000e7000000, 0x00000000e7000000, 0x00000000e7100000|  0%| F|  |TAMS 0x00000000e7000000, 0x00000000e7000000| Untracked 
| 113|0x00000000e7100000, 0x00000000e7100000, 0x00000000e7200000|  0%| F|  |TAMS 0x00000000e7100000, 0x00000000e7100000| Untracked 
| 114|0x00000000e7200000, 0x00000000e7200000, 0x00000000e7300000|  0%| F|  |TAMS 0x00000000e7200000, 0x00000000e7200000| Untracked 
| 115|0x00000000e7300000, 0x00000000e7300000, 0x00000000e7400000|  0%| F|  |TAMS 0x00000000e7300000, 0x00000000e7300000| Untracked 
| 116|0x00000000e7400000, 0x00000000e7400000, 0x00000000e7500000|  0%| F|  |TAMS 0x00000000e7400000, 0x00000000e7400000| Untracked 
| 117|0x00000000e7500000, 0x00000000e7500000, 0x00000000e7600000|  0%| F|  |TAMS 0x00000000e7500000, 0x00000000e7500000| Untracked 
| 118|0x00000000e7600000, 0x00000000e7600000, 0x00000000e7700000|  0%| F|  |TAMS 0x00000000e7600000, 0x00000000e7600000| Untracked 
| 119|0x00000000e7700000, 0x00000000e7700000, 0x00000000e7800000|  0%| F|  |TAMS 0x00000000e7700000, 0x00000000e7700000| Untracked 
| 120|0x00000000e7800000, 0x00000000e7800000, 0x00000000e7900000|  0%| F|  |TAMS 0x00000000e7800000, 0x00000000e7800000| Untracked 
| 121|0x00000000e7900000, 0x00000000e7900000, 0x00000000e7a00000|  0%| F|  |TAMS 0x00000000e7900000, 0x00000000e7900000| Untracked 
| 122|0x00000000e7a00000, 0x00000000e7a00000, 0x00000000e7b00000|  0%| F|  |TAMS 0x00000000e7a00000, 0x00000000e7a00000| Untracked 
| 123|0x00000000e7b00000, 0x00000000e7b00000, 0x00000000e7c00000|  0%| F|  |TAMS 0x00000000e7b00000, 0x00000000e7b00000| Untracked 
| 124|0x00000000e7c00000, 0x00000000e7c00000, 0x00000000e7d00000|  0%| F|  |TAMS 0x00000000e7c00000, 0x00000000e7c00000| Untracked 
| 125|0x00000000e7d00000, 0x00000000e7d00000, 0x00000000e7e00000|  0%| F|  |TAMS 0x00000000e7d00000, 0x00000000e7d00000| Untracked 
| 126|0x00000000e7e00000, 0x00000000e7e00000, 0x00000000e7f00000|  0%| F|  |TAMS 0x00000000e7e00000, 0x00000000e7e00000| Untracked 
| 127|0x00000000e7f00000, 0x00000000e7f00000, 0x00000000e8000000|  0%| F|  |TAMS 0x00000000e7f00000, 0x00000000e7f00000| Untracked 
| 128|0x00000000e8000000, 0x00000000e8000000, 0x00000000e8100000|  0%| F|  |TAMS 0x00000000e8000000, 0x00000000e8000000| Untracked 
| 129|0x00000000e8100000, 0x00000000e8100000, 0x00000000e8200000|  0%| F|  |TAMS 0x00000000e8100000, 0x00000000e8100000| Untracked 
| 130|0x00000000e8200000, 0x00000000e8200000, 0x00000000e8300000|  0%| F|  |TAMS 0x00000000e8200000, 0x00000000e8200000| Untracked 
| 131|0x00000000e8300000, 0x00000000e8300000, 0x00000000e8400000|  0%| F|  |TAMS 0x00000000e8300000, 0x00000000e8300000| Untracked 
| 132|0x00000000e8400000, 0x00000000e8400000, 0x00000000e8500000|  0%| F|  |TAMS 0x00000000e8400000, 0x00000000e8400000| Untracked 
| 133|0x00000000e8500000, 0x00000000e8500000, 0x00000000e8600000|  0%| F|  |TAMS 0x00000000e8500000, 0x00000000e8500000| Untracked 
| 134|0x00000000e8600000, 0x00000000e8600000, 0x00000000e8700000|  0%| F|  |TAMS 0x00000000e8600000, 0x00000000e8600000| Untracked 
| 135|0x00000000e8700000, 0x00000000e8700000, 0x00000000e8800000|  0%| F|  |TAMS 0x00000000e8700000, 0x00000000e8700000| Untracked 
| 136|0x00000000e8800000, 0x00000000e8800000, 0x00000000e8900000|  0%| F|  |TAMS 0x00000000e8800000, 0x00000000e8800000| Untracked 
| 137|0x00000000e8900000, 0x00000000e8900000, 0x00000000e8a00000|  0%| F|  |TAMS 0x00000000e8900000, 0x00000000e8900000| Untracked 
| 138|0x00000000e8a00000, 0x00000000e8a00000, 0x00000000e8b00000|  0%| F|  |TAMS 0x00000000e8a00000, 0x00000000e8a00000| Untracked 
| 139|0x00000000e8b00000, 0x00000000e8b00000, 0x00000000e8c00000|  0%| F|  |TAMS 0x00000000e8b00000, 0x00000000e8b00000| Untracked 
| 140|0x00000000e8c00000, 0x00000000e8ce1558, 0x00000000e8d00000| 88%| S|CS|TAMS 0x00000000e8c00000, 0x00000000e8c00000| Complete 
| 141|0x00000000e8d00000, 0x00000000e8e00000, 0x00000000e8e00000|100%| S|CS|TAMS 0x00000000e8d00000, 0x00000000e8d00000| Complete 
| 142|0x00000000e8e00000, 0x00000000e8f00000, 0x00000000e8f00000|100%| S|CS|TAMS 0x00000000e8e00000, 0x00000000e8e00000| Complete 
| 143|0x00000000e8f00000, 0x00000000e9000000, 0x00000000e9000000|100%| S|CS|TAMS 0x00000000e8f00000, 0x00000000e8f00000| Complete 
| 144|0x00000000e9000000, 0x00000000e9100000, 0x00000000e9100000|100%| S|CS|TAMS 0x00000000e9000000, 0x00000000e9000000| Complete 
| 145|0x00000000e9100000, 0x00000000e9200000, 0x00000000e9200000|100%| S|CS|TAMS 0x00000000e9100000, 0x00000000e9100000| Complete 
| 146|0x00000000e9200000, 0x00000000e9300000, 0x00000000e9300000|100%| S|CS|TAMS 0x00000000e9200000, 0x00000000e9200000| Complete 
| 147|0x00000000e9300000, 0x00000000e9300000, 0x00000000e9400000|  0%| F|  |TAMS 0x00000000e9300000, 0x00000000e9300000| Untracked 
| 148|0x00000000e9400000, 0x00000000e9400000, 0x00000000e9500000|  0%| F|  |TAMS 0x00000000e9400000, 0x00000000e9400000| Untracked 
| 149|0x00000000e9500000, 0x00000000e9500000, 0x00000000e9600000|  0%| F|  |TAMS 0x00000000e9500000, 0x00000000e9500000| Untracked 
| 150|0x00000000e9600000, 0x00000000e9600000, 0x00000000e9700000|  0%| F|  |TAMS 0x00000000e9600000, 0x00000000e9600000| Untracked 
| 151|0x00000000e9700000, 0x00000000e9700000, 0x00000000e9800000|  0%| F|  |TAMS 0x00000000e9700000, 0x00000000e9700000| Untracked 
| 152|0x00000000e9800000, 0x00000000e9800000, 0x00000000e9900000|  0%| F|  |TAMS 0x00000000e9800000, 0x00000000e9800000| Untracked 
| 153|0x00000000e9900000, 0x00000000e9900000, 0x00000000e9a00000|  0%| F|  |TAMS 0x00000000e9900000, 0x00000000e9900000| Untracked 
| 154|0x00000000e9a00000, 0x00000000e9a00000, 0x00000000e9b00000|  0%| F|  |TAMS 0x00000000e9a00000, 0x00000000e9a00000| Untracked 
| 155|0x00000000e9b00000, 0x00000000e9b00000, 0x00000000e9c00000|  0%| F|  |TAMS 0x00000000e9b00000, 0x00000000e9b00000| Untracked 
| 156|0x00000000e9c00000, 0x00000000e9c00000, 0x00000000e9d00000|  0%| F|  |TAMS 0x00000000e9c00000, 0x00000000e9c00000| Untracked 
| 157|0x00000000e9d00000, 0x00000000e9d00000, 0x00000000e9e00000|  0%| F|  |TAMS 0x00000000e9d00000, 0x00000000e9d00000| Untracked 
| 158|0x00000000e9e00000, 0x00000000e9e00000, 0x00000000e9f00000|  0%| F|  |TAMS 0x00000000e9e00000, 0x00000000e9e00000| Untracked 
| 159|0x00000000e9f00000, 0x00000000e9f00000, 0x00000000ea000000|  0%| F|  |TAMS 0x00000000e9f00000, 0x00000000e9f00000| Untracked 
| 160|0x00000000ea000000, 0x00000000ea000000, 0x00000000ea100000|  0%| F|  |TAMS 0x00000000ea000000, 0x00000000ea000000| Untracked 
| 161|0x00000000ea100000, 0x00000000ea100000, 0x00000000ea200000|  0%| F|  |TAMS 0x00000000ea100000, 0x00000000ea100000| Untracked 
| 162|0x00000000ea200000, 0x00000000ea200000, 0x00000000ea300000|  0%| F|  |TAMS 0x00000000ea200000, 0x00000000ea200000| Untracked 
| 163|0x00000000ea300000, 0x00000000ea300000, 0x00000000ea400000|  0%| F|  |TAMS 0x00000000ea300000, 0x00000000ea300000| Untracked 
| 164|0x00000000ea400000, 0x00000000ea400000, 0x00000000ea500000|  0%| F|  |TAMS 0x00000000ea400000, 0x00000000ea400000| Untracked 
| 165|0x00000000ea500000, 0x00000000ea500000, 0x00000000ea600000|  0%| F|  |TAMS 0x00000000ea500000, 0x00000000ea500000| Untracked 
| 166|0x00000000ea600000, 0x00000000ea600000, 0x00000000ea700000|  0%| F|  |TAMS 0x00000000ea600000, 0x00000000ea600000| Untracked 
| 167|0x00000000ea700000, 0x00000000ea700000, 0x00000000ea800000|  0%| F|  |TAMS 0x00000000ea700000, 0x00000000ea700000| Untracked 
| 168|0x00000000ea800000, 0x00000000ea800000, 0x00000000ea900000|  0%| F|  |TAMS 0x00000000ea800000, 0x00000000ea800000| Untracked 
| 169|0x00000000ea900000, 0x00000000ea900000, 0x00000000eaa00000|  0%| F|  |TAMS 0x00000000ea900000, 0x00000000ea900000| Untracked 
| 170|0x00000000eaa00000, 0x00000000eaa00000, 0x00000000eab00000|  0%| F|  |TAMS 0x00000000eaa00000, 0x00000000eaa00000| Untracked 
| 171|0x00000000eab00000, 0x00000000eab00000, 0x00000000eac00000|  0%| F|  |TAMS 0x00000000eab00000, 0x00000000eab00000| Untracked 
| 172|0x00000000eac00000, 0x00000000eac00000, 0x00000000ead00000|  0%| F|  |TAMS 0x00000000eac00000, 0x00000000eac00000| Untracked 
| 173|0x00000000ead00000, 0x00000000ead00000, 0x00000000eae00000|  0%| F|  |TAMS 0x00000000ead00000, 0x00000000ead00000| Untracked 
| 174|0x00000000eae00000, 0x00000000eae00000, 0x00000000eaf00000|  0%| F|  |TAMS 0x00000000eae00000, 0x00000000eae00000| Untracked 
| 175|0x00000000eaf00000, 0x00000000eaf00000, 0x00000000eb000000|  0%| F|  |TAMS 0x00000000eaf00000, 0x00000000eaf00000| Untracked 
| 176|0x00000000eb000000, 0x00000000eb000000, 0x00000000eb100000|  0%| F|  |TAMS 0x00000000eb000000, 0x00000000eb000000| Untracked 
| 177|0x00000000eb100000, 0x00000000eb100000, 0x00000000eb200000|  0%| F|  |TAMS 0x00000000eb100000, 0x00000000eb100000| Untracked 
| 178|0x00000000eb200000, 0x00000000eb200000, 0x00000000eb300000|  0%| F|  |TAMS 0x00000000eb200000, 0x00000000eb200000| Untracked 
| 179|0x00000000eb300000, 0x00000000eb300000, 0x00000000eb400000|  0%| F|  |TAMS 0x00000000eb300000, 0x00000000eb300000| Untracked 
| 180|0x00000000eb400000, 0x00000000eb400000, 0x00000000eb500000|  0%| F|  |TAMS 0x00000000eb400000, 0x00000000eb400000| Untracked 
| 181|0x00000000eb500000, 0x00000000eb500000, 0x00000000eb600000|  0%| F|  |TAMS 0x00000000eb500000, 0x00000000eb500000| Untracked 
| 182|0x00000000eb600000, 0x00000000eb600000, 0x00000000eb700000|  0%| F|  |TAMS 0x00000000eb600000, 0x00000000eb600000| Untracked 
| 183|0x00000000eb700000, 0x00000000eb700000, 0x00000000eb800000|  0%| F|  |TAMS 0x00000000eb700000, 0x00000000eb700000| Untracked 
| 184|0x00000000eb800000, 0x00000000eb800000, 0x00000000eb900000|  0%| F|  |TAMS 0x00000000eb800000, 0x00000000eb800000| Untracked 
| 185|0x00000000eb900000, 0x00000000eb900000, 0x00000000eba00000|  0%| F|  |TAMS 0x00000000eb900000, 0x00000000eb900000| Untracked 
| 186|0x00000000eba00000, 0x00000000eba00000, 0x00000000ebb00000|  0%| F|  |TAMS 0x00000000eba00000, 0x00000000eba00000| Untracked 
| 187|0x00000000ebb00000, 0x00000000ebb00000, 0x00000000ebc00000|  0%| F|  |TAMS 0x00000000ebb00000, 0x00000000ebb00000| Untracked 
| 188|0x00000000ebc00000, 0x00000000ebc00000, 0x00000000ebd00000|  0%| F|  |TAMS 0x00000000ebc00000, 0x00000000ebc00000| Untracked 
| 189|0x00000000ebd00000, 0x00000000ebd00000, 0x00000000ebe00000|  0%| F|  |TAMS 0x00000000ebd00000, 0x00000000ebd00000| Untracked 
| 190|0x00000000ebe00000, 0x00000000ebe00000, 0x00000000ebf00000|  0%| F|  |TAMS 0x00000000ebe00000, 0x00000000ebe00000| Untracked 
| 191|0x00000000ebf00000, 0x00000000ebf00000, 0x00000000ec000000|  0%| F|  |TAMS 0x00000000ebf00000, 0x00000000ebf00000| Untracked 
| 192|0x00000000ec000000, 0x00000000ec000000, 0x00000000ec100000|  0%| F|  |TAMS 0x00000000ec000000, 0x00000000ec000000| Untracked 
| 193|0x00000000ec100000, 0x00000000ec100000, 0x00000000ec200000|  0%| F|  |TAMS 0x00000000ec100000, 0x00000000ec100000| Untracked 
| 194|0x00000000ec200000, 0x00000000ec200000, 0x00000000ec300000|  0%| F|  |TAMS 0x00000000ec200000, 0x00000000ec200000| Untracked 
| 195|0x00000000ec300000, 0x00000000ec300000, 0x00000000ec400000|  0%| F|  |TAMS 0x00000000ec300000, 0x00000000ec300000| Untracked 
| 196|0x00000000ec400000, 0x00000000ec400000, 0x00000000ec500000|  0%| F|  |TAMS 0x00000000ec400000, 0x00000000ec400000| Untracked 
| 197|0x00000000ec500000, 0x00000000ec500000, 0x00000000ec600000|  0%| F|  |TAMS 0x00000000ec500000, 0x00000000ec500000| Untracked 
| 198|0x00000000ec600000, 0x00000000ec600000, 0x00000000ec700000|  0%| F|  |TAMS 0x00000000ec600000, 0x00000000ec600000| Untracked 
| 199|0x00000000ec700000, 0x00000000ec700000, 0x00000000ec800000|  0%| F|  |TAMS 0x00000000ec700000, 0x00000000ec700000| Untracked 
| 200|0x00000000ec800000, 0x00000000ec800000, 0x00000000ec900000|  0%| F|  |TAMS 0x00000000ec800000, 0x00000000ec800000| Untracked 
| 201|0x00000000ec900000, 0x00000000ec900000, 0x00000000eca00000|  0%| F|  |TAMS 0x00000000ec900000, 0x00000000ec900000| Untracked 
| 202|0x00000000eca00000, 0x00000000eca00000, 0x00000000ecb00000|  0%| F|  |TAMS 0x00000000eca00000, 0x00000000eca00000| Untracked 
| 203|0x00000000ecb00000, 0x00000000ecb00000, 0x00000000ecc00000|  0%| F|  |TAMS 0x00000000ecb00000, 0x00000000ecb00000| Untracked 
| 204|0x00000000ecc00000, 0x00000000ecc00000, 0x00000000ecd00000|  0%| F|  |TAMS 0x00000000ecc00000, 0x00000000ecc00000| Untracked 
| 205|0x00000000ecd00000, 0x00000000ece00000, 0x00000000ece00000|100%| E|  |TAMS 0x00000000ecd00000, 0x00000000ecd00000| Complete 
| 206|0x00000000ece00000, 0x00000000ecf00000, 0x00000000ecf00000|100%| E|CS|TAMS 0x00000000ece00000, 0x00000000ece00000| Complete 
| 207|0x00000000ecf00000, 0x00000000ed000000, 0x00000000ed000000|100%| E|CS|TAMS 0x00000000ecf00000, 0x00000000ecf00000| Complete 
| 208|0x00000000ed000000, 0x00000000ed100000, 0x00000000ed100000|100%| E|CS|TAMS 0x00000000ed000000, 0x00000000ed000000| Complete 
| 209|0x00000000ed100000, 0x00000000ed200000, 0x00000000ed200000|100%| E|CS|TAMS 0x00000000ed100000, 0x00000000ed100000| Complete 
| 210|0x00000000ed200000, 0x00000000ed300000, 0x00000000ed300000|100%| E|CS|TAMS 0x00000000ed200000, 0x00000000ed200000| Complete 
| 211|0x00000000ed300000, 0x00000000ed400000, 0x00000000ed400000|100%| E|CS|TAMS 0x00000000ed300000, 0x00000000ed300000| Complete 
| 212|0x00000000ed400000, 0x00000000ed500000, 0x00000000ed500000|100%| E|CS|TAMS 0x00000000ed400000, 0x00000000ed400000| Complete 
| 213|0x00000000ed500000, 0x00000000ed600000, 0x00000000ed600000|100%| E|CS|TAMS 0x00000000ed500000, 0x00000000ed500000| Complete 
| 214|0x00000000ed600000, 0x00000000ed700000, 0x00000000ed700000|100%| E|CS|TAMS 0x00000000ed600000, 0x00000000ed600000| Complete 
| 215|0x00000000ed700000, 0x00000000ed800000, 0x00000000ed800000|100%| E|CS|TAMS 0x00000000ed700000, 0x00000000ed700000| Complete 
| 216|0x00000000ed800000, 0x00000000ed900000, 0x00000000ed900000|100%| E|CS|TAMS 0x00000000ed800000, 0x00000000ed800000| Complete 
| 217|0x00000000ed900000, 0x00000000eda00000, 0x00000000eda00000|100%| E|CS|TAMS 0x00000000ed900000, 0x00000000ed900000| Complete 
| 218|0x00000000eda00000, 0x00000000edb00000, 0x00000000edb00000|100%| E|CS|TAMS 0x00000000eda00000, 0x00000000eda00000| Complete 
| 219|0x00000000edb00000, 0x00000000edc00000, 0x00000000edc00000|100%| E|CS|TAMS 0x00000000edb00000, 0x00000000edb00000| Complete 
| 220|0x00000000edc00000, 0x00000000edd00000, 0x00000000edd00000|100%| E|CS|TAMS 0x00000000edc00000, 0x00000000edc00000| Complete 
| 221|0x00000000edd00000, 0x00000000ede00000, 0x00000000ede00000|100%| E|CS|TAMS 0x00000000edd00000, 0x00000000edd00000| Complete 
| 222|0x00000000ede00000, 0x00000000edf00000, 0x00000000edf00000|100%| E|CS|TAMS 0x00000000ede00000, 0x00000000ede00000| Complete 
| 223|0x00000000edf00000, 0x00000000ee000000, 0x00000000ee000000|100%| E|CS|TAMS 0x00000000edf00000, 0x00000000edf00000| Complete 
| 224|0x00000000ee000000, 0x00000000ee100000, 0x00000000ee100000|100%| E|CS|TAMS 0x00000000ee000000, 0x00000000ee000000| Complete 
| 225|0x00000000ee100000, 0x00000000ee200000, 0x00000000ee200000|100%| E|CS|TAMS 0x00000000ee100000, 0x00000000ee100000| Complete 
| 226|0x00000000ee200000, 0x00000000ee300000, 0x00000000ee300000|100%| E|CS|TAMS 0x00000000ee200000, 0x00000000ee200000| Complete 
| 227|0x00000000ee300000, 0x00000000ee400000, 0x00000000ee400000|100%| E|CS|TAMS 0x00000000ee300000, 0x00000000ee300000| Complete 
| 228|0x00000000ee400000, 0x00000000ee500000, 0x00000000ee500000|100%| E|CS|TAMS 0x00000000ee400000, 0x00000000ee400000| Complete 
| 229|0x00000000ee500000, 0x00000000ee600000, 0x00000000ee600000|100%| E|CS|TAMS 0x00000000ee500000, 0x00000000ee500000| Complete 
| 230|0x00000000ee600000, 0x00000000ee700000, 0x00000000ee700000|100%| E|CS|TAMS 0x00000000ee600000, 0x00000000ee600000| Complete 
| 231|0x00000000ee700000, 0x00000000ee800000, 0x00000000ee800000|100%| E|CS|TAMS 0x00000000ee700000, 0x00000000ee700000| Complete 
| 232|0x00000000ee800000, 0x00000000ee900000, 0x00000000ee900000|100%| E|CS|TAMS 0x00000000ee800000, 0x00000000ee800000| Complete 
| 233|0x00000000ee900000, 0x00000000eea00000, 0x00000000eea00000|100%| E|CS|TAMS 0x00000000ee900000, 0x00000000ee900000| Complete 
| 234|0x00000000eea00000, 0x00000000eeb00000, 0x00000000eeb00000|100%| E|CS|TAMS 0x00000000eea00000, 0x00000000eea00000| Complete 
| 235|0x00000000eeb00000, 0x00000000eec00000, 0x00000000eec00000|100%| E|CS|TAMS 0x00000000eeb00000, 0x00000000eeb00000| Complete 
| 236|0x00000000eec00000, 0x00000000eed00000, 0x00000000eed00000|100%| E|CS|TAMS 0x00000000eec00000, 0x00000000eec00000| Complete 
| 237|0x00000000eed00000, 0x00000000eee00000, 0x00000000eee00000|100%| E|CS|TAMS 0x00000000eed00000, 0x00000000eed00000| Complete 
| 238|0x00000000eee00000, 0x00000000eef00000, 0x00000000eef00000|100%| E|CS|TAMS 0x00000000eee00000, 0x00000000eee00000| Complete 
| 239|0x00000000eef00000, 0x00000000ef000000, 0x00000000ef000000|100%| E|CS|TAMS 0x00000000eef00000, 0x00000000eef00000| Complete 
| 240|0x00000000ef000000, 0x00000000ef100000, 0x00000000ef100000|100%| E|CS|TAMS 0x00000000ef000000, 0x00000000ef000000| Complete 
| 241|0x00000000ef100000, 0x00000000ef200000, 0x00000000ef200000|100%| E|CS|TAMS 0x00000000ef100000, 0x00000000ef100000| Complete 
| 242|0x00000000ef200000, 0x00000000ef300000, 0x00000000ef300000|100%| E|CS|TAMS 0x00000000ef200000, 0x00000000ef200000| Complete 
| 243|0x00000000ef300000, 0x00000000ef400000, 0x00000000ef400000|100%| E|CS|TAMS 0x00000000ef300000, 0x00000000ef300000| Complete 
| 244|0x00000000ef400000, 0x00000000ef500000, 0x00000000ef500000|100%| E|CS|TAMS 0x00000000ef400000, 0x00000000ef400000| Complete 
| 245|0x00000000ef500000, 0x00000000ef600000, 0x00000000ef600000|100%| E|CS|TAMS 0x00000000ef500000, 0x00000000ef500000| Complete 
| 246|0x00000000ef600000, 0x00000000ef700000, 0x00000000ef700000|100%| E|CS|TAMS 0x00000000ef600000, 0x00000000ef600000| Complete 
| 247|0x00000000ef700000, 0x00000000ef800000, 0x00000000ef800000|100%| E|CS|TAMS 0x00000000ef700000, 0x00000000ef700000| Complete 
| 248|0x00000000ef800000, 0x00000000ef900000, 0x00000000ef900000|100%| E|CS|TAMS 0x00000000ef800000, 0x00000000ef800000| Complete 
| 249|0x00000000ef900000, 0x00000000efa00000, 0x00000000efa00000|100%| E|CS|TAMS 0x00000000ef900000, 0x00000000ef900000| Complete 
| 250|0x00000000efa00000, 0x00000000efb00000, 0x00000000efb00000|100%| E|CS|TAMS 0x00000000efa00000, 0x00000000efa00000| Complete 
| 251|0x00000000efb00000, 0x00000000efc00000, 0x00000000efc00000|100%| E|CS|TAMS 0x00000000efb00000, 0x00000000efb00000| Complete 
| 252|0x00000000efc00000, 0x00000000efd00000, 0x00000000efd00000|100%| E|CS|TAMS 0x00000000efc00000, 0x00000000efc00000| Complete 
| 253|0x00000000efd00000, 0x00000000efe00000, 0x00000000efe00000|100%| E|CS|TAMS 0x00000000efd00000, 0x00000000efd00000| Complete 
| 254|0x00000000efe00000, 0x00000000eff00000, 0x00000000eff00000|100%| E|CS|TAMS 0x00000000efe00000, 0x00000000efe00000| Complete 
| 255|0x00000000eff00000, 0x00000000f0000000, 0x00000000f0000000|100%| E|CS|TAMS 0x00000000eff00000, 0x00000000eff00000| Complete 

Card table byte_map: [0x00000285c1560000,0x00000285c1660000] _byte_map_base: 0x00000285c0e60000

Marking Bits (Prev, Next): (CMBitMap*) 0x00000285aacc0cc0, (CMBitMap*) 0x00000285aacc0d00
 Prev Bits: [0x00000285c1760000, 0x00000285c1f60000)
 Next Bits: [0x00000285c1f60000, 0x00000285c2760000)

Polling page: 0x00000285a8bf0000

Metaspace:

Usage:
  Non-class:     71.28 MB used.
      Class:     10.81 MB used.
       Both:     82.09 MB used.

Virtual space:
  Non-class space:      128.00 MB reserved,      72.06 MB ( 56%) committed,  2 nodes.
      Class space:      320.00 MB reserved,      11.44 MB (  4%) committed,  1 nodes.
             Both:      448.00 MB reserved,      83.50 MB ( 19%) committed. 

Chunk freelists:
   Non-Class:  7.47 MB
       Class:  4.57 MB
        Both:  12.04 MB

MaxMetaspaceSize: 384.00 MB
CompressedClassSpaceSize: 320.00 MB
Initial GC threshold: 21.00 MB
Current GC threshold: 118.88 MB
CDS: on
MetaspaceReclaimPolicy: balanced
 - commit_granule_bytes: 65536.
 - commit_granule_words: 8192.
 - virtual_space_node_default_size: 8388608.
 - enlarge_chunks_in_place: 1.
 - new_chunks_are_fully_committed: 0.
 - uncommit_free_chunks: 1.
 - use_allocation_guard: 0.
 - handle_deallocations: 1.


Internal statistics:

num_allocs_failed_limit: 18.
num_arena_births: 2284.
num_arena_deaths: 0.
num_vsnodes_births: 3.
num_vsnodes_deaths: 0.
num_space_committed: 1336.
num_space_uncommitted: 0.
num_chunks_returned_to_freelist: 18.
num_chunks_taken_from_freelist: 6384.
num_chunk_merges: 15.
num_chunk_splits: 3781.
num_chunks_enlarged: 1926.
num_inconsistent_stats: 0.

CodeHeap 'non-profiled nmethods': size=120000Kb used=15057Kb max_used=15057Kb free=104942Kb
 bounds [0x00000285ba030000, 0x00000285baef0000, 0x00000285c1560000]
CodeHeap 'profiled nmethods': size=120000Kb used=33013Kb max_used=33013Kb free=86986Kb
 bounds [0x00000285b2560000, 0x00000285b45b0000, 0x00000285b9a90000]
CodeHeap 'non-nmethods': size=5760Kb used=2372Kb max_used=2473Kb free=3388Kb
 bounds [0x00000285b9a90000, 0x00000285b9d00000, 0x00000285ba030000]
 total_blobs=17869 nmethods=16972 adapters=808
 compilation: enabled
              stopped_count=0, restarted_count=0
 full_count=0

Compilation events (20 events):
Event: 3480.265 Thread 0x00000285c4d31590 nmethod 21830 0x00000285baeddf10 code [0x00000285baede080, 0x00000285baede118]
Event: 3480.265 Thread 0x00000285c4d31590 21831       4       org.gradle.cache.internal.cacheops.CacheOperationStack::checkNotEmpty (18 bytes)
Event: 3480.265 Thread 0x00000285c4d31f50 21832       2       org.gradle.cache.internal.cacheops.CacheOperationStack::isEmpty (13 bytes)
Event: 3480.265 Thread 0x00000285c4d31f50 nmethod 21832 0x00000285b459ff90 code [0x00000285b45a0120, 0x00000285b45a0238]
Event: 3480.266 Thread 0x00000285c4d31590 nmethod 21831 0x00000285baede210 code [0x00000285baede380, 0x00000285baede418]
Event: 3480.478 Thread 0x00000285c4d31590 21833       4       org.gradle.util.Path::computeHashCode (58 bytes)
Event: 3480.492 Thread 0x00000285c4d31590 nmethod 21833 0x00000285baede510 code [0x00000285baede6a0, 0x00000285baedeb18]
Event: 3480.531 Thread 0x00000285c4d31f50 21834       3       java.util.Collections$UnmodifiableMap::entrySet (32 bytes)
Event: 3480.531 Thread 0x00000285c4d31f50 nmethod 21834 0x00000285b45a0310 code [0x00000285b45a0500, 0x00000285b45a0ad8]
Event: 3480.799 Thread 0x00000285c4d31590 21835       4       java.util.stream.Collectors$$Lambda$43/0x800000051::get (16 bytes)
Event: 3480.810 Thread 0x00000285c4d31590 nmethod 21835 0x00000285baedee10 code [0x00000285baedefc0, 0x00000285baedf478]
Event: 3480.810 Thread 0x00000285c4d31590 21836       4       java.util.stream.Collectors::lambda$joining$11 (11 bytes)
Event: 3480.818 Thread 0x00000285c4d31590 nmethod 21836 0x00000285baedf790 code [0x00000285baedf940, 0x00000285baedfdf8]
Event: 3480.824 Thread 0x00000285c4d31f50 21837 %     3       com.esotericsoftware.kryo.io.Input::readUtf8_slow @ 11 (255 bytes)
Event: 3480.827 Thread 0x00000285c4d31f50 nmethod 21837% 0x00000285b45a0c90 code [0x00000285b45a0e80, 0x00000285b45a1608]
Event: 3480.849 Thread 0x00000285c4d31590 21838       4       io.spring.gradle.dependencymanagement.org.apache.maven.model.building.ModelData::getId (49 bytes)
Event: 3480.937 Thread 0x00000285c4d31590 nmethod 21838 0x00000285baee0110 code [0x00000285baee0380, 0x00000285baee2970]
Event: 3481.489 Thread 0x00000285c4d31590 21839   !   4       org.gradle.cache.internal.LockOnDemandCrossProcessCacheAccess::decrementLockCount (86 bytes)
Event: 3481.513 Thread 0x00000285c4d31590 nmethod 21839 0x00000285baee3a10 code [0x00000285baee3be0, 0x00000285baee4308]
Event: 3481.633 Thread 0x00000285c4d31590 21840       4       org.gradle.api.internal.artifacts.ivyservice.resolveengine.result.AdhocHandlingComponentResultSerializer::writeComponentResult (36 bytes)

GC Heap History (20 events):
Event: 1902.938 GC heap before
{Heap before GC invocations=32 (full 0):
 garbage-first heap   total 262144K, used 214832K [0x00000000e0000000, 0x0000000100000000)
  region size 1024K, 128 young (131072K), 5 survivors (5120K)
 Metaspace       used 78681K, committed 79616K, reserved 458752K
  class space    used 10403K, committed 10816K, reserved 327680K
}
Event: 1902.992 GC heap after
{Heap after GC invocations=33 (full 0):
 garbage-first heap   total 262144K, used 89508K [0x00000000e0000000, 0x0000000100000000)
  region size 1024K, 6 young (6144K), 6 survivors (6144K)
 Metaspace       used 78681K, committed 79616K, reserved 458752K
  class space    used 10403K, committed 10816K, reserved 327680K
}
Event: 1968.577 GC heap before
{Heap before GC invocations=33 (full 0):
 garbage-first heap   total 262144K, used 215460K [0x00000000e0000000, 0x0000000100000000)
  region size 1024K, 129 young (132096K), 6 survivors (6144K)
 Metaspace       used 78811K, committed 79744K, reserved 458752K
  class space    used 10414K, committed 10816K, reserved 327680K
}
Event: 1968.705 GC heap after
{Heap after GC invocations=34 (full 0):
 garbage-first heap   total 262144K, used 90990K [0x00000000e0000000, 0x0000000100000000)
  region size 1024K, 7 young (7168K), 7 survivors (7168K)
 Metaspace       used 78811K, committed 79744K, reserved 458752K
  class space    used 10414K, committed 10816K, reserved 327680K
}
Event: 1997.020 GC heap before
{Heap before GC invocations=34 (full 0):
 garbage-first heap   total 262144K, used 215918K [0x00000000e0000000, 0x0000000100000000)
  region size 1024K, 129 young (132096K), 7 survivors (7168K)
 Metaspace       used 78882K, committed 79808K, reserved 458752K
  class space    used 10414K, committed 10816K, reserved 327680K
}
Event: 1997.082 GC heap after
{Heap after GC invocations=35 (full 0):
 garbage-first heap   total 262144K, used 93715K [0x00000000e0000000, 0x0000000100000000)
  region size 1024K, 10 young (10240K), 10 survivors (10240K)
 Metaspace       used 78882K, committed 79808K, reserved 458752K
  class space    used 10414K, committed 10816K, reserved 327680K
}
Event: 2060.866 GC heap before
{Heap before GC invocations=35 (full 0):
 garbage-first heap   total 262144K, used 213523K [0x00000000e0000000, 0x0000000100000000)
  region size 1024K, 127 young (130048K), 10 survivors (10240K)
 Metaspace       used 78956K, committed 79872K, reserved 458752K
  class space    used 10414K, committed 10816K, reserved 327680K
}
Event: 2060.992 GC heap after
{Heap after GC invocations=36 (full 0):
 garbage-first heap   total 262144K, used 90615K [0x00000000e0000000, 0x0000000100000000)
  region size 1024K, 6 young (6144K), 6 survivors (6144K)
 Metaspace       used 78956K, committed 79872K, reserved 458752K
  class space    used 10414K, committed 10816K, reserved 327680K
}
Event: 2097.714 GC heap before
{Heap before GC invocations=36 (full 0):
 garbage-first heap   total 262144K, used 213495K [0x00000000e0000000, 0x0000000100000000)
  region size 1024K, 126 young (129024K), 6 survivors (6144K)
 Metaspace       used 80657K, committed 81600K, reserved 458752K
  class space    used 10606K, committed 11008K, reserved 327680K
}
Event: 2097.845 GC heap after
{Heap after GC invocations=37 (full 0):
 garbage-first heap   total 262144K, used 92829K [0x00000000e0000000, 0x0000000100000000)
  region size 1024K, 7 young (7168K), 7 survivors (7168K)
 Metaspace       used 80657K, committed 81600K, reserved 458752K
  class space    used 10606K, committed 11008K, reserved 327680K
}
Event: 2170.101 GC heap before
{Heap before GC invocations=37 (full 0):
 garbage-first heap   total 262144K, used 212637K [0x00000000e0000000, 0x0000000100000000)
  region size 1024K, 125 young (128000K), 7 survivors (7168K)
 Metaspace       used 80731K, committed 81664K, reserved 458752K
  class space    used 10606K, committed 11008K, reserved 327680K
}
Event: 2170.223 GC heap after
{Heap after GC invocations=38 (full 0):
 garbage-first heap   total 262144K, used 90591K [0x00000000e0000000, 0x0000000100000000)
  region size 1024K, 6 young (6144K), 6 survivors (6144K)
 Metaspace       used 80731K, committed 81664K, reserved 458752K
  class space    used 10606K, committed 11008K, reserved 327680K
}
Event: 2180.763 GC heap before
{Heap before GC invocations=38 (full 0):
 garbage-first heap   total 262144K, used 214495K [0x00000000e0000000, 0x0000000100000000)
  region size 1024K, 127 young (130048K), 6 survivors (6144K)
 Metaspace       used 82136K, committed 83136K, reserved 458752K
  class space    used 10765K, committed 11200K, reserved 327680K
}
Event: 2180.952 GC heap after
{Heap after GC invocations=39 (full 0):
 garbage-first heap   total 262144K, used 105657K [0x00000000e0000000, 0x0000000100000000)
  region size 1024K, 16 young (16384K), 16 survivors (16384K)
 Metaspace       used 82136K, committed 83136K, reserved 458752K
  class space    used 10765K, committed 11200K, reserved 327680K
}
Event: 3413.190 GC heap before
{Heap before GC invocations=39 (full 0):
 garbage-first heap   total 262144K, used 160953K [0x00000000e0000000, 0x0000000100000000)
  region size 1024K, 71 young (72704K), 16 survivors (16384K)
 Metaspace       used 82533K, committed 83520K, reserved 458752K
  class space    used 10794K, committed 11200K, reserved 327680K
}
Event: 3413.556 GC heap after
{Heap after GC invocations=40 (full 0):
 garbage-first heap   total 262144K, used 104528K [0x00000000e0000000, 0x0000000100000000)
  region size 1024K, 4 young (4096K), 4 survivors (4096K)
 Metaspace       used 82533K, committed 83520K, reserved 458752K
  class space    used 10794K, committed 11200K, reserved 327680K
}
Event: 3420.276 GC heap before
{Heap before GC invocations=40 (full 0):
 garbage-first heap   total 262144K, used 185424K [0x00000000e0000000, 0x0000000100000000)
  region size 1024K, 84 young (86016K), 4 survivors (4096K)
 Metaspace       used 82541K, committed 83520K, reserved 458752K
  class space    used 10794K, committed 11200K, reserved 327680K
}
Event: 3420.321 GC heap after
{Heap after GC invocations=41 (full 0):
 garbage-first heap   total 262144K, used 107600K [0x00000000e0000000, 0x0000000100000000)
  region size 1024K, 7 young (7168K), 7 survivors (7168K)
 Metaspace       used 82541K, committed 83520K, reserved 458752K
  class space    used 10794K, committed 11200K, reserved 327680K
}
Event: 3464.382 GC heap before
{Heap before GC invocations=41 (full 0):
 garbage-first heap   total 262144K, used 212048K [0x00000000e0000000, 0x0000000100000000)
  region size 1024K, 109 young (111616K), 7 survivors (7168K)
 Metaspace       used 82593K, committed 83520K, reserved 458752K
  class space    used 10796K, committed 11200K, reserved 327680K
}
Event: 3464.508 GC heap after
{Heap after GC invocations=42 (full 0):
 garbage-first heap   total 262144K, used 107477K [0x00000000e0000000, 0x0000000100000000)
  region size 1024K, 7 young (7168K), 7 survivors (7168K)
 Metaspace       used 82593K, committed 83520K, reserved 458752K
  class space    used 10796K, committed 11200K, reserved 327680K
}

Deoptimization events (20 events):
Event: 3415.668 Thread 0x00000285e2d5db20 Uncommon trap: trap_request=0xffffffbe fr.pc=0x00000285bad05e0c relative=0x00000000000019cc
Event: 3415.668 Thread 0x00000285e2d5db20 Uncommon trap: reason=profile_predicate action=maybe_recompile pc=0x00000285bad05e0c method=org.gradle.internal.component.external.model.maven.DefaultMavenModuleResolveMetadata.filterDependencies(Lorg/gradle/internal/component/external/model/DefaultConfig
Event: 3415.668 Thread 0x00000285e2d5db20 DEOPT PACKING pc=0x00000285bad05e0c sp=0x000000c09b1f84b0
Event: 3415.668 Thread 0x00000285e2d5db20 DEOPT UNPACKING pc=0x00000285b9ae23a3 sp=0x000000c09b1f84a0 mode 2
Event: 3446.138 Thread 0x00000285e39e8150 Uncommon trap: trap_request=0xffffff45 fr.pc=0x00000285bad44008 relative=0x0000000000000548
Event: 3446.140 Thread 0x00000285e39e8150 Uncommon trap: reason=unstable_if action=reinterpret pc=0x00000285bad44008 method=java.lang.String.valueOf(Ljava/lang/Object;)Ljava/lang/String; @ 1 c2
Event: 3446.142 Thread 0x00000285e39e8150 DEOPT PACKING pc=0x00000285bad44008 sp=0x000000c0995fe3c0
Event: 3446.143 Thread 0x00000285e39e8150 DEOPT UNPACKING pc=0x00000285b9ae23a3 sp=0x000000c0995fe358 mode 2
Event: 3446.147 Thread 0x00000285e39e8150 Uncommon trap: trap_request=0xffffff45 fr.pc=0x00000285ba139400 relative=0x0000000000000060
Event: 3446.147 Thread 0x00000285e39e8150 Uncommon trap: reason=unstable_if action=reinterpret pc=0x00000285ba139400 method=java.lang.String.valueOf(Ljava/lang/Object;)Ljava/lang/String; @ 1 c2
Event: 3446.148 Thread 0x00000285e39e8150 DEOPT PACKING pc=0x00000285ba139400 sp=0x000000c0995fe260
Event: 3446.149 Thread 0x00000285e39e8150 DEOPT UNPACKING pc=0x00000285b9ae23a3 sp=0x000000c0995fe200 mode 2
Event: 3455.794 Thread 0x00000285e2d5db20 DEOPT PACKING pc=0x00000285b2c41059 sp=0x000000c09b1f9320
Event: 3455.806 Thread 0x00000285e2d5db20 DEOPT UNPACKING pc=0x00000285b9ae2b43 sp=0x000000c09b1f8800 mode 0
Event: 3474.101 Thread 0x00000285e2d5db20 DEOPT PACKING pc=0x00000285b3a766e1 sp=0x000000c09b1faf30
Event: 3474.107 Thread 0x00000285e2d5db20 DEOPT UNPACKING pc=0x00000285b9ae2b43 sp=0x000000c09b1fa430 mode 0
Event: 3474.584 Thread 0x00000285e2d5db20 DEOPT PACKING pc=0x00000285b35c50fe sp=0x000000c09b1fc860
Event: 3474.586 Thread 0x00000285e2d5db20 DEOPT UNPACKING pc=0x00000285b9ae2b43 sp=0x000000c09b1fbcb8 mode 0
Event: 3474.844 Thread 0x00000285e2d5db20 DEOPT PACKING pc=0x00000285b43dbcc8 sp=0x000000c09b1f8080
Event: 3474.847 Thread 0x00000285e2d5db20 DEOPT UNPACKING pc=0x00000285b9ae2b43 sp=0x000000c09b1f7598 mode 0

Classes unloaded (0 events):
No events

Classes redefined (0 events):
No events

Internal exceptions (20 events):
Event: 3411.862 Thread 0x00000285e2d5db20 Exception <a 'java/lang/NoClassDefFoundError'{0x00000000ecec5ea8}: org/cyclonedx/gradle/CycloneDxPlugin> (0x00000000ecec5ea8) 
thrown [s\open\src\hotspot\share\oops\constantPool.cpp, line 837]
Event: 3421.265 Thread 0x00000285e2d5db20 Exception <a 'sun/nio/fs/WindowsException'{0x00000000efe289b0}> (0x00000000efe289b0) 
thrown [s\open\src\hotspot\share\prims\jni.cpp, line 516]
Event: 3421.268 Thread 0x00000285e2d5db20 Exception <a 'sun/nio/fs/WindowsException'{0x00000000efe28ce0}> (0x00000000efe28ce0) 
thrown [s\open\src\hotspot\share\prims\jni.cpp, line 516]
Event: 3446.147 Thread 0x00000285e39e8150 Implicit null exception at 0x00000285ba1393ac to 0x00000285ba1393ef
Event: 3454.276 Thread 0x00000285e2d5db20 Exception <a 'sun/nio/fs/WindowsException'{0x00000000ef48dce0}> (0x00000000ef48dce0) 
thrown [s\open\src\hotspot\share\prims\jni.cpp, line 516]
Event: 3454.282 Thread 0x00000285e2d5db20 Exception <a 'sun/nio/fs/WindowsException'{0x00000000ef48f180}> (0x00000000ef48f180) 
thrown [s\open\src\hotspot\share\prims\jni.cpp, line 516]
Event: 3454.283 Thread 0x00000285e2d5db20 Exception <a 'sun/nio/fs/WindowsException'{0x00000000ef490620}> (0x00000000ef490620) 
thrown [s\open\src\hotspot\share\prims\jni.cpp, line 516]
Event: 3454.284 Thread 0x00000285e2d5db20 Exception <a 'sun/nio/fs/WindowsException'{0x00000000ef491ab0}> (0x00000000ef491ab0) 
thrown [s\open\src\hotspot\share\prims\jni.cpp, line 516]
Event: 3455.760 Thread 0x00000285e2d5db20 Exception <a 'java/lang/NoClassDefFoundError'{0x00000000eee5e2d8}: org/jetbrains/kotlin/gradle/plugin/KotlinPluginWrapper> (0x00000000eee5e2d8) 
thrown [s\open\src\hotspot\share\oops\constantPool.cpp, line 837]
Event: 3455.761 Thread 0x00000285e2d5db20 Exception <a 'java/lang/NoClassDefFoundError'{0x00000000eee603d0}: org/graalvm/buildtools/gradle/NativeImagePlugin> (0x00000000eee603d0) 
thrown [s\open\src\hotspot\share\oops\constantPool.cpp, line 837]
Event: 3455.761 Thread 0x00000285e2d5db20 Exception <a 'java/lang/NoClassDefFoundError'{0x00000000eee624b8}: org/cyclonedx/gradle/CycloneDxPlugin> (0x00000000eee624b8) 
thrown [s\open\src\hotspot\share\oops\constantPool.cpp, line 837]
Event: 3465.268 Thread 0x00000285e2d5db20 Exception <a 'sun/nio/fs/WindowsException'{0x00000000effe8380}> (0x00000000effe8380) 
thrown [s\open\src\hotspot\share\prims\jni.cpp, line 516]
Event: 3465.270 Thread 0x00000285e2d5db20 Exception <a 'sun/nio/fs/WindowsException'{0x00000000effe86b0}> (0x00000000effe86b0) 
thrown [s\open\src\hotspot\share\prims\jni.cpp, line 516]
Event: 3477.730 Thread 0x00000285e2d5db20 Exception <a 'sun/nio/fs/WindowsException'{0x00000000ef1e0980}> (0x00000000ef1e0980) 
thrown [s\open\src\hotspot\share\prims\jni.cpp, line 516]
Event: 3477.734 Thread 0x00000285e2d5db20 Exception <a 'sun/nio/fs/WindowsException'{0x00000000ef1e1e08}> (0x00000000ef1e1e08) 
thrown [s\open\src\hotspot\share\prims\jni.cpp, line 516]
Event: 3477.736 Thread 0x00000285e2d5db20 Exception <a 'sun/nio/fs/WindowsException'{0x00000000ef1e3290}> (0x00000000ef1e3290) 
thrown [s\open\src\hotspot\share\prims\jni.cpp, line 516]
Event: 3477.737 Thread 0x00000285e2d5db20 Exception <a 'sun/nio/fs/WindowsException'{0x00000000ef1e4708}> (0x00000000ef1e4708) 
thrown [s\open\src\hotspot\share\prims\jni.cpp, line 516]
Event: 3480.068 Thread 0x00000285e2d5db20 Exception <a 'java/lang/NoClassDefFoundError'{0x00000000ee9d3850}: org/jetbrains/kotlin/gradle/plugin/KotlinPluginWrapper> (0x00000000ee9d3850) 
thrown [s\open\src\hotspot\share\oops\constantPool.cpp, line 837]
Event: 3480.068 Thread 0x00000285e2d5db20 Exception <a 'java/lang/NoClassDefFoundError'{0x00000000ee9d5948}: org/graalvm/buildtools/gradle/NativeImagePlugin> (0x00000000ee9d5948) 
thrown [s\open\src\hotspot\share\oops\constantPool.cpp, line 837]
Event: 3480.068 Thread 0x00000285e2d5db20 Exception <a 'java/lang/NoClassDefFoundError'{0x00000000ee9d7a30}: org/cyclonedx/gradle/CycloneDxPlugin> (0x00000000ee9d7a30) 
thrown [s\open\src\hotspot\share\oops\constantPool.cpp, line 837]

VM Operations (20 events):
Event: 3464.381 Executing VM operation: G1CollectForAllocation
Event: 3464.510 Executing VM operation: G1CollectForAllocation done
Event: 3465.516 Executing VM operation: Cleanup
Event: 3465.516 Executing VM operation: Cleanup done
Event: 3469.541 Executing VM operation: Cleanup
Event: 3469.541 Executing VM operation: Cleanup done
Event: 3473.574 Executing VM operation: Cleanup
Event: 3473.590 Executing VM operation: Cleanup done
Event: 3475.607 Executing VM operation: Cleanup
Event: 3475.623 Executing VM operation: Cleanup done
Event: 3476.627 Executing VM operation: Cleanup
Event: 3476.643 Executing VM operation: Cleanup done
Event: 3477.648 Executing VM operation: Cleanup
Event: 3477.649 Executing VM operation: Cleanup done
Event: 3478.657 Executing VM operation: Cleanup
Event: 3478.674 Executing VM operation: Cleanup done
Event: 3479.681 Executing VM operation: Cleanup
Event: 3479.697 Executing VM operation: Cleanup done
Event: 3480.706 Executing VM operation: Cleanup
Event: 3480.706 Executing VM operation: Cleanup done

Events (20 events):
Event: 3480.731 Thread 0x00000285e06d6da0 Thread added: 0x00000285e06d6da0
Event: 3480.765 Thread 0x00000285e06d77c0 Thread added: 0x00000285e06d77c0
Event: 3480.777 Thread 0x00000285e06d86f0 Thread added: 0x00000285e06d86f0
Event: 3480.804 Thread 0x00000285e1777ec0 Thread added: 0x00000285e1777ec0
Event: 3480.826 Thread 0x00000285ded31440 Thread added: 0x00000285ded31440
Event: 3480.837 Thread 0x00000285ded341d0 Thread added: 0x00000285ded341d0
Event: 3480.845 Thread 0x00000285e1778df0 Thread added: 0x00000285e1778df0
Event: 3480.858 Thread 0x00000285ded346e0 Thread added: 0x00000285ded346e0
Event: 3480.867 Thread 0x00000285ded34bf0 Thread added: 0x00000285ded34bf0
Event: 3481.019 Thread 0x00000285e1779810 Thread added: 0x00000285e1779810
Event: 3481.217 Thread 0x00000285e1776060 Thread added: 0x00000285e1776060
Event: 3481.227 Thread 0x00000285e1776570 Thread added: 0x00000285e1776570
Event: 3481.280 Thread 0x00000285e006cdd0 Thread exited: 0x00000285e006cdd0
Event: 3481.369 Thread 0x00000285ded36030 Thread added: 0x00000285ded36030
Event: 3481.471 Thread 0x00000285ded388b0 Thread added: 0x00000285ded388b0
Event: 3481.488 Thread 0x00000285ded32370 Thread added: 0x00000285ded32370
Event: 3481.506 Thread 0x00000285e006a040 Thread added: 0x00000285e006a040
Event: 3481.523 Thread 0x00000285ded32880 Thread added: 0x00000285ded32880
Event: 3481.539 Thread 0x00000285e06d8c00 Thread added: 0x00000285e06d8c00
Event: 3481.555 Thread 0x00000285e06d5e70 Thread added: 0x00000285e06d5e70


Dynamic libraries:
0x00007ff7015a0000 - 0x00007ff7015b0000 	C:\Program Files\Java\jdk-17\bin\java.exe
0x00007ffd56b10000 - 0x00007ffd56d08000 	C:\Windows\SYSTEM32\ntdll.dll
0x00007ffd55510000 - 0x00007ffd555cd000 	C:\Windows\System32\KERNEL32.DLL
0x00007ffd54310000 - 0x00007ffd545de000 	C:\Windows\System32\KERNELBASE.dll
0x00007ffd547f0000 - 0x00007ffd548f0000 	C:\Windows\System32\ucrtbase.dll
0x00007ffd4eca0000 - 0x00007ffd4ecb9000 	C:\Program Files\Java\jdk-17\bin\jli.dll
0x00007ffd4d5c0000 - 0x00007ffd4d5db000 	C:\Program Files\Java\jdk-17\bin\VCRUNTIME140.dll
0x00007ffd557c0000 - 0x00007ffd5586e000 	C:\Windows\System32\ADVAPI32.dll
0x00007ffd565d0000 - 0x00007ffd5666e000 	C:\Windows\System32\msvcrt.dll
0x00007ffd55470000 - 0x00007ffd5550c000 	C:\Windows\System32\sechost.dll
0x00007ffd566a0000 - 0x00007ffd567c5000 	C:\Windows\System32\RPCRT4.dll
0x00007ffd55870000 - 0x00007ffd55a10000 	C:\Windows\System32\USER32.dll
0x00007ffd542e0000 - 0x00007ffd54302000 	C:\Windows\System32\win32u.dll
0x00007ffd56670000 - 0x00007ffd5669a000 	C:\Windows\System32\GDI32.dll
0x00007ffd41620000 - 0x00007ffd418ba000 	C:\Windows\WinSxS\amd64_microsoft.windows.common-controls_6595b64144ccf1df_6.0.19041.1110_none_60b5254171f9507e\COMCTL32.dll
0x00007ffd545e0000 - 0x00007ffd546eb000 	C:\Windows\System32\gdi32full.dll
0x00007ffd54ad0000 - 0x00007ffd54b6d000 	C:\Windows\System32\msvcp_win.dll
0x00007ffd529c0000 - 0x00007ffd529ca000 	C:\Windows\SYSTEM32\VERSION.dll
0x00007ffd569a0000 - 0x00007ffd569d0000 	C:\Windows\System32\IMM32.DLL
0x00007ffd529e0000 - 0x00007ffd529ec000 	C:\Program Files\Java\jdk-17\bin\vcruntime140_1.dll
0x00007ffd3c900000 - 0x00007ffd3c98e000 	C:\Program Files\Java\jdk-17\bin\msvcp140.dll
0x00007ffcc0af0000 - 0x00007ffcc16d0000 	C:\Program Files\Java\jdk-17\bin\server\jvm.dll
0x00007ffd56a30000 - 0x00007ffd56a38000 	C:\Windows\System32\PSAPI.DLL
0x00007ffd4ec90000 - 0x00007ffd4ec99000 	C:\Windows\SYSTEM32\WSOCK32.dll
0x00007ffd3f7c0000 - 0x00007ffd3f7e7000 	C:\Windows\SYSTEM32\WINMM.dll
0x00007ffd56560000 - 0x00007ffd565cb000 	C:\Windows\System32\WS2_32.dll
0x00007ffd52ac0000 - 0x00007ffd52ad2000 	C:\Windows\SYSTEM32\kernel.appcore.dll
0x00007ffd4d7e0000 - 0x00007ffd4d7ea000 	C:\Program Files\Java\jdk-17\bin\jimage.dll
0x00007ffd3f300000 - 0x00007ffd3f4e4000 	C:\Windows\SYSTEM32\DBGHELP.DLL
0x00007ffd3c4b0000 - 0x00007ffd3c4dc000 	C:\Windows\SYSTEM32\dbgcore.DLL
0x00007ffd546f0000 - 0x00007ffd54772000 	C:\Windows\System32\bcryptPrimitives.dll
0x00007ffd4d750000 - 0x00007ffd4d75e000 	C:\Program Files\Java\jdk-17\bin\instrument.dll
0x00007ffd40ef0000 - 0x00007ffd40f15000 	C:\Program Files\Java\jdk-17\bin\java.dll
0x00007ffd27ce0000 - 0x00007ffd27db7000 	C:\Program Files\Java\jdk-17\bin\jsvml.dll
0x00007ffd55a20000 - 0x00007ffd56164000 	C:\Windows\System32\SHELL32.dll
0x00007ffd52210000 - 0x00007ffd529a4000 	C:\Windows\SYSTEM32\windows.storage.dll
0x00007ffd54fe0000 - 0x00007ffd55334000 	C:\Windows\System32\combase.dll
0x00007ffd53bc0000 - 0x00007ffd53bf0000 	C:\Windows\SYSTEM32\Wldp.dll
0x00007ffd555d0000 - 0x00007ffd5567d000 	C:\Windows\System32\SHCORE.dll
0x00007ffd56180000 - 0x00007ffd561d5000 	C:\Windows\System32\shlwapi.dll
0x00007ffd54170000 - 0x00007ffd5418f000 	C:\Windows\SYSTEM32\profapi.dll
0x00007ffd40a80000 - 0x00007ffd40a98000 	C:\Program Files\Java\jdk-17\bin\zip.dll
0x00007ffd40220000 - 0x00007ffd40239000 	C:\Program Files\Java\jdk-17\bin\net.dll
0x00007ffd45bd0000 - 0x00007ffd45cda000 	C:\Windows\SYSTEM32\WINHTTP.dll
0x00007ffd53920000 - 0x00007ffd5398a000 	C:\Windows\system32\mswsock.dll
0x00007ffd3c8a0000 - 0x00007ffd3c8b6000 	C:\Program Files\Java\jdk-17\bin\nio.dll
0x00007ffd4d660000 - 0x00007ffd4d670000 	C:\Program Files\Java\jdk-17\bin\verify.dll
0x00007ffd46010000 - 0x00007ffd46037000 	C:\Users\LENOVO\.gradle\native\1def1411415f61bf3af743bc5b6707747c0891f09f0c88961ee8f79bc544acac\windows-amd64\native-platform.dll
0x00007ffd2b7e0000 - 0x00007ffd2b858000 	C:\Users\LENOVO\.gradle\native\0.2.7\x86_64-windows-gnu\gradle-fileevents.dll
0x00007ffd4d580000 - 0x00007ffd4d58a000 	C:\Program Files\Java\jdk-17\bin\management.dll
0x00007ffd4d530000 - 0x00007ffd4d53b000 	C:\Program Files\Java\jdk-17\bin\management_ext.dll
0x00007ffd53610000 - 0x00007ffd5364b000 	C:\Windows\SYSTEM32\IPHLPAPI.DLL
0x00007ffd55a10000 - 0x00007ffd55a18000 	C:\Windows\System32\NSI.dll
0x00007ffd4ab90000 - 0x00007ffd4aba7000 	C:\Windows\SYSTEM32\dhcpcsvc6.DLL
0x00007ffd4b680000 - 0x00007ffd4b69d000 	C:\Windows\SYSTEM32\dhcpcsvc.DLL
0x00007ffd53650000 - 0x00007ffd5371a000 	C:\Windows\SYSTEM32\DNSAPI.dll
0x00007ffd53b10000 - 0x00007ffd53b28000 	C:\Windows\SYSTEM32\CRYPTSP.dll
0x00007ffd532a0000 - 0x00007ffd532d4000 	C:\Windows\system32\rsaenh.dll
0x00007ffd548f0000 - 0x00007ffd54917000 	C:\Windows\System32\bcrypt.dll
0x00007ffd54130000 - 0x00007ffd5415e000 	C:\Windows\SYSTEM32\USERENV.dll
0x00007ffd53b30000 - 0x00007ffd53b3c000 	C:\Windows\SYSTEM32\CRYPTBASE.dll
0x00007ffd4d380000 - 0x00007ffd4d38e000 	C:\Program Files\Java\jdk-17\bin\sunmscapi.dll
0x00007ffd54920000 - 0x00007ffd54a76000 	C:\Windows\System32\CRYPT32.dll
0x00007ffd53c30000 - 0x00007ffd53c57000 	C:\Windows\SYSTEM32\ncrypt.dll
0x00007ffd53bf0000 - 0x00007ffd53c2b000 	C:\Windows\SYSTEM32\NTASN1.dll
0x00007ffd4eb50000 - 0x00007ffd4eb57000 	C:\Windows\system32\wshunix.dll

dbghelp: loaded successfully - version: 4.0.5 - missing functions: none
symbol engine: initialized successfully - sym options: 0x614 - pdb path: .;C:\Program Files\Java\jdk-17\bin;C:\Windows\SYSTEM32;C:\Windows\WinSxS\amd64_microsoft.windows.common-controls_6595b64144ccf1df_6.0.19041.1110_none_60b5254171f9507e;C:\Program Files\Java\jdk-17\bin\server;C:\Users\LENOVO\.gradle\native\1def1411415f61bf3af743bc5b6707747c0891f09f0c88961ee8f79bc544acac\windows-amd64;C:\Users\LENOVO\.gradle\native\0.2.7\x86_64-windows-gnu

VM Arguments:
jvm_args: --add-opens=java.base/java.lang=ALL-UNNAMED --add-opens=java.base/java.lang.invoke=ALL-UNNAMED --add-opens=java.base/java.util=ALL-UNNAMED --add-opens=java.prefs/java.util.prefs=ALL-UNNAMED --add-exports=jdk.compiler/com.sun.tools.javac.api=ALL-UNNAMED --add-exports=jdk.compiler/com.sun.tools.javac.util=ALL-UNNAMED --add-opens=java.base/java.util=ALL-UNNAMED --add-opens=java.prefs/java.util.prefs=ALL-UNNAMED --add-opens=java.base/java.nio.charset=ALL-UNNAMED --add-opens=java.base/java.net=ALL-UNNAMED --add-opens=java.base/java.util.concurrent.atomic=ALL-UNNAMED --add-opens=java.xml/javax.xml.namespace=ALL-UNNAMED -XX:MaxMetaspaceSize=384m -XX:+HeapDumpOnOutOfMemoryError -Xms256m -Xmx512m -Dfile.encoding=UTF-8 -Duser.country=US -Duser.language=en -Duser.variant -javaagent:C:\Users\LENOVO\.gradle\wrapper\dists\gradle-8.14.3-bin\cv11ve7ro1n3o1j4so8xd9n66\gradle-8.14.3\lib\agents\gradle-instrumentation-agent-8.14.3.jar 
java_command: org.gradle.launcher.daemon.bootstrap.GradleDaemon 8.14.3
java_class_path (initial): C:\Users\LENOVO\.gradle\wrapper\dists\gradle-8.14.3-bin\cv11ve7ro1n3o1j4so8xd9n66\gradle-8.14.3\lib\gradle-daemon-main-8.14.3.jar
Launcher Type: SUN_STANDARD

[Global flags]
     intx CICompilerCount                          = 3                                         {product} {ergonomic}
   size_t CompressedClassSpaceSize                 = 335544320                                 {product} {ergonomic}
     uint ConcGCThreads                            = 1                                         {product} {ergonomic}
     uint G1ConcRefinementThreads                  = 4                                         {product} {ergonomic}
   size_t G1HeapRegionSize                         = 1048576                                   {product} {ergonomic}
    uintx GCDrainStackTargetSize                   = 64                                        {product} {ergonomic}
     bool HeapDumpOnOutOfMemoryError               = true                                   {manageable} {command line}
   size_t InitialHeapSize                          = 268435456                                 {product} {command line}
   size_t MarkStackSize                            = 4194304                                   {product} {ergonomic}
   size_t MaxHeapSize                              = 536870912                                 {product} {command line}
   size_t MaxMetaspaceSize                         = 402653184                                 {product} {command line}
   size_t MaxNewSize                               = 321912832                                 {product} {ergonomic}
   size_t MinHeapDeltaBytes                        = 1048576                                   {product} {ergonomic}
   size_t MinHeapSize                              = 268435456                                 {product} {command line}
    uintx NonNMethodCodeHeapSize                   = 5832780                                {pd product} {ergonomic}
    uintx NonProfiledCodeHeapSize                  = 122912730                              {pd product} {ergonomic}
    uintx ProfiledCodeHeapSize                     = 122912730                              {pd product} {ergonomic}
    uintx ReservedCodeCacheSize                    = 251658240                              {pd product} {ergonomic}
     bool SegmentedCodeCache                       = true                                      {product} {ergonomic}
   size_t SoftMaxHeapSize                          = 536870912                              {manageable} {ergonomic}
     bool UseCompressedClassPointers               = true                           {product lp64_product} {ergonomic}
     bool UseCompressedOops                        = true                           {product lp64_product} {ergonomic}
     bool UseG1GC                                  = true                                      {product} {ergonomic}
     bool UseLargePagesIndividualAllocation        = false                                  {pd product} {ergonomic}

Logging:
Log output configuration:
 #0: stdout all=warning uptime,level,tags
 #1: stderr all=off uptime,level,tags

Environment Variables:
JAVA_HOME=E:\
PATH=C:\Program Files\Common Files\Oracle\Java\javapath;C:\Windows\system32;C:\Windows;C:\Windows\System32\Wbem;C:\Windows\System32\WindowsPowerShell\v1.0\;C:\Windows\System32\OpenSSH\;C:\Program Files\Git\cmd;C:\Program Files\MySQL\MySQL Shell 8.0\bin\;C:\Users\LENOVO\AppData\Local\Microsoft\WindowsApps;C:\Users\LENOVO\AppData\Local\Programs\Microsoft VS Code\bin;E:\IntelliJ IDEA 2025.1.2\bin;
USERNAME=LENOVO
OS=Windows_NT
PROCESSOR_IDENTIFIER=Intel64 Family 6 Model 142 Stepping 10, GenuineIntel



---------------  S Y S T E M  ---------------

OS:
 Windows 10 , 64 bit Build 19041 (10.0.19041.1889)
OS uptime: 1 days 3:14 hours

CPU: total 4 (initial active 4) (2 cores per cpu, 2 threads per core) family 6 model 142 stepping 10 microcode 0xb4, cx8, cmov, fxsr, ht, mmx, 3dnowpref, sse, sse2, sse3, ssse3, sse4.1, sse4.2, popcnt, lzcnt, tsc, tscinvbit, avx, avx2, aes, erms, clmul, bmi1, bmi2, adx, fma, vzeroupper, clflush, clflushopt

Memory: 4k page, system-wide physical 4005M (249M free)
TotalPageFile size 10699M (AvailPageFile size 8M)
current process WorkingSet (physical memory assigned to process): 291M, peak: 426M
current process commit charge ("private bytes"): 551M, peak: 556M

vm_info: Java HotSpot(TM) 64-Bit Server VM (17.0.12+8-LTS-286) for windows-amd64 JRE (17.0.12+8-LTS-286), built on Jun  5 2024 06:46:59 by "mach5one" with MS VC++ 17.6 (VS2022)

END.
